{"type":"operationStart","subtype":"profile","data":{"_id":"eYJpSMPAqsVbRr1B","timestamp":"2025-01-12T23:21:57.014Z","state":"queued","mode":"standard","creationDate":"2025-01-12T23:21:57.016Z","modificationDate":"2025-01-12T23:21:57.016Z","shortid":"Rve-jVs","$entitySet":"profiles"},"doDiffs":false,"timestamp":1736724117015,"id":"hpwhfmcm3t1a431","previousOperationId":null,"operationId":"lb9k7xqnp7uukba"}
{"type":"log","level":"info","message":"Render request 1 queued for execution and waiting for available worker","previousOperationId":"lb9k7xqnp7uukba","timestamp":1736724117015,"id":"o6cq6u1d0x9521g"}
{"type":"operationStart","subtype":"render","name":"reporte20","previousOperationId":"lb9k7xqnp7uukba","timestamp":1736724117021,"id":"zaes3v607bgdg9j","previousEventId":"hpwhfmcm3t1a431","operationId":"ed303n2smmvrl8l"}
{"type":"log","timestamp":1736724117023,"level":"info","message":"Starting rendering request 1","meta":{"rootId":"27u35m7yg8dwnbk","id":"27u35m7yg8dwnbk"},"id":"tcg2yma0kegdj6k","previousOperationId":"ed303n2smmvrl8l"}
{"type":"log","timestamp":1736724117024,"level":"info","message":"Rendering template { name: reporte20, recipe: chrome-pdf, engine: handlebars, preview: false }","meta":{"rootId":"27u35m7yg8dwnbk","id":"27u35m7yg8dwnbk"},"id":"g01jwqeiedfd374","previousOperationId":"ed303n2smmvrl8l"}
{"type":"log","timestamp":1736724117025,"level":"debug","message":"Inline data specified.","meta":{"rootId":"27u35m7yg8dwnbk","id":"27u35m7yg8dwnbk"},"id":"wmn1jo5dilxmul2","previousOperationId":"ed303n2smmvrl8l"}
{"type":"log","timestamp":1736724117026,"level":"debug","message":"Base url not specified, skipping its injection.","meta":{"rootId":"27u35m7yg8dwnbk","id":"27u35m7yg8dwnbk"},"id":"zkstks6a9dp59x2","previousOperationId":"ed303n2smmvrl8l"}
{"type":"operationStart","subtype":"engine","name":"handlebars","timestamp":1736724117027,"id":"x4dsrvjd3bwvr0e","previousEventId":"zaes3v607bgdg9j","operationId":"cymd00ilww1b83q","previousOperationId":"ed303n2smmvrl8l"}
{"type":"log","timestamp":1736724117027,"level":"debug","message":"Rendering engine handlebars","meta":{"rootId":"27u35m7yg8dwnbk","id":"27u35m7yg8dwnbk"},"id":"nnx53tehrd8tpq0","previousOperationId":"cymd00ilww1b83q"}
{"type":"operationEnd","operationId":"cymd00ilww1b83q","timestamp":1736724117656,"id":"6f1rxbp989370vb","previousEventId":"x4dsrvjd3bwvr0e","previousOperationId":"cymd00ilww1b83q"}
{"type":"operationStart","subtype":"recipe","name":"chrome-pdf","timestamp":1736724117657,"id":"xbhvqsw80h0pvdd","previousEventId":"6f1rxbp989370vb","operationId":"73pp1fkerzj6uxz","previousOperationId":"cymd00ilww1b83q"}
{"type":"log","timestamp":1736724117657,"level":"debug","message":"Executing recipe chrome-pdf","meta":{"rootId":"27u35m7yg8dwnbk","id":"27u35m7yg8dwnbk"},"id":"sqneucg50l2bxol","previousOperationId":"73pp1fkerzj6uxz"}
{"type":"log","timestamp":1736724118091,"level":"debug","message":"Converting with chrome Chrome/131.0.6778.204 using dedicated-process strategy","meta":{"rootId":"27u35m7yg8dwnbk","id":"27u35m7yg8dwnbk"},"id":"93wp5q2ke3531ys","previousOperationId":"73pp1fkerzj6uxz"}
{"type":"log","timestamp":1736724118185,"level":"debug","message":"Page request: GET (document) file:///tmp/jsreport/autocleanup/f914fcdb-5ba4-4337-a67d-bed20b40f5bc-chrome-pdf.html","meta":{"rootId":"27u35m7yg8dwnbk","id":"27u35m7yg8dwnbk"},"id":"k05j8z6e83g5v77","previousOperationId":"73pp1fkerzj6uxz"}
{"type":"log","timestamp":1736724118205,"level":"debug","message":"Page request finished: GET (document) 200 file:///tmp/jsreport/autocleanup/f914fcdb-5ba4-4337-a67d-bed20b40f5bc-chrome-pdf.html","meta":{"rootId":"27u35m7yg8dwnbk","id":"27u35m7yg8dwnbk"},"id":"23449u8l13cx6fn","previousOperationId":"73pp1fkerzj6uxz"}
{"type":"log","timestamp":1736724118207,"level":"debug","message":"Page request: GET (image) https://i.pinimg.com/736x/ac/66/fd/ac66fdbcf17e7c77173cf01c4dbb1cfc.jpg","meta":{"rootId":"27u35m7yg8dwnbk","id":"27u35m7yg8dwnbk"},"id":"0fukd96x676vjf8","previousOperationId":"73pp1fkerzj6uxz"}
{"type":"log","timestamp":1736724118279,"level":"debug","message":"Page request finished: GET (image) 200 https://i.pinimg.com/736x/ac/66/fd/ac66fdbcf17e7c77173cf01c4dbb1cfc.jpg","meta":{"rootId":"27u35m7yg8dwnbk","id":"27u35m7yg8dwnbk"},"id":"cg7wice5rsj7ia2","previousOperationId":"73pp1fkerzj6uxz"}
{"type":"log","timestamp":1736724118283,"level":"debug","message":"Running chrome with params {\"printBackground\":true,\"timeout\":59344,\"margin\":{}}","meta":{"rootId":"27u35m7yg8dwnbk","id":"27u35m7yg8dwnbk"},"id":"3221n0svmpvvv5p","previousOperationId":"73pp1fkerzj6uxz"}
{"type":"operationEnd","operationId":"73pp1fkerzj6uxz","timestamp":1736724118481,"id":"sbzb6bs31d62im1","previousEventId":"xbhvqsw80h0pvdd","previousOperationId":"73pp1fkerzj6uxz"}
{"type":"log","timestamp":1736724118482,"level":"debug","message":"Skipping storing report.","meta":{"rootId":"27u35m7yg8dwnbk","id":"27u35m7yg8dwnbk"},"id":"xgwdjtenkhx3hli","previousOperationId":"73pp1fkerzj6uxz"}
{"type":"log","timestamp":1736724118482,"level":"info","message":"Rendering request 1 finished in 1469 ms","meta":{"rootId":"27u35m7yg8dwnbk","id":"27u35m7yg8dwnbk"},"id":"l8y88y5ou39lu40","previousOperationId":"73pp1fkerzj6uxz"}
{"type":"operationEnd","subtype":"render","operationId":"ed303n2smmvrl8l","timestamp":1736724118482,"id":"f3l89b7t72yv5kq","previousEventId":"sbzb6bs31d62im1","previousOperationId":"73pp1fkerzj6uxz"}
{"type":"operationEnd","doDiffs":false,"previousEventId":"hpwhfmcm3t1a431","previousOperationId":"lb9k7xqnp7uukba","operationId":"lb9k7xqnp7uukba","timestamp":1736724118484,"id":"a0s2sna6m2gmz6r"}
