{"type":"operationStart","subtype":"profile","data":{"_id":"KnUHkjVHfmJanPAx","timestamp":"2025-01-17T05:57:42.471Z","state":"queued","mode":"standard","creationDate":"2025-01-17T05:57:42.472Z","modificationDate":"2025-01-17T05:57:42.472Z","shortid":"Dh3Opxc","$entitySet":"profiles"},"doDiffs":false,"timestamp":1737093462471,"id":"6xrht9ejyiluw3y","previousOperationId":null,"operationId":"l0j74wv7z6fol8j"}
{"type":"log","level":"info","message":"Render request 3 queued for execution and waiting for available worker","previousOperationId":"l0j74wv7z6fol8j","timestamp":1737093462471,"id":"sqfu2b9cef4uljq"}
{"type":"operationStart","subtype":"render","name":"reporte20","previousOperationId":"l0j74wv7z6fol8j","timestamp":1737093462475,"id":"egz2x1uphb3y3ak","previousEventId":"6xrht9ejyiluw3y","operationId":"79ivp9lq161z14h"}
{"type":"log","timestamp":1737093462476,"level":"info","message":"Starting rendering request 3","meta":{"rootId":"hv4hjj09od9fbnm","id":"hv4hjj09od9fbnm"},"id":"o0fe0f9rt4booxc","previousOperationId":"79ivp9lq161z14h"}
{"type":"log","timestamp":1737093462476,"level":"info","message":"Rendering template { name: reporte20, recipe: chrome-pdf, engine: handlebars, preview: false }","meta":{"rootId":"hv4hjj09od9fbnm","id":"hv4hjj09od9fbnm"},"id":"pvq0y2mpxfoc3pu","previousOperationId":"79ivp9lq161z14h"}
{"type":"log","timestamp":1737093462476,"level":"debug","message":"Inline data specified.","meta":{"rootId":"hv4hjj09od9fbnm","id":"hv4hjj09od9fbnm"},"id":"9ay4ry1cfvboxir","previousOperationId":"79ivp9lq161z14h"}
{"type":"log","timestamp":1737093462479,"level":"debug","message":"Base url not specified, skipping its injection.","meta":{"rootId":"hv4hjj09od9fbnm","id":"hv4hjj09od9fbnm"},"id":"jgrhfkdxaw4v9nn","previousOperationId":"79ivp9lq161z14h"}
{"type":"operationStart","subtype":"engine","name":"handlebars","timestamp":1737093462479,"id":"u8mn8a83v5nq050","previousEventId":"egz2x1uphb3y3ak","operationId":"dsj3zcdvba6ci6l","previousOperationId":"79ivp9lq161z14h"}
{"type":"log","timestamp":1737093462479,"level":"debug","message":"Rendering engine handlebars","meta":{"rootId":"hv4hjj09od9fbnm","id":"hv4hjj09od9fbnm"},"id":"jkktedqrx6qa52p","previousOperationId":"dsj3zcdvba6ci6l"}
{"type":"operationEnd","operationId":"dsj3zcdvba6ci6l","timestamp":1737093462497,"id":"yd5xtlulucx6r2f","previousEventId":"u8mn8a83v5nq050","previousOperationId":"dsj3zcdvba6ci6l"}
{"type":"operationStart","subtype":"recipe","name":"chrome-pdf","timestamp":1737093462497,"id":"iglmu5ji63f12vz","previousEventId":"yd5xtlulucx6r2f","operationId":"bhcff08zu342g9z","previousOperationId":"dsj3zcdvba6ci6l"}
{"type":"log","timestamp":1737093462497,"level":"debug","message":"Executing recipe chrome-pdf","meta":{"rootId":"hv4hjj09od9fbnm","id":"hv4hjj09od9fbnm"},"id":"06f21wan3ccgewm","previousOperationId":"bhcff08zu342g9z"}
{"type":"log","timestamp":1737093462831,"level":"debug","message":"Converting with chrome Chrome/131.0.6778.204 using dedicated-process strategy","meta":{"rootId":"hv4hjj09od9fbnm","id":"hv4hjj09od9fbnm"},"id":"bxx84tuowy7oa5a","previousOperationId":"bhcff08zu342g9z"}
{"type":"log","timestamp":1737093462916,"level":"debug","message":"Page request: GET (document) file:///tmp/jsreport/autocleanup/83acf6df-4380-44e5-bd53-b8accaf57603-chrome-pdf.html","meta":{"rootId":"hv4hjj09od9fbnm","id":"hv4hjj09od9fbnm"},"id":"jyzm2uzkj6q22k6","previousOperationId":"bhcff08zu342g9z"}
{"type":"log","timestamp":1737093462929,"level":"debug","message":"Page request finished: GET (document) 200 file:///tmp/jsreport/autocleanup/83acf6df-4380-44e5-bd53-b8accaf57603-chrome-pdf.html","meta":{"rootId":"hv4hjj09od9fbnm","id":"hv4hjj09od9fbnm"},"id":"empv7sipp570vsa","previousOperationId":"bhcff08zu342g9z"}
{"type":"log","timestamp":1737093462931,"level":"debug","message":"Page request: GET (image) https://i.pinimg.com/736x/ac/66/fd/ac66fdbcf17e7c77173cf01c4dbb1cfc.jpg","meta":{"rootId":"hv4hjj09od9fbnm","id":"hv4hjj09od9fbnm"},"id":"4o7w6vcgwl5tmew","previousOperationId":"bhcff08zu342g9z"}
{"type":"log","timestamp":1737093462975,"level":"debug","message":"Page request finished: GET (image) 200 https://i.pinimg.com/736x/ac/66/fd/ac66fdbcf17e7c77173cf01c4dbb1cfc.jpg","meta":{"rootId":"hv4hjj09od9fbnm","id":"hv4hjj09od9fbnm"},"id":"l69pfw4y7kmvb6b","previousOperationId":"bhcff08zu342g9z"}
{"type":"log","timestamp":1737093462978,"level":"debug","message":"Running chrome with params {\"printBackground\":true,\"timeout\":59973,\"margin\":{}}","meta":{"rootId":"hv4hjj09od9fbnm","id":"hv4hjj09od9fbnm"},"id":"qe2q7rk6khyrkw2","previousOperationId":"bhcff08zu342g9z"}
{"type":"operationEnd","operationId":"bhcff08zu342g9z","timestamp":1737093463151,"id":"jhzj2jqstmn5e21","previousEventId":"iglmu5ji63f12vz","previousOperationId":"bhcff08zu342g9z"}
{"type":"log","timestamp":1737093463151,"level":"debug","message":"Skipping storing report.","meta":{"rootId":"hv4hjj09od9fbnm","id":"hv4hjj09od9fbnm"},"id":"8fikz6hce9ten8l","previousOperationId":"bhcff08zu342g9z"}
{"type":"log","timestamp":1737093463151,"level":"info","message":"Rendering request 3 finished in 680 ms","meta":{"rootId":"hv4hjj09od9fbnm","id":"hv4hjj09od9fbnm"},"id":"3v9ekommvhgxoiz","previousOperationId":"bhcff08zu342g9z"}
{"type":"operationEnd","subtype":"render","operationId":"79ivp9lq161z14h","timestamp":1737093463151,"id":"14pxhpazfpn1z3v","previousEventId":"jhzj2jqstmn5e21","previousOperationId":"bhcff08zu342g9z"}
{"type":"operationEnd","doDiffs":false,"previousEventId":"6xrht9ejyiluw3y","previousOperationId":"l0j74wv7z6fol8j","operationId":"l0j74wv7z6fol8j","timestamp":1737093463153,"id":"64yym78nsqhk48w"}
