{"type":"operationStart","subtype":"profile","data":{"_id":"m3VY9Usvrvi9JCBs","timestamp":"2025-01-15T04:00:28.676Z","state":"queued","mode":"standard","creationDate":"2025-01-15T04:00:28.677Z","modificationDate":"2025-01-15T04:00:28.677Z","shortid":"Xvd7N2h","$entitySet":"profiles"},"doDiffs":false,"timestamp":1736913628677,"id":"pczvseqp5ws0wxo","previousOperationId":null,"operationId":"14vt5ldyn7vecij"}
{"type":"log","level":"info","message":"Render request 12 queued for execution and waiting for available worker","previousOperationId":"14vt5ldyn7vecij","timestamp":1736913628677,"id":"oyd1tc92hmtawf1"}
{"type":"operationStart","subtype":"render","name":"reporte20","previousOperationId":"14vt5ldyn7vecij","timestamp":1736913628679,"id":"g0dtuukf7i349ag","previousEventId":"pczvseqp5ws0wxo","operationId":"5qof3zh5glv1v85"}
{"type":"log","timestamp":1736913628679,"level":"info","message":"Starting rendering request 12","meta":{"rootId":"omz93acz4k25iy4","id":"omz93acz4k25iy4"},"id":"b6gfmn60yvduz2z","previousOperationId":"5qof3zh5glv1v85"}
{"type":"log","timestamp":1736913628680,"level":"info","message":"Rendering template { name: reporte20, recipe: chrome-pdf, engine: handlebars, preview: false }","meta":{"rootId":"omz93acz4k25iy4","id":"omz93acz4k25iy4"},"id":"cmtvue0ag4qxenp","previousOperationId":"5qof3zh5glv1v85"}
{"type":"log","timestamp":1736913628680,"level":"debug","message":"Inline data specified.","meta":{"rootId":"omz93acz4k25iy4","id":"omz93acz4k25iy4"},"id":"w2vejud72g6nved","previousOperationId":"5qof3zh5glv1v85"}
{"type":"log","timestamp":1736913628681,"level":"debug","message":"Base url not specified, skipping its injection.","meta":{"rootId":"omz93acz4k25iy4","id":"omz93acz4k25iy4"},"id":"87glkxm2712yn0a","previousOperationId":"5qof3zh5glv1v85"}
{"type":"operationStart","subtype":"engine","name":"handlebars","timestamp":1736913628681,"id":"aucb30jpd7020di","previousEventId":"g0dtuukf7i349ag","operationId":"tc81xu1wiotq6my","previousOperationId":"5qof3zh5glv1v85"}
{"type":"log","timestamp":1736913628681,"level":"debug","message":"Rendering engine handlebars","meta":{"rootId":"omz93acz4k25iy4","id":"omz93acz4k25iy4"},"id":"3jk1prh0w67dc7g","previousOperationId":"tc81xu1wiotq6my"}
{"type":"operationEnd","operationId":"tc81xu1wiotq6my","timestamp":1736913628693,"id":"et583yediywfif7","previousEventId":"aucb30jpd7020di","previousOperationId":"tc81xu1wiotq6my"}
{"type":"operationStart","subtype":"recipe","name":"chrome-pdf","timestamp":1736913628693,"id":"jy4o2cakv3ezbnl","previousEventId":"et583yediywfif7","operationId":"kv429ooibitow5k","previousOperationId":"tc81xu1wiotq6my"}
{"type":"log","timestamp":1736913628693,"level":"debug","message":"Executing recipe chrome-pdf","meta":{"rootId":"omz93acz4k25iy4","id":"omz93acz4k25iy4"},"id":"ixrdn3013aeiojt","previousOperationId":"kv429ooibitow5k"}
{"type":"log","timestamp":1736913629024,"level":"debug","message":"Converting with chrome Chrome/131.0.6778.204 using dedicated-process strategy","meta":{"rootId":"omz93acz4k25iy4","id":"omz93acz4k25iy4"},"id":"bn12659fwxpij3h","previousOperationId":"kv429ooibitow5k"}
{"type":"log","timestamp":1736913629097,"level":"debug","message":"Page request: GET (document) file:///tmp/jsreport/autocleanup/414b2bcb-9b21-4c62-a534-5371b7dacd09-chrome-pdf.html","meta":{"rootId":"omz93acz4k25iy4","id":"omz93acz4k25iy4"},"id":"pvubxkq29jbeb28","previousOperationId":"kv429ooibitow5k"}
{"type":"log","timestamp":1736913629116,"level":"debug","message":"Page request finished: GET (document) 200 file:///tmp/jsreport/autocleanup/414b2bcb-9b21-4c62-a534-5371b7dacd09-chrome-pdf.html","meta":{"rootId":"omz93acz4k25iy4","id":"omz93acz4k25iy4"},"id":"o3riyp29le3z5pe","previousOperationId":"kv429ooibitow5k"}
{"type":"log","timestamp":1736913629118,"level":"debug","message":"Page request: GET (image) https://i.pinimg.com/736x/ac/66/fd/ac66fdbcf17e7c77173cf01c4dbb1cfc.jpg","meta":{"rootId":"omz93acz4k25iy4","id":"omz93acz4k25iy4"},"id":"xn43qwddhtpxxnl","previousOperationId":"kv429ooibitow5k"}
{"type":"log","timestamp":1736913629181,"level":"debug","message":"Page request finished: GET (image) 200 https://i.pinimg.com/736x/ac/66/fd/ac66fdbcf17e7c77173cf01c4dbb1cfc.jpg","meta":{"rootId":"omz93acz4k25iy4","id":"omz93acz4k25iy4"},"id":"rtdixa8n73djfcs","previousOperationId":"kv429ooibitow5k"}
{"type":"log","timestamp":1736913629188,"level":"debug","message":"Running chrome with params {\"printBackground\":true,\"timeout\":59982,\"margin\":{}}","meta":{"rootId":"omz93acz4k25iy4","id":"omz93acz4k25iy4"},"id":"pw4pn47pkxu7qud","previousOperationId":"kv429ooibitow5k"}
{"type":"operationEnd","operationId":"kv429ooibitow5k","timestamp":1736913629369,"id":"22825nkbu7kci9j","previousEventId":"jy4o2cakv3ezbnl","previousOperationId":"kv429ooibitow5k"}
{"type":"log","timestamp":1736913629369,"level":"debug","message":"Skipping storing report.","meta":{"rootId":"omz93acz4k25iy4","id":"omz93acz4k25iy4"},"id":"ixodsj8i0pzchtz","previousOperationId":"kv429ooibitow5k"}
{"type":"log","timestamp":1736913629370,"level":"info","message":"Rendering request 12 finished in 694 ms","meta":{"rootId":"omz93acz4k25iy4","id":"omz93acz4k25iy4"},"id":"3f4sqmcujn3ia8d","previousOperationId":"kv429ooibitow5k"}
{"type":"operationEnd","subtype":"render","operationId":"5qof3zh5glv1v85","timestamp":1736913629370,"id":"p4r9s83idz4g5zr","previousEventId":"22825nkbu7kci9j","previousOperationId":"kv429ooibitow5k"}
{"type":"operationEnd","doDiffs":false,"previousEventId":"pczvseqp5ws0wxo","previousOperationId":"14vt5ldyn7vecij","operationId":"14vt5ldyn7vecij","timestamp":1736913629371,"id":"os1q4fy341l716x"}
