{"type":"operationStart","subtype":"profile","data":{"_id":"jzfRZ6TA0hOqkY63","timestamp":"2025-01-17T04:29:28.055Z","state":"queued","mode":"standard","creationDate":"2025-01-17T04:29:28.055Z","modificationDate":"2025-01-17T04:29:28.056Z","shortid":"WODK2w9","$entitySet":"profiles"},"doDiffs":false,"timestamp":1737088168055,"id":"6imojsu9zkuzdwq","previousOperationId":null,"operationId":"t55cldv1j4x8z0q"}
{"type":"log","level":"info","message":"Render request 9 queued for execution and waiting for available worker","previousOperationId":"t55cldv1j4x8z0q","timestamp":1737088168055,"id":"ctnc38aj7l25odp"}
{"type":"operationStart","subtype":"render","name":"promedioProduccionSede","previousOperationId":"t55cldv1j4x8z0q","timestamp":1737088168057,"id":"y326ly9fccwnsk8","previousEventId":"6imojsu9zkuzdwq","operationId":"owtsmfvdtps5yar"}
{"type":"log","timestamp":1737088168057,"level":"info","message":"Starting rendering request 9","meta":{"rootId":"1c0payuaxkrigka","id":"1c0payuaxkrigka"},"id":"tojrbxpy38d3106","previousOperationId":"owtsmfvdtps5yar"}
{"type":"log","timestamp":1737088168058,"level":"info","message":"Rendering template { name: promedioProduccionSede, recipe: chrome-pdf, engine: handlebars, preview: false }","meta":{"rootId":"1c0payuaxkrigka","id":"1c0payuaxkrigka"},"id":"wmfuenv3jkks142","previousOperationId":"owtsmfvdtps5yar"}
{"type":"log","timestamp":1737088168058,"level":"debug","message":"Inline data specified.","meta":{"rootId":"1c0payuaxkrigka","id":"1c0payuaxkrigka"},"id":"rt2gf4mkzfn458l","previousOperationId":"owtsmfvdtps5yar"}
{"type":"log","timestamp":1737088168059,"level":"debug","message":"Base url not specified, skipping its injection.","meta":{"rootId":"1c0payuaxkrigka","id":"1c0payuaxkrigka"},"id":"6gtk01p4wlu5nmz","previousOperationId":"owtsmfvdtps5yar"}
{"type":"operationStart","subtype":"engine","name":"handlebars","timestamp":1737088168059,"id":"hwnviu3azw49txf","previousEventId":"y326ly9fccwnsk8","operationId":"bozzx1q8cx26i8z","previousOperationId":"owtsmfvdtps5yar"}
{"type":"log","timestamp":1737088168059,"level":"debug","message":"Rendering engine handlebars","meta":{"rootId":"1c0payuaxkrigka","id":"1c0payuaxkrigka"},"id":"y3a3f9dsnokz24w","previousOperationId":"bozzx1q8cx26i8z"}
{"type":"operationEnd","operationId":"bozzx1q8cx26i8z","timestamp":1737088168069,"id":"qoe2oqzfj1xmgz5","previousEventId":"hwnviu3azw49txf","previousOperationId":"bozzx1q8cx26i8z"}
{"type":"operationStart","subtype":"recipe","name":"chrome-pdf","timestamp":1737088168069,"id":"d4kg3gb07c4nkab","previousEventId":"qoe2oqzfj1xmgz5","operationId":"iwp0yx4ifoc1dwc","previousOperationId":"bozzx1q8cx26i8z"}
{"type":"log","timestamp":1737088168069,"level":"debug","message":"Executing recipe chrome-pdf","meta":{"rootId":"1c0payuaxkrigka","id":"1c0payuaxkrigka"},"id":"dupc4byoeb9w8br","previousOperationId":"iwp0yx4ifoc1dwc"}
{"type":"log","timestamp":1737088168369,"level":"debug","message":"Converting with chrome Chrome/131.0.6778.204 using dedicated-process strategy","meta":{"rootId":"1c0payuaxkrigka","id":"1c0payuaxkrigka"},"id":"uf3a016ldn1ymw1","previousOperationId":"iwp0yx4ifoc1dwc"}
{"type":"log","timestamp":1737088168486,"level":"debug","message":"Page request: GET (document) file:///tmp/jsreport/autocleanup/0b558190-7694-4817-bc29-640c9fd258da-chrome-pdf.html","meta":{"rootId":"1c0payuaxkrigka","id":"1c0payuaxkrigka"},"id":"1tz5ua9oh83lapm","previousOperationId":"iwp0yx4ifoc1dwc"}
{"type":"log","timestamp":1737088168508,"level":"debug","message":"Page request finished: GET (document) 200 file:///tmp/jsreport/autocleanup/0b558190-7694-4817-bc29-640c9fd258da-chrome-pdf.html","meta":{"rootId":"1c0payuaxkrigka","id":"1c0payuaxkrigka"},"id":"px7abnsgb7tcqbe","previousOperationId":"iwp0yx4ifoc1dwc"}
{"type":"log","timestamp":1737088168509,"level":"debug","message":"Page request: GET (image) https://i.pinimg.com/736x/ac/66/fd/ac66fdbcf17e7c77173cf01c4dbb1cfc.jpg","meta":{"rootId":"1c0payuaxkrigka","id":"1c0payuaxkrigka"},"id":"8k5xocf2u0jg09f","previousOperationId":"iwp0yx4ifoc1dwc"}
{"type":"log","timestamp":1737088168556,"level":"debug","message":"Page request finished: GET (image) 200 https://i.pinimg.com/736x/ac/66/fd/ac66fdbcf17e7c77173cf01c4dbb1cfc.jpg","meta":{"rootId":"1c0payuaxkrigka","id":"1c0payuaxkrigka"},"id":"spgqatvwif7szg1","previousOperationId":"iwp0yx4ifoc1dwc"}
{"type":"log","timestamp":1737088168560,"level":"debug","message":"Running chrome with params {\"printBackground\":true,\"timeout\":59985,\"margin\":{}}","meta":{"rootId":"1c0payuaxkrigka","id":"1c0payuaxkrigka"},"id":"vdhwqp94ygm53tw","previousOperationId":"iwp0yx4ifoc1dwc"}
{"type":"operationEnd","operationId":"iwp0yx4ifoc1dwc","timestamp":1737088168695,"id":"ysa5tr7dmdldxlu","previousEventId":"d4kg3gb07c4nkab","previousOperationId":"iwp0yx4ifoc1dwc"}
{"type":"log","timestamp":1737088168695,"level":"debug","message":"Skipping storing report.","meta":{"rootId":"1c0payuaxkrigka","id":"1c0payuaxkrigka"},"id":"1tsn8xwqz00b95i","previousOperationId":"iwp0yx4ifoc1dwc"}
{"type":"log","timestamp":1737088168695,"level":"info","message":"Rendering request 9 finished in 641 ms","meta":{"rootId":"1c0payuaxkrigka","id":"1c0payuaxkrigka"},"id":"xqc5313jl7ewi10","previousOperationId":"iwp0yx4ifoc1dwc"}
{"type":"operationEnd","subtype":"render","operationId":"owtsmfvdtps5yar","timestamp":1737088168695,"id":"whee2i3t8a3is4b","previousEventId":"ysa5tr7dmdldxlu","previousOperationId":"iwp0yx4ifoc1dwc"}
{"type":"operationEnd","doDiffs":false,"previousEventId":"6imojsu9zkuzdwq","previousOperationId":"t55cldv1j4x8z0q","operationId":"t55cldv1j4x8z0q","timestamp":1737088168697,"id":"spwbgjbkbqahx87"}
