{"type":"operationStart","subtype":"profile","data":{"_id":"YgTBBvUljj7YehKt","timestamp":"2025-01-17T05:14:16.675Z","state":"queued","mode":"standard","creationDate":"2025-01-17T05:14:16.676Z","modificationDate":"2025-01-17T05:14:16.676Z","shortid":"ydQOQ1P","$entitySet":"profiles"},"doDiffs":false,"timestamp":1737090856675,"id":"9g6sd3tz2bpxmqs","previousOperationId":null,"operationId":"o51vy5zau2gsi5r"}
{"type":"log","level":"info","message":"Render request 20 queued for execution and waiting for available worker","previousOperationId":"o51vy5zau2gsi5r","timestamp":1737090856675,"id":"s0bep3q2s139ddq"}
{"type":"operationStart","subtype":"render","name":"promedioProduccionSede","previousOperationId":"o51vy5zau2gsi5r","timestamp":1737090856677,"id":"4qlau34ero6ffqt","previousEventId":"9g6sd3tz2bpxmqs","operationId":"576eko25b60t73w"}
{"type":"log","timestamp":1737090856678,"level":"info","message":"Starting rendering request 20","meta":{"rootId":"69husfkw51mkqes","id":"69husfkw51mkqes"},"id":"nlxbv48swzc6imm","previousOperationId":"576eko25b60t73w"}
{"type":"log","timestamp":1737090856678,"level":"info","message":"Rendering template { name: promedioProduccionSede, recipe: chrome-pdf, engine: handlebars, preview: false }","meta":{"rootId":"69husfkw51mkqes","id":"69husfkw51mkqes"},"id":"6edd438650hbaz1","previousOperationId":"576eko25b60t73w"}
{"type":"log","timestamp":1737090856678,"level":"debug","message":"Inline data specified.","meta":{"rootId":"69husfkw51mkqes","id":"69husfkw51mkqes"},"id":"pxr2cj7f15mc0vs","previousOperationId":"576eko25b60t73w"}
{"type":"log","timestamp":1737090856679,"level":"debug","message":"Base url not specified, skipping its injection.","meta":{"rootId":"69husfkw51mkqes","id":"69husfkw51mkqes"},"id":"2mwmng3xgomq0xi","previousOperationId":"576eko25b60t73w"}
{"type":"operationStart","subtype":"engine","name":"handlebars","timestamp":1737090856679,"id":"02gdcofpqew00pp","previousEventId":"4qlau34ero6ffqt","operationId":"zqct0tnavugr6p3","previousOperationId":"576eko25b60t73w"}
{"type":"log","timestamp":1737090856679,"level":"debug","message":"Rendering engine handlebars","meta":{"rootId":"69husfkw51mkqes","id":"69husfkw51mkqes"},"id":"x9vfd13f7mpiwxo","previousOperationId":"zqct0tnavugr6p3"}
{"type":"operationEnd","operationId":"zqct0tnavugr6p3","timestamp":1737090856690,"id":"3pd43bi94rx72hs","previousEventId":"02gdcofpqew00pp","previousOperationId":"zqct0tnavugr6p3"}
{"type":"operationStart","subtype":"recipe","name":"chrome-pdf","timestamp":1737090856690,"id":"tl2aa6f12nzcewe","previousEventId":"3pd43bi94rx72hs","operationId":"0az81ey10m6g79x","previousOperationId":"zqct0tnavugr6p3"}
{"type":"log","timestamp":1737090856690,"level":"debug","message":"Executing recipe chrome-pdf","meta":{"rootId":"69husfkw51mkqes","id":"69husfkw51mkqes"},"id":"pgw9bhmqg17td83","previousOperationId":"0az81ey10m6g79x"}
{"type":"log","timestamp":1737090857025,"level":"debug","message":"Converting with chrome Chrome/131.0.6778.204 using dedicated-process strategy","meta":{"rootId":"69husfkw51mkqes","id":"69husfkw51mkqes"},"id":"9ld6uli1l6h2u1t","previousOperationId":"0az81ey10m6g79x"}
{"type":"log","timestamp":1737090857109,"level":"debug","message":"Page request: GET (document) file:///tmp/jsreport/autocleanup/7f3795ee-f387-4cc8-8ce9-ac43969a15e2-chrome-pdf.html","meta":{"rootId":"69husfkw51mkqes","id":"69husfkw51mkqes"},"id":"4fw5uykpa7vxqsb","previousOperationId":"0az81ey10m6g79x"}
{"type":"log","timestamp":1737090857124,"level":"debug","message":"Page request finished: GET (document) 200 file:///tmp/jsreport/autocleanup/7f3795ee-f387-4cc8-8ce9-ac43969a15e2-chrome-pdf.html","meta":{"rootId":"69husfkw51mkqes","id":"69husfkw51mkqes"},"id":"w9qhja0u3wv3vz3","previousOperationId":"0az81ey10m6g79x"}
{"type":"log","timestamp":1737090857128,"level":"debug","message":"Page request: GET (image) https://i.pinimg.com/736x/ac/66/fd/ac66fdbcf17e7c77173cf01c4dbb1cfc.jpg","meta":{"rootId":"69husfkw51mkqes","id":"69husfkw51mkqes"},"id":"oag155b91gpeqr7","previousOperationId":"0az81ey10m6g79x"}
{"type":"log","timestamp":1737090857168,"level":"debug","message":"Page request finished: GET (image) 200 https://i.pinimg.com/736x/ac/66/fd/ac66fdbcf17e7c77173cf01c4dbb1cfc.jpg","meta":{"rootId":"69husfkw51mkqes","id":"69husfkw51mkqes"},"id":"kkm4k29siive1zd","previousOperationId":"0az81ey10m6g79x"}
{"type":"log","timestamp":1737090857173,"level":"debug","message":"Running chrome with params {\"printBackground\":true,\"timeout\":59985,\"margin\":{}}","meta":{"rootId":"69husfkw51mkqes","id":"69husfkw51mkqes"},"id":"6f1dj2ubbl0amtz","previousOperationId":"0az81ey10m6g79x"}
{"type":"operationEnd","operationId":"0az81ey10m6g79x","timestamp":1737090857301,"id":"5ebyalfqushd1yy","previousEventId":"tl2aa6f12nzcewe","previousOperationId":"0az81ey10m6g79x"}
{"type":"log","timestamp":1737090857301,"level":"debug","message":"Skipping storing report.","meta":{"rootId":"69husfkw51mkqes","id":"69husfkw51mkqes"},"id":"r77fzur9nia2ev0","previousOperationId":"0az81ey10m6g79x"}
{"type":"log","timestamp":1737090857301,"level":"info","message":"Rendering request 20 finished in 626 ms","meta":{"rootId":"69husfkw51mkqes","id":"69husfkw51mkqes"},"id":"iw3vocm05mc8dsm","previousOperationId":"0az81ey10m6g79x"}
{"type":"operationEnd","subtype":"render","operationId":"576eko25b60t73w","timestamp":1737090857301,"id":"401ics4p513qkfv","previousEventId":"5ebyalfqushd1yy","previousOperationId":"0az81ey10m6g79x"}
{"type":"operationEnd","doDiffs":false,"previousEventId":"9g6sd3tz2bpxmqs","previousOperationId":"o51vy5zau2gsi5r","operationId":"o51vy5zau2gsi5r","timestamp":1737090857302,"id":"sjc3i218qq7k9ni"}
