{"type":"operationStart","subtype":"profile","data":{"_id":"wlvtf0xnKqX7SOEk","timestamp":"2025-01-17T06:09:33.850Z","state":"queued","mode":"standard","creationDate":"2025-01-17T06:09:33.852Z","modificationDate":"2025-01-17T06:09:33.852Z","shortid":"GsLRKC9","$entitySet":"profiles"},"doDiffs":false,"timestamp":1737094173851,"id":"tbxcug0gsy1v8ck","previousOperationId":null,"operationId":"b0pok2pjw41k0g2"}
{"type":"log","level":"info","message":"Render request 14 queued for execution and waiting for available worker","previousOperationId":"b0pok2pjw41k0g2","timestamp":1737094173851,"id":"75zmvqqc8giwjbd"}
{"type":"operationStart","subtype":"render","name":"promedioProduccionSede","previousOperationId":"b0pok2pjw41k0g2","timestamp":1737094173854,"id":"f7n823eozjnsu7h","previousEventId":"tbxcug0gsy1v8ck","operationId":"k3jtumm82hq99n4"}
{"type":"log","timestamp":1737094173854,"level":"info","message":"Starting rendering request 14","meta":{"rootId":"7hsilcyidmkfbwc","id":"7hsilcyidmkfbwc"},"id":"5fcifvl265nn3z3","previousOperationId":"k3jtumm82hq99n4"}
{"type":"log","timestamp":1737094173855,"level":"info","message":"Rendering template { name: promedioProduccionSede, recipe: chrome-pdf, engine: handlebars, preview: false }","meta":{"rootId":"7hsilcyidmkfbwc","id":"7hsilcyidmkfbwc"},"id":"ln5kpiwkey6xvba","previousOperationId":"k3jtumm82hq99n4"}
{"type":"log","timestamp":1737094173855,"level":"debug","message":"Inline data specified.","meta":{"rootId":"7hsilcyidmkfbwc","id":"7hsilcyidmkfbwc"},"id":"ybz4k2mzvtqrgor","previousOperationId":"k3jtumm82hq99n4"}
{"type":"log","timestamp":1737094173857,"level":"debug","message":"Base url not specified, skipping its injection.","meta":{"rootId":"7hsilcyidmkfbwc","id":"7hsilcyidmkfbwc"},"id":"w3qcoste8gau992","previousOperationId":"k3jtumm82hq99n4"}
{"type":"operationStart","subtype":"engine","name":"handlebars","timestamp":1737094173857,"id":"9th4h3wsnurxn3z","previousEventId":"f7n823eozjnsu7h","operationId":"lvdaosf4hu7xafh","previousOperationId":"k3jtumm82hq99n4"}
{"type":"log","timestamp":1737094173857,"level":"debug","message":"Rendering engine handlebars","meta":{"rootId":"7hsilcyidmkfbwc","id":"7hsilcyidmkfbwc"},"id":"8mb5cugujloanxy","previousOperationId":"lvdaosf4hu7xafh"}
{"type":"operationEnd","operationId":"lvdaosf4hu7xafh","timestamp":1737094173867,"id":"4ogmipdrckoz126","previousEventId":"9th4h3wsnurxn3z","previousOperationId":"lvdaosf4hu7xafh"}
{"type":"operationStart","subtype":"recipe","name":"chrome-pdf","timestamp":1737094173868,"id":"1r5tbl55ifjlm7j","previousEventId":"4ogmipdrckoz126","operationId":"nud4koodo7s9q2w","previousOperationId":"lvdaosf4hu7xafh"}
{"type":"log","timestamp":1737094173868,"level":"debug","message":"Executing recipe chrome-pdf","meta":{"rootId":"7hsilcyidmkfbwc","id":"7hsilcyidmkfbwc"},"id":"qne9fnxijef4tk5","previousOperationId":"nud4koodo7s9q2w"}
{"type":"log","timestamp":1737094174217,"level":"debug","message":"Converting with chrome Chrome/131.0.6778.204 using dedicated-process strategy","meta":{"rootId":"7hsilcyidmkfbwc","id":"7hsilcyidmkfbwc"},"id":"wqgncrc7skgg5at","previousOperationId":"nud4koodo7s9q2w"}
{"type":"log","timestamp":1737094174327,"level":"debug","message":"Page request: GET (document) file:///tmp/jsreport/autocleanup/4add6248-2c71-4450-a81b-959058b1c46f-chrome-pdf.html","meta":{"rootId":"7hsilcyidmkfbwc","id":"7hsilcyidmkfbwc"},"id":"fp33gyw857ju1a2","previousOperationId":"nud4koodo7s9q2w"}
{"type":"log","timestamp":1737094174348,"level":"debug","message":"Page request finished: GET (document) 200 file:///tmp/jsreport/autocleanup/4add6248-2c71-4450-a81b-959058b1c46f-chrome-pdf.html","meta":{"rootId":"7hsilcyidmkfbwc","id":"7hsilcyidmkfbwc"},"id":"2cz67x0ael520r4","previousOperationId":"nud4koodo7s9q2w"}
{"type":"log","timestamp":1737094174350,"level":"debug","message":"Page request: GET (image) https://i.pinimg.com/736x/ac/66/fd/ac66fdbcf17e7c77173cf01c4dbb1cfc.jpg","meta":{"rootId":"7hsilcyidmkfbwc","id":"7hsilcyidmkfbwc"},"id":"c9ufo2fhrt7mbep","previousOperationId":"nud4koodo7s9q2w"}
{"type":"log","timestamp":1737094174406,"level":"debug","message":"Page request finished: GET (image) 200 https://i.pinimg.com/736x/ac/66/fd/ac66fdbcf17e7c77173cf01c4dbb1cfc.jpg","meta":{"rootId":"7hsilcyidmkfbwc","id":"7hsilcyidmkfbwc"},"id":"wpyj98nfij5xj5a","previousOperationId":"nud4koodo7s9q2w"}
{"type":"log","timestamp":1737094174411,"level":"debug","message":"Running chrome with params {\"printBackground\":true,\"timeout\":59981,\"margin\":{}}","meta":{"rootId":"7hsilcyidmkfbwc","id":"7hsilcyidmkfbwc"},"id":"65uvvi7ijen294h","previousOperationId":"nud4koodo7s9q2w"}
{"type":"operationEnd","operationId":"nud4koodo7s9q2w","timestamp":1737094174552,"id":"ipfofr3eop4r2ou","previousEventId":"1r5tbl55ifjlm7j","previousOperationId":"nud4koodo7s9q2w"}
{"type":"log","timestamp":1737094174552,"level":"debug","message":"Skipping storing report.","meta":{"rootId":"7hsilcyidmkfbwc","id":"7hsilcyidmkfbwc"},"id":"eix3xbvea046qrs","previousOperationId":"nud4koodo7s9q2w"}
{"type":"log","timestamp":1737094174552,"level":"info","message":"Rendering request 14 finished in 702 ms","meta":{"rootId":"7hsilcyidmkfbwc","id":"7hsilcyidmkfbwc"},"id":"4dbgo4b4o8a76a6","previousOperationId":"nud4koodo7s9q2w"}
{"type":"operationEnd","subtype":"render","operationId":"k3jtumm82hq99n4","timestamp":1737094174552,"id":"qs5hmcf63me8tbv","previousEventId":"ipfofr3eop4r2ou","previousOperationId":"nud4koodo7s9q2w"}
{"type":"operationEnd","doDiffs":false,"previousEventId":"tbxcug0gsy1v8ck","previousOperationId":"b0pok2pjw41k0g2","operationId":"b0pok2pjw41k0g2","timestamp":1737094174555,"id":"5bvagnd2d2zuurm"}
