{"type":"operationStart","subtype":"profile","data":{"_id":"s1ixMYMmSVEQ0Orv","timestamp":"2025-01-17T01:33:27.686Z","state":"queued","mode":"standard","creationDate":"2025-01-17T01:33:27.688Z","modificationDate":"2025-01-17T01:33:27.688Z","shortid":"fBWEWuc","$entitySet":"profiles"},"doDiffs":false,"timestamp":1737077607687,"id":"eovga1vs20i0adu","previousOperationId":null,"operationId":"tz27mrtzw1irmyn"}
{"type":"log","level":"info","message":"Render request 1 queued for execution and waiting for available worker","previousOperationId":"tz27mrtzw1irmyn","timestamp":1737077607688,"id":"98cvmqiz2zlkyoj"}
{"type":"operationStart","subtype":"render","name":"promedioProduccionSede","previousOperationId":"tz27mrtzw1irmyn","timestamp":1737077607703,"id":"2ekukatp541zho3","previousEventId":"eovga1vs20i0adu","operationId":"ioincgesixsycad"}
{"type":"log","timestamp":1737077607704,"level":"info","message":"Starting rendering request 1","meta":{"rootId":"d133ubp21anm5cn","id":"d133ubp21anm5cn"},"id":"eul9vjf4lxmsgrg","previousOperationId":"ioincgesixsycad"}
{"type":"log","timestamp":1737077607706,"level":"info","message":"Rendering template { name: promedioProduccionSede, recipe: chrome-pdf, engine: handlebars, preview: false }","meta":{"rootId":"d133ubp21anm5cn","id":"d133ubp21anm5cn"},"id":"aq1pd3ipa678h4f","previousOperationId":"ioincgesixsycad"}
{"type":"log","timestamp":1737077607706,"level":"debug","message":"Inline data specified.","meta":{"rootId":"d133ubp21anm5cn","id":"d133ubp21anm5cn"},"id":"uoa444p4vp12ukn","previousOperationId":"ioincgesixsycad"}
{"type":"log","timestamp":1737077607709,"level":"debug","message":"Base url not specified, skipping its injection.","meta":{"rootId":"d133ubp21anm5cn","id":"d133ubp21anm5cn"},"id":"1r8jiu78ea5sqp6","previousOperationId":"ioincgesixsycad"}
{"type":"operationStart","subtype":"engine","name":"handlebars","timestamp":1737077607710,"id":"oi48sepk8xvcc1c","previousEventId":"2ekukatp541zho3","operationId":"63rpktbkgkknud2","previousOperationId":"ioincgesixsycad"}
{"type":"log","timestamp":1737077607710,"level":"debug","message":"Rendering engine handlebars","meta":{"rootId":"d133ubp21anm5cn","id":"d133ubp21anm5cn"},"id":"ek71iusx9n5yhns","previousOperationId":"63rpktbkgkknud2"}
{"type":"operationEnd","operationId":"63rpktbkgkknud2","timestamp":1737077608380,"id":"pvamkbns46ft11v","previousEventId":"oi48sepk8xvcc1c","previousOperationId":"63rpktbkgkknud2"}
{"type":"operationStart","subtype":"recipe","name":"chrome-pdf","timestamp":1737077608390,"id":"gy43nbtmbizp3r6","previousEventId":"pvamkbns46ft11v","operationId":"le926ng93yr5m0e","previousOperationId":"63rpktbkgkknud2"}
{"type":"log","timestamp":1737077608390,"level":"debug","message":"Executing recipe chrome-pdf","meta":{"rootId":"d133ubp21anm5cn","id":"d133ubp21anm5cn"},"id":"w3wxctdwp56gly2","previousOperationId":"le926ng93yr5m0e"}
{"type":"log","timestamp":1737077610832,"level":"debug","message":"Converting with chrome Chrome/131.0.6778.204 using dedicated-process strategy","meta":{"rootId":"d133ubp21anm5cn","id":"d133ubp21anm5cn"},"id":"kwsbxv7y2nhipwm","previousOperationId":"le926ng93yr5m0e"}
{"type":"log","timestamp":1737077610957,"level":"debug","message":"Page request: GET (document) file:///tmp/jsreport/autocleanup/1f7fcef7-85f0-4f67-8620-69a720b5f338-chrome-pdf.html","meta":{"rootId":"d133ubp21anm5cn","id":"d133ubp21anm5cn"},"id":"24etebxkmyxp24c","previousOperationId":"le926ng93yr5m0e"}
{"type":"log","timestamp":1737077610984,"level":"debug","message":"Page request finished: GET (document) 200 file:///tmp/jsreport/autocleanup/1f7fcef7-85f0-4f67-8620-69a720b5f338-chrome-pdf.html","meta":{"rootId":"d133ubp21anm5cn","id":"d133ubp21anm5cn"},"id":"7h19yz4pq4miom1","previousOperationId":"le926ng93yr5m0e"}
{"type":"log","timestamp":1737077610985,"level":"debug","message":"Page request: GET (image) https://i.pinimg.com/736x/ac/66/fd/ac66fdbcf17e7c77173cf01c4dbb1cfc.jpg","meta":{"rootId":"d133ubp21anm5cn","id":"d133ubp21anm5cn"},"id":"g0jgmearjwftsjn","previousOperationId":"le926ng93yr5m0e"}
{"type":"log","timestamp":1737077611045,"level":"debug","message":"Page request finished: GET (image) 200 https://i.pinimg.com/736x/ac/66/fd/ac66fdbcf17e7c77173cf01c4dbb1cfc.jpg","meta":{"rootId":"d133ubp21anm5cn","id":"d133ubp21anm5cn"},"id":"9pmfcc219jbezpv","previousOperationId":"le926ng93yr5m0e"}
{"type":"log","timestamp":1737077611052,"level":"debug","message":"Running chrome with params {\"printBackground\":true,\"timeout\":59290,\"margin\":{}}","meta":{"rootId":"d133ubp21anm5cn","id":"d133ubp21anm5cn"},"id":"4opjv6qztdmnn9v","previousOperationId":"le926ng93yr5m0e"}
{"type":"operationEnd","operationId":"le926ng93yr5m0e","timestamp":1737077611230,"id":"j1tkksk2i6psd26","previousEventId":"gy43nbtmbizp3r6","previousOperationId":"le926ng93yr5m0e"}
{"type":"log","timestamp":1737077611231,"level":"debug","message":"Skipping storing report.","meta":{"rootId":"d133ubp21anm5cn","id":"d133ubp21anm5cn"},"id":"jlvloer46rvueg0","previousOperationId":"le926ng93yr5m0e"}
{"type":"log","timestamp":1737077611231,"level":"info","message":"Rendering request 1 finished in 3546 ms","meta":{"rootId":"d133ubp21anm5cn","id":"d133ubp21anm5cn"},"id":"hjtcf73ljryka5o","previousOperationId":"le926ng93yr5m0e"}
{"type":"operationEnd","subtype":"render","operationId":"ioincgesixsycad","timestamp":1737077611231,"id":"a5thzxekni5ldzz","previousEventId":"j1tkksk2i6psd26","previousOperationId":"le926ng93yr5m0e"}
{"type":"operationEnd","doDiffs":false,"previousEventId":"eovga1vs20i0adu","previousOperationId":"tz27mrtzw1irmyn","operationId":"tz27mrtzw1irmyn","timestamp":1737077611234,"id":"cy33z0uk38lsnk1"}
