{"type":"operationStart","subtype":"profile","data":{"_id":"B9bWY8mMQomSUfdb","timestamp":"2025-01-17T05:14:24.042Z","state":"queued","mode":"standard","creationDate":"2025-01-17T05:14:24.042Z","modificationDate":"2025-01-17T05:14:24.042Z","shortid":"dF5nObF","$entitySet":"profiles"},"doDiffs":false,"timestamp":1737090864042,"id":"ak5l3hfsyhnecev","previousOperationId":null,"operationId":"o6e3j0aydbp7cqq"}
{"type":"log","level":"info","message":"Render request 21 queued for execution and waiting for available worker","previousOperationId":"o6e3j0aydbp7cqq","timestamp":1737090864042,"id":"5qh0qwy0vvbsz33"}
{"type":"operationStart","subtype":"render","name":"promedioProduccionSede","previousOperationId":"o6e3j0aydbp7cqq","timestamp":1737090864045,"id":"rc7mo1chcgralec","previousEventId":"ak5l3hfsyhnecev","operationId":"u6ic5c9lto84c1w"}
{"type":"log","timestamp":1737090864046,"level":"info","message":"Starting rendering request 21","meta":{"rootId":"mh30ukdy92sv4sy","id":"mh30ukdy92sv4sy"},"id":"6mv083fgv3x95x7","previousOperationId":"u6ic5c9lto84c1w"}
{"type":"log","timestamp":1737090864046,"level":"info","message":"Rendering template { name: promedioProduccionSede, recipe: chrome-pdf, engine: handlebars, preview: false }","meta":{"rootId":"mh30ukdy92sv4sy","id":"mh30ukdy92sv4sy"},"id":"r9cn8iv6gmbzggf","previousOperationId":"u6ic5c9lto84c1w"}
{"type":"log","timestamp":1737090864046,"level":"debug","message":"Inline data specified.","meta":{"rootId":"mh30ukdy92sv4sy","id":"mh30ukdy92sv4sy"},"id":"w4374ocajoxytmg","previousOperationId":"u6ic5c9lto84c1w"}
{"type":"log","timestamp":1737090864047,"level":"debug","message":"Base url not specified, skipping its injection.","meta":{"rootId":"mh30ukdy92sv4sy","id":"mh30ukdy92sv4sy"},"id":"h9073ebp6fyvi9e","previousOperationId":"u6ic5c9lto84c1w"}
{"type":"operationStart","subtype":"engine","name":"handlebars","timestamp":1737090864047,"id":"l32ps8p2bzmjnfm","previousEventId":"rc7mo1chcgralec","operationId":"rpzlpe2ti9haeaf","previousOperationId":"u6ic5c9lto84c1w"}
{"type":"log","timestamp":1737090864047,"level":"debug","message":"Rendering engine handlebars","meta":{"rootId":"mh30ukdy92sv4sy","id":"mh30ukdy92sv4sy"},"id":"1oka24yi1x8a793","previousOperationId":"rpzlpe2ti9haeaf"}
{"type":"operationEnd","operationId":"rpzlpe2ti9haeaf","timestamp":1737090864061,"id":"viaqezlycy1w2mo","previousEventId":"l32ps8p2bzmjnfm","previousOperationId":"rpzlpe2ti9haeaf"}
{"type":"operationStart","subtype":"recipe","name":"chrome-pdf","timestamp":1737090864063,"id":"4w4gck6ymcfl09w","previousEventId":"viaqezlycy1w2mo","operationId":"kuz2k6f6rttfhz8","previousOperationId":"rpzlpe2ti9haeaf"}
{"type":"log","timestamp":1737090864063,"level":"debug","message":"Executing recipe chrome-pdf","meta":{"rootId":"mh30ukdy92sv4sy","id":"mh30ukdy92sv4sy"},"id":"i24uv3mv3lke53w","previousOperationId":"kuz2k6f6rttfhz8"}
{"type":"log","timestamp":1737090864447,"level":"debug","message":"Converting with chrome Chrome/131.0.6778.204 using dedicated-process strategy","meta":{"rootId":"mh30ukdy92sv4sy","id":"mh30ukdy92sv4sy"},"id":"ecnjyeg4rbyg3vf","previousOperationId":"kuz2k6f6rttfhz8"}
{"type":"log","timestamp":1737090864552,"level":"debug","message":"Page request: GET (document) file:///tmp/jsreport/autocleanup/8f74b83e-5939-4de7-aa19-dc6ba0be36a8-chrome-pdf.html","meta":{"rootId":"mh30ukdy92sv4sy","id":"mh30ukdy92sv4sy"},"id":"aevhmrqsun60pvo","previousOperationId":"kuz2k6f6rttfhz8"}
{"type":"log","timestamp":1737090864568,"level":"debug","message":"Page request finished: GET (document) 200 file:///tmp/jsreport/autocleanup/8f74b83e-5939-4de7-aa19-dc6ba0be36a8-chrome-pdf.html","meta":{"rootId":"mh30ukdy92sv4sy","id":"mh30ukdy92sv4sy"},"id":"4lk6iwyt5mpssr9","previousOperationId":"kuz2k6f6rttfhz8"}
{"type":"log","timestamp":1737090864568,"level":"debug","message":"Page request: GET (image) https://i.pinimg.com/736x/ac/66/fd/ac66fdbcf17e7c77173cf01c4dbb1cfc.jpg","meta":{"rootId":"mh30ukdy92sv4sy","id":"mh30ukdy92sv4sy"},"id":"n9kl8j29f7vfnyc","previousOperationId":"kuz2k6f6rttfhz8"}
{"type":"log","timestamp":1737090864607,"level":"debug","message":"Page request finished: GET (image) 200 https://i.pinimg.com/736x/ac/66/fd/ac66fdbcf17e7c77173cf01c4dbb1cfc.jpg","meta":{"rootId":"mh30ukdy92sv4sy","id":"mh30ukdy92sv4sy"},"id":"hn6wanmyv3p7ulp","previousOperationId":"kuz2k6f6rttfhz8"}
{"type":"log","timestamp":1737090864611,"level":"debug","message":"Running chrome with params {\"printBackground\":true,\"timeout\":59977,\"margin\":{}}","meta":{"rootId":"mh30ukdy92sv4sy","id":"mh30ukdy92sv4sy"},"id":"xi91l5tptye4pr7","previousOperationId":"kuz2k6f6rttfhz8"}
{"type":"operationEnd","operationId":"kuz2k6f6rttfhz8","timestamp":1737090864813,"id":"ai8z6lsx2s6gq90","previousEventId":"4w4gck6ymcfl09w","previousOperationId":"kuz2k6f6rttfhz8"}
{"type":"log","timestamp":1737090864813,"level":"debug","message":"Skipping storing report.","meta":{"rootId":"mh30ukdy92sv4sy","id":"mh30ukdy92sv4sy"},"id":"xce5lgo6emhetrv","previousOperationId":"kuz2k6f6rttfhz8"}
{"type":"log","timestamp":1737090864813,"level":"info","message":"Rendering request 21 finished in 772 ms","meta":{"rootId":"mh30ukdy92sv4sy","id":"mh30ukdy92sv4sy"},"id":"1jjvji3mux7a670","previousOperationId":"kuz2k6f6rttfhz8"}
{"type":"operationEnd","subtype":"render","operationId":"u6ic5c9lto84c1w","timestamp":1737090864813,"id":"e84qb1dsu2cfm9b","previousEventId":"ai8z6lsx2s6gq90","previousOperationId":"kuz2k6f6rttfhz8"}
{"type":"operationEnd","doDiffs":false,"previousEventId":"ak5l3hfsyhnecev","previousOperationId":"o6e3j0aydbp7cqq","operationId":"o6e3j0aydbp7cqq","timestamp":1737090864815,"id":"1mozgjurzzuq6vo"}
