{"type":"operationStart","subtype":"profile","data":{"_id":"S8KB96BWywauUMba","timestamp":"2025-01-17T06:08:49.405Z","state":"queued","mode":"standard","creationDate":"2025-01-17T06:08:49.406Z","modificationDate":"2025-01-17T06:08:49.406Z","shortid":"pwAmE2V","$entitySet":"profiles"},"doDiffs":false,"timestamp":1737094129405,"id":"w88w1kl3si78hl7","previousOperationId":null,"operationId":"agtfra2sg3eivaf"}
{"type":"log","level":"info","message":"Render request 13 queued for execution and waiting for available worker","previousOperationId":"agtfra2sg3eivaf","timestamp":1737094129405,"id":"2j2ll24t5aqm84l"}
{"type":"operationStart","subtype":"render","name":"getRechazados","previousOperationId":"agtfra2sg3eivaf","timestamp":1737094129408,"id":"7gyyd75z02qx0zk","previousEventId":"w88w1kl3si78hl7","operationId":"2q7aq2jvdx8aizn"}
{"type":"log","timestamp":1737094129408,"level":"info","message":"Starting rendering request 13","meta":{"rootId":"4r0al5kk6jzar5y","id":"4r0al5kk6jzar5y"},"id":"qr9zu87uwl6tctu","previousOperationId":"2q7aq2jvdx8aizn"}
{"type":"log","timestamp":1737094129408,"level":"info","message":"Rendering template { name: getRechazados, recipe: chrome-pdf, engine: handlebars, preview: false }","meta":{"rootId":"4r0al5kk6jzar5y","id":"4r0al5kk6jzar5y"},"id":"05x0mripqixctg3","previousOperationId":"2q7aq2jvdx8aizn"}
{"type":"log","timestamp":1737094129408,"level":"debug","message":"Inline data specified.","meta":{"rootId":"4r0al5kk6jzar5y","id":"4r0al5kk6jzar5y"},"id":"xnbbx9c7diimnqx","previousOperationId":"2q7aq2jvdx8aizn"}
{"type":"log","timestamp":1737094129410,"level":"debug","message":"Base url not specified, skipping its injection.","meta":{"rootId":"4r0al5kk6jzar5y","id":"4r0al5kk6jzar5y"},"id":"u149o91vg47iyyk","previousOperationId":"2q7aq2jvdx8aizn"}
{"type":"operationStart","subtype":"engine","name":"handlebars","timestamp":1737094129410,"id":"ohgtw1t6ru4p2pk","previousEventId":"7gyyd75z02qx0zk","operationId":"bgj10gbf9j9iq19","previousOperationId":"2q7aq2jvdx8aizn"}
{"type":"log","timestamp":1737094129410,"level":"debug","message":"Rendering engine handlebars","meta":{"rootId":"4r0al5kk6jzar5y","id":"4r0al5kk6jzar5y"},"id":"rz6r4w9zp7s51ft","previousOperationId":"bgj10gbf9j9iq19"}
{"type":"operationEnd","operationId":"bgj10gbf9j9iq19","timestamp":1737094129420,"id":"rcpz2h011cwznid","previousEventId":"ohgtw1t6ru4p2pk","previousOperationId":"bgj10gbf9j9iq19"}
{"type":"operationStart","subtype":"recipe","name":"chrome-pdf","timestamp":1737094129420,"id":"ilzyb602tls91bd","previousEventId":"rcpz2h011cwznid","operationId":"jig9w5lc15zfp65","previousOperationId":"bgj10gbf9j9iq19"}
{"type":"log","timestamp":1737094129420,"level":"debug","message":"Executing recipe chrome-pdf","meta":{"rootId":"4r0al5kk6jzar5y","id":"4r0al5kk6jzar5y"},"id":"d5arhkco6a6zaac","previousOperationId":"jig9w5lc15zfp65"}
{"type":"log","timestamp":1737094129759,"level":"debug","message":"Converting with chrome Chrome/131.0.6778.204 using dedicated-process strategy","meta":{"rootId":"4r0al5kk6jzar5y","id":"4r0al5kk6jzar5y"},"id":"9zsno7wnasd92mh","previousOperationId":"jig9w5lc15zfp65"}
{"type":"log","timestamp":1737094129822,"level":"debug","message":"Page request: GET (document) file:///tmp/jsreport/autocleanup/ea76939c-bfa4-4217-9eba-632fba8e909c-chrome-pdf.html","meta":{"rootId":"4r0al5kk6jzar5y","id":"4r0al5kk6jzar5y"},"id":"eo4fqfva7qfwu59","previousOperationId":"jig9w5lc15zfp65"}
{"type":"log","timestamp":1737094129844,"level":"debug","message":"Page request finished: GET (document) 200 file:///tmp/jsreport/autocleanup/ea76939c-bfa4-4217-9eba-632fba8e909c-chrome-pdf.html","meta":{"rootId":"4r0al5kk6jzar5y","id":"4r0al5kk6jzar5y"},"id":"zalpw2m37xr9de4","previousOperationId":"jig9w5lc15zfp65"}
{"type":"log","timestamp":1737094129845,"level":"debug","message":"Page request: GET (image) https://i.pinimg.com/736x/ac/66/fd/ac66fdbcf17e7c77173cf01c4dbb1cfc.jpg","meta":{"rootId":"4r0al5kk6jzar5y","id":"4r0al5kk6jzar5y"},"id":"pfqj419k2h998zb","previousOperationId":"jig9w5lc15zfp65"}
{"type":"log","timestamp":1737094129907,"level":"debug","message":"Page request finished: GET (image) 200 https://i.pinimg.com/736x/ac/66/fd/ac66fdbcf17e7c77173cf01c4dbb1cfc.jpg","meta":{"rootId":"4r0al5kk6jzar5y","id":"4r0al5kk6jzar5y"},"id":"1vcwn9jnqgmq6kj","previousOperationId":"jig9w5lc15zfp65"}
{"type":"log","timestamp":1737094129910,"level":"debug","message":"Running chrome with params {\"printBackground\":true,\"timeout\":59984,\"margin\":{}}","meta":{"rootId":"4r0al5kk6jzar5y","id":"4r0al5kk6jzar5y"},"id":"5k1f5nrjthsi6l4","previousOperationId":"jig9w5lc15zfp65"}
{"type":"operationEnd","operationId":"jig9w5lc15zfp65","timestamp":1737094130082,"id":"2eqcrql5go9qrqy","previousEventId":"ilzyb602tls91bd","previousOperationId":"jig9w5lc15zfp65"}
{"type":"log","timestamp":1737094130082,"level":"debug","message":"Skipping storing report.","meta":{"rootId":"4r0al5kk6jzar5y","id":"4r0al5kk6jzar5y"},"id":"pxckf60s7194tje","previousOperationId":"jig9w5lc15zfp65"}
{"type":"log","timestamp":1737094130082,"level":"info","message":"Rendering request 13 finished in 677 ms","meta":{"rootId":"4r0al5kk6jzar5y","id":"4r0al5kk6jzar5y"},"id":"e4wvx3jqrl9gz88","previousOperationId":"jig9w5lc15zfp65"}
{"type":"operationEnd","subtype":"render","operationId":"2q7aq2jvdx8aizn","timestamp":1737094130083,"id":"joorj0s0vbgaoss","previousEventId":"2eqcrql5go9qrqy","previousOperationId":"jig9w5lc15zfp65"}
{"type":"operationEnd","doDiffs":false,"previousEventId":"w88w1kl3si78hl7","previousOperationId":"agtfra2sg3eivaf","operationId":"agtfra2sg3eivaf","timestamp":1737094130089,"id":"w4hq6kbw3g3pi10"}
