{"type":"operationStart","subtype":"profile","data":{"_id":"pVYqIPCuhPt1ok3f","timestamp":"2025-01-17T04:00:53.785Z","state":"queued","mode":"standard","creationDate":"2025-01-17T04:00:53.787Z","modificationDate":"2025-01-17T04:00:53.787Z","shortid":"vhsj9Lv","$entitySet":"profiles"},"doDiffs":false,"timestamp":1737086453786,"id":"9e7gc49oi6751nq","previousOperationId":null,"operationId":"4lmksqtsam0c3jw"}
{"type":"log","level":"info","message":"Render request 1 queued for execution and waiting for available worker","previousOperationId":"4lmksqtsam0c3jw","timestamp":1737086453786,"id":"2r3osn7vbs9sedx"}
{"type":"operationStart","subtype":"render","name":"getRechazados","previousOperationId":"4lmksqtsam0c3jw","timestamp":1737086453800,"id":"vbhekh96rirj229","previousEventId":"9e7gc49oi6751nq","operationId":"noporn14tqrc8r3"}
{"type":"log","timestamp":1737086453801,"level":"info","message":"Starting rendering request 1","meta":{"rootId":"8ggwf624rx2wszg","id":"8ggwf624rx2wszg"},"id":"086brfrf9ylnivi","previousOperationId":"noporn14tqrc8r3"}
{"type":"log","timestamp":1737086453803,"level":"info","message":"Rendering template { name: getRechazados, recipe: chrome-pdf, engine: handlebars, preview: false }","meta":{"rootId":"8ggwf624rx2wszg","id":"8ggwf624rx2wszg"},"id":"lempq5oohev3kfp","previousOperationId":"noporn14tqrc8r3"}
{"type":"log","timestamp":1737086453803,"level":"debug","message":"Inline data specified.","meta":{"rootId":"8ggwf624rx2wszg","id":"8ggwf624rx2wszg"},"id":"qge1to1kho6aag6","previousOperationId":"noporn14tqrc8r3"}
{"type":"log","timestamp":1737086453806,"level":"debug","message":"Base url not specified, skipping its injection.","meta":{"rootId":"8ggwf624rx2wszg","id":"8ggwf624rx2wszg"},"id":"zc88wbbtxt3bici","previousOperationId":"noporn14tqrc8r3"}
{"type":"operationStart","subtype":"engine","name":"handlebars","timestamp":1737086453807,"id":"v3x5g56y7bpep4j","previousEventId":"vbhekh96rirj229","operationId":"z6rvj9q9fm4yx9d","previousOperationId":"noporn14tqrc8r3"}
{"type":"log","timestamp":1737086453807,"level":"debug","message":"Rendering engine handlebars","meta":{"rootId":"8ggwf624rx2wszg","id":"8ggwf624rx2wszg"},"id":"laa51b3j02nmsi3","previousOperationId":"z6rvj9q9fm4yx9d"}
{"type":"operationEnd","operationId":"z6rvj9q9fm4yx9d","timestamp":1737086454457,"id":"v6uhqvthk0jzt3u","previousEventId":"v3x5g56y7bpep4j","previousOperationId":"z6rvj9q9fm4yx9d"}
{"type":"operationStart","subtype":"recipe","name":"chrome-pdf","timestamp":1737086454458,"id":"vkntxh1oa4mos16","previousEventId":"v6uhqvthk0jzt3u","operationId":"ld09984e30hkayo","previousOperationId":"z6rvj9q9fm4yx9d"}
{"type":"log","timestamp":1737086454458,"level":"debug","message":"Executing recipe chrome-pdf","meta":{"rootId":"8ggwf624rx2wszg","id":"8ggwf624rx2wszg"},"id":"ylr5u0gisq9zio3","previousOperationId":"ld09984e30hkayo"}
{"type":"log","timestamp":1737086456879,"level":"debug","message":"Converting with chrome Chrome/131.0.6778.204 using dedicated-process strategy","meta":{"rootId":"8ggwf624rx2wszg","id":"8ggwf624rx2wszg"},"id":"c6054o5ge03m41n","previousOperationId":"ld09984e30hkayo"}
{"type":"log","timestamp":1737086457083,"level":"debug","message":"Page request: GET (document) file:///tmp/jsreport/autocleanup/a888b668-b1c6-46d5-974d-d8deab109a28-chrome-pdf.html","meta":{"rootId":"8ggwf624rx2wszg","id":"8ggwf624rx2wszg"},"id":"kvga8c5ysp6cdgx","previousOperationId":"ld09984e30hkayo"}
{"type":"log","timestamp":1737086457137,"level":"debug","message":"Page request finished: GET (document) 200 file:///tmp/jsreport/autocleanup/a888b668-b1c6-46d5-974d-d8deab109a28-chrome-pdf.html","meta":{"rootId":"8ggwf624rx2wszg","id":"8ggwf624rx2wszg"},"id":"lrv4xuvyp7ca191","previousOperationId":"ld09984e30hkayo"}
{"type":"log","timestamp":1737086457151,"level":"debug","message":"Page request: GET (image) https://i.pinimg.com/736x/ac/66/fd/ac66fdbcf17e7c77173cf01c4dbb1cfc.jpg","meta":{"rootId":"8ggwf624rx2wszg","id":"8ggwf624rx2wszg"},"id":"s3ttnr02k2shtnw","previousOperationId":"ld09984e30hkayo"}
{"type":"log","timestamp":1737086457561,"level":"debug","message":"Page request finished: GET (image) 200 https://i.pinimg.com/736x/ac/66/fd/ac66fdbcf17e7c77173cf01c4dbb1cfc.jpg","meta":{"rootId":"8ggwf624rx2wszg","id":"8ggwf624rx2wszg"},"id":"ewtlycslc2uyxhu","previousOperationId":"ld09984e30hkayo"}
{"type":"log","timestamp":1737086457567,"level":"debug","message":"Running chrome with params {\"printBackground\":true,\"timeout\":59314,\"margin\":{}}","meta":{"rootId":"8ggwf624rx2wszg","id":"8ggwf624rx2wszg"},"id":"ato6xma9ahakxum","previousOperationId":"ld09984e30hkayo"}
{"type":"operationEnd","operationId":"ld09984e30hkayo","timestamp":1737086457733,"id":"h9k6lijqnd29t9r","previousEventId":"vkntxh1oa4mos16","previousOperationId":"ld09984e30hkayo"}
{"type":"log","timestamp":1737086457734,"level":"debug","message":"Skipping storing report.","meta":{"rootId":"8ggwf624rx2wszg","id":"8ggwf624rx2wszg"},"id":"zhrh6mhiwk3hivx","previousOperationId":"ld09984e30hkayo"}
{"type":"log","timestamp":1737086457734,"level":"info","message":"Rendering request 1 finished in 3950 ms","meta":{"rootId":"8ggwf624rx2wszg","id":"8ggwf624rx2wszg"},"id":"ro9xywoas5krrwj","previousOperationId":"ld09984e30hkayo"}
{"type":"operationEnd","subtype":"render","operationId":"noporn14tqrc8r3","timestamp":1737086457734,"id":"xrg2hpr5qt9yqev","previousEventId":"h9k6lijqnd29t9r","previousOperationId":"ld09984e30hkayo"}
{"type":"operationEnd","doDiffs":false,"previousEventId":"9e7gc49oi6751nq","previousOperationId":"4lmksqtsam0c3jw","operationId":"4lmksqtsam0c3jw","timestamp":1737086457736,"id":"sm5o17nnald3ema"}
