{"type":"operationStart","subtype":"profile","data":{"_id":"9tEb7LQbc12X5k8M","timestamp":"2025-01-17T04:28:49.095Z","state":"queued","mode":"standard","creationDate":"2025-01-17T04:28:49.095Z","modificationDate":"2025-01-17T04:28:49.095Z","shortid":"LiBWlPP","$entitySet":"profiles"},"doDiffs":false,"timestamp":1737088129095,"id":"bxx26djsbcnq689","previousOperationId":null,"operationId":"7x811i6839so9g4"}
{"type":"log","level":"info","message":"Render request 6 queued for execution and waiting for available worker","previousOperationId":"7x811i6839so9g4","timestamp":1737088129095,"id":"ziusznb0aikdz9r"}
{"type":"operationStart","subtype":"render","name":"getRechazados","previousOperationId":"7x811i6839so9g4","timestamp":1737088129097,"id":"fqxs3w17fws5563","previousEventId":"bxx26djsbcnq689","operationId":"ivdd61p1eu9espp"}
{"type":"log","timestamp":1737088129098,"level":"info","message":"Starting rendering request 6","meta":{"rootId":"zjrz8nu41ypfizp","id":"zjrz8nu41ypfizp"},"id":"fkf3jz6sj8fbmq8","previousOperationId":"ivdd61p1eu9espp"}
{"type":"log","timestamp":1737088129098,"level":"info","message":"Rendering template { name: getRechazados, recipe: chrome-pdf, engine: handlebars, preview: false }","meta":{"rootId":"zjrz8nu41ypfizp","id":"zjrz8nu41ypfizp"},"id":"79b5wtdvwyq9bay","previousOperationId":"ivdd61p1eu9espp"}
{"type":"log","timestamp":1737088129098,"level":"debug","message":"Inline data specified.","meta":{"rootId":"zjrz8nu41ypfizp","id":"zjrz8nu41ypfizp"},"id":"c2ye9b40tcqgtav","previousOperationId":"ivdd61p1eu9espp"}
{"type":"log","timestamp":1737088129099,"level":"debug","message":"Base url not specified, skipping its injection.","meta":{"rootId":"zjrz8nu41ypfizp","id":"zjrz8nu41ypfizp"},"id":"kphi7sb2vemwlr7","previousOperationId":"ivdd61p1eu9espp"}
{"type":"operationStart","subtype":"engine","name":"handlebars","timestamp":1737088129099,"id":"xryec2oidvwoo53","previousEventId":"fqxs3w17fws5563","operationId":"mk3yluxqsnpo0cs","previousOperationId":"ivdd61p1eu9espp"}
{"type":"log","timestamp":1737088129099,"level":"debug","message":"Rendering engine handlebars","meta":{"rootId":"zjrz8nu41ypfizp","id":"zjrz8nu41ypfizp"},"id":"1ffvxf64oqq3ytk","previousOperationId":"mk3yluxqsnpo0cs"}
{"type":"operationEnd","operationId":"mk3yluxqsnpo0cs","timestamp":1737088129110,"id":"t0r8ro05i6ko8yn","previousEventId":"xryec2oidvwoo53","previousOperationId":"mk3yluxqsnpo0cs"}
{"type":"operationStart","subtype":"recipe","name":"chrome-pdf","timestamp":1737088129110,"id":"yo4wf0ruy6oihoj","previousEventId":"t0r8ro05i6ko8yn","operationId":"a64x39b9tbo5uqm","previousOperationId":"mk3yluxqsnpo0cs"}
{"type":"log","timestamp":1737088129110,"level":"debug","message":"Executing recipe chrome-pdf","meta":{"rootId":"zjrz8nu41ypfizp","id":"zjrz8nu41ypfizp"},"id":"ejaotw9rotk7ck8","previousOperationId":"a64x39b9tbo5uqm"}
{"type":"log","timestamp":1737088129439,"level":"debug","message":"Converting with chrome Chrome/131.0.6778.204 using dedicated-process strategy","meta":{"rootId":"zjrz8nu41ypfizp","id":"zjrz8nu41ypfizp"},"id":"ro91lhq68jg89up","previousOperationId":"a64x39b9tbo5uqm"}
{"type":"log","timestamp":1737088129548,"level":"debug","message":"Page request: GET (document) file:///tmp/jsreport/autocleanup/82cc09ad-3d85-4ee4-8293-cb21fe66b8b2-chrome-pdf.html","meta":{"rootId":"zjrz8nu41ypfizp","id":"zjrz8nu41ypfizp"},"id":"yhmh7zm2lls7v4m","previousOperationId":"a64x39b9tbo5uqm"}
{"type":"log","timestamp":1737088129571,"level":"debug","message":"Page request finished: GET (document) 200 file:///tmp/jsreport/autocleanup/82cc09ad-3d85-4ee4-8293-cb21fe66b8b2-chrome-pdf.html","meta":{"rootId":"zjrz8nu41ypfizp","id":"zjrz8nu41ypfizp"},"id":"otti1tzl8c60gcv","previousOperationId":"a64x39b9tbo5uqm"}
{"type":"log","timestamp":1737088129574,"level":"debug","message":"Page request: GET (image) https://i.pinimg.com/736x/ac/66/fd/ac66fdbcf17e7c77173cf01c4dbb1cfc.jpg","meta":{"rootId":"zjrz8nu41ypfizp","id":"zjrz8nu41ypfizp"},"id":"s3hgik1dwu5ccmw","previousOperationId":"a64x39b9tbo5uqm"}
{"type":"log","timestamp":1737088129620,"level":"debug","message":"Page request finished: GET (image) 200 https://i.pinimg.com/736x/ac/66/fd/ac66fdbcf17e7c77173cf01c4dbb1cfc.jpg","meta":{"rootId":"zjrz8nu41ypfizp","id":"zjrz8nu41ypfizp"},"id":"hyf7qvk3qruex00","previousOperationId":"a64x39b9tbo5uqm"}
{"type":"log","timestamp":1737088129622,"level":"debug","message":"Running chrome with params {\"printBackground\":true,\"timeout\":59984,\"margin\":{}}","meta":{"rootId":"zjrz8nu41ypfizp","id":"zjrz8nu41ypfizp"},"id":"ny93n8ey8zrrlt9","previousOperationId":"a64x39b9tbo5uqm"}
{"type":"operationEnd","operationId":"a64x39b9tbo5uqm","timestamp":1737088129760,"id":"37qg8nhr9u141gk","previousEventId":"yo4wf0ruy6oihoj","previousOperationId":"a64x39b9tbo5uqm"}
{"type":"log","timestamp":1737088129760,"level":"debug","message":"Skipping storing report.","meta":{"rootId":"zjrz8nu41ypfizp","id":"zjrz8nu41ypfizp"},"id":"xarwd7lmxg93puh","previousOperationId":"a64x39b9tbo5uqm"}
{"type":"log","timestamp":1737088129760,"level":"info","message":"Rendering request 6 finished in 666 ms","meta":{"rootId":"zjrz8nu41ypfizp","id":"zjrz8nu41ypfizp"},"id":"k04popb0ej0o2fy","previousOperationId":"a64x39b9tbo5uqm"}
{"type":"operationEnd","subtype":"render","operationId":"ivdd61p1eu9espp","timestamp":1737088129760,"id":"vtyxkmj9zcf9gwr","previousEventId":"37qg8nhr9u141gk","previousOperationId":"a64x39b9tbo5uqm"}
{"type":"operationEnd","doDiffs":false,"previousEventId":"bxx26djsbcnq689","previousOperationId":"7x811i6839so9g4","operationId":"7x811i6839so9g4","timestamp":1737088129762,"id":"c0ca3fe7h6vkw82"}
