{"type":"operationStart","subtype":"profile","data":{"_id":"ahnG8ZxQOKX6v3KE","timestamp":"2025-01-10T21:10:57.567Z","state":"queued","mode":"standard","creationDate":"2025-01-10T21:10:57.569Z","modificationDate":"2025-01-10T21:10:57.569Z","shortid":"780gV8j","$entitySet":"profiles"},"doDiffs":false,"timestamp":1736543457568,"id":"9admai61mic73pp","previousOperationId":null,"operationId":"i3uzidcui3ditk1"}
{"type":"log","level":"info","message":"Render request 1 queued for execution and waiting for available worker","previousOperationId":"i3uzidcui3ditk1","timestamp":1736543457569,"id":"nd8e9frlp5w4uvu"}
{"type":"operationStart","subtype":"render","name":"reporte18","previousOperationId":"i3uzidcui3ditk1","timestamp":1736543457592,"id":"ppg8x88pnsalnrk","previousEventId":"9admai61mic73pp","operationId":"t96unz7ehpvetfr"}
{"type":"log","timestamp":1736543457593,"level":"info","message":"Starting rendering request 1","meta":{"rootId":"0r2cm6sklgxzvr3","id":"0r2cm6sklgxzvr3"},"id":"l6zt8e5zyf9sej5","previousOperationId":"t96unz7ehpvetfr"}
{"type":"log","timestamp":1736543457595,"level":"info","message":"Rendering template { name: reporte18, recipe: chrome-pdf, engine: handlebars, preview: false }","meta":{"rootId":"0r2cm6sklgxzvr3","id":"0r2cm6sklgxzvr3"},"id":"2vd21efbat0ig4d","previousOperationId":"t96unz7ehpvetfr"}
{"type":"log","timestamp":1736543457595,"level":"debug","message":"Inline data specified.","meta":{"rootId":"0r2cm6sklgxzvr3","id":"0r2cm6sklgxzvr3"},"id":"uwyyr1sh70quu6o","previousOperationId":"t96unz7ehpvetfr"}
{"type":"log","timestamp":1736543457599,"level":"debug","message":"Base url not specified, skipping its injection.","meta":{"rootId":"0r2cm6sklgxzvr3","id":"0r2cm6sklgxzvr3"},"id":"89sm4rf6r7ntgtd","previousOperationId":"t96unz7ehpvetfr"}
{"type":"operationStart","subtype":"engine","name":"handlebars","timestamp":1736543457600,"id":"pyvlo9mucboq15k","previousEventId":"ppg8x88pnsalnrk","operationId":"jrhp23pbz47rrgl","previousOperationId":"t96unz7ehpvetfr"}
{"type":"log","timestamp":1736543457600,"level":"debug","message":"Rendering engine handlebars","meta":{"rootId":"0r2cm6sklgxzvr3","id":"0r2cm6sklgxzvr3"},"id":"ivaressqbau5xwd","previousOperationId":"jrhp23pbz47rrgl"}
{"type":"operationEnd","operationId":"jrhp23pbz47rrgl","timestamp":1736543458219,"id":"r8o9t9brn16d38u","previousEventId":"pyvlo9mucboq15k","previousOperationId":"jrhp23pbz47rrgl"}
{"type":"operationStart","subtype":"recipe","name":"chrome-pdf","timestamp":1736543458220,"id":"w27pefme7xkzjfm","previousEventId":"r8o9t9brn16d38u","operationId":"afogy67fp5ku3e2","previousOperationId":"jrhp23pbz47rrgl"}
{"type":"log","timestamp":1736543458220,"level":"debug","message":"Executing recipe chrome-pdf","meta":{"rootId":"0r2cm6sklgxzvr3","id":"0r2cm6sklgxzvr3"},"id":"gvziphgyihtp29j","previousOperationId":"afogy67fp5ku3e2"}
{"type":"log","timestamp":1736543458593,"level":"debug","message":"Converting with chrome Chrome/131.0.6778.204 using dedicated-process strategy","meta":{"rootId":"0r2cm6sklgxzvr3","id":"0r2cm6sklgxzvr3"},"id":"yafwp0otxzva9hg","previousOperationId":"afogy67fp5ku3e2"}
{"type":"log","timestamp":1736543458674,"level":"debug","message":"Page request: GET (document) file:///tmp/jsreport/autocleanup/4dfefc97-d5d6-42b6-bebb-aea2504155ac-chrome-pdf.html","meta":{"rootId":"0r2cm6sklgxzvr3","id":"0r2cm6sklgxzvr3"},"id":"7gorhyrg04b2g0k","previousOperationId":"afogy67fp5ku3e2"}
{"type":"log","timestamp":1736543458692,"level":"debug","message":"Page request finished: GET (document) 200 file:///tmp/jsreport/autocleanup/4dfefc97-d5d6-42b6-bebb-aea2504155ac-chrome-pdf.html","meta":{"rootId":"0r2cm6sklgxzvr3","id":"0r2cm6sklgxzvr3"},"id":"te3lfs7yjwycsxj","previousOperationId":"afogy67fp5ku3e2"}
{"type":"log","timestamp":1736543458695,"level":"debug","message":"Page request: GET (image) file:///tmp/jsreport/logo_ucabair.jpg","meta":{"rootId":"0r2cm6sklgxzvr3","id":"0r2cm6sklgxzvr3"},"id":"jukboko6787h1u0","previousOperationId":"afogy67fp5ku3e2"}
{"type":"log","timestamp":1736543458704,"level":"warn","message":"Page request failed: GET (image) file:///tmp/jsreport/logo_ucabair.jpg, failure: net::ERR_ACCESS_DENIED","meta":{"rootId":"0r2cm6sklgxzvr3","id":"0r2cm6sklgxzvr3"},"id":"cq9o5dwwhit5yj9","previousOperationId":"afogy67fp5ku3e2"}
{"type":"log","timestamp":1736543458705,"level":"debug","message":"(console:error) Failed to load resource: net::ERR_ACCESS_DENIED","meta":{"userLevel":true,"rootId":"0r2cm6sklgxzvr3","id":"0r2cm6sklgxzvr3"},"id":"jdnlb1nh9z6o9m8","previousOperationId":"afogy67fp5ku3e2"}
{"type":"log","timestamp":1736543458775,"level":"debug","message":"Running chrome with params {\"printBackground\":true,\"timeout\":59341,\"margin\":{}}","meta":{"rootId":"0r2cm6sklgxzvr3","id":"0r2cm6sklgxzvr3"},"id":"eqxthof0idd1rpq","previousOperationId":"afogy67fp5ku3e2"}
{"type":"operationEnd","operationId":"afogy67fp5ku3e2","timestamp":1736543459170,"id":"64039mij0j3vv5c","previousEventId":"w27pefme7xkzjfm","previousOperationId":"afogy67fp5ku3e2"}
{"type":"log","timestamp":1736543459170,"level":"debug","message":"Skipping storing report.","meta":{"rootId":"0r2cm6sklgxzvr3","id":"0r2cm6sklgxzvr3"},"id":"qfjn46z611b5lbs","previousOperationId":"afogy67fp5ku3e2"}
{"type":"log","timestamp":1736543459171,"level":"info","message":"Rendering request 1 finished in 1605 ms","meta":{"rootId":"0r2cm6sklgxzvr3","id":"0r2cm6sklgxzvr3"},"id":"5t1rfgxglgpijsh","previousOperationId":"afogy67fp5ku3e2"}
{"type":"operationEnd","subtype":"render","operationId":"t96unz7ehpvetfr","timestamp":1736543459171,"id":"nixnngu9adbk75w","previousEventId":"64039mij0j3vv5c","previousOperationId":"afogy67fp5ku3e2"}
{"type":"operationEnd","doDiffs":false,"previousEventId":"9admai61mic73pp","previousOperationId":"i3uzidcui3ditk1","operationId":"i3uzidcui3ditk1","timestamp":1736543459173,"id":"633han1apbgumpx"}
