{"type":"operationStart","subtype":"profile","data":{"_id":"4fgwzZhootlybl4u","timestamp":"2025-01-10T22:33:14.961Z","state":"queued","mode":"standard","creationDate":"2025-01-10T22:33:14.963Z","modificationDate":"2025-01-10T22:33:14.963Z","shortid":"kBR8CiI","$entitySet":"profiles"},"doDiffs":false,"timestamp":1736548394962,"id":"np9a2ezccrqtian","previousOperationId":null,"operationId":"9dgzzsry9ka1g3d"}
{"type":"log","level":"info","message":"Render request 1 queued for execution and waiting for available worker","previousOperationId":"9dgzzsry9ka1g3d","timestamp":1736548394962,"id":"38lmsnmb9hpsu3s"}
{"type":"operationStart","subtype":"render","name":"reporte18","previousOperationId":"9dgzzsry9ka1g3d","timestamp":1736548394980,"id":"da2g252cidkms1q","previousEventId":"np9a2ezccrqtian","operationId":"57isxrdt34t9k8z"}
{"type":"log","timestamp":1736548394981,"level":"info","message":"Starting rendering request 1","meta":{"rootId":"12x70wa92esoq86","id":"12x70wa92esoq86"},"id":"e4rivb6f3o0ud8n","previousOperationId":"57isxrdt34t9k8z"}
{"type":"log","timestamp":1736548394982,"level":"info","message":"Rendering template { name: reporte18, recipe: chrome-pdf, engine: handlebars, preview: false }","meta":{"rootId":"12x70wa92esoq86","id":"12x70wa92esoq86"},"id":"1ej7zns9dz524bo","previousOperationId":"57isxrdt34t9k8z"}
{"type":"log","timestamp":1736548394983,"level":"debug","message":"Inline data specified.","meta":{"rootId":"12x70wa92esoq86","id":"12x70wa92esoq86"},"id":"gi9wf8ic4lu69cr","previousOperationId":"57isxrdt34t9k8z"}
{"type":"log","timestamp":1736548394988,"level":"debug","message":"Base url not specified, skipping its injection.","meta":{"rootId":"12x70wa92esoq86","id":"12x70wa92esoq86"},"id":"nyopgg42bby7t71","previousOperationId":"57isxrdt34t9k8z"}
{"type":"operationStart","subtype":"engine","name":"handlebars","timestamp":1736548394989,"id":"rmqkav7zc252bdq","previousEventId":"da2g252cidkms1q","operationId":"o7xaprq9n16shza","previousOperationId":"57isxrdt34t9k8z"}
{"type":"log","timestamp":1736548394989,"level":"debug","message":"Rendering engine handlebars","meta":{"rootId":"12x70wa92esoq86","id":"12x70wa92esoq86"},"id":"ke2xyiq09xtkfiu","previousOperationId":"o7xaprq9n16shza"}
{"type":"operationEnd","operationId":"o7xaprq9n16shza","timestamp":1736548395509,"id":"kjl2tnrtp46w8sw","previousEventId":"rmqkav7zc252bdq","previousOperationId":"o7xaprq9n16shza"}
{"type":"operationStart","subtype":"recipe","name":"chrome-pdf","timestamp":1736548395510,"id":"wke94lv3hf2jquz","previousEventId":"kjl2tnrtp46w8sw","operationId":"bul2zdulds4s0rk","previousOperationId":"o7xaprq9n16shza"}
{"type":"log","timestamp":1736548395510,"level":"debug","message":"Executing recipe chrome-pdf","meta":{"rootId":"12x70wa92esoq86","id":"12x70wa92esoq86"},"id":"p2uyjik6zk25405","previousOperationId":"bul2zdulds4s0rk"}
{"type":"log","timestamp":1736548395907,"level":"debug","message":"Converting with chrome Chrome/131.0.6778.204 using dedicated-process strategy","meta":{"rootId":"12x70wa92esoq86","id":"12x70wa92esoq86"},"id":"d2ls6kp4vae6j72","previousOperationId":"bul2zdulds4s0rk"}
{"type":"log","timestamp":1736548396024,"level":"debug","message":"Page request: GET (document) file:///tmp/jsreport/autocleanup/1aefecba-37fa-48b8-8a33-6f892b4fddfa-chrome-pdf.html","meta":{"rootId":"12x70wa92esoq86","id":"12x70wa92esoq86"},"id":"bqi8q97kmbb9qfu","previousOperationId":"bul2zdulds4s0rk"}
{"type":"log","timestamp":1736548396042,"level":"debug","message":"Page request finished: GET (document) 200 file:///tmp/jsreport/autocleanup/1aefecba-37fa-48b8-8a33-6f892b4fddfa-chrome-pdf.html","meta":{"rootId":"12x70wa92esoq86","id":"12x70wa92esoq86"},"id":"xp8pcu3ex700sw8","previousOperationId":"bul2zdulds4s0rk"}
{"type":"log","timestamp":1736548396043,"level":"debug","message":"Page request: GET (image) https://i.pinimg.com/736x/ac/66/fd/ac66fdbcf17e7c77173cf01c4dbb1cfc.jpg","meta":{"rootId":"12x70wa92esoq86","id":"12x70wa92esoq86"},"id":"xxdlev0we3ikntj","previousOperationId":"bul2zdulds4s0rk"}
{"type":"log","timestamp":1736548396113,"level":"debug","message":"Page request finished: GET (image) 200 https://i.pinimg.com/736x/ac/66/fd/ac66fdbcf17e7c77173cf01c4dbb1cfc.jpg","meta":{"rootId":"12x70wa92esoq86","id":"12x70wa92esoq86"},"id":"iq82854ef3bnz1g","previousOperationId":"bul2zdulds4s0rk"}
{"type":"log","timestamp":1736548396128,"level":"debug","message":"Running chrome with params {\"printBackground\":true,\"timeout\":59436,\"margin\":{}}","meta":{"rootId":"12x70wa92esoq86","id":"12x70wa92esoq86"},"id":"hok4zjcl47esk5u","previousOperationId":"bul2zdulds4s0rk"}
{"type":"operationEnd","operationId":"bul2zdulds4s0rk","timestamp":1736548396282,"id":"3xly2tv75x43188","previousEventId":"wke94lv3hf2jquz","previousOperationId":"bul2zdulds4s0rk"}
{"type":"log","timestamp":1736548396282,"level":"debug","message":"Skipping storing report.","meta":{"rootId":"12x70wa92esoq86","id":"12x70wa92esoq86"},"id":"1tucslxyxi03656","previousOperationId":"bul2zdulds4s0rk"}
{"type":"log","timestamp":1736548396283,"level":"info","message":"Rendering request 1 finished in 1324 ms","meta":{"rootId":"12x70wa92esoq86","id":"12x70wa92esoq86"},"id":"uqxzadvqalzqixb","previousOperationId":"bul2zdulds4s0rk"}
{"type":"operationEnd","subtype":"render","operationId":"57isxrdt34t9k8z","timestamp":1736548396283,"id":"51zdkrtgl3x0xel","previousEventId":"3xly2tv75x43188","previousOperationId":"bul2zdulds4s0rk"}
{"type":"operationEnd","doDiffs":false,"previousEventId":"np9a2ezccrqtian","previousOperationId":"9dgzzsry9ka1g3d","operationId":"9dgzzsry9ka1g3d","timestamp":1736548396285,"id":"qdax8vzcw7e4gvm"}
