{"type":"operationStart","subtype":"profile","data":{"_id":"5HpYBg51SF8r6c4d","timestamp":"2025-01-10T19:14:12.974Z","state":"queued","mode":"standard","creationDate":"2025-01-10T19:14:12.976Z","modificationDate":"2025-01-10T19:14:12.976Z","shortid":"fTPuJwJ","$entitySet":"profiles"},"doDiffs":false,"timestamp":1736536452975,"id":"sc3dcpw39qusc7x","previousOperationId":null,"operationId":"oz3se4mn1gx5c35"}
{"type":"log","level":"info","message":"Render request 1 queued for execution and waiting for available worker","previousOperationId":"oz3se4mn1gx5c35","timestamp":1736536452975,"id":"tpi0akp3chipono"}
{"type":"operationStart","subtype":"render","name":"reporte18","previousOperationId":"oz3se4mn1gx5c35","timestamp":1736536452990,"id":"0zmqv4cul6rdppy","previousEventId":"sc3dcpw39qusc7x","operationId":"h0pqmuwjvmlg9f0"}
{"type":"log","timestamp":1736536452991,"level":"info","message":"Starting rendering request 1","meta":{"rootId":"1zi2uu88cwtyz8j","id":"1zi2uu88cwtyz8j"},"id":"awhspggmu3wu42s","previousOperationId":"h0pqmuwjvmlg9f0"}
{"type":"log","timestamp":1736536452992,"level":"info","message":"Rendering template { name: reporte18, recipe: chrome-pdf, engine: handlebars, preview: false }","meta":{"rootId":"1zi2uu88cwtyz8j","id":"1zi2uu88cwtyz8j"},"id":"ewpa4ly9wtd5nwe","previousOperationId":"h0pqmuwjvmlg9f0"}
{"type":"log","timestamp":1736536452993,"level":"debug","message":"Inline data specified.","meta":{"rootId":"1zi2uu88cwtyz8j","id":"1zi2uu88cwtyz8j"},"id":"8q8rv6uj3db6ym3","previousOperationId":"h0pqmuwjvmlg9f0"}
{"type":"log","timestamp":1736536452996,"level":"debug","message":"Base url not specified, skipping its injection.","meta":{"rootId":"1zi2uu88cwtyz8j","id":"1zi2uu88cwtyz8j"},"id":"1wtl96flfqdjy0s","previousOperationId":"h0pqmuwjvmlg9f0"}
{"type":"operationStart","subtype":"engine","name":"handlebars","timestamp":1736536452997,"id":"jvffxoszv431pnd","previousEventId":"0zmqv4cul6rdppy","operationId":"0mwez3g2qg4v05h","previousOperationId":"h0pqmuwjvmlg9f0"}
{"type":"log","timestamp":1736536452997,"level":"debug","message":"Rendering engine handlebars","meta":{"rootId":"1zi2uu88cwtyz8j","id":"1zi2uu88cwtyz8j"},"id":"hsi9za0arqnn2m9","previousOperationId":"0mwez3g2qg4v05h"}
{"type":"operationEnd","operationId":"0mwez3g2qg4v05h","timestamp":1736536453505,"id":"od8kzuwetbhw01c","previousEventId":"jvffxoszv431pnd","previousOperationId":"0mwez3g2qg4v05h"}
{"type":"operationStart","subtype":"recipe","name":"chrome-pdf","timestamp":1736536453506,"id":"lliik2to3arovlm","previousEventId":"od8kzuwetbhw01c","operationId":"2fqo09rr9pxr5l1","previousOperationId":"0mwez3g2qg4v05h"}
{"type":"log","timestamp":1736536453506,"level":"debug","message":"Executing recipe chrome-pdf","meta":{"rootId":"1zi2uu88cwtyz8j","id":"1zi2uu88cwtyz8j"},"id":"lphzjhb5vgdf9dv","previousOperationId":"2fqo09rr9pxr5l1"}
{"type":"log","timestamp":1736536453871,"level":"debug","message":"Converting with chrome Chrome/131.0.6778.204 using chrome-pool strategy","meta":{"rootId":"1zi2uu88cwtyz8j","id":"1zi2uu88cwtyz8j"},"id":"966eioxuxfx1zyd","previousOperationId":"2fqo09rr9pxr5l1"}
{"type":"log","timestamp":1736536453950,"level":"debug","message":"Page request: GET (document) file:///tmp/jsreport/autocleanup/75760ff2-a4ac-457d-9a12-7a1eebeaa361-chrome-pdf.html","meta":{"rootId":"1zi2uu88cwtyz8j","id":"1zi2uu88cwtyz8j"},"id":"h5hhc1ge1r8rugy","previousOperationId":"2fqo09rr9pxr5l1"}
{"type":"log","timestamp":1736536453966,"level":"debug","message":"Page request finished: GET (document) 200 file:///tmp/jsreport/autocleanup/75760ff2-a4ac-457d-9a12-7a1eebeaa361-chrome-pdf.html","meta":{"rootId":"1zi2uu88cwtyz8j","id":"1zi2uu88cwtyz8j"},"id":"bul68gk2fgqgktm","previousOperationId":"2fqo09rr9pxr5l1"}
{"type":"log","timestamp":1736536453976,"level":"debug","message":"Running chrome with params {\"printBackground\":true,\"launchOptions\":{\"args\":[\"--no-sandbox\",\"--disable-setuid-sandbox\"]},\"timeout\":59465,\"margin\":{}}","meta":{"rootId":"1zi2uu88cwtyz8j","id":"1zi2uu88cwtyz8j"},"id":"ak0h85deegktjf0","previousOperationId":"2fqo09rr9pxr5l1"}
{"type":"operationEnd","operationId":"2fqo09rr9pxr5l1","timestamp":1736536454052,"id":"cx5dt0bcjevri19","previousEventId":"lliik2to3arovlm","previousOperationId":"2fqo09rr9pxr5l1"}
{"type":"log","timestamp":1736536454053,"level":"debug","message":"Skipping storing report.","meta":{"rootId":"1zi2uu88cwtyz8j","id":"1zi2uu88cwtyz8j"},"id":"fsuvn8rqv3ne7y7","previousOperationId":"2fqo09rr9pxr5l1"}
{"type":"log","timestamp":1736536454053,"level":"info","message":"Rendering request 1 finished in 1079 ms","meta":{"rootId":"1zi2uu88cwtyz8j","id":"1zi2uu88cwtyz8j"},"id":"pe5zmagto89vkit","previousOperationId":"2fqo09rr9pxr5l1"}
{"type":"operationEnd","subtype":"render","operationId":"h0pqmuwjvmlg9f0","timestamp":1736536454054,"id":"0d0kuac4pzfdtuf","previousEventId":"cx5dt0bcjevri19","previousOperationId":"2fqo09rr9pxr5l1"}
{"type":"operationEnd","doDiffs":false,"previousEventId":"sc3dcpw39qusc7x","previousOperationId":"oz3se4mn1gx5c35","operationId":"oz3se4mn1gx5c35","timestamp":1736536454056,"id":"nhy7o6a17j49it0"}
