{"type":"operationStart","subtype":"profile","data":{"_id":"cV8IGa4i56QSZJ5K","timestamp":"2025-01-10T19:33:58.633Z","state":"queued","mode":"standard","creationDate":"2025-01-10T19:33:58.634Z","modificationDate":"2025-01-10T19:33:58.634Z","shortid":"1Yw5txM","$entitySet":"profiles"},"doDiffs":false,"timestamp":1736537638634,"id":"k2oodswhlsl0j0k","previousOperationId":null,"operationId":"ma77b7zr11uf666"}
{"type":"log","level":"info","message":"Render request 4 queued for execution and waiting for available worker","previousOperationId":"ma77b7zr11uf666","timestamp":1736537638634,"id":"la3c74ooasvyk6w"}
{"type":"operationStart","subtype":"render","name":"reporte18","previousOperationId":"ma77b7zr11uf666","timestamp":1736537638637,"id":"ded28r26hpi2z2t","previousEventId":"k2oodswhlsl0j0k","operationId":"ojaify9ktwvbqqu"}
{"type":"log","timestamp":1736537638637,"level":"info","message":"Starting rendering request 4","meta":{"rootId":"23eeboe68af2glb","id":"23eeboe68af2glb"},"id":"znzbn9qww9o9nfn","previousOperationId":"ojaify9ktwvbqqu"}
{"type":"log","timestamp":1736537638637,"level":"info","message":"Rendering template { name: reporte18, recipe: chrome-pdf, engine: handlebars, preview: false }","meta":{"rootId":"23eeboe68af2glb","id":"23eeboe68af2glb"},"id":"vyf4zyzl166xiqo","previousOperationId":"ojaify9ktwvbqqu"}
{"type":"log","timestamp":1736537638637,"level":"debug","message":"Inline data specified.","meta":{"rootId":"23eeboe68af2glb","id":"23eeboe68af2glb"},"id":"dwz667xmvnj7ivu","previousOperationId":"ojaify9ktwvbqqu"}
{"type":"log","timestamp":1736537638638,"level":"debug","message":"Base url not specified, skipping its injection.","meta":{"rootId":"23eeboe68af2glb","id":"23eeboe68af2glb"},"id":"ipisw81yyal27ma","previousOperationId":"ojaify9ktwvbqqu"}
{"type":"operationStart","subtype":"engine","name":"handlebars","timestamp":1736537638639,"id":"8qw8b38ddhc7cvv","previousEventId":"ded28r26hpi2z2t","operationId":"yz6loh5xplbgma5","previousOperationId":"ojaify9ktwvbqqu"}
{"type":"log","timestamp":1736537638639,"level":"debug","message":"Rendering engine handlebars","meta":{"rootId":"23eeboe68af2glb","id":"23eeboe68af2glb"},"id":"2tl09xn9gwbvqe8","previousOperationId":"yz6loh5xplbgma5"}
{"type":"operationEnd","operationId":"yz6loh5xplbgma5","timestamp":1736537638648,"id":"hjdezidhz1xx6ie","previousEventId":"8qw8b38ddhc7cvv","previousOperationId":"yz6loh5xplbgma5"}
{"type":"operationStart","subtype":"recipe","name":"chrome-pdf","timestamp":1736537638649,"id":"s3am47n2y3ce0yr","previousEventId":"hjdezidhz1xx6ie","operationId":"gzigu0mt1ngpcdf","previousOperationId":"yz6loh5xplbgma5"}
{"type":"log","timestamp":1736537638649,"level":"debug","message":"Executing recipe chrome-pdf","meta":{"rootId":"23eeboe68af2glb","id":"23eeboe68af2glb"},"id":"hnej5ovqhl1r67w","previousOperationId":"gzigu0mt1ngpcdf"}
{"type":"log","timestamp":1736537639197,"level":"debug","message":"Converting with chrome Chrome/131.0.6778.204 using dedicated-process strategy","meta":{"rootId":"23eeboe68af2glb","id":"23eeboe68af2glb"},"id":"v1fk0etuhm9j3dz","previousOperationId":"gzigu0mt1ngpcdf"}
{"type":"log","timestamp":1736537639316,"level":"debug","message":"Page request: GET (document) file:///tmp/jsreport/autocleanup/c9eef16f-d4a3-4407-8e1b-7a8be75d39e9-chrome-pdf.html","meta":{"rootId":"23eeboe68af2glb","id":"23eeboe68af2glb"},"id":"2zhxxdn727rtrm3","previousOperationId":"gzigu0mt1ngpcdf"}
{"type":"log","timestamp":1736537639356,"level":"debug","message":"Page request finished: GET (document) 200 file:///tmp/jsreport/autocleanup/c9eef16f-d4a3-4407-8e1b-7a8be75d39e9-chrome-pdf.html","meta":{"rootId":"23eeboe68af2glb","id":"23eeboe68af2glb"},"id":"vsyhbm8ti3rydet","previousOperationId":"gzigu0mt1ngpcdf"}
{"type":"log","timestamp":1736537639372,"level":"debug","message":"Running chrome with params {\"printBackground\":true,\"timeout\":59984,\"margin\":{}}","meta":{"rootId":"23eeboe68af2glb","id":"23eeboe68af2glb"},"id":"xvk23rk6874zmiv","previousOperationId":"gzigu0mt1ngpcdf"}
{"type":"operationEnd","operationId":"gzigu0mt1ngpcdf","timestamp":1736537639607,"id":"qhhdlfdkbd39o2w","previousEventId":"s3am47n2y3ce0yr","previousOperationId":"gzigu0mt1ngpcdf"}
{"type":"log","timestamp":1736537639608,"level":"debug","message":"Skipping storing report.","meta":{"rootId":"23eeboe68af2glb","id":"23eeboe68af2glb"},"id":"unoml4k1gl3fmzp","previousOperationId":"gzigu0mt1ngpcdf"}
{"type":"log","timestamp":1736537639608,"level":"info","message":"Rendering request 4 finished in 975 ms","meta":{"rootId":"23eeboe68af2glb","id":"23eeboe68af2glb"},"id":"648u068hnivv8qp","previousOperationId":"gzigu0mt1ngpcdf"}
{"type":"operationEnd","subtype":"render","operationId":"ojaify9ktwvbqqu","timestamp":1736537639608,"id":"m6ketg0sb75ht6o","previousEventId":"qhhdlfdkbd39o2w","previousOperationId":"gzigu0mt1ngpcdf"}
{"type":"operationEnd","doDiffs":false,"previousEventId":"k2oodswhlsl0j0k","previousOperationId":"ma77b7zr11uf666","operationId":"ma77b7zr11uf666","timestamp":1736537639614,"id":"9sn0a8qu2db8crq"}
