{"type":"operationStart","subtype":"profile","data":{"_id":"anaij9QIGwKgPAon","timestamp":"2025-01-13T03:53:20.570Z","state":"queued","mode":"standard","creationDate":"2025-01-13T03:53:20.572Z","modificationDate":"2025-01-13T03:53:20.572Z","shortid":"JrV-boj","$entitySet":"profiles"},"doDiffs":false,"timestamp":1736740400571,"id":"5anm1my5arsp3qu","previousOperationId":null,"operationId":"drxyimxcmg4bgxo"}
{"type":"log","level":"info","message":"Render request 1 queued for execution and waiting for available worker","previousOperationId":"drxyimxcmg4bgxo","timestamp":1736740400571,"id":"vmckeo18mrj2wjn"}
{"type":"operationStart","subtype":"render","name":"reporte18","previousOperationId":"drxyimxcmg4bgxo","timestamp":1736740400588,"id":"ysreykontyq0fei","previousEventId":"5anm1my5arsp3qu","operationId":"lsw9rrwlbtl2dj0"}
{"type":"log","timestamp":1736740400589,"level":"info","message":"Starting rendering request 1","meta":{"rootId":"3x2oe8cjqt2d94x","id":"3x2oe8cjqt2d94x"},"id":"mzdej4bkjydzdgs","previousOperationId":"lsw9rrwlbtl2dj0"}
{"type":"log","timestamp":1736740400590,"level":"info","message":"Rendering template { name: reporte18, recipe: chrome-pdf, engine: handlebars, preview: false }","meta":{"rootId":"3x2oe8cjqt2d94x","id":"3x2oe8cjqt2d94x"},"id":"qwk30gfvk2joog6","previousOperationId":"lsw9rrwlbtl2dj0"}
{"type":"log","timestamp":1736740400591,"level":"debug","message":"Inline data specified.","meta":{"rootId":"3x2oe8cjqt2d94x","id":"3x2oe8cjqt2d94x"},"id":"6aw6o8vj0uwr9nx","previousOperationId":"lsw9rrwlbtl2dj0"}
{"type":"log","timestamp":1736740400593,"level":"debug","message":"Base url not specified, skipping its injection.","meta":{"rootId":"3x2oe8cjqt2d94x","id":"3x2oe8cjqt2d94x"},"id":"yp816ulug6avdp6","previousOperationId":"lsw9rrwlbtl2dj0"}
{"type":"operationStart","subtype":"engine","name":"handlebars","timestamp":1736740400594,"id":"kpupgfgz3bmq4p9","previousEventId":"ysreykontyq0fei","operationId":"hoev75byq3u4sec","previousOperationId":"lsw9rrwlbtl2dj0"}
{"type":"log","timestamp":1736740400594,"level":"debug","message":"Rendering engine handlebars","meta":{"rootId":"3x2oe8cjqt2d94x","id":"3x2oe8cjqt2d94x"},"id":"bwskgj52nzx5cbq","previousOperationId":"hoev75byq3u4sec"}
{"type":"operationEnd","operationId":"hoev75byq3u4sec","timestamp":1736740401271,"id":"bhj193yjvxaa3sx","previousEventId":"kpupgfgz3bmq4p9","previousOperationId":"hoev75byq3u4sec"}
{"type":"operationStart","subtype":"recipe","name":"chrome-pdf","timestamp":1736740401272,"id":"m2xrwr2wkd5tgyz","previousEventId":"bhj193yjvxaa3sx","operationId":"u2m0wh8ix2aas5b","previousOperationId":"hoev75byq3u4sec"}
{"type":"log","timestamp":1736740401272,"level":"debug","message":"Executing recipe chrome-pdf","meta":{"rootId":"3x2oe8cjqt2d94x","id":"3x2oe8cjqt2d94x"},"id":"bd83spvssdgmn9g","previousOperationId":"u2m0wh8ix2aas5b"}
{"type":"log","timestamp":1736740403807,"level":"debug","message":"Converting with chrome Chrome/131.0.6778.204 using dedicated-process strategy","meta":{"rootId":"3x2oe8cjqt2d94x","id":"3x2oe8cjqt2d94x"},"id":"nopxrr5cjgf4ag4","previousOperationId":"u2m0wh8ix2aas5b"}
{"type":"log","timestamp":1736740403946,"level":"debug","message":"Page request: GET (document) file:///tmp/jsreport/autocleanup/2f093b6d-06ef-443c-aa06-f130f91e4a04-chrome-pdf.html","meta":{"rootId":"3x2oe8cjqt2d94x","id":"3x2oe8cjqt2d94x"},"id":"gandi5sz8zqgaiy","previousOperationId":"u2m0wh8ix2aas5b"}
{"type":"log","timestamp":1736740403974,"level":"debug","message":"Page request: GET (image) https://i.pinimg.com/736x/ac/66/fd/ac66fdbcf17e7c77173cf01c4dbb1cfc.jpg","meta":{"rootId":"3x2oe8cjqt2d94x","id":"3x2oe8cjqt2d94x"},"id":"oq5md41l2v2fuxw","previousOperationId":"u2m0wh8ix2aas5b"}
{"type":"log","timestamp":1736740403979,"level":"debug","message":"Page request finished: GET (document) 200 file:///tmp/jsreport/autocleanup/2f093b6d-06ef-443c-aa06-f130f91e4a04-chrome-pdf.html","meta":{"rootId":"3x2oe8cjqt2d94x","id":"3x2oe8cjqt2d94x"},"id":"u02ltv8be3gfnqe","previousOperationId":"u2m0wh8ix2aas5b"}
{"type":"log","timestamp":1736740404199,"level":"debug","message":"Page request finished: GET (image) 200 https://i.pinimg.com/736x/ac/66/fd/ac66fdbcf17e7c77173cf01c4dbb1cfc.jpg","meta":{"rootId":"3x2oe8cjqt2d94x","id":"3x2oe8cjqt2d94x"},"id":"paafwb6vvoq6xs9","previousOperationId":"u2m0wh8ix2aas5b"}
{"type":"log","timestamp":1736740404223,"level":"debug","message":"Running chrome with params {\"printBackground\":true,\"timeout\":59285,\"margin\":{}}","meta":{"rootId":"3x2oe8cjqt2d94x","id":"3x2oe8cjqt2d94x"},"id":"y8ie9tiinf45s70","previousOperationId":"u2m0wh8ix2aas5b"}
{"type":"operationEnd","operationId":"u2m0wh8ix2aas5b","timestamp":1736740404603,"id":"8hfs1rq92ddlqcb","previousEventId":"m2xrwr2wkd5tgyz","previousOperationId":"u2m0wh8ix2aas5b"}
{"type":"log","timestamp":1736740404604,"level":"debug","message":"Skipping storing report.","meta":{"rootId":"3x2oe8cjqt2d94x","id":"3x2oe8cjqt2d94x"},"id":"ruyr3mu8rwj36ef","previousOperationId":"u2m0wh8ix2aas5b"}
{"type":"log","timestamp":1736740404604,"level":"info","message":"Rendering request 1 finished in 4035 ms","meta":{"rootId":"3x2oe8cjqt2d94x","id":"3x2oe8cjqt2d94x"},"id":"xdi7k0yoqjmi9gh","previousOperationId":"u2m0wh8ix2aas5b"}
{"type":"operationEnd","subtype":"render","operationId":"lsw9rrwlbtl2dj0","timestamp":1736740404604,"id":"a8j57c5rlg6suk6","previousEventId":"8hfs1rq92ddlqcb","previousOperationId":"u2m0wh8ix2aas5b"}
{"type":"operationEnd","doDiffs":false,"previousEventId":"5anm1my5arsp3qu","previousOperationId":"drxyimxcmg4bgxo","operationId":"drxyimxcmg4bgxo","timestamp":1736740404606,"id":"j7dm7afmusq955c"}
