{"type":"operationStart","subtype":"profile","data":{"_id":"7uD51EemLUBACEzk","timestamp":"2025-01-10T18:19:31.799Z","state":"queued","mode":"standard","creationDate":"2025-01-10T18:19:31.801Z","modificationDate":"2025-01-10T18:19:31.801Z","shortid":"FVyp8SR","$entitySet":"profiles"},"doDiffs":false,"timestamp":1736533171800,"id":"z5om809yzr81kko","previousOperationId":null,"operationId":"0u63a271rgaho8y"}
{"type":"log","level":"info","message":"Render request 1 queued for execution and waiting for available worker","previousOperationId":"0u63a271rgaho8y","timestamp":1736533171800,"id":"vib74jxht8y5y7r"}
{"type":"operationStart","subtype":"render","name":"reporte18","previousOperationId":"0u63a271rgaho8y","timestamp":1736533171813,"id":"zisu0hps3jlkyw8","previousEventId":"z5om809yzr81kko","operationId":"c5nw1pb4v3ylank"}
{"type":"log","timestamp":1736533171814,"level":"info","message":"Starting rendering request 1","meta":{"rootId":"470beluc2v9laob","id":"470beluc2v9laob"},"id":"xbp6ly49mkvslou","previousOperationId":"c5nw1pb4v3ylank"}
{"type":"log","timestamp":1736533171815,"level":"info","message":"Rendering template { name: reporte18, recipe: chrome-pdf, engine: handlebars, preview: false }","meta":{"rootId":"470beluc2v9laob","id":"470beluc2v9laob"},"id":"yj88oek6dolockc","previousOperationId":"c5nw1pb4v3ylank"}
{"type":"log","timestamp":1736533171815,"level":"debug","message":"Inline data specified.","meta":{"rootId":"470beluc2v9laob","id":"470beluc2v9laob"},"id":"5ytmfxiis01gfcv","previousOperationId":"c5nw1pb4v3ylank"}
{"type":"log","timestamp":1736533171818,"level":"debug","message":"Base url not specified, skipping its injection.","meta":{"rootId":"470beluc2v9laob","id":"470beluc2v9laob"},"id":"74zex0xk9vcwdz2","previousOperationId":"c5nw1pb4v3ylank"}
{"type":"operationStart","subtype":"engine","name":"handlebars","timestamp":1736533171819,"id":"ywyrdb6zt0wyj8a","previousEventId":"zisu0hps3jlkyw8","operationId":"e70g4y9c4jsy0np","previousOperationId":"c5nw1pb4v3ylank"}
{"type":"log","timestamp":1736533171819,"level":"debug","message":"Rendering engine handlebars","meta":{"rootId":"470beluc2v9laob","id":"470beluc2v9laob"},"id":"3al1v9xiomegxw0","previousOperationId":"e70g4y9c4jsy0np"}
{"type":"operationEnd","operationId":"e70g4y9c4jsy0np","timestamp":1736533172358,"id":"w2fogadrwz5tg19","previousEventId":"ywyrdb6zt0wyj8a","previousOperationId":"e70g4y9c4jsy0np"}
{"type":"operationStart","subtype":"recipe","name":"chrome-pdf","timestamp":1736533172359,"id":"9gtyag2ga4ezyx6","previousEventId":"w2fogadrwz5tg19","operationId":"gfrl16qvuh5o3xt","previousOperationId":"e70g4y9c4jsy0np"}
{"type":"log","timestamp":1736533172359,"level":"debug","message":"Executing recipe chrome-pdf","meta":{"rootId":"470beluc2v9laob","id":"470beluc2v9laob"},"id":"d3s6zd61q7la114","previousOperationId":"gfrl16qvuh5o3xt"}
{"type":"log","timestamp":1736533172728,"level":"debug","message":"Converting with chrome Chrome/131.0.6778.204 using chrome-pool strategy","meta":{"rootId":"470beluc2v9laob","id":"470beluc2v9laob"},"id":"a3xwad0x3wwenke","previousOperationId":"gfrl16qvuh5o3xt"}
{"type":"log","timestamp":1736533172812,"level":"debug","message":"Page request: GET (document) file:///tmp/jsreport/autocleanup/8f450e37-2a44-460b-b863-ea72140711d4-chrome-pdf.html","meta":{"rootId":"470beluc2v9laob","id":"470beluc2v9laob"},"id":"vgnoom60ken73jj","previousOperationId":"gfrl16qvuh5o3xt"}
{"type":"log","timestamp":1736533172853,"level":"debug","message":"Page request finished: GET (document) 200 file:///tmp/jsreport/autocleanup/8f450e37-2a44-460b-b863-ea72140711d4-chrome-pdf.html","meta":{"rootId":"470beluc2v9laob","id":"470beluc2v9laob"},"id":"4xxgqvhtjpbfrth","previousOperationId":"gfrl16qvuh5o3xt"}
{"type":"log","timestamp":1736533172863,"level":"debug","message":"Running chrome with params {\"printBackground\":true,\"timeout\":59436,\"margin\":{}}","meta":{"rootId":"470beluc2v9laob","id":"470beluc2v9laob"},"id":"p8frsepoh74war3","previousOperationId":"gfrl16qvuh5o3xt"}
{"type":"operationEnd","operationId":"gfrl16qvuh5o3xt","timestamp":1736533172938,"id":"9pcmwvdh6tkl7z9","previousEventId":"9gtyag2ga4ezyx6","previousOperationId":"gfrl16qvuh5o3xt"}
{"type":"log","timestamp":1736533172939,"level":"debug","message":"Skipping storing report.","meta":{"rootId":"470beluc2v9laob","id":"470beluc2v9laob"},"id":"okaywzfqatbmy5j","previousOperationId":"gfrl16qvuh5o3xt"}
{"type":"log","timestamp":1736533172939,"level":"info","message":"Rendering request 1 finished in 1141 ms","meta":{"rootId":"470beluc2v9laob","id":"470beluc2v9laob"},"id":"lqjpl6mn34rbshe","previousOperationId":"gfrl16qvuh5o3xt"}
{"type":"operationEnd","subtype":"render","operationId":"c5nw1pb4v3ylank","timestamp":1736533172939,"id":"eiimhfp1405tbji","previousEventId":"9pcmwvdh6tkl7z9","previousOperationId":"gfrl16qvuh5o3xt"}
{"type":"operationEnd","doDiffs":false,"previousEventId":"z5om809yzr81kko","previousOperationId":"0u63a271rgaho8y","operationId":"0u63a271rgaho8y","timestamp":1736533172942,"id":"idgb12dcf1njlvm"}
