{"type":"operationStart","subtype":"profile","data":{"_id":"FIsAaqSmONxighPg","timestamp":"2025-01-10T19:08:55.166Z","state":"queued","mode":"standard","creationDate":"2025-01-10T19:08:55.168Z","modificationDate":"2025-01-10T19:08:55.168Z","shortid":"pUJX8LL","$entitySet":"profiles"},"doDiffs":false,"timestamp":1736536135167,"id":"447hvsk90ebvp6k","previousOperationId":null,"operationId":"pngfvmp22zh9h3y"}
{"type":"log","level":"info","message":"Render request 1 queued for execution and waiting for available worker","previousOperationId":"pngfvmp22zh9h3y","timestamp":1736536135167,"id":"fzgnywvm7zf3w6m"}
{"type":"operationStart","subtype":"render","name":"reporte18","previousOperationId":"pngfvmp22zh9h3y","timestamp":1736536135180,"id":"s1bi6wqru1c6odv","previousEventId":"447hvsk90ebvp6k","operationId":"be43it19jn5o8wy"}
{"type":"log","timestamp":1736536135181,"level":"info","message":"Starting rendering request 1","meta":{"rootId":"5vxu86qu4pvgboe","id":"5vxu86qu4pvgboe"},"id":"8iqjh7lujx7rcog","previousOperationId":"be43it19jn5o8wy"}
{"type":"log","timestamp":1736536135183,"level":"info","message":"Rendering template { name: reporte18, recipe: chrome-pdf, engine: handlebars, preview: false }","meta":{"rootId":"5vxu86qu4pvgboe","id":"5vxu86qu4pvgboe"},"id":"osjxyev9wednzhc","previousOperationId":"be43it19jn5o8wy"}
{"type":"log","timestamp":1736536135183,"level":"debug","message":"Inline data specified.","meta":{"rootId":"5vxu86qu4pvgboe","id":"5vxu86qu4pvgboe"},"id":"lk2vme4tgoa0i5p","previousOperationId":"be43it19jn5o8wy"}
{"type":"log","timestamp":1736536135186,"level":"debug","message":"Base url not specified, skipping its injection.","meta":{"rootId":"5vxu86qu4pvgboe","id":"5vxu86qu4pvgboe"},"id":"jfwqxx176arvqo2","previousOperationId":"be43it19jn5o8wy"}
{"type":"operationStart","subtype":"engine","name":"handlebars","timestamp":1736536135187,"id":"atx7kr7ncpj7trb","previousEventId":"s1bi6wqru1c6odv","operationId":"uyzyonigaz307i3","previousOperationId":"be43it19jn5o8wy"}
{"type":"log","timestamp":1736536135187,"level":"debug","message":"Rendering engine handlebars","meta":{"rootId":"5vxu86qu4pvgboe","id":"5vxu86qu4pvgboe"},"id":"y9hmcohnloakfh2","previousOperationId":"uyzyonigaz307i3"}
{"type":"operationEnd","operationId":"uyzyonigaz307i3","timestamp":1736536135736,"id":"xztyl6e2xhptplu","previousEventId":"atx7kr7ncpj7trb","previousOperationId":"uyzyonigaz307i3"}
{"type":"operationStart","subtype":"recipe","name":"chrome-pdf","timestamp":1736536135737,"id":"hclsss9q2dvya52","previousEventId":"xztyl6e2xhptplu","operationId":"fb0r64gm6hyruyq","previousOperationId":"uyzyonigaz307i3"}
{"type":"log","timestamp":1736536135737,"level":"debug","message":"Executing recipe chrome-pdf","meta":{"rootId":"5vxu86qu4pvgboe","id":"5vxu86qu4pvgboe"},"id":"chlv050rn3zbo8r","previousOperationId":"fb0r64gm6hyruyq"}
{"type":"log","timestamp":1736536136124,"level":"debug","message":"Converting with chrome Chrome/131.0.6778.204 using chrome-pool strategy","meta":{"rootId":"5vxu86qu4pvgboe","id":"5vxu86qu4pvgboe"},"id":"diy160ayy3u3r7w","previousOperationId":"fb0r64gm6hyruyq"}
{"type":"log","timestamp":1736536136218,"level":"debug","message":"Page request: GET (document) file:///tmp/jsreport/autocleanup/41706bcc-27b2-404e-81e4-cda5a8668971-chrome-pdf.html","meta":{"rootId":"5vxu86qu4pvgboe","id":"5vxu86qu4pvgboe"},"id":"1a5g6wzy8k00dtn","previousOperationId":"fb0r64gm6hyruyq"}
{"type":"log","timestamp":1736536136246,"level":"debug","message":"Page request finished: GET (document) 200 file:///tmp/jsreport/autocleanup/41706bcc-27b2-404e-81e4-cda5a8668971-chrome-pdf.html","meta":{"rootId":"5vxu86qu4pvgboe","id":"5vxu86qu4pvgboe"},"id":"jcdo8fms3r72zc3","previousOperationId":"fb0r64gm6hyruyq"}
{"type":"log","timestamp":1736536136251,"level":"debug","message":"Running chrome with params {\"printBackground\":true,\"timeout\":59416,\"margin\":{}}","meta":{"rootId":"5vxu86qu4pvgboe","id":"5vxu86qu4pvgboe"},"id":"lv7bsoi8n4biesz","previousOperationId":"fb0r64gm6hyruyq"}
{"type":"operationEnd","operationId":"fb0r64gm6hyruyq","timestamp":1736536136311,"id":"n784cfexhb4k1hz","previousEventId":"hclsss9q2dvya52","previousOperationId":"fb0r64gm6hyruyq"}
{"type":"log","timestamp":1736536136311,"level":"debug","message":"Skipping storing report.","meta":{"rootId":"5vxu86qu4pvgboe","id":"5vxu86qu4pvgboe"},"id":"rxkckkg5e6cley7","previousOperationId":"fb0r64gm6hyruyq"}
{"type":"log","timestamp":1736536136312,"level":"info","message":"Rendering request 1 finished in 1147 ms","meta":{"rootId":"5vxu86qu4pvgboe","id":"5vxu86qu4pvgboe"},"id":"d30na1qpofhq0wh","previousOperationId":"fb0r64gm6hyruyq"}
{"type":"operationEnd","subtype":"render","operationId":"be43it19jn5o8wy","timestamp":1736536136312,"id":"54tmsruk2w0k0m2","previousEventId":"n784cfexhb4k1hz","previousOperationId":"fb0r64gm6hyruyq"}
{"type":"operationEnd","doDiffs":false,"previousEventId":"447hvsk90ebvp6k","previousOperationId":"pngfvmp22zh9h3y","operationId":"pngfvmp22zh9h3y","timestamp":1736536136315,"id":"m7cora8b9v2wg9x"}
