{"type":"operationStart","subtype":"profile","data":{"_id":"xnzQWydlsqYFdNlC","timestamp":"2025-01-10T19:29:51.501Z","state":"queued","mode":"standard","creationDate":"2025-01-10T19:29:51.502Z","modificationDate":"2025-01-10T19:29:51.502Z","shortid":"L1LwJKK","$entitySet":"profiles"},"doDiffs":false,"timestamp":1736537391501,"id":"ypcj2lrryfb9v9c","previousOperationId":null,"operationId":"zcflvkpj8qu4776"}
{"type":"log","level":"info","message":"Render request 2 queued for execution and waiting for available worker","previousOperationId":"zcflvkpj8qu4776","timestamp":1736537391501,"id":"gmdiu8ydej0ayqc"}
{"type":"operationStart","subtype":"render","name":"reporte18","previousOperationId":"zcflvkpj8qu4776","timestamp":1736537391506,"id":"t9ctqdlddg2kr45","previousEventId":"ypcj2lrryfb9v9c","operationId":"jriop5rgygbg7yn"}
{"type":"log","timestamp":1736537391507,"level":"info","message":"Starting rendering request 2","meta":{"rootId":"6s4o1zbp49pphda","id":"6s4o1zbp49pphda"},"id":"wk8o23jdg8du89a","previousOperationId":"jriop5rgygbg7yn"}
{"type":"log","timestamp":1736537391517,"level":"info","message":"Rendering template { name: reporte18, recipe: chrome-pdf, engine: handlebars, preview: false }","meta":{"rootId":"6s4o1zbp49pphda","id":"6s4o1zbp49pphda"},"id":"95bdcnvsx0eu6wh","previousOperationId":"jriop5rgygbg7yn"}
{"type":"log","timestamp":1736537391517,"level":"debug","message":"Inline data specified.","meta":{"rootId":"6s4o1zbp49pphda","id":"6s4o1zbp49pphda"},"id":"uainequiul5fpvt","previousOperationId":"jriop5rgygbg7yn"}
{"type":"log","timestamp":1736537391520,"level":"debug","message":"Base url not specified, skipping its injection.","meta":{"rootId":"6s4o1zbp49pphda","id":"6s4o1zbp49pphda"},"id":"r7ynfhqz7nesuc5","previousOperationId":"jriop5rgygbg7yn"}
{"type":"operationStart","subtype":"engine","name":"handlebars","timestamp":1736537391521,"id":"amcz4zvklaxuv9f","previousEventId":"t9ctqdlddg2kr45","operationId":"s5oitr1fik9kg11","previousOperationId":"jriop5rgygbg7yn"}
{"type":"log","timestamp":1736537391521,"level":"debug","message":"Rendering engine handlebars","meta":{"rootId":"6s4o1zbp49pphda","id":"6s4o1zbp49pphda"},"id":"gdmbcnxo9ztk187","previousOperationId":"s5oitr1fik9kg11"}
{"type":"operationEnd","operationId":"s5oitr1fik9kg11","timestamp":1736537393766,"id":"p0e75bw6zx6sdb0","previousEventId":"amcz4zvklaxuv9f","previousOperationId":"s5oitr1fik9kg11"}
{"type":"operationStart","subtype":"recipe","name":"chrome-pdf","timestamp":1736537393768,"id":"5g12634hnjblji5","previousEventId":"p0e75bw6zx6sdb0","operationId":"0t1ivkbq6yn7h81","previousOperationId":"s5oitr1fik9kg11"}
{"type":"log","timestamp":1736537393768,"level":"debug","message":"Executing recipe chrome-pdf","meta":{"rootId":"6s4o1zbp49pphda","id":"6s4o1zbp49pphda"},"id":"aqlkdqank9q90j8","previousOperationId":"0t1ivkbq6yn7h81"}
{"type":"log","timestamp":1736537394593,"level":"debug","message":"Converting with chrome Chrome/131.0.6778.204 using dedicated-process strategy","meta":{"rootId":"6s4o1zbp49pphda","id":"6s4o1zbp49pphda"},"id":"dfb62pcmbejvjdf","previousOperationId":"0t1ivkbq6yn7h81"}
{"type":"log","timestamp":1736537394849,"level":"debug","message":"Page request: GET (document) file:///tmp/jsreport/autocleanup/4e9ecd39-b608-4091-a517-fb5ca8f16d7a-chrome-pdf.html","meta":{"rootId":"6s4o1zbp49pphda","id":"6s4o1zbp49pphda"},"id":"gsp71bjqrl260el","previousOperationId":"0t1ivkbq6yn7h81"}
{"type":"log","timestamp":1736537394904,"level":"debug","message":"Page request finished: GET (document) 200 file:///tmp/jsreport/autocleanup/4e9ecd39-b608-4091-a517-fb5ca8f16d7a-chrome-pdf.html","meta":{"rootId":"6s4o1zbp49pphda","id":"6s4o1zbp49pphda"},"id":"ust9h07dqxfu7w4","previousOperationId":"0t1ivkbq6yn7h81"}
{"type":"log","timestamp":1736537394919,"level":"debug","message":"Running chrome with params {\"printBackground\":true,\"timeout\":57722,\"margin\":{}}","meta":{"rootId":"6s4o1zbp49pphda","id":"6s4o1zbp49pphda"},"id":"b24rkqm700mihdu","previousOperationId":"0t1ivkbq6yn7h81"}
{"type":"operationEnd","operationId":"0t1ivkbq6yn7h81","timestamp":1736537395266,"id":"e7zbytb3joxz6o9","previousEventId":"5g12634hnjblji5","previousOperationId":"0t1ivkbq6yn7h81"}
{"type":"log","timestamp":1736537395267,"level":"debug","message":"Skipping storing report.","meta":{"rootId":"6s4o1zbp49pphda","id":"6s4o1zbp49pphda"},"id":"grzecswivtrbnsn","previousOperationId":"0t1ivkbq6yn7h81"}
{"type":"log","timestamp":1736537395267,"level":"info","message":"Rendering request 2 finished in 3767 ms","meta":{"rootId":"6s4o1zbp49pphda","id":"6s4o1zbp49pphda"},"id":"xho7fve8k6w3mfk","previousOperationId":"0t1ivkbq6yn7h81"}
{"type":"operationEnd","subtype":"render","operationId":"jriop5rgygbg7yn","timestamp":1736537395267,"id":"nhxde3alfz6jhf3","previousEventId":"e7zbytb3joxz6o9","previousOperationId":"0t1ivkbq6yn7h81"}
{"type":"operationEnd","doDiffs":false,"previousEventId":"ypcj2lrryfb9v9c","previousOperationId":"zcflvkpj8qu4776","operationId":"zcflvkpj8qu4776","timestamp":1736537395273,"id":"3ili9nkpm2uvvq1"}
