{"type":"operationStart","subtype":"profile","data":{"_id":"ezgr6QPwsx6VJZ4z","timestamp":"2025-01-10T19:12:31.594Z","state":"queued","mode":"standard","creationDate":"2025-01-10T19:12:31.596Z","modificationDate":"2025-01-10T19:12:31.596Z","shortid":"VNKGQG1","$entitySet":"profiles"},"doDiffs":false,"timestamp":1736536351595,"id":"9g8d98lc2t511rr","previousOperationId":null,"operationId":"t0sf28wqa2chife"}
{"type":"log","level":"info","message":"Render request 1 queued for execution and waiting for available worker","previousOperationId":"t0sf28wqa2chife","timestamp":1736536351595,"id":"z92ltgqepp7audy"}
{"type":"operationStart","subtype":"render","name":"reporte18","previousOperationId":"t0sf28wqa2chife","timestamp":1736536351609,"id":"m3cf76xknq5gpf0","previousEventId":"9g8d98lc2t511rr","operationId":"hjd58ud0enfy2sj"}
{"type":"log","timestamp":1736536351610,"level":"info","message":"Starting rendering request 1","meta":{"rootId":"746bdfcu3u0pfu1","id":"746bdfcu3u0pfu1"},"id":"xk636vjxfasep78","previousOperationId":"hjd58ud0enfy2sj"}
{"type":"log","timestamp":1736536351611,"level":"info","message":"Rendering template { name: reporte18, recipe: chrome-pdf, engine: handlebars, preview: false }","meta":{"rootId":"746bdfcu3u0pfu1","id":"746bdfcu3u0pfu1"},"id":"6bg96t8x3se6vfz","previousOperationId":"hjd58ud0enfy2sj"}
{"type":"log","timestamp":1736536351612,"level":"debug","message":"Inline data specified.","meta":{"rootId":"746bdfcu3u0pfu1","id":"746bdfcu3u0pfu1"},"id":"gimomd3r1dp1ga0","previousOperationId":"hjd58ud0enfy2sj"}
{"type":"log","timestamp":1736536351615,"level":"debug","message":"Base url not specified, skipping its injection.","meta":{"rootId":"746bdfcu3u0pfu1","id":"746bdfcu3u0pfu1"},"id":"je6zcqnd9vxx63i","previousOperationId":"hjd58ud0enfy2sj"}
{"type":"operationStart","subtype":"engine","name":"handlebars","timestamp":1736536351616,"id":"539rqxobocuc472","previousEventId":"m3cf76xknq5gpf0","operationId":"a9jgjhvd0y1uine","previousOperationId":"hjd58ud0enfy2sj"}
{"type":"log","timestamp":1736536351616,"level":"debug","message":"Rendering engine handlebars","meta":{"rootId":"746bdfcu3u0pfu1","id":"746bdfcu3u0pfu1"},"id":"z4yse9nkv20xn4m","previousOperationId":"a9jgjhvd0y1uine"}
{"type":"operationEnd","operationId":"a9jgjhvd0y1uine","timestamp":1736536352155,"id":"rw8ee3jgrywitmf","previousEventId":"539rqxobocuc472","previousOperationId":"a9jgjhvd0y1uine"}
{"type":"operationStart","subtype":"recipe","name":"chrome-pdf","timestamp":1736536352155,"id":"cf1gsvjku6qnej4","previousEventId":"rw8ee3jgrywitmf","operationId":"d3vt5dr35xuy33h","previousOperationId":"a9jgjhvd0y1uine"}
{"type":"log","timestamp":1736536352155,"level":"debug","message":"Executing recipe chrome-pdf","meta":{"rootId":"746bdfcu3u0pfu1","id":"746bdfcu3u0pfu1"},"id":"td6trsr41r6code","previousOperationId":"d3vt5dr35xuy33h"}
{"type":"log","timestamp":1736536352525,"level":"debug","message":"Converting with chrome Chrome/131.0.6778.204 using chrome-pool strategy","meta":{"rootId":"746bdfcu3u0pfu1","id":"746bdfcu3u0pfu1"},"id":"x84o43a6lo6esz7","previousOperationId":"d3vt5dr35xuy33h"}
{"type":"log","timestamp":1736536352602,"level":"debug","message":"Page request: GET (document) file:///tmp/jsreport/autocleanup/1a803b48-6ed7-4d76-b607-9524daf108ce-chrome-pdf.html","meta":{"rootId":"746bdfcu3u0pfu1","id":"746bdfcu3u0pfu1"},"id":"hqn76padt28kmyn","previousOperationId":"d3vt5dr35xuy33h"}
{"type":"log","timestamp":1736536352629,"level":"debug","message":"Page request finished: GET (document) 200 file:///tmp/jsreport/autocleanup/1a803b48-6ed7-4d76-b607-9524daf108ce-chrome-pdf.html","meta":{"rootId":"746bdfcu3u0pfu1","id":"746bdfcu3u0pfu1"},"id":"x2adgongcvwhmkk","previousOperationId":"d3vt5dr35xuy33h"}
{"type":"log","timestamp":1736536352656,"level":"debug","message":"Running chrome with params {\"printBackground\":true,\"launchOptions\":{\"args\":[\"--no-sandbox\",\"--disable-setuid-sandbox\"]},\"timeout\":59435,\"margin\":{}}","meta":{"rootId":"746bdfcu3u0pfu1","id":"746bdfcu3u0pfu1"},"id":"5f2a0q1z4p4l8cr","previousOperationId":"d3vt5dr35xuy33h"}
{"type":"operationEnd","operationId":"d3vt5dr35xuy33h","timestamp":1736536352722,"id":"ahb3v792hefqjh0","previousEventId":"cf1gsvjku6qnej4","previousOperationId":"d3vt5dr35xuy33h"}
{"type":"log","timestamp":1736536352723,"level":"debug","message":"Skipping storing report.","meta":{"rootId":"746bdfcu3u0pfu1","id":"746bdfcu3u0pfu1"},"id":"8jt03czzkg0nhz1","previousOperationId":"d3vt5dr35xuy33h"}
{"type":"log","timestamp":1736536352723,"level":"info","message":"Rendering request 1 finished in 1130 ms","meta":{"rootId":"746bdfcu3u0pfu1","id":"746bdfcu3u0pfu1"},"id":"mgixm72m9dx5od3","previousOperationId":"d3vt5dr35xuy33h"}
{"type":"operationEnd","subtype":"render","operationId":"hjd58ud0enfy2sj","timestamp":1736536352723,"id":"4b8n433t9npfa1u","previousEventId":"ahb3v792hefqjh0","previousOperationId":"d3vt5dr35xuy33h"}
{"type":"operationEnd","doDiffs":false,"previousEventId":"9g8d98lc2t511rr","previousOperationId":"t0sf28wqa2chife","operationId":"t0sf28wqa2chife","timestamp":1736536352727,"id":"oodzt8ffsadefa5"}
