{"type":"operationStart","subtype":"profile","data":{"_id":"PJktnFjtxrhMGC77","timestamp":"2025-01-10T21:10:20.994Z","state":"queued","mode":"standard","creationDate":"2025-01-10T21:10:20.996Z","modificationDate":"2025-01-10T21:10:20.996Z","shortid":"QLQPiyf","$entitySet":"profiles"},"doDiffs":false,"timestamp":1736543420995,"id":"ac2pm0spklojkq2","previousOperationId":null,"operationId":"8spwhyougvuwbj4"}
{"type":"log","level":"info","message":"Render request 1 queued for execution and waiting for available worker","previousOperationId":"8spwhyougvuwbj4","timestamp":1736543420995,"id":"zbtff66st4noxvw"}
{"type":"operationStart","subtype":"render","name":"reporte18","previousOperationId":"8spwhyougvuwbj4","timestamp":1736543421014,"id":"a5quv68jpadk4l8","previousEventId":"ac2pm0spklojkq2","operationId":"6vp8o630wdr0w74"}
{"type":"log","timestamp":1736543421014,"level":"info","message":"Starting rendering request 1","meta":{"rootId":"813jiskjut9w1yl","id":"813jiskjut9w1yl"},"id":"fflonnmp3ewayjw","previousOperationId":"6vp8o630wdr0w74"}
{"type":"log","timestamp":1736543421016,"level":"info","message":"Rendering template { name: reporte18, recipe: chrome-pdf, engine: handlebars, preview: false }","meta":{"rootId":"813jiskjut9w1yl","id":"813jiskjut9w1yl"},"id":"p15x4i6we0zhr5t","previousOperationId":"6vp8o630wdr0w74"}
{"type":"log","timestamp":1736543421016,"level":"debug","message":"Inline data specified.","meta":{"rootId":"813jiskjut9w1yl","id":"813jiskjut9w1yl"},"id":"nxg9w14mmuulzzk","previousOperationId":"6vp8o630wdr0w74"}
{"type":"log","timestamp":1736543421018,"level":"debug","message":"Base url not specified, skipping its injection.","meta":{"rootId":"813jiskjut9w1yl","id":"813jiskjut9w1yl"},"id":"k2l7cisjupmy5zc","previousOperationId":"6vp8o630wdr0w74"}
{"type":"operationStart","subtype":"engine","name":"handlebars","timestamp":1736543421019,"id":"44u5kuzg5s1zxig","previousEventId":"a5quv68jpadk4l8","operationId":"uoa1ymnbqig0ek8","previousOperationId":"6vp8o630wdr0w74"}
{"type":"log","timestamp":1736543421020,"level":"debug","message":"Rendering engine handlebars","meta":{"rootId":"813jiskjut9w1yl","id":"813jiskjut9w1yl"},"id":"fbjy7jie6awotx6","previousOperationId":"uoa1ymnbqig0ek8"}
{"type":"operationEnd","operationId":"uoa1ymnbqig0ek8","timestamp":1736543421708,"id":"wqmhdoybi51knvr","previousEventId":"44u5kuzg5s1zxig","previousOperationId":"uoa1ymnbqig0ek8"}
{"type":"operationStart","subtype":"recipe","name":"chrome-pdf","timestamp":1736543421709,"id":"vyphbq4kipcw0ca","previousEventId":"wqmhdoybi51knvr","operationId":"10zwuptxh3uyut5","previousOperationId":"uoa1ymnbqig0ek8"}
{"type":"log","timestamp":1736543421709,"level":"debug","message":"Executing recipe chrome-pdf","meta":{"rootId":"813jiskjut9w1yl","id":"813jiskjut9w1yl"},"id":"wkws0j7c3mp7kfo","previousOperationId":"10zwuptxh3uyut5"}
{"type":"log","timestamp":1736543424150,"level":"debug","message":"Converting with chrome Chrome/131.0.6778.204 using dedicated-process strategy","meta":{"rootId":"813jiskjut9w1yl","id":"813jiskjut9w1yl"},"id":"jr5ejjzyi72qoqe","previousOperationId":"10zwuptxh3uyut5"}
{"type":"log","timestamp":1736543424291,"level":"debug","message":"Page request: GET (document) file:///tmp/jsreport/autocleanup/1a90a3a8-9b4b-453d-b2c6-09ea4de71c92-chrome-pdf.html","meta":{"rootId":"813jiskjut9w1yl","id":"813jiskjut9w1yl"},"id":"cmydlkplvy6895i","previousOperationId":"10zwuptxh3uyut5"}
{"type":"log","timestamp":1736543424319,"level":"debug","message":"Page request finished: GET (document) 200 file:///tmp/jsreport/autocleanup/1a90a3a8-9b4b-453d-b2c6-09ea4de71c92-chrome-pdf.html","meta":{"rootId":"813jiskjut9w1yl","id":"813jiskjut9w1yl"},"id":"5tatcr7pej61pcv","previousOperationId":"10zwuptxh3uyut5"}
{"type":"log","timestamp":1736543424362,"level":"debug","message":"Running chrome with params {\"printBackground\":true,\"timeout\":59280,\"margin\":{}}","meta":{"rootId":"813jiskjut9w1yl","id":"813jiskjut9w1yl"},"id":"n37x0s5zogxr10b","previousOperationId":"10zwuptxh3uyut5"}
{"type":"operationEnd","operationId":"10zwuptxh3uyut5","timestamp":1736543424709,"id":"wfmcmw7n33ia3au","previousEventId":"vyphbq4kipcw0ca","previousOperationId":"10zwuptxh3uyut5"}
{"type":"log","timestamp":1736543424710,"level":"debug","message":"Skipping storing report.","meta":{"rootId":"813jiskjut9w1yl","id":"813jiskjut9w1yl"},"id":"ywo64ie4yw64ww0","previousOperationId":"10zwuptxh3uyut5"}
{"type":"log","timestamp":1736543424710,"level":"info","message":"Rendering request 1 finished in 3717 ms","meta":{"rootId":"813jiskjut9w1yl","id":"813jiskjut9w1yl"},"id":"dk9lzroid83qqqt","previousOperationId":"10zwuptxh3uyut5"}
{"type":"operationEnd","subtype":"render","operationId":"6vp8o630wdr0w74","timestamp":1736543424710,"id":"10bgkusam7boa32","previousEventId":"wfmcmw7n33ia3au","previousOperationId":"10zwuptxh3uyut5"}
{"type":"operationEnd","doDiffs":false,"previousEventId":"ac2pm0spklojkq2","previousOperationId":"8spwhyougvuwbj4","operationId":"8spwhyougvuwbj4","timestamp":1736543424713,"id":"t3r4uw56wffgptv"}
