{"type":"operationStart","subtype":"profile","data":{"_id":"5aOyqnkDkOnsvEPi","timestamp":"2025-01-10T21:55:36.858Z","state":"queued","mode":"standard","creationDate":"2025-01-10T21:55:36.860Z","modificationDate":"2025-01-10T21:55:36.860Z","shortid":"imjkDT5","$entitySet":"profiles"},"doDiffs":false,"timestamp":1736546136859,"id":"m83ddu251fm75k3","previousOperationId":null,"operationId":"puf7gmd2o1nunwy"}
{"type":"log","level":"info","message":"Render request 1 queued for execution and waiting for available worker","previousOperationId":"puf7gmd2o1nunwy","timestamp":1736546136859,"id":"nx819lqmadrv567"}
{"type":"operationStart","subtype":"render","name":"reporte18","previousOperationId":"puf7gmd2o1nunwy","timestamp":1736546136875,"id":"v17rk6umms57lrq","previousEventId":"m83ddu251fm75k3","operationId":"9pbkb02sj6npp87"}
{"type":"log","timestamp":1736546136876,"level":"info","message":"Starting rendering request 1","meta":{"rootId":"87nnhopccg2vfiu","id":"87nnhopccg2vfiu"},"id":"nujvoavpbi8belc","previousOperationId":"9pbkb02sj6npp87"}
{"type":"log","timestamp":1736546136877,"level":"info","message":"Rendering template { name: reporte18, recipe: chrome-pdf, engine: handlebars, preview: false }","meta":{"rootId":"87nnhopccg2vfiu","id":"87nnhopccg2vfiu"},"id":"jv4q47n8pytn6jd","previousOperationId":"9pbkb02sj6npp87"}
{"type":"log","timestamp":1736546136878,"level":"debug","message":"Inline data specified.","meta":{"rootId":"87nnhopccg2vfiu","id":"87nnhopccg2vfiu"},"id":"buq860bjsuyrno5","previousOperationId":"9pbkb02sj6npp87"}
{"type":"log","timestamp":1736546136880,"level":"debug","message":"Base url not specified, skipping its injection.","meta":{"rootId":"87nnhopccg2vfiu","id":"87nnhopccg2vfiu"},"id":"erqp9qkcq5nfy9s","previousOperationId":"9pbkb02sj6npp87"}
{"type":"operationStart","subtype":"engine","name":"handlebars","timestamp":1736546136881,"id":"9wzey62dwzyfjm7","previousEventId":"v17rk6umms57lrq","operationId":"b85rsmkx0h9r7ye","previousOperationId":"9pbkb02sj6npp87"}
{"type":"log","timestamp":1736546136881,"level":"debug","message":"Rendering engine handlebars","meta":{"rootId":"87nnhopccg2vfiu","id":"87nnhopccg2vfiu"},"id":"8qx8vt92l0deys6","previousOperationId":"b85rsmkx0h9r7ye"}
{"type":"operationEnd","operationId":"b85rsmkx0h9r7ye","timestamp":1736546137500,"id":"awoyqlwfobh9s0w","previousEventId":"9wzey62dwzyfjm7","previousOperationId":"b85rsmkx0h9r7ye"}
{"type":"operationStart","subtype":"recipe","name":"chrome-pdf","timestamp":1736546137501,"id":"g3b11ssqn1qagu4","previousEventId":"awoyqlwfobh9s0w","operationId":"e9tlhy8837xj784","previousOperationId":"b85rsmkx0h9r7ye"}
{"type":"log","timestamp":1736546137501,"level":"debug","message":"Executing recipe chrome-pdf","meta":{"rootId":"87nnhopccg2vfiu","id":"87nnhopccg2vfiu"},"id":"8ammi4lf0pthda3","previousOperationId":"e9tlhy8837xj784"}
{"type":"log","timestamp":1736546137915,"level":"debug","message":"Converting with chrome Chrome/131.0.6778.204 using dedicated-process strategy","meta":{"rootId":"87nnhopccg2vfiu","id":"87nnhopccg2vfiu"},"id":"09ctt11tegc0jvo","previousOperationId":"e9tlhy8837xj784"}
{"type":"log","timestamp":1736546138019,"level":"debug","message":"Page request: GET (document) file:///tmp/jsreport/autocleanup/98a6877d-b19a-4258-ac4e-00bc61a38d9b-chrome-pdf.html","meta":{"rootId":"87nnhopccg2vfiu","id":"87nnhopccg2vfiu"},"id":"93wjmgpdxpyzpcn","previousOperationId":"e9tlhy8837xj784"}
{"type":"log","timestamp":1736546138039,"level":"debug","message":"Page request: GET (image) http://localhost:3000/img/logo_ucabair.png","meta":{"rootId":"87nnhopccg2vfiu","id":"87nnhopccg2vfiu"},"id":"9vztzudhfpbutu3","previousOperationId":"e9tlhy8837xj784"}
{"type":"log","timestamp":1736546138047,"level":"debug","message":"Page request finished: GET (document) 200 file:///tmp/jsreport/autocleanup/98a6877d-b19a-4258-ac4e-00bc61a38d9b-chrome-pdf.html","meta":{"rootId":"87nnhopccg2vfiu","id":"87nnhopccg2vfiu"},"id":"9h3jdrxlke1bhqn","previousOperationId":"e9tlhy8837xj784"}
{"type":"log","timestamp":1736546138057,"level":"warn","message":"Page request failed: GET (image) http://localhost:3000/img/logo_ucabair.png, failure: net::ERR_BLOCKED_BY_ORB","meta":{"rootId":"87nnhopccg2vfiu","id":"87nnhopccg2vfiu"},"id":"lged5lebzk6lh1u","previousOperationId":"e9tlhy8837xj784"}
{"type":"log","timestamp":1736546138113,"level":"debug","message":"Running chrome with params {\"printBackground\":true,\"timeout\":59343,\"margin\":{}}","meta":{"rootId":"87nnhopccg2vfiu","id":"87nnhopccg2vfiu"},"id":"dme2bgkjo5zs78f","previousOperationId":"e9tlhy8837xj784"}
{"type":"operationEnd","operationId":"e9tlhy8837xj784","timestamp":1736546138487,"id":"ovknjsttocb3ubh","previousEventId":"g3b11ssqn1qagu4","previousOperationId":"e9tlhy8837xj784"}
{"type":"log","timestamp":1736546138488,"level":"debug","message":"Skipping storing report.","meta":{"rootId":"87nnhopccg2vfiu","id":"87nnhopccg2vfiu"},"id":"gpjs2yb55zugt08","previousOperationId":"e9tlhy8837xj784"}
{"type":"log","timestamp":1736546138488,"level":"info","message":"Rendering request 1 finished in 1631 ms","meta":{"rootId":"87nnhopccg2vfiu","id":"87nnhopccg2vfiu"},"id":"3i6r501g4zjjqxj","previousOperationId":"e9tlhy8837xj784"}
{"type":"operationEnd","subtype":"render","operationId":"9pbkb02sj6npp87","timestamp":1736546138488,"id":"kn00ngxre8x7cnw","previousEventId":"ovknjsttocb3ubh","previousOperationId":"e9tlhy8837xj784"}
{"type":"operationEnd","doDiffs":false,"previousEventId":"m83ddu251fm75k3","previousOperationId":"puf7gmd2o1nunwy","operationId":"puf7gmd2o1nunwy","timestamp":1736546138490,"id":"709e84fmjgrlogb"}
