{"type":"operationStart","subtype":"profile","data":{"_id":"Nmpyab9tZa20QLKA","timestamp":"2025-01-10T21:51:10.229Z","state":"queued","mode":"standard","creationDate":"2025-01-10T21:51:10.230Z","modificationDate":"2025-01-10T21:51:10.230Z","shortid":"U2dHEZR","$entitySet":"profiles"},"doDiffs":false,"timestamp":1736545870230,"id":"qyono2vxb7xbt6t","previousOperationId":null,"operationId":"mlbgyt3g4hxf4dd"}
{"type":"log","level":"info","message":"Render request 1 queued for execution and waiting for available worker","previousOperationId":"mlbgyt3g4hxf4dd","timestamp":1736545870230,"id":"dabccxhzvu7my1t"}
{"type":"operationStart","subtype":"render","name":"reporte18","previousOperationId":"mlbgyt3g4hxf4dd","timestamp":1736545870245,"id":"qfq6x75brpok0ms","previousEventId":"qyono2vxb7xbt6t","operationId":"eg4xh2u0bq51vd7"}
{"type":"log","timestamp":1736545870246,"level":"info","message":"Starting rendering request 1","meta":{"rootId":"8pecch4hn2v6sid","id":"8pecch4hn2v6sid"},"id":"nyurw8j9rx2v659","previousOperationId":"eg4xh2u0bq51vd7"}
{"type":"log","timestamp":1736545870247,"level":"info","message":"Rendering template { name: reporte18, recipe: chrome-pdf, engine: handlebars, preview: false }","meta":{"rootId":"8pecch4hn2v6sid","id":"8pecch4hn2v6sid"},"id":"lw9x8n6t0hos7hq","previousOperationId":"eg4xh2u0bq51vd7"}
{"type":"log","timestamp":1736545870248,"level":"debug","message":"Inline data specified.","meta":{"rootId":"8pecch4hn2v6sid","id":"8pecch4hn2v6sid"},"id":"ylcr0rq5mx6x5sl","previousOperationId":"eg4xh2u0bq51vd7"}
{"type":"log","timestamp":1736545870250,"level":"debug","message":"Base url not specified, skipping its injection.","meta":{"rootId":"8pecch4hn2v6sid","id":"8pecch4hn2v6sid"},"id":"nxr3qdp4m8djlkl","previousOperationId":"eg4xh2u0bq51vd7"}
{"type":"operationStart","subtype":"engine","name":"handlebars","timestamp":1736545870251,"id":"w6px8lcn00nikrb","previousEventId":"qfq6x75brpok0ms","operationId":"0ikoe3gvqbohpht","previousOperationId":"eg4xh2u0bq51vd7"}
{"type":"log","timestamp":1736545870251,"level":"debug","message":"Rendering engine handlebars","meta":{"rootId":"8pecch4hn2v6sid","id":"8pecch4hn2v6sid"},"id":"37a0vwoglijs6qi","previousOperationId":"0ikoe3gvqbohpht"}
{"type":"operationEnd","operationId":"0ikoe3gvqbohpht","timestamp":1736545870861,"id":"u2w8zqts5b9ruuv","previousEventId":"w6px8lcn00nikrb","previousOperationId":"0ikoe3gvqbohpht"}
{"type":"operationStart","subtype":"recipe","name":"chrome-pdf","timestamp":1736545870862,"id":"t9ylzv19wren5fv","previousEventId":"u2w8zqts5b9ruuv","operationId":"qz1q5yffrhlhwzo","previousOperationId":"0ikoe3gvqbohpht"}
{"type":"log","timestamp":1736545870862,"level":"debug","message":"Executing recipe chrome-pdf","meta":{"rootId":"8pecch4hn2v6sid","id":"8pecch4hn2v6sid"},"id":"xqpa6abjznzlmdb","previousOperationId":"qz1q5yffrhlhwzo"}
{"type":"log","timestamp":1736545871275,"level":"debug","message":"Converting with chrome Chrome/131.0.6778.204 using dedicated-process strategy","meta":{"rootId":"8pecch4hn2v6sid","id":"8pecch4hn2v6sid"},"id":"8t09qcsupcn3gj7","previousOperationId":"qz1q5yffrhlhwzo"}
{"type":"log","timestamp":1736545871358,"level":"debug","message":"Page request: GET (document) file:///tmp/jsreport/autocleanup/3006ff45-bb29-48ab-9148-c81530a397f0-chrome-pdf.html","meta":{"rootId":"8pecch4hn2v6sid","id":"8pecch4hn2v6sid"},"id":"eoip4m2565c7y79","previousOperationId":"qz1q5yffrhlhwzo"}
{"type":"log","timestamp":1736545871377,"level":"debug","message":"Page request finished: GET (document) 200 file:///tmp/jsreport/autocleanup/3006ff45-bb29-48ab-9148-c81530a397f0-chrome-pdf.html","meta":{"rootId":"8pecch4hn2v6sid","id":"8pecch4hn2v6sid"},"id":"uiol0zzs2j7qptl","previousOperationId":"qz1q5yffrhlhwzo"}
{"type":"log","timestamp":1736545871379,"level":"debug","message":"Page request: GET (image) http://localhost:3000/BACKEND/img/logo_ucabair.png","meta":{"rootId":"8pecch4hn2v6sid","id":"8pecch4hn2v6sid"},"id":"2cpx6fa196q7ig7","previousOperationId":"qz1q5yffrhlhwzo"}
{"type":"log","timestamp":1736545871397,"level":"warn","message":"Page request failed: GET (image) http://localhost:3000/BACKEND/img/logo_ucabair.png, failure: net::ERR_BLOCKED_BY_ORB","meta":{"rootId":"8pecch4hn2v6sid","id":"8pecch4hn2v6sid"},"id":"fxa1hrjv456y3ym","previousOperationId":"qz1q5yffrhlhwzo"}
{"type":"log","timestamp":1736545871448,"level":"debug","message":"Running chrome with params {\"printBackground\":true,\"timeout\":59363,\"margin\":{}}","meta":{"rootId":"8pecch4hn2v6sid","id":"8pecch4hn2v6sid"},"id":"bhxrhv79ag1bero","previousOperationId":"qz1q5yffrhlhwzo"}
{"type":"operationEnd","operationId":"qz1q5yffrhlhwzo","timestamp":1736545871770,"id":"69rwm7u6cgerovn","previousEventId":"t9ylzv19wren5fv","previousOperationId":"qz1q5yffrhlhwzo"}
{"type":"log","timestamp":1736545871770,"level":"debug","message":"Skipping storing report.","meta":{"rootId":"8pecch4hn2v6sid","id":"8pecch4hn2v6sid"},"id":"m4fbl0ar11cexvy","previousOperationId":"qz1q5yffrhlhwzo"}
{"type":"log","timestamp":1736545871770,"level":"info","message":"Rendering request 1 finished in 1542 ms","meta":{"rootId":"8pecch4hn2v6sid","id":"8pecch4hn2v6sid"},"id":"e0gw1lsna8p862c","previousOperationId":"qz1q5yffrhlhwzo"}
{"type":"operationEnd","subtype":"render","operationId":"eg4xh2u0bq51vd7","timestamp":1736545871770,"id":"thppapxj8wqgila","previousEventId":"69rwm7u6cgerovn","previousOperationId":"qz1q5yffrhlhwzo"}
{"type":"operationEnd","doDiffs":false,"previousEventId":"qyono2vxb7xbt6t","previousOperationId":"mlbgyt3g4hxf4dd","operationId":"mlbgyt3g4hxf4dd","timestamp":1736545871772,"id":"sq881clt3bgwut7"}
