{"type":"operationStart","subtype":"profile","data":{"_id":"1iwwm39SHUTD02vI","timestamp":"2025-01-10T19:10:29.668Z","state":"queued","mode":"standard","creationDate":"2025-01-10T19:10:29.669Z","modificationDate":"2025-01-10T19:10:29.669Z","shortid":"7l4mWa0","$entitySet":"profiles"},"doDiffs":false,"timestamp":1736536229668,"id":"mwat88lidc1z5fw","previousOperationId":null,"operationId":"lfwybw9n2m30fnm"}
{"type":"log","level":"info","message":"Render request 2 queued for execution and waiting for available worker","previousOperationId":"lfwybw9n2m30fnm","timestamp":1736536229668,"id":"6b7ge3hzflrjr9y"}
{"type":"operationStart","subtype":"render","name":"reporte18","previousOperationId":"lfwybw9n2m30fnm","timestamp":1736536229678,"id":"9p3ye8zuuzz51co","previousEventId":"mwat88lidc1z5fw","operationId":"ra4ai3kcfihlerm"}
{"type":"log","timestamp":1736536229678,"level":"info","message":"Starting rendering request 2","meta":{"rootId":"a6dff39cdi5wt0a","id":"a6dff39cdi5wt0a"},"id":"5ugpbmyfoi3enza","previousOperationId":"ra4ai3kcfihlerm"}
{"type":"log","timestamp":1736536229680,"level":"info","message":"Rendering template { name: reporte18, recipe: chrome-pdf, engine: handlebars, preview: false }","meta":{"rootId":"a6dff39cdi5wt0a","id":"a6dff39cdi5wt0a"},"id":"r5rih584hcie70g","previousOperationId":"ra4ai3kcfihlerm"}
{"type":"log","timestamp":1736536229680,"level":"debug","message":"Inline data specified.","meta":{"rootId":"a6dff39cdi5wt0a","id":"a6dff39cdi5wt0a"},"id":"lzwjyvjrn5k0t13","previousOperationId":"ra4ai3kcfihlerm"}
{"type":"log","timestamp":1736536229683,"level":"debug","message":"Base url not specified, skipping its injection.","meta":{"rootId":"a6dff39cdi5wt0a","id":"a6dff39cdi5wt0a"},"id":"7k15lbx7a5qk822","previousOperationId":"ra4ai3kcfihlerm"}
{"type":"operationStart","subtype":"engine","name":"handlebars","timestamp":1736536229686,"id":"gc6q7gfqqy1urel","previousEventId":"9p3ye8zuuzz51co","operationId":"01kg5koh3yr4kel","previousOperationId":"ra4ai3kcfihlerm"}
{"type":"log","timestamp":1736536229686,"level":"debug","message":"Rendering engine handlebars","meta":{"rootId":"a6dff39cdi5wt0a","id":"a6dff39cdi5wt0a"},"id":"28qifllqpu14j35","previousOperationId":"01kg5koh3yr4kel"}
{"type":"operationEnd","operationId":"01kg5koh3yr4kel","timestamp":1736536230358,"id":"w4czxfvalg7vmcy","previousEventId":"gc6q7gfqqy1urel","previousOperationId":"01kg5koh3yr4kel"}
{"type":"operationStart","subtype":"recipe","name":"chrome-pdf","timestamp":1736536230359,"id":"7otydsuhqsf7m5h","previousEventId":"w4czxfvalg7vmcy","operationId":"8fo8mdbvf2efys2","previousOperationId":"01kg5koh3yr4kel"}
{"type":"log","timestamp":1736536230359,"level":"debug","message":"Executing recipe chrome-pdf","meta":{"rootId":"a6dff39cdi5wt0a","id":"a6dff39cdi5wt0a"},"id":"fx4yxttwdgnzgzg","previousOperationId":"8fo8mdbvf2efys2"}
{"type":"log","timestamp":1736536230988,"level":"debug","message":"Converting with chrome Chrome/131.0.6778.204 using chrome-pool strategy","meta":{"rootId":"a6dff39cdi5wt0a","id":"a6dff39cdi5wt0a"},"id":"vif07yht3d2tbtr","previousOperationId":"8fo8mdbvf2efys2"}
{"type":"log","timestamp":1736536231271,"level":"debug","message":"Page request: GET (document) file:///tmp/jsreport/autocleanup/4a650beb-76d2-4cbe-96f1-1e428674d6fc-chrome-pdf.html","meta":{"rootId":"a6dff39cdi5wt0a","id":"a6dff39cdi5wt0a"},"id":"j7mu8hfsb396zkr","previousOperationId":"8fo8mdbvf2efys2"}
{"type":"log","timestamp":1736536231326,"level":"debug","message":"Page request finished: GET (document) 200 file:///tmp/jsreport/autocleanup/4a650beb-76d2-4cbe-96f1-1e428674d6fc-chrome-pdf.html","meta":{"rootId":"a6dff39cdi5wt0a","id":"a6dff39cdi5wt0a"},"id":"po0fc34iatxnkx6","previousOperationId":"8fo8mdbvf2efys2"}
{"type":"log","timestamp":1736536231363,"level":"debug","message":"Running chrome with params {\"printBackground\":true,\"timeout\":59296,\"margin\":{}}","meta":{"rootId":"a6dff39cdi5wt0a","id":"a6dff39cdi5wt0a"},"id":"tknnqzr9urq8obh","previousOperationId":"8fo8mdbvf2efys2"}
{"type":"operationEnd","operationId":"8fo8mdbvf2efys2","timestamp":1736536231494,"id":"w2peo80kl0bhy9n","previousEventId":"7otydsuhqsf7m5h","previousOperationId":"8fo8mdbvf2efys2"}
{"type":"log","timestamp":1736536231495,"level":"debug","message":"Skipping storing report.","meta":{"rootId":"a6dff39cdi5wt0a","id":"a6dff39cdi5wt0a"},"id":"hetk1afmbcg4ivv","previousOperationId":"8fo8mdbvf2efys2"}
{"type":"log","timestamp":1736536231495,"level":"info","message":"Rendering request 2 finished in 1828 ms","meta":{"rootId":"a6dff39cdi5wt0a","id":"a6dff39cdi5wt0a"},"id":"ore7nhqm5anxk91","previousOperationId":"8fo8mdbvf2efys2"}
{"type":"operationEnd","subtype":"render","operationId":"ra4ai3kcfihlerm","timestamp":1736536231495,"id":"eam3gwgm0hyq97u","previousEventId":"w2peo80kl0bhy9n","previousOperationId":"8fo8mdbvf2efys2"}
{"type":"operationEnd","doDiffs":false,"previousEventId":"mwat88lidc1z5fw","previousOperationId":"lfwybw9n2m30fnm","operationId":"lfwybw9n2m30fnm","timestamp":1736536231510,"id":"708vrp3j7zrry1r"}
