{"type":"operationStart","subtype":"profile","data":{"_id":"ICHywKen17JUnLCN","timestamp":"2025-01-10T22:05:54.938Z","state":"queued","mode":"standard","creationDate":"2025-01-10T22:05:54.940Z","modificationDate":"2025-01-10T22:05:54.940Z","shortid":"dA1D1Kt","$entitySet":"profiles"},"doDiffs":false,"timestamp":1736546754939,"id":"g2vpfzaczqav4es","previousOperationId":null,"operationId":"82nh1l7hlcr5thi"}
{"type":"log","level":"info","message":"Render request 1 queued for execution and waiting for available worker","previousOperationId":"82nh1l7hlcr5thi","timestamp":1736546754939,"id":"06cpxu45h2tqxt7"}
{"type":"operationStart","subtype":"render","name":"reporte18","previousOperationId":"82nh1l7hlcr5thi","timestamp":1736546754954,"id":"mm3sm13y1db12ia","previousEventId":"g2vpfzaczqav4es","operationId":"fch1a67lus07sjj"}
{"type":"log","timestamp":1736546754955,"level":"info","message":"Starting rendering request 1","meta":{"rootId":"af1q8jchmsqfand","id":"af1q8jchmsqfand"},"id":"ejj54pz25gs2raf","previousOperationId":"fch1a67lus07sjj"}
{"type":"log","timestamp":1736546754956,"level":"info","message":"Rendering template { name: reporte18, recipe: chrome-pdf, engine: handlebars, preview: false }","meta":{"rootId":"af1q8jchmsqfand","id":"af1q8jchmsqfand"},"id":"6grtcjtdp1i0ic3","previousOperationId":"fch1a67lus07sjj"}
{"type":"log","timestamp":1736546754957,"level":"debug","message":"Inline data specified.","meta":{"rootId":"af1q8jchmsqfand","id":"af1q8jchmsqfand"},"id":"dhe2c7un3pzw95k","previousOperationId":"fch1a67lus07sjj"}
{"type":"log","timestamp":1736546754959,"level":"debug","message":"Base url not specified, skipping its injection.","meta":{"rootId":"af1q8jchmsqfand","id":"af1q8jchmsqfand"},"id":"8k8nb9rsud2y593","previousOperationId":"fch1a67lus07sjj"}
{"type":"operationStart","subtype":"engine","name":"handlebars","timestamp":1736546754960,"id":"1u3ugg232kalji5","previousEventId":"mm3sm13y1db12ia","operationId":"6cm5l2onngkexnw","previousOperationId":"fch1a67lus07sjj"}
{"type":"log","timestamp":1736546754960,"level":"debug","message":"Rendering engine handlebars","meta":{"rootId":"af1q8jchmsqfand","id":"af1q8jchmsqfand"},"id":"9zjy5phxben7x9o","previousOperationId":"6cm5l2onngkexnw"}
{"type":"operationEnd","operationId":"6cm5l2onngkexnw","timestamp":1736546755538,"id":"tiwnxjeswgbme1q","previousEventId":"1u3ugg232kalji5","previousOperationId":"6cm5l2onngkexnw"}
{"type":"operationStart","subtype":"recipe","name":"chrome-pdf","timestamp":1736546755539,"id":"lus6ezda2u2h5k1","previousEventId":"tiwnxjeswgbme1q","operationId":"debkq8mjuwtnmrm","previousOperationId":"6cm5l2onngkexnw"}
{"type":"log","timestamp":1736546755539,"level":"debug","message":"Executing recipe chrome-pdf","meta":{"rootId":"af1q8jchmsqfand","id":"af1q8jchmsqfand"},"id":"s506if69l9j4mie","previousOperationId":"debkq8mjuwtnmrm"}
{"type":"log","timestamp":1736546755951,"level":"debug","message":"Converting with chrome Chrome/131.0.6778.204 using dedicated-process strategy","meta":{"rootId":"af1q8jchmsqfand","id":"af1q8jchmsqfand"},"id":"q6zupufjchoog01","previousOperationId":"debkq8mjuwtnmrm"}
{"type":"log","timestamp":1736546756066,"level":"debug","message":"Page request: GET (document) file:///tmp/jsreport/autocleanup/f96374b7-f895-470a-95e2-3bfef7e81027-chrome-pdf.html","meta":{"rootId":"af1q8jchmsqfand","id":"af1q8jchmsqfand"},"id":"rfw84gsjiq8x1wn","previousOperationId":"debkq8mjuwtnmrm"}
{"type":"log","timestamp":1736546756084,"level":"debug","message":"Page request finished: GET (document) 200 file:///tmp/jsreport/autocleanup/f96374b7-f895-470a-95e2-3bfef7e81027-chrome-pdf.html","meta":{"rootId":"af1q8jchmsqfand","id":"af1q8jchmsqfand"},"id":"1q87gm05s1jusvp","previousOperationId":"debkq8mjuwtnmrm"}
{"type":"log","timestamp":1736546756089,"level":"debug","message":"Page request: GET (image) https://pin.it/30gktJH2p","meta":{"rootId":"af1q8jchmsqfand","id":"af1q8jchmsqfand"},"id":"u15aux9hbbonwei","previousOperationId":"debkq8mjuwtnmrm"}
{"type":"log","timestamp":1736546756173,"level":"warn","message":"Page request failed: GET (image) 308 https://pin.it/30gktJH2p (redirect to: https://api.pinterest.com/url_shortener/30gktJH2p/redirect/)","meta":{"rootId":"af1q8jchmsqfand","id":"af1q8jchmsqfand"},"id":"wz2kyb14sthzt42","previousOperationId":"debkq8mjuwtnmrm"}
{"type":"log","timestamp":1736546756174,"level":"debug","message":"Page request: GET (image) https://api.pinterest.com/url_shortener/30gktJH2p/redirect/ (redirect from: https://pin.it/30gktJH2p)","meta":{"rootId":"af1q8jchmsqfand","id":"af1q8jchmsqfand"},"id":"avah5kigougt65x","previousOperationId":"debkq8mjuwtnmrm"}
{"type":"log","timestamp":1736546756250,"level":"warn","message":"Page request failed: GET (image) 302 https://api.pinterest.com/url_shortener/30gktJH2p/redirect/ (redirect to: https://www.pinterest.com/pin/660621839124469780/sent/?invite_code=a9d76e2426c3475aa8afaeae08ceab13&sfo=1)","meta":{"rootId":"af1q8jchmsqfand","id":"af1q8jchmsqfand"},"id":"wpxfua0cllc57y8","previousOperationId":"debkq8mjuwtnmrm"}
{"type":"log","timestamp":1736546756250,"level":"debug","message":"Page request: GET (image) https://www.pinterest.com/pin/660621839124469780/sent/?invite_code=a9d76e2426c3475aa8afaeae08ceab13&sfo=1 (redirect from: https://api.pinterest.com/url_shortener/30gktJH2p/redirect/)","meta":{"rootId":"af1q8jchmsqfand","id":"af1q8jchmsqfand"},"id":"7pgws7hlhy2jzsl","previousOperationId":"debkq8mjuwtnmrm"}
{"type":"log","timestamp":1736546756528,"level":"warn","message":"Page request failed: GET (image) https://www.pinterest.com/pin/660621839124469780/sent/?invite_code=a9d76e2426c3475aa8afaeae08ceab13&sfo=1, failure: net::ERR_BLOCKED_BY_ORB","meta":{"rootId":"af1q8jchmsqfand","id":"af1q8jchmsqfand"},"id":"mj5jv1rd2a97l3t","previousOperationId":"debkq8mjuwtnmrm"}
{"type":"log","timestamp":1736546756546,"level":"debug","message":"Running chrome with params {\"printBackground\":true,\"timeout\":59395,\"margin\":{}}","meta":{"rootId":"af1q8jchmsqfand","id":"af1q8jchmsqfand"},"id":"ecmtq44jg3n651m","previousOperationId":"debkq8mjuwtnmrm"}
{"type":"operationEnd","operationId":"debkq8mjuwtnmrm","timestamp":1736546756936,"id":"kgqyxoxli4mlg8u","previousEventId":"lus6ezda2u2h5k1","previousOperationId":"debkq8mjuwtnmrm"}
{"type":"log","timestamp":1736546756937,"level":"debug","message":"Skipping storing report.","meta":{"rootId":"af1q8jchmsqfand","id":"af1q8jchmsqfand"},"id":"k1c71stpbn0soqm","previousOperationId":"debkq8mjuwtnmrm"}
{"type":"log","timestamp":1736546756937,"level":"info","message":"Rendering request 1 finished in 2000 ms","meta":{"rootId":"af1q8jchmsqfand","id":"af1q8jchmsqfand"},"id":"7dlzu0svx2u2g2t","previousOperationId":"debkq8mjuwtnmrm"}
{"type":"operationEnd","subtype":"render","operationId":"fch1a67lus07sjj","timestamp":1736546756937,"id":"o7rbajx6m92rs1i","previousEventId":"kgqyxoxli4mlg8u","previousOperationId":"debkq8mjuwtnmrm"}
{"type":"operationEnd","doDiffs":false,"previousEventId":"g2vpfzaczqav4es","previousOperationId":"82nh1l7hlcr5thi","operationId":"82nh1l7hlcr5thi","timestamp":1736546756939,"id":"1ylax5uvq7wihvk"}
