{"type":"operationStart","subtype":"profile","data":{"_id":"iJaoDjko34iYzyf5","timestamp":"2025-01-10T19:10:23.078Z","state":"queued","mode":"standard","creationDate":"2025-01-10T19:10:23.080Z","modificationDate":"2025-01-10T19:10:23.080Z","shortid":"hu73ufY","$entitySet":"profiles"},"doDiffs":false,"timestamp":1736536223079,"id":"ndcieabcs8khcsl","previousOperationId":null,"operationId":"an6whp558tdojt2"}
{"type":"log","level":"info","message":"Render request 1 queued for execution and waiting for available worker","previousOperationId":"an6whp558tdojt2","timestamp":1736536223079,"id":"8xfboqvl7z7kafz"}
{"type":"operationStart","subtype":"render","name":"reporte18","previousOperationId":"an6whp558tdojt2","timestamp":1736536223093,"id":"l3gjdv2p4c5ji7k","previousEventId":"ndcieabcs8khcsl","operationId":"9wbutyp8gv4vt85"}
{"type":"log","timestamp":1736536223094,"level":"info","message":"Starting rendering request 1","meta":{"rootId":"cpu9i5lbe8tatk6","id":"cpu9i5lbe8tatk6"},"id":"06i6it568vou23d","previousOperationId":"9wbutyp8gv4vt85"}
{"type":"log","timestamp":1736536223095,"level":"info","message":"Rendering template { name: reporte18, recipe: chrome-pdf, engine: handlebars, preview: false }","meta":{"rootId":"cpu9i5lbe8tatk6","id":"cpu9i5lbe8tatk6"},"id":"7i53wj31y9ghiw6","previousOperationId":"9wbutyp8gv4vt85"}
{"type":"log","timestamp":1736536223095,"level":"debug","message":"Inline data specified.","meta":{"rootId":"cpu9i5lbe8tatk6","id":"cpu9i5lbe8tatk6"},"id":"ehdk140a49es2j0","previousOperationId":"9wbutyp8gv4vt85"}
{"type":"log","timestamp":1736536223098,"level":"debug","message":"Base url not specified, skipping its injection.","meta":{"rootId":"cpu9i5lbe8tatk6","id":"cpu9i5lbe8tatk6"},"id":"n5tddrqiuirgqtf","previousOperationId":"9wbutyp8gv4vt85"}
{"type":"operationStart","subtype":"engine","name":"handlebars","timestamp":1736536223099,"id":"ibqkb876pmr96cl","previousEventId":"l3gjdv2p4c5ji7k","operationId":"4mus6wed24jxh5o","previousOperationId":"9wbutyp8gv4vt85"}
{"type":"log","timestamp":1736536223099,"level":"debug","message":"Rendering engine handlebars","meta":{"rootId":"cpu9i5lbe8tatk6","id":"cpu9i5lbe8tatk6"},"id":"7pe4mvo4mr3ddus","previousOperationId":"4mus6wed24jxh5o"}
{"type":"operationEnd","operationId":"4mus6wed24jxh5o","timestamp":1736536223682,"id":"d8a297nx4x4r9l9","previousEventId":"ibqkb876pmr96cl","previousOperationId":"4mus6wed24jxh5o"}
{"type":"operationStart","subtype":"recipe","name":"chrome-pdf","timestamp":1736536223683,"id":"wu4iy0qwo5ktatp","previousEventId":"d8a297nx4x4r9l9","operationId":"dolor2ff8on7hxp","previousOperationId":"4mus6wed24jxh5o"}
{"type":"log","timestamp":1736536223683,"level":"debug","message":"Executing recipe chrome-pdf","meta":{"rootId":"cpu9i5lbe8tatk6","id":"cpu9i5lbe8tatk6"},"id":"arhdwvrkr1qmlzb","previousOperationId":"dolor2ff8on7hxp"}
{"type":"log","timestamp":1736536224031,"level":"debug","message":"Converting with chrome Chrome/131.0.6778.204 using chrome-pool strategy","meta":{"rootId":"cpu9i5lbe8tatk6","id":"cpu9i5lbe8tatk6"},"id":"yjao7mzx65eqlsx","previousOperationId":"dolor2ff8on7hxp"}
{"type":"log","timestamp":1736536224154,"level":"debug","message":"Page request: GET (document) file:///tmp/jsreport/autocleanup/1a219f55-176e-40df-b8d8-e0a8fcdec80a-chrome-pdf.html","meta":{"rootId":"cpu9i5lbe8tatk6","id":"cpu9i5lbe8tatk6"},"id":"got1ymktbu9qu7f","previousOperationId":"dolor2ff8on7hxp"}
{"type":"log","timestamp":1736536224198,"level":"debug","message":"Page request finished: GET (document) 200 file:///tmp/jsreport/autocleanup/1a219f55-176e-40df-b8d8-e0a8fcdec80a-chrome-pdf.html","meta":{"rootId":"cpu9i5lbe8tatk6","id":"cpu9i5lbe8tatk6"},"id":"u23tuhmff4jas3v","previousOperationId":"dolor2ff8on7hxp"}
{"type":"log","timestamp":1736536224208,"level":"debug","message":"Running chrome with params {\"printBackground\":true,\"timeout\":59391,\"margin\":{}}","meta":{"rootId":"cpu9i5lbe8tatk6","id":"cpu9i5lbe8tatk6"},"id":"ry75bvrpvrszszx","previousOperationId":"dolor2ff8on7hxp"}
{"type":"operationEnd","operationId":"dolor2ff8on7hxp","timestamp":1736536224286,"id":"fi62twnujqnouh6","previousEventId":"wu4iy0qwo5ktatp","previousOperationId":"dolor2ff8on7hxp"}
{"type":"log","timestamp":1736536224287,"level":"debug","message":"Skipping storing report.","meta":{"rootId":"cpu9i5lbe8tatk6","id":"cpu9i5lbe8tatk6"},"id":"u8no22uha5a4dy1","previousOperationId":"dolor2ff8on7hxp"}
{"type":"log","timestamp":1736536224287,"level":"info","message":"Rendering request 1 finished in 1210 ms","meta":{"rootId":"cpu9i5lbe8tatk6","id":"cpu9i5lbe8tatk6"},"id":"v2kea2xkvjbv05e","previousOperationId":"dolor2ff8on7hxp"}
{"type":"operationEnd","subtype":"render","operationId":"9wbutyp8gv4vt85","timestamp":1736536224287,"id":"lof1a640y8bmsau","previousEventId":"fi62twnujqnouh6","previousOperationId":"dolor2ff8on7hxp"}
{"type":"operationEnd","doDiffs":false,"previousEventId":"ndcieabcs8khcsl","previousOperationId":"an6whp558tdojt2","operationId":"an6whp558tdojt2","timestamp":1736536224294,"id":"vwj1aud88qy3ek9"}
