{"type":"operationStart","subtype":"profile","data":{"_id":"yNMFwdWGa0OWNNCj","timestamp":"2025-01-10T22:13:58.961Z","state":"queued","mode":"standard","creationDate":"2025-01-10T22:13:58.963Z","modificationDate":"2025-01-10T22:13:58.963Z","shortid":"lmxLT9b","$entitySet":"profiles"},"doDiffs":false,"timestamp":1736547238962,"id":"0av2knllgoki4vj","previousOperationId":null,"operationId":"x4l7ac9airs0m54"}
{"type":"log","level":"info","message":"Render request 1 queued for execution and waiting for available worker","previousOperationId":"x4l7ac9airs0m54","timestamp":1736547238962,"id":"qu04nkfashu3n8f"}
{"type":"operationStart","subtype":"render","name":"reporte18","previousOperationId":"x4l7ac9airs0m54","timestamp":1736547238977,"id":"kamoyob8vv8rrh1","previousEventId":"0av2knllgoki4vj","operationId":"1frgi31unqyn7sb"}
{"type":"log","timestamp":1736547238977,"level":"info","message":"Starting rendering request 1","meta":{"rootId":"dw0n2h08cexnbbh","id":"dw0n2h08cexnbbh"},"id":"1p2qw87lf8r4oo7","previousOperationId":"1frgi31unqyn7sb"}
{"type":"log","timestamp":1736547238979,"level":"info","message":"Rendering template { name: reporte18, recipe: chrome-pdf, engine: handlebars, preview: false }","meta":{"rootId":"dw0n2h08cexnbbh","id":"dw0n2h08cexnbbh"},"id":"hgowxh109owwo15","previousOperationId":"1frgi31unqyn7sb"}
{"type":"log","timestamp":1736547238979,"level":"debug","message":"Inline data specified.","meta":{"rootId":"dw0n2h08cexnbbh","id":"dw0n2h08cexnbbh"},"id":"dyaqlfs2kwk8y5z","previousOperationId":"1frgi31unqyn7sb"}
{"type":"log","timestamp":1736547238982,"level":"debug","message":"Base url not specified, skipping its injection.","meta":{"rootId":"dw0n2h08cexnbbh","id":"dw0n2h08cexnbbh"},"id":"6bodm6evz9vb3on","previousOperationId":"1frgi31unqyn7sb"}
{"type":"operationStart","subtype":"engine","name":"handlebars","timestamp":1736547238983,"id":"y069q7ecndgar2f","previousEventId":"kamoyob8vv8rrh1","operationId":"fghnx7pen7fua99","previousOperationId":"1frgi31unqyn7sb"}
{"type":"log","timestamp":1736547238983,"level":"debug","message":"Rendering engine handlebars","meta":{"rootId":"dw0n2h08cexnbbh","id":"dw0n2h08cexnbbh"},"id":"efbbel4oc92lnis","previousOperationId":"fghnx7pen7fua99"}
{"type":"operationEnd","operationId":"fghnx7pen7fua99","timestamp":1736547239509,"id":"jbm28oe1mvxlkrd","previousEventId":"y069q7ecndgar2f","previousOperationId":"fghnx7pen7fua99"}
{"type":"operationStart","subtype":"recipe","name":"chrome-pdf","timestamp":1736547239512,"id":"soxtp8147ujuldc","previousEventId":"jbm28oe1mvxlkrd","operationId":"fp50aa31o92upcg","previousOperationId":"fghnx7pen7fua99"}
{"type":"log","timestamp":1736547239512,"level":"debug","message":"Executing recipe chrome-pdf","meta":{"rootId":"dw0n2h08cexnbbh","id":"dw0n2h08cexnbbh"},"id":"9ls8k8n2o19fqg8","previousOperationId":"fp50aa31o92upcg"}
{"type":"log","timestamp":1736547239919,"level":"debug","message":"Converting with chrome Chrome/131.0.6778.204 using dedicated-process strategy","meta":{"rootId":"dw0n2h08cexnbbh","id":"dw0n2h08cexnbbh"},"id":"224sapmsqr9ce62","previousOperationId":"fp50aa31o92upcg"}
{"type":"log","timestamp":1736547240017,"level":"debug","message":"Page request: GET (document) file:///tmp/jsreport/autocleanup/5c4d0e8f-b721-4d80-a7a9-455dafbba888-chrome-pdf.html","meta":{"rootId":"dw0n2h08cexnbbh","id":"dw0n2h08cexnbbh"},"id":"24hjqhvjlm6e9om","previousOperationId":"fp50aa31o92upcg"}
{"type":"log","timestamp":1736547240034,"level":"debug","message":"Page request finished: GET (document) 200 file:///tmp/jsreport/autocleanup/5c4d0e8f-b721-4d80-a7a9-455dafbba888-chrome-pdf.html","meta":{"rootId":"dw0n2h08cexnbbh","id":"dw0n2h08cexnbbh"},"id":"cvq3dhj6k9arb1r","previousOperationId":"fp50aa31o92upcg"}
{"type":"log","timestamp":1736547240039,"level":"debug","message":"Page request: GET (image) https://i.pinimg.com/736x/ac/66/fd/ac66fdbcf17e7c77173cf01c4dbb1cfc.jpg","meta":{"rootId":"dw0n2h08cexnbbh","id":"dw0n2h08cexnbbh"},"id":"d71rp7gokumhfmt","previousOperationId":"fp50aa31o92upcg"}
{"type":"log","timestamp":1736547240090,"level":"debug","message":"Page request finished: GET (image) 200 https://i.pinimg.com/736x/ac/66/fd/ac66fdbcf17e7c77173cf01c4dbb1cfc.jpg","meta":{"rootId":"dw0n2h08cexnbbh","id":"dw0n2h08cexnbbh"},"id":"8krw7hvlo2t7nmi","previousOperationId":"fp50aa31o92upcg"}
{"type":"log","timestamp":1736547240109,"level":"debug","message":"Running chrome with params {\"printBackground\":true,\"timeout\":59428,\"margin\":{}}","meta":{"rootId":"dw0n2h08cexnbbh","id":"dw0n2h08cexnbbh"},"id":"ej2576vuada0314","previousOperationId":"fp50aa31o92upcg"}
{"type":"operationEnd","operationId":"fp50aa31o92upcg","timestamp":1736547240599,"id":"xyntic7s48cguf7","previousEventId":"soxtp8147ujuldc","previousOperationId":"fp50aa31o92upcg"}
{"type":"log","timestamp":1736547240599,"level":"debug","message":"Skipping storing report.","meta":{"rootId":"dw0n2h08cexnbbh","id":"dw0n2h08cexnbbh"},"id":"belw6cakf1qjkka","previousOperationId":"fp50aa31o92upcg"}
{"type":"log","timestamp":1736547240599,"level":"info","message":"Rendering request 1 finished in 1639 ms","meta":{"rootId":"dw0n2h08cexnbbh","id":"dw0n2h08cexnbbh"},"id":"hh9ncsjmi0f0ccn","previousOperationId":"fp50aa31o92upcg"}
{"type":"operationEnd","subtype":"render","operationId":"1frgi31unqyn7sb","timestamp":1736547240599,"id":"4qxrxoo9keztz8s","previousEventId":"xyntic7s48cguf7","previousOperationId":"fp50aa31o92upcg"}
{"type":"operationEnd","doDiffs":false,"previousEventId":"0av2knllgoki4vj","previousOperationId":"x4l7ac9airs0m54","operationId":"x4l7ac9airs0m54","timestamp":1736547240602,"id":"fcfsra5efb616x2"}
