{"type":"operationStart","subtype":"profile","data":{"_id":"900XS1hOUgDmM1E4","timestamp":"2025-01-10T19:32:43.471Z","state":"queued","mode":"standard","creationDate":"2025-01-10T19:32:43.473Z","modificationDate":"2025-01-10T19:32:43.473Z","shortid":"iUwcEFC","$entitySet":"profiles"},"doDiffs":false,"timestamp":1736537563472,"id":"agn1vetfx2jtavs","previousOperationId":null,"operationId":"20311tw3cgos6ts"}
{"type":"log","level":"info","message":"Render request 1 queued for execution and waiting for available worker","previousOperationId":"20311tw3cgos6ts","timestamp":1736537563472,"id":"6wjg2admb3xghtr"}
{"type":"operationStart","subtype":"render","name":"reporte18","previousOperationId":"20311tw3cgos6ts","timestamp":1736537563485,"id":"mb24e6v44l6vy1o","previousEventId":"agn1vetfx2jtavs","operationId":"tkkuhrzn5dj81ji"}
{"type":"log","timestamp":1736537563486,"level":"info","message":"Starting rendering request 1","meta":{"rootId":"e4byab1a3f8wwua","id":"e4byab1a3f8wwua"},"id":"sk1u109pymmzi63","previousOperationId":"tkkuhrzn5dj81ji"}
{"type":"log","timestamp":1736537563487,"level":"info","message":"Rendering template { name: reporte18, recipe: chrome-pdf, engine: handlebars, preview: false }","meta":{"rootId":"e4byab1a3f8wwua","id":"e4byab1a3f8wwua"},"id":"h2hx3nz0rlugdm5","previousOperationId":"tkkuhrzn5dj81ji"}
{"type":"log","timestamp":1736537563488,"level":"debug","message":"Inline data specified.","meta":{"rootId":"e4byab1a3f8wwua","id":"e4byab1a3f8wwua"},"id":"wq4n2b291uz1x5w","previousOperationId":"tkkuhrzn5dj81ji"}
{"type":"log","timestamp":1736537563491,"level":"debug","message":"Base url not specified, skipping its injection.","meta":{"rootId":"e4byab1a3f8wwua","id":"e4byab1a3f8wwua"},"id":"xgn4ycmqnl6oh3p","previousOperationId":"tkkuhrzn5dj81ji"}
{"type":"operationStart","subtype":"engine","name":"handlebars","timestamp":1736537563492,"id":"sevj3ky5chd28j1","previousEventId":"mb24e6v44l6vy1o","operationId":"o9gc61rtlazepx6","previousOperationId":"tkkuhrzn5dj81ji"}
{"type":"log","timestamp":1736537563492,"level":"debug","message":"Rendering engine handlebars","meta":{"rootId":"e4byab1a3f8wwua","id":"e4byab1a3f8wwua"},"id":"mqwh7td82z94116","previousOperationId":"o9gc61rtlazepx6"}
{"type":"operationEnd","operationId":"o9gc61rtlazepx6","timestamp":1736537563995,"id":"qkuelst1vusuuds","previousEventId":"sevj3ky5chd28j1","previousOperationId":"o9gc61rtlazepx6"}
{"type":"operationStart","subtype":"recipe","name":"chrome-pdf","timestamp":1736537563996,"id":"6yvoqn8s2nbz851","previousEventId":"qkuelst1vusuuds","operationId":"xbyb1bqs53gesfx","previousOperationId":"o9gc61rtlazepx6"}
{"type":"log","timestamp":1736537563996,"level":"debug","message":"Executing recipe chrome-pdf","meta":{"rootId":"e4byab1a3f8wwua","id":"e4byab1a3f8wwua"},"id":"rsj81h0d9ua9f6w","previousOperationId":"xbyb1bqs53gesfx"}
{"type":"log","timestamp":1736537564385,"level":"debug","message":"Converting with chrome Chrome/131.0.6778.204 using dedicated-process strategy","meta":{"rootId":"e4byab1a3f8wwua","id":"e4byab1a3f8wwua"},"id":"kbvejd7pn9idrdv","previousOperationId":"xbyb1bqs53gesfx"}
{"type":"log","timestamp":1736537564491,"level":"debug","message":"Page request: GET (document) file:///tmp/jsreport/autocleanup/32d91f52-d329-42ed-a219-3cac066ccd29-chrome-pdf.html","meta":{"rootId":"e4byab1a3f8wwua","id":"e4byab1a3f8wwua"},"id":"t7sodaiezlstrr2","previousOperationId":"xbyb1bqs53gesfx"}
{"type":"log","timestamp":1736537564512,"level":"debug","message":"Page request finished: GET (document) 200 file:///tmp/jsreport/autocleanup/32d91f52-d329-42ed-a219-3cac066ccd29-chrome-pdf.html","meta":{"rootId":"e4byab1a3f8wwua","id":"e4byab1a3f8wwua"},"id":"zujdj4yjsxdzprp","previousOperationId":"xbyb1bqs53gesfx"}
{"type":"log","timestamp":1736537564524,"level":"debug","message":"Running chrome with params {\"printBackground\":true,\"timeout\":59471,\"margin\":{}}","meta":{"rootId":"e4byab1a3f8wwua","id":"e4byab1a3f8wwua"},"id":"cwl8kd4ov9boc7n","previousOperationId":"xbyb1bqs53gesfx"}
{"type":"operationEnd","operationId":"xbyb1bqs53gesfx","timestamp":1736537564710,"id":"hi5wotom7qcs1kt","previousEventId":"6yvoqn8s2nbz851","previousOperationId":"xbyb1bqs53gesfx"}
{"type":"log","timestamp":1736537564712,"level":"debug","message":"Skipping storing report.","meta":{"rootId":"e4byab1a3f8wwua","id":"e4byab1a3f8wwua"},"id":"nos1pqzgp3ml0on","previousOperationId":"xbyb1bqs53gesfx"}
{"type":"log","timestamp":1736537564712,"level":"info","message":"Rendering request 1 finished in 1242 ms","meta":{"rootId":"e4byab1a3f8wwua","id":"e4byab1a3f8wwua"},"id":"7eoqiwajoxswwfu","previousOperationId":"xbyb1bqs53gesfx"}
{"type":"operationEnd","subtype":"render","operationId":"tkkuhrzn5dj81ji","timestamp":1736537564712,"id":"oj1g77j8owqpb7x","previousEventId":"hi5wotom7qcs1kt","previousOperationId":"xbyb1bqs53gesfx"}
{"type":"operationEnd","doDiffs":false,"previousEventId":"agn1vetfx2jtavs","previousOperationId":"20311tw3cgos6ts","operationId":"20311tw3cgos6ts","timestamp":1736537564716,"id":"mmnzbz7689oc9w6"}
