{"type":"operationStart","subtype":"profile","data":{"_id":"jQXSf4safrbUgby6","timestamp":"2025-01-10T20:05:35.774Z","state":"queued","mode":"standard","creationDate":"2025-01-10T20:05:35.779Z","modificationDate":"2025-01-10T20:05:35.779Z","shortid":"64H3LJ-","$entitySet":"profiles"},"doDiffs":false,"timestamp":1736539535776,"id":"lnvpt3ig8zucjwt","previousOperationId":null,"operationId":"gvvkfnrmrtb09l4"}
{"type":"log","level":"info","message":"Render request 1 queued for execution and waiting for available worker","previousOperationId":"gvvkfnrmrtb09l4","timestamp":1736539535777,"id":"k9tplc4qm28tpha"}
{"type":"operationStart","subtype":"render","name":"reporte18","previousOperationId":"gvvkfnrmrtb09l4","timestamp":1736539535802,"id":"nsyd14vcgzhx4tk","previousEventId":"lnvpt3ig8zucjwt","operationId":"dm9tigcdrjhbq37"}
{"type":"log","timestamp":1736539535803,"level":"info","message":"Starting rendering request 1","meta":{"rootId":"ej1op3ydn5zqel2","id":"ej1op3ydn5zqel2"},"id":"0asuhiz5bmfzpmr","previousOperationId":"dm9tigcdrjhbq37"}
{"type":"log","timestamp":1736539535804,"level":"info","message":"Rendering template { name: reporte18, recipe: chrome-pdf, engine: handlebars, preview: false }","meta":{"rootId":"ej1op3ydn5zqel2","id":"ej1op3ydn5zqel2"},"id":"wpdqz6c2i1w7auh","previousOperationId":"dm9tigcdrjhbq37"}
{"type":"log","timestamp":1736539535804,"level":"debug","message":"Inline data specified.","meta":{"rootId":"ej1op3ydn5zqel2","id":"ej1op3ydn5zqel2"},"id":"0ytn8ly85t6acqa","previousOperationId":"dm9tigcdrjhbq37"}
{"type":"log","timestamp":1736539535810,"level":"debug","message":"Base url not specified, skipping its injection.","meta":{"rootId":"ej1op3ydn5zqel2","id":"ej1op3ydn5zqel2"},"id":"g3ls54usv9yi31q","previousOperationId":"dm9tigcdrjhbq37"}
{"type":"operationStart","subtype":"engine","name":"handlebars","timestamp":1736539535811,"id":"eeqp3ios4066sc2","previousEventId":"nsyd14vcgzhx4tk","operationId":"3gwvaekp7hn7j1p","previousOperationId":"dm9tigcdrjhbq37"}
{"type":"log","timestamp":1736539535811,"level":"debug","message":"Rendering engine handlebars","meta":{"rootId":"ej1op3ydn5zqel2","id":"ej1op3ydn5zqel2"},"id":"2nje37i576ym9o1","previousOperationId":"3gwvaekp7hn7j1p"}
{"type":"operationEnd","operationId":"3gwvaekp7hn7j1p","timestamp":1736539537950,"id":"41wpmu3j1kkkh5u","previousEventId":"eeqp3ios4066sc2","previousOperationId":"3gwvaekp7hn7j1p"}
{"type":"operationStart","subtype":"recipe","name":"chrome-pdf","timestamp":1736539537952,"id":"6ypgg3hoz5dgg1d","previousEventId":"41wpmu3j1kkkh5u","operationId":"tgvw0bkwxd49se9","previousOperationId":"3gwvaekp7hn7j1p"}
{"type":"log","timestamp":1736539537952,"level":"debug","message":"Executing recipe chrome-pdf","meta":{"rootId":"ej1op3ydn5zqel2","id":"ej1op3ydn5zqel2"},"id":"5ob8hzrvvx4qbzd","previousOperationId":"tgvw0bkwxd49se9"}
{"type":"log","timestamp":1736539545572,"level":"debug","message":"Converting with chrome Chrome/131.0.6778.204 using dedicated-process strategy","meta":{"rootId":"ej1op3ydn5zqel2","id":"ej1op3ydn5zqel2"},"id":"opzh961nwiwfr3a","previousOperationId":"tgvw0bkwxd49se9"}
{"type":"log","timestamp":1736539546100,"level":"debug","message":"Page request: GET (document) file:///tmp/jsreport/autocleanup/b121656c-cb7f-49a5-b2f1-3531ad7f7dcc-chrome-pdf.html","meta":{"rootId":"ej1op3ydn5zqel2","id":"ej1op3ydn5zqel2"},"id":"8bdpw9uizi2gm6g","previousOperationId":"tgvw0bkwxd49se9"}
{"type":"log","timestamp":1736539546138,"level":"debug","message":"Page request finished: GET (document) 200 file:///tmp/jsreport/autocleanup/b121656c-cb7f-49a5-b2f1-3531ad7f7dcc-chrome-pdf.html","meta":{"rootId":"ej1op3ydn5zqel2","id":"ej1op3ydn5zqel2"},"id":"5veal3c9l00syxa","previousOperationId":"tgvw0bkwxd49se9"}
{"type":"log","timestamp":1736539546218,"level":"debug","message":"Running chrome with params {\"printBackground\":true,\"timeout\":57804,\"margin\":{}}","meta":{"rootId":"ej1op3ydn5zqel2","id":"ej1op3ydn5zqel2"},"id":"rttnaozu8hvzvbv","previousOperationId":"tgvw0bkwxd49se9"}
{"type":"operationEnd","operationId":"tgvw0bkwxd49se9","timestamp":1736539546842,"id":"bsm3vye5gcs67vl","previousEventId":"6ypgg3hoz5dgg1d","previousOperationId":"tgvw0bkwxd49se9"}
{"type":"log","timestamp":1736539546843,"level":"debug","message":"Skipping storing report.","meta":{"rootId":"ej1op3ydn5zqel2","id":"ej1op3ydn5zqel2"},"id":"a4vyod99yx5tgp8","previousOperationId":"tgvw0bkwxd49se9"}
{"type":"log","timestamp":1736539546843,"level":"info","message":"Rendering request 1 finished in 11071 ms","meta":{"rootId":"ej1op3ydn5zqel2","id":"ej1op3ydn5zqel2"},"id":"qxmh7c05ukff2yr","previousOperationId":"tgvw0bkwxd49se9"}
{"type":"operationEnd","subtype":"render","operationId":"dm9tigcdrjhbq37","timestamp":1736539546843,"id":"lp0buoqyk79dl8g","previousEventId":"bsm3vye5gcs67vl","previousOperationId":"tgvw0bkwxd49se9"}
{"type":"operationEnd","doDiffs":false,"previousEventId":"lnvpt3ig8zucjwt","previousOperationId":"gvvkfnrmrtb09l4","operationId":"gvvkfnrmrtb09l4","timestamp":1736539546849,"id":"54u4wdjf0h8zzf4"}
