{"type":"operationStart","subtype":"profile","data":{"_id":"gRgmc99lIPQnvKka","timestamp":"2025-01-10T19:33:47.933Z","state":"queued","mode":"standard","creationDate":"2025-01-10T19:33:47.934Z","modificationDate":"2025-01-10T19:33:47.934Z","shortid":"U3-Q5JS","$entitySet":"profiles"},"doDiffs":false,"timestamp":1736537627933,"id":"wx5bolpcyb4pf0d","previousOperationId":null,"operationId":"ursau7txqh9dzc4"}
{"type":"log","level":"info","message":"Render request 2 queued for execution and waiting for available worker","previousOperationId":"ursau7txqh9dzc4","timestamp":1736537627933,"id":"n8lm6e1hq4chs3w"}
{"type":"operationStart","subtype":"render","name":"reporte18","previousOperationId":"ursau7txqh9dzc4","timestamp":1736537627938,"id":"wl4wefpoxo82mtg","previousEventId":"wx5bolpcyb4pf0d","operationId":"njkiyyj9q4gq7f6"}
{"type":"log","timestamp":1736537627939,"level":"info","message":"Starting rendering request 2","meta":{"rootId":"h1ymqzypnz7mqvl","id":"h1ymqzypnz7mqvl"},"id":"86ov2lqcp9nuvrp","previousOperationId":"njkiyyj9q4gq7f6"}
{"type":"log","timestamp":1736537627941,"level":"info","message":"Rendering template { name: reporte18, recipe: chrome-pdf, engine: handlebars, preview: false }","meta":{"rootId":"h1ymqzypnz7mqvl","id":"h1ymqzypnz7mqvl"},"id":"wu03y6yaf0oc29j","previousOperationId":"njkiyyj9q4gq7f6"}
{"type":"log","timestamp":1736537627941,"level":"debug","message":"Inline data specified.","meta":{"rootId":"h1ymqzypnz7mqvl","id":"h1ymqzypnz7mqvl"},"id":"3js6ft8d090s2hd","previousOperationId":"njkiyyj9q4gq7f6"}
{"type":"log","timestamp":1736537627944,"level":"debug","message":"Base url not specified, skipping its injection.","meta":{"rootId":"h1ymqzypnz7mqvl","id":"h1ymqzypnz7mqvl"},"id":"t522uber9ue8b7g","previousOperationId":"njkiyyj9q4gq7f6"}
{"type":"operationStart","subtype":"engine","name":"handlebars","timestamp":1736537627945,"id":"zlb9077g8640afu","previousEventId":"wl4wefpoxo82mtg","operationId":"ohx5jgl0zejzx10","previousOperationId":"njkiyyj9q4gq7f6"}
{"type":"log","timestamp":1736537627945,"level":"debug","message":"Rendering engine handlebars","meta":{"rootId":"h1ymqzypnz7mqvl","id":"h1ymqzypnz7mqvl"},"id":"bsdk1r8p14rwstb","previousOperationId":"ohx5jgl0zejzx10"}
{"type":"operationEnd","operationId":"ohx5jgl0zejzx10","timestamp":1736537628503,"id":"5ifx4tkop5k078w","previousEventId":"zlb9077g8640afu","previousOperationId":"ohx5jgl0zejzx10"}
{"type":"operationStart","subtype":"recipe","name":"chrome-pdf","timestamp":1736537628504,"id":"a3q870dq2aw5ryh","previousEventId":"5ifx4tkop5k078w","operationId":"maar04y5j39zm6t","previousOperationId":"ohx5jgl0zejzx10"}
{"type":"log","timestamp":1736537628504,"level":"debug","message":"Executing recipe chrome-pdf","meta":{"rootId":"h1ymqzypnz7mqvl","id":"h1ymqzypnz7mqvl"},"id":"yy5p8n2lm7weuz5","previousOperationId":"maar04y5j39zm6t"}
{"type":"log","timestamp":1736537628892,"level":"debug","message":"Converting with chrome Chrome/131.0.6778.204 using dedicated-process strategy","meta":{"rootId":"h1ymqzypnz7mqvl","id":"h1ymqzypnz7mqvl"},"id":"2i7s8gbmzncbtzs","previousOperationId":"maar04y5j39zm6t"}
{"type":"log","timestamp":1736537629014,"level":"debug","message":"Page request: GET (document) file:///tmp/jsreport/autocleanup/13d03b26-62db-4487-bb1a-1455f629e176-chrome-pdf.html","meta":{"rootId":"h1ymqzypnz7mqvl","id":"h1ymqzypnz7mqvl"},"id":"pcypjcd1sll56g8","previousOperationId":"maar04y5j39zm6t"}
{"type":"log","timestamp":1736537629031,"level":"debug","message":"Page request finished: GET (document) 200 file:///tmp/jsreport/autocleanup/13d03b26-62db-4487-bb1a-1455f629e176-chrome-pdf.html","meta":{"rootId":"h1ymqzypnz7mqvl","id":"h1ymqzypnz7mqvl"},"id":"3o2wsz3wt84rjos","previousOperationId":"maar04y5j39zm6t"}
{"type":"log","timestamp":1736537629038,"level":"debug","message":"Running chrome with params {\"printBackground\":true,\"timeout\":59426,\"margin\":{}}","meta":{"rootId":"h1ymqzypnz7mqvl","id":"h1ymqzypnz7mqvl"},"id":"7vd90lvos4td41n","previousOperationId":"maar04y5j39zm6t"}
{"type":"operationEnd","operationId":"maar04y5j39zm6t","timestamp":1736537629173,"id":"5tr87ar14ejk29x","previousEventId":"a3q870dq2aw5ryh","previousOperationId":"maar04y5j39zm6t"}
{"type":"log","timestamp":1736537629174,"level":"debug","message":"Skipping storing report.","meta":{"rootId":"h1ymqzypnz7mqvl","id":"h1ymqzypnz7mqvl"},"id":"mqhxxrwd69zzplk","previousOperationId":"maar04y5j39zm6t"}
{"type":"log","timestamp":1736537629174,"level":"info","message":"Rendering request 2 finished in 1241 ms","meta":{"rootId":"h1ymqzypnz7mqvl","id":"h1ymqzypnz7mqvl"},"id":"no8m6i0y7k8kf3z","previousOperationId":"maar04y5j39zm6t"}
{"type":"operationEnd","subtype":"render","operationId":"njkiyyj9q4gq7f6","timestamp":1736537629174,"id":"5ekrnsmoi273z87","previousEventId":"5tr87ar14ejk29x","previousOperationId":"maar04y5j39zm6t"}
{"type":"operationEnd","doDiffs":false,"previousEventId":"wx5bolpcyb4pf0d","previousOperationId":"ursau7txqh9dzc4","operationId":"ursau7txqh9dzc4","timestamp":1736537629176,"id":"fu8jx494zh45byz"}
