{"type":"operationStart","subtype":"profile","data":{"_id":"6CGhjZgA84ZBktVb","timestamp":"2025-01-10T19:16:24.094Z","state":"queued","mode":"standard","creationDate":"2025-01-10T19:16:24.095Z","modificationDate":"2025-01-10T19:16:24.095Z","shortid":"X59T3Ld","$entitySet":"profiles"},"doDiffs":false,"timestamp":1736536584094,"id":"319a6dclepdn2e8","previousOperationId":null,"operationId":"76uy6khvz8gzi8d"}
{"type":"log","level":"info","message":"Render request 2 queued for execution and waiting for available worker","previousOperationId":"76uy6khvz8gzi8d","timestamp":1736536584094,"id":"dyhay9f6wt2ynpl"}
{"type":"operationStart","subtype":"render","name":"reporte18","previousOperationId":"76uy6khvz8gzi8d","timestamp":1736536584100,"id":"9j1jqfdbgoiwnlb","previousEventId":"319a6dclepdn2e8","operationId":"7hx2cfbh49yzgj1"}
{"type":"log","timestamp":1736536584101,"level":"info","message":"Starting rendering request 2","meta":{"rootId":"havae76smcwrzj0","id":"havae76smcwrzj0"},"id":"nyjmnq1wfxjjwvj","previousOperationId":"7hx2cfbh49yzgj1"}
{"type":"log","timestamp":1736536584103,"level":"info","message":"Rendering template { name: reporte18, recipe: chrome-pdf, engine: handlebars, preview: false }","meta":{"rootId":"havae76smcwrzj0","id":"havae76smcwrzj0"},"id":"ovavepm7jtpypyf","previousOperationId":"7hx2cfbh49yzgj1"}
{"type":"log","timestamp":1736536584103,"level":"debug","message":"Inline data specified.","meta":{"rootId":"havae76smcwrzj0","id":"havae76smcwrzj0"},"id":"v8aduhz2zi5lek1","previousOperationId":"7hx2cfbh49yzgj1"}
{"type":"log","timestamp":1736536584105,"level":"debug","message":"Base url not specified, skipping its injection.","meta":{"rootId":"havae76smcwrzj0","id":"havae76smcwrzj0"},"id":"uadfx96fo29v9fr","previousOperationId":"7hx2cfbh49yzgj1"}
{"type":"operationStart","subtype":"engine","name":"handlebars","timestamp":1736536584106,"id":"5j4ltxwts9kamhq","previousEventId":"9j1jqfdbgoiwnlb","operationId":"glf67pbu9hieuc9","previousOperationId":"7hx2cfbh49yzgj1"}
{"type":"log","timestamp":1736536584106,"level":"debug","message":"Rendering engine handlebars","meta":{"rootId":"havae76smcwrzj0","id":"havae76smcwrzj0"},"id":"2akzfpew0w904wt","previousOperationId":"glf67pbu9hieuc9"}
{"type":"operationEnd","operationId":"glf67pbu9hieuc9","timestamp":1736536584704,"id":"gupv7lp0wqusnh7","previousEventId":"5j4ltxwts9kamhq","previousOperationId":"glf67pbu9hieuc9"}
{"type":"operationStart","subtype":"recipe","name":"chrome-pdf","timestamp":1736536584721,"id":"sx1a82zac9fqc6m","previousEventId":"gupv7lp0wqusnh7","operationId":"elozc023chbcg3q","previousOperationId":"glf67pbu9hieuc9"}
{"type":"log","timestamp":1736536584721,"level":"debug","message":"Executing recipe chrome-pdf","meta":{"rootId":"havae76smcwrzj0","id":"havae76smcwrzj0"},"id":"aw3vwvjjdublmqr","previousOperationId":"elozc023chbcg3q"}
{"type":"log","timestamp":1736536585114,"level":"debug","message":"Converting with chrome Chrome/131.0.6778.204 using dedicated-process strategy","meta":{"rootId":"havae76smcwrzj0","id":"havae76smcwrzj0"},"id":"jv5foqshs9w019o","previousOperationId":"elozc023chbcg3q"}
{"type":"log","timestamp":1736536585210,"level":"debug","message":"Page request: GET (document) file:///tmp/jsreport/autocleanup/9cf02034-c09d-4bc8-8827-c40e96a7d299-chrome-pdf.html","meta":{"rootId":"havae76smcwrzj0","id":"havae76smcwrzj0"},"id":"ax1uff8ehrq5d8g","previousOperationId":"elozc023chbcg3q"}
{"type":"log","timestamp":1736536585231,"level":"debug","message":"Page request finished: GET (document) 200 file:///tmp/jsreport/autocleanup/9cf02034-c09d-4bc8-8827-c40e96a7d299-chrome-pdf.html","meta":{"rootId":"havae76smcwrzj0","id":"havae76smcwrzj0"},"id":"fgfbekevoshh5c7","previousOperationId":"elozc023chbcg3q"}
{"type":"log","timestamp":1736536585247,"level":"debug","message":"Running chrome with params {\"printBackground\":true,\"timeout\":59367,\"margin\":{}}","meta":{"rootId":"havae76smcwrzj0","id":"havae76smcwrzj0"},"id":"6988vya91jmc568","previousOperationId":"elozc023chbcg3q"}
{"type":"operationEnd","operationId":"elozc023chbcg3q","timestamp":1736536585426,"id":"qmcdnlgmasxesi3","previousEventId":"sx1a82zac9fqc6m","previousOperationId":"elozc023chbcg3q"}
{"type":"log","timestamp":1736536585427,"level":"debug","message":"Skipping storing report.","meta":{"rootId":"havae76smcwrzj0","id":"havae76smcwrzj0"},"id":"k2jyslennoiki9o","previousOperationId":"elozc023chbcg3q"}
{"type":"log","timestamp":1736536585427,"level":"info","message":"Rendering request 2 finished in 1334 ms","meta":{"rootId":"havae76smcwrzj0","id":"havae76smcwrzj0"},"id":"wk72n38fs83u14g","previousOperationId":"elozc023chbcg3q"}
{"type":"operationEnd","subtype":"render","operationId":"7hx2cfbh49yzgj1","timestamp":1736536585427,"id":"00ul6yqb56nlrbh","previousEventId":"qmcdnlgmasxesi3","previousOperationId":"elozc023chbcg3q"}
{"type":"operationEnd","doDiffs":false,"previousEventId":"319a6dclepdn2e8","previousOperationId":"76uy6khvz8gzi8d","operationId":"76uy6khvz8gzi8d","timestamp":1736536585429,"id":"4tp9oxpqi8yvru5"}
