{"type":"operationStart","subtype":"profile","data":{"_id":"kuNg3VipGFPsP7Py","timestamp":"2025-01-10T21:46:16.289Z","state":"queued","mode":"standard","creationDate":"2025-01-10T21:46:16.291Z","modificationDate":"2025-01-10T21:46:16.291Z","shortid":"6p-IxZ0","$entitySet":"profiles"},"doDiffs":false,"timestamp":1736545576290,"id":"7paki85lflhodq5","previousOperationId":null,"operationId":"q4zap29uzbd2d1u"}
{"type":"log","level":"info","message":"Render request 1 queued for execution and waiting for available worker","previousOperationId":"q4zap29uzbd2d1u","timestamp":1736545576290,"id":"v7gu3mfavbmq7ni"}
{"type":"operationStart","subtype":"render","name":"reporte18","previousOperationId":"q4zap29uzbd2d1u","timestamp":1736545576303,"id":"yszl4xi818purhx","previousEventId":"7paki85lflhodq5","operationId":"u140nalppq95dji"}
{"type":"log","timestamp":1736545576304,"level":"info","message":"Starting rendering request 1","meta":{"rootId":"kwlgwu96nfsff40","id":"kwlgwu96nfsff40"},"id":"qyjz8ohn9hr0wx6","previousOperationId":"u140nalppq95dji"}
{"type":"log","timestamp":1736545576305,"level":"info","message":"Rendering template { name: reporte18, recipe: chrome-pdf, engine: handlebars, preview: false }","meta":{"rootId":"kwlgwu96nfsff40","id":"kwlgwu96nfsff40"},"id":"nzohg40dpaifwz7","previousOperationId":"u140nalppq95dji"}
{"type":"log","timestamp":1736545576306,"level":"debug","message":"Inline data specified.","meta":{"rootId":"kwlgwu96nfsff40","id":"kwlgwu96nfsff40"},"id":"gbgoodwcuoq0kbi","previousOperationId":"u140nalppq95dji"}
{"type":"log","timestamp":1736545576308,"level":"debug","message":"Base url not specified, skipping its injection.","meta":{"rootId":"kwlgwu96nfsff40","id":"kwlgwu96nfsff40"},"id":"0xltdgxgbtn0s1y","previousOperationId":"u140nalppq95dji"}
{"type":"operationStart","subtype":"engine","name":"handlebars","timestamp":1736545576309,"id":"76io2od4w3ahd49","previousEventId":"yszl4xi818purhx","operationId":"zlcvs4d9kkrtpkx","previousOperationId":"u140nalppq95dji"}
{"type":"log","timestamp":1736545576309,"level":"debug","message":"Rendering engine handlebars","meta":{"rootId":"kwlgwu96nfsff40","id":"kwlgwu96nfsff40"},"id":"kw6y4g2g0y9eciu","previousOperationId":"zlcvs4d9kkrtpkx"}
{"type":"operationEnd","operationId":"zlcvs4d9kkrtpkx","timestamp":1736545576809,"id":"xlg2d7a9xsyyql7","previousEventId":"76io2od4w3ahd49","previousOperationId":"zlcvs4d9kkrtpkx"}
{"type":"operationStart","subtype":"recipe","name":"chrome-pdf","timestamp":1736545576810,"id":"v2rr117mzun0tlp","previousEventId":"xlg2d7a9xsyyql7","operationId":"imqd4fapm5b8gku","previousOperationId":"zlcvs4d9kkrtpkx"}
{"type":"log","timestamp":1736545576810,"level":"debug","message":"Executing recipe chrome-pdf","meta":{"rootId":"kwlgwu96nfsff40","id":"kwlgwu96nfsff40"},"id":"cvfvmlkzi9n7p7s","previousOperationId":"imqd4fapm5b8gku"}
{"type":"log","timestamp":1736545577205,"level":"debug","message":"Converting with chrome Chrome/131.0.6778.204 using dedicated-process strategy","meta":{"rootId":"kwlgwu96nfsff40","id":"kwlgwu96nfsff40"},"id":"ud2310y5hgjgb2k","previousOperationId":"imqd4fapm5b8gku"}
{"type":"log","timestamp":1736545577289,"level":"debug","message":"Page request: GET (document) file:///tmp/jsreport/autocleanup/c74da2d3-7617-4fda-80cb-519cef1b453d-chrome-pdf.html","meta":{"rootId":"kwlgwu96nfsff40","id":"kwlgwu96nfsff40"},"id":"2pkqmq2z6s116gt","previousOperationId":"imqd4fapm5b8gku"}
{"type":"log","timestamp":1736545577316,"level":"debug","message":"Page request: GET (image) http://localhost:3000/BACKEND/data/img/logo_ucabair.png","meta":{"rootId":"kwlgwu96nfsff40","id":"kwlgwu96nfsff40"},"id":"9o44x5hksqzi2r3","previousOperationId":"imqd4fapm5b8gku"}
{"type":"log","timestamp":1736545577317,"level":"debug","message":"Page request finished: GET (document) 200 file:///tmp/jsreport/autocleanup/c74da2d3-7617-4fda-80cb-519cef1b453d-chrome-pdf.html","meta":{"rootId":"kwlgwu96nfsff40","id":"kwlgwu96nfsff40"},"id":"geg2gpsuchymbv1","previousOperationId":"imqd4fapm5b8gku"}
{"type":"log","timestamp":1736545577337,"level":"warn","message":"Page request failed: GET (image) http://localhost:3000/BACKEND/data/img/logo_ucabair.png, failure: net::ERR_BLOCKED_BY_ORB","meta":{"rootId":"kwlgwu96nfsff40","id":"kwlgwu96nfsff40"},"id":"i2712tdtxsfgrl9","previousOperationId":"imqd4fapm5b8gku"}
{"type":"log","timestamp":1736545577396,"level":"debug","message":"Running chrome with params {\"printBackground\":true,\"timeout\":59466,\"margin\":{}}","meta":{"rootId":"kwlgwu96nfsff40","id":"kwlgwu96nfsff40"},"id":"9bpwvixgese966w","previousOperationId":"imqd4fapm5b8gku"}
{"type":"operationEnd","operationId":"imqd4fapm5b8gku","timestamp":1736545577782,"id":"jlzu9eadyy6aij5","previousEventId":"v2rr117mzun0tlp","previousOperationId":"imqd4fapm5b8gku"}
{"type":"log","timestamp":1736545577782,"level":"debug","message":"Skipping storing report.","meta":{"rootId":"kwlgwu96nfsff40","id":"kwlgwu96nfsff40"},"id":"kmq635jc2yp8v9d","previousOperationId":"imqd4fapm5b8gku"}
{"type":"log","timestamp":1736545577782,"level":"info","message":"Rendering request 1 finished in 1494 ms","meta":{"rootId":"kwlgwu96nfsff40","id":"kwlgwu96nfsff40"},"id":"8llplibx4qy9lsb","previousOperationId":"imqd4fapm5b8gku"}
{"type":"operationEnd","subtype":"render","operationId":"u140nalppq95dji","timestamp":1736545577782,"id":"qx3syiom0myqrbe","previousEventId":"jlzu9eadyy6aij5","previousOperationId":"imqd4fapm5b8gku"}
{"type":"operationEnd","doDiffs":false,"previousEventId":"7paki85lflhodq5","previousOperationId":"q4zap29uzbd2d1u","operationId":"q4zap29uzbd2d1u","timestamp":1736545577784,"id":"zjjtyopityci9x0"}
