{"type":"operationStart","subtype":"profile","data":{"_id":"3pSlT1SQBFoLXsYU","timestamp":"2025-01-10T19:53:01.241Z","state":"queued","mode":"standard","creationDate":"2025-01-10T19:53:01.244Z","modificationDate":"2025-01-10T19:53:01.244Z","shortid":"xZZRc1f","$entitySet":"profiles"},"doDiffs":false,"timestamp":1736538781242,"id":"qzzyj16yw3rcxxk","previousOperationId":null,"operationId":"hduch7u4djpirw2"}
{"type":"log","level":"info","message":"Render request 1 queued for execution and waiting for available worker","previousOperationId":"hduch7u4djpirw2","timestamp":1736538781243,"id":"8fng3xjqtzzx874"}
{"type":"operationStart","subtype":"render","name":"reporte18","previousOperationId":"hduch7u4djpirw2","timestamp":1736538781278,"id":"9o1q0nj2c1bzt52","previousEventId":"qzzyj16yw3rcxxk","operationId":"j886bbiugkp5bwv"}
{"type":"log","timestamp":1736538781278,"level":"info","message":"Starting rendering request 1","meta":{"rootId":"ky3vi3guz9fnrkz","id":"ky3vi3guz9fnrkz"},"id":"voii251b1taro1p","previousOperationId":"j886bbiugkp5bwv"}
{"type":"log","timestamp":1736538781280,"level":"info","message":"Rendering template { name: reporte18, recipe: chrome-pdf, engine: handlebars, preview: false }","meta":{"rootId":"ky3vi3guz9fnrkz","id":"ky3vi3guz9fnrkz"},"id":"t68as4tkaur1gct","previousOperationId":"j886bbiugkp5bwv"}
{"type":"log","timestamp":1736538781280,"level":"debug","message":"Inline data specified.","meta":{"rootId":"ky3vi3guz9fnrkz","id":"ky3vi3guz9fnrkz"},"id":"vp4jcmdnuy9vrfn","previousOperationId":"j886bbiugkp5bwv"}
{"type":"log","timestamp":1736538781282,"level":"debug","message":"Base url not specified, skipping its injection.","meta":{"rootId":"ky3vi3guz9fnrkz","id":"ky3vi3guz9fnrkz"},"id":"nz6bic9vu5o02cc","previousOperationId":"j886bbiugkp5bwv"}
{"type":"operationStart","subtype":"engine","name":"handlebars","timestamp":1736538781283,"id":"t6ylr73p9y7m3vl","previousEventId":"9o1q0nj2c1bzt52","operationId":"u8lnzssd30fzka6","previousOperationId":"j886bbiugkp5bwv"}
{"type":"log","timestamp":1736538781283,"level":"debug","message":"Rendering engine handlebars","meta":{"rootId":"ky3vi3guz9fnrkz","id":"ky3vi3guz9fnrkz"},"id":"yvo9xseu4kbs9j6","previousOperationId":"u8lnzssd30fzka6"}
{"type":"operationEnd","operationId":"u8lnzssd30fzka6","timestamp":1736538781884,"id":"sbhdsun3cyqdmak","previousEventId":"t6ylr73p9y7m3vl","previousOperationId":"u8lnzssd30fzka6"}
{"type":"operationStart","subtype":"recipe","name":"chrome-pdf","timestamp":1736538781885,"id":"hzj5uwxq6kgdz7k","previousEventId":"sbhdsun3cyqdmak","operationId":"oq2o6bn0bt62teq","previousOperationId":"u8lnzssd30fzka6"}
{"type":"log","timestamp":1736538781885,"level":"debug","message":"Executing recipe chrome-pdf","meta":{"rootId":"ky3vi3guz9fnrkz","id":"ky3vi3guz9fnrkz"},"id":"5wxrs2ohvmayrmi","previousOperationId":"oq2o6bn0bt62teq"}
{"type":"log","timestamp":1736538782277,"level":"debug","message":"Converting with chrome Chrome/131.0.6778.204 using dedicated-process strategy","meta":{"rootId":"ky3vi3guz9fnrkz","id":"ky3vi3guz9fnrkz"},"id":"h37dwox67zg5k49","previousOperationId":"oq2o6bn0bt62teq"}
{"type":"log","timestamp":1736538782389,"level":"debug","message":"Page request: GET (document) file:///tmp/jsreport/autocleanup/aeb637ca-49a5-47be-af85-76c92b5def5a-chrome-pdf.html","meta":{"rootId":"ky3vi3guz9fnrkz","id":"ky3vi3guz9fnrkz"},"id":"o8tlpp6s1hyv4w8","previousOperationId":"oq2o6bn0bt62teq"}
{"type":"log","timestamp":1736538782405,"level":"debug","message":"Page request finished: GET (document) 200 file:///tmp/jsreport/autocleanup/aeb637ca-49a5-47be-af85-76c92b5def5a-chrome-pdf.html","meta":{"rootId":"ky3vi3guz9fnrkz","id":"ky3vi3guz9fnrkz"},"id":"zval0zq6rt42un8","previousOperationId":"oq2o6bn0bt62teq"}
{"type":"log","timestamp":1736538782450,"level":"debug","message":"Running chrome with params {\"printBackground\":true,\"timeout\":59352,\"margin\":{}}","meta":{"rootId":"ky3vi3guz9fnrkz","id":"ky3vi3guz9fnrkz"},"id":"x1k5gzm3znisbfp","previousOperationId":"oq2o6bn0bt62teq"}
{"type":"operationEnd","operationId":"oq2o6bn0bt62teq","timestamp":1736538782822,"id":"sen9cpezb88udo8","previousEventId":"hzj5uwxq6kgdz7k","previousOperationId":"oq2o6bn0bt62teq"}
{"type":"log","timestamp":1736538782822,"level":"debug","message":"Skipping storing report.","meta":{"rootId":"ky3vi3guz9fnrkz","id":"ky3vi3guz9fnrkz"},"id":"68zeshme2olb2fn","previousOperationId":"oq2o6bn0bt62teq"}
{"type":"log","timestamp":1736538782822,"level":"info","message":"Rendering request 1 finished in 1582 ms","meta":{"rootId":"ky3vi3guz9fnrkz","id":"ky3vi3guz9fnrkz"},"id":"4vfx0nhxqa6215c","previousOperationId":"oq2o6bn0bt62teq"}
{"type":"operationEnd","subtype":"render","operationId":"j886bbiugkp5bwv","timestamp":1736538782822,"id":"p7404fxb2mqqz7z","previousEventId":"sen9cpezb88udo8","previousOperationId":"oq2o6bn0bt62teq"}
{"type":"operationEnd","doDiffs":false,"previousEventId":"qzzyj16yw3rcxxk","previousOperationId":"hduch7u4djpirw2","operationId":"hduch7u4djpirw2","timestamp":1736538782825,"id":"rdj5jlhwc94lsmj"}
