{"type":"operationStart","subtype":"profile","data":{"_id":"Myc3ljeE5rSh633v","timestamp":"2025-01-10T19:16:12.893Z","state":"queued","mode":"standard","creationDate":"2025-01-10T19:16:12.897Z","modificationDate":"2025-01-10T19:16:12.897Z","shortid":"NcE3-zi","$entitySet":"profiles"},"doDiffs":false,"timestamp":1736536572896,"id":"18c9c45qzop6m4t","previousOperationId":null,"operationId":"87iufvuyqycxp6z"}
{"type":"log","level":"info","message":"Render request 1 queued for execution and waiting for available worker","previousOperationId":"87iufvuyqycxp6z","timestamp":1736536572896,"id":"uckjq9sl6j26qz4"}
{"type":"operationStart","subtype":"render","name":"reporte18","previousOperationId":"87iufvuyqycxp6z","timestamp":1736536572915,"id":"h4fhoe3ddaomnzb","previousEventId":"18c9c45qzop6m4t","operationId":"tol3lw46d5oa9rr"}
{"type":"log","timestamp":1736536572916,"level":"info","message":"Starting rendering request 1","meta":{"rootId":"m9azz5o21bvj44o","id":"m9azz5o21bvj44o"},"id":"xojr2nbv61u03pw","previousOperationId":"tol3lw46d5oa9rr"}
{"type":"log","timestamp":1736536572917,"level":"info","message":"Rendering template { name: reporte18, recipe: chrome-pdf, engine: handlebars, preview: false }","meta":{"rootId":"m9azz5o21bvj44o","id":"m9azz5o21bvj44o"},"id":"bwl0lxvc9mewepk","previousOperationId":"tol3lw46d5oa9rr"}
{"type":"log","timestamp":1736536572918,"level":"debug","message":"Inline data specified.","meta":{"rootId":"m9azz5o21bvj44o","id":"m9azz5o21bvj44o"},"id":"k781mrq63x3i0ao","previousOperationId":"tol3lw46d5oa9rr"}
{"type":"log","timestamp":1736536572923,"level":"debug","message":"Base url not specified, skipping its injection.","meta":{"rootId":"m9azz5o21bvj44o","id":"m9azz5o21bvj44o"},"id":"gp19qimgn10bd4o","previousOperationId":"tol3lw46d5oa9rr"}
{"type":"operationStart","subtype":"engine","name":"handlebars","timestamp":1736536572925,"id":"h0ltqhjahhyfzak","previousEventId":"h4fhoe3ddaomnzb","operationId":"cj84hercoletjct","previousOperationId":"tol3lw46d5oa9rr"}
{"type":"log","timestamp":1736536572925,"level":"debug","message":"Rendering engine handlebars","meta":{"rootId":"m9azz5o21bvj44o","id":"m9azz5o21bvj44o"},"id":"q24fmmesxwbho3x","previousOperationId":"cj84hercoletjct"}
{"type":"operationEnd","operationId":"cj84hercoletjct","timestamp":1736536573573,"id":"1iu440ucey01vpo","previousEventId":"h0ltqhjahhyfzak","previousOperationId":"cj84hercoletjct"}
{"type":"operationStart","subtype":"recipe","name":"chrome-pdf","timestamp":1736536573574,"id":"7mdezi4az4mb7ts","previousEventId":"1iu440ucey01vpo","operationId":"l6zkctihitnb1mh","previousOperationId":"cj84hercoletjct"}
{"type":"log","timestamp":1736536573574,"level":"debug","message":"Executing recipe chrome-pdf","meta":{"rootId":"m9azz5o21bvj44o","id":"m9azz5o21bvj44o"},"id":"0r9jzyqmrl7p06b","previousOperationId":"l6zkctihitnb1mh"}
{"type":"log","timestamp":1736536574048,"level":"debug","message":"Converting with chrome Chrome/131.0.6778.204 using dedicated-process strategy","meta":{"rootId":"m9azz5o21bvj44o","id":"m9azz5o21bvj44o"},"id":"hbiv9am9l4tbx54","previousOperationId":"l6zkctihitnb1mh"}
{"type":"log","timestamp":1736536574152,"level":"debug","message":"Page request: GET (document) file:///tmp/jsreport/autocleanup/ac4458ef-ed6f-4fda-b2de-fc45fa589a31-chrome-pdf.html","meta":{"rootId":"m9azz5o21bvj44o","id":"m9azz5o21bvj44o"},"id":"qsw5a9vg3oob2rj","previousOperationId":"l6zkctihitnb1mh"}
{"type":"log","timestamp":1736536574169,"level":"debug","message":"Page request finished: GET (document) 200 file:///tmp/jsreport/autocleanup/ac4458ef-ed6f-4fda-b2de-fc45fa589a31-chrome-pdf.html","meta":{"rootId":"m9azz5o21bvj44o","id":"m9azz5o21bvj44o"},"id":"xwqjgc39mkeisag","previousOperationId":"l6zkctihitnb1mh"}
{"type":"log","timestamp":1736536574179,"level":"debug","message":"Running chrome with params {\"printBackground\":true,\"timeout\":59315,\"margin\":{}}","meta":{"rootId":"m9azz5o21bvj44o","id":"m9azz5o21bvj44o"},"id":"0av5r3h19gqavoo","previousOperationId":"l6zkctihitnb1mh"}
{"type":"operationEnd","operationId":"l6zkctihitnb1mh","timestamp":1736536574355,"id":"7msw3p6jypbhul0","previousEventId":"7mdezi4az4mb7ts","previousOperationId":"l6zkctihitnb1mh"}
{"type":"log","timestamp":1736536574355,"level":"debug","message":"Skipping storing report.","meta":{"rootId":"m9azz5o21bvj44o","id":"m9azz5o21bvj44o"},"id":"amfpsusvo6xv90f","previousOperationId":"l6zkctihitnb1mh"}
{"type":"log","timestamp":1736536574355,"level":"info","message":"Rendering request 1 finished in 1463 ms","meta":{"rootId":"m9azz5o21bvj44o","id":"m9azz5o21bvj44o"},"id":"bijero8phbf8vx1","previousOperationId":"l6zkctihitnb1mh"}
{"type":"operationEnd","subtype":"render","operationId":"tol3lw46d5oa9rr","timestamp":1736536574356,"id":"gxlc49vz7djrdbn","previousEventId":"7msw3p6jypbhul0","previousOperationId":"l6zkctihitnb1mh"}
{"type":"operationEnd","doDiffs":false,"previousEventId":"18c9c45qzop6m4t","previousOperationId":"87iufvuyqycxp6z","operationId":"87iufvuyqycxp6z","timestamp":1736536574358,"id":"i1k07rgdgviix06"}
