{"type":"operationStart","subtype":"profile","data":{"_id":"lTJETrlmWDyWJbtW","timestamp":"2025-01-10T17:51:48.202Z","state":"queued","mode":"standard","creationDate":"2025-01-10T17:51:48.204Z","modificationDate":"2025-01-10T17:51:48.204Z","shortid":"0YO9WC5","$entitySet":"profiles"},"doDiffs":false,"timestamp":1736531508203,"id":"6ck2co0q8z6ipqa","previousOperationId":null,"operationId":"styqpzouiuq6ytx"}
{"type":"log","level":"info","message":"Render request 1 queued for execution and waiting for available worker","previousOperationId":"styqpzouiuq6ytx","timestamp":1736531508203,"id":"k2ibm09jyx0a0gc"}
{"type":"operationStart","subtype":"render","name":"reporte18","previousOperationId":"styqpzouiuq6ytx","timestamp":1736531508217,"id":"kvjwq6mvmvslkjb","previousEventId":"6ck2co0q8z6ipqa","operationId":"d7e5wiooyrjim8b"}
{"type":"log","timestamp":1736531508217,"level":"info","message":"Starting rendering request 1","meta":{"rootId":"mcphr139rekaa5r","id":"mcphr139rekaa5r"},"id":"346m6cvjgxqp6rl","previousOperationId":"d7e5wiooyrjim8b"}
{"type":"log","timestamp":1736531508219,"level":"info","message":"Rendering template { name: reporte18, recipe: chrome-pdf, engine: handlebars, preview: false }","meta":{"rootId":"mcphr139rekaa5r","id":"mcphr139rekaa5r"},"id":"9nq7qleizamku54","previousOperationId":"d7e5wiooyrjim8b"}
{"type":"log","timestamp":1736531508220,"level":"debug","message":"Inline data specified.","meta":{"rootId":"mcphr139rekaa5r","id":"mcphr139rekaa5r"},"id":"vfiyf5y2d3eqsph","previousOperationId":"d7e5wiooyrjim8b"}
{"type":"log","timestamp":1736531508223,"level":"debug","message":"Base url not specified, skipping its injection.","meta":{"rootId":"mcphr139rekaa5r","id":"mcphr139rekaa5r"},"id":"thepsrgmfhtdyts","previousOperationId":"d7e5wiooyrjim8b"}
{"type":"operationStart","subtype":"engine","name":"handlebars","timestamp":1736531508224,"id":"jpex74q9tirlg2c","previousEventId":"kvjwq6mvmvslkjb","operationId":"gup4iu9r6xmoz72","previousOperationId":"d7e5wiooyrjim8b"}
{"type":"log","timestamp":1736531508224,"level":"debug","message":"Rendering engine handlebars","meta":{"rootId":"mcphr139rekaa5r","id":"mcphr139rekaa5r"},"id":"v31wq0yfj0pzn8z","previousOperationId":"gup4iu9r6xmoz72"}
{"type":"operationEnd","operationId":"gup4iu9r6xmoz72","timestamp":1736531508970,"id":"fo169mrzd40j8xk","previousEventId":"jpex74q9tirlg2c","previousOperationId":"gup4iu9r6xmoz72"}
{"type":"operationStart","subtype":"recipe","name":"chrome-pdf","timestamp":1736531508971,"id":"ojeehr9w5l5olau","previousEventId":"fo169mrzd40j8xk","operationId":"c1uidcg02dt3o3v","previousOperationId":"gup4iu9r6xmoz72"}
{"type":"log","timestamp":1736531508971,"level":"debug","message":"Executing recipe chrome-pdf","meta":{"rootId":"mcphr139rekaa5r","id":"mcphr139rekaa5r"},"id":"vie1ga9nhdqc9ca","previousOperationId":"c1uidcg02dt3o3v"}
{"type":"log","timestamp":1736531509679,"level":"debug","message":"Converting with chrome Chrome/131.0.6778.204 using chrome-pool strategy","meta":{"rootId":"mcphr139rekaa5r","id":"mcphr139rekaa5r"},"id":"64h5cday9lei997","previousOperationId":"c1uidcg02dt3o3v"}
{"type":"log","timestamp":1736531509904,"level":"debug","message":"Page request: GET (document) file:///tmp/jsreport/autocleanup/0a5ff446-644f-4cda-9a67-90fae43fb208-chrome-pdf.html","meta":{"rootId":"mcphr139rekaa5r","id":"mcphr139rekaa5r"},"id":"ms4acxyynnbvub7","previousOperationId":"c1uidcg02dt3o3v"}
{"type":"log","timestamp":1736531509932,"level":"debug","message":"Page request: GET (image) file:///tmp/jsreport/AtomCatsVaultGuy.png","meta":{"rootId":"mcphr139rekaa5r","id":"mcphr139rekaa5r"},"id":"s3g9s5bo7la1ikf","previousOperationId":"c1uidcg02dt3o3v"}
{"type":"log","timestamp":1736531509933,"level":"debug","message":"Page request finished: GET (document) 200 file:///tmp/jsreport/autocleanup/0a5ff446-644f-4cda-9a67-90fae43fb208-chrome-pdf.html","meta":{"rootId":"mcphr139rekaa5r","id":"mcphr139rekaa5r"},"id":"8kzgyhgqujexd57","previousOperationId":"c1uidcg02dt3o3v"}
{"type":"log","timestamp":1736531509939,"level":"warn","message":"Page request failed: GET (image) file:///tmp/jsreport/AtomCatsVaultGuy.png, failure: net::ERR_ACCESS_DENIED","meta":{"rootId":"mcphr139rekaa5r","id":"mcphr139rekaa5r"},"id":"d92tztikeue5xr0","previousOperationId":"c1uidcg02dt3o3v"}
{"type":"log","timestamp":1736531509940,"level":"debug","message":"(console:error) Failed to load resource: net::ERR_ACCESS_DENIED","meta":{"userLevel":true,"rootId":"mcphr139rekaa5r","id":"mcphr139rekaa5r"},"id":"equ6kec30uw05mf","previousOperationId":"c1uidcg02dt3o3v"}
{"type":"log","timestamp":1736531509954,"level":"debug","message":"Running chrome with params {\"printBackground\":true,\"timeout\":59224,\"margin\":{}}","meta":{"rootId":"mcphr139rekaa5r","id":"mcphr139rekaa5r"},"id":"rkhmwjx1p9uhnhc","previousOperationId":"c1uidcg02dt3o3v"}
{"type":"operationEnd","operationId":"c1uidcg02dt3o3v","timestamp":1736531510079,"id":"zx9gc6ueyk13k2s","previousEventId":"ojeehr9w5l5olau","previousOperationId":"c1uidcg02dt3o3v"}
{"type":"log","timestamp":1736531510081,"level":"debug","message":"Skipping storing report.","meta":{"rootId":"mcphr139rekaa5r","id":"mcphr139rekaa5r"},"id":"bavyqtgj6ztxiag","previousOperationId":"c1uidcg02dt3o3v"}
{"type":"log","timestamp":1736531510082,"level":"info","message":"Rendering request 1 finished in 1880 ms","meta":{"rootId":"mcphr139rekaa5r","id":"mcphr139rekaa5r"},"id":"is03j97mdj10g23","previousOperationId":"c1uidcg02dt3o3v"}
{"type":"operationEnd","subtype":"render","operationId":"d7e5wiooyrjim8b","timestamp":1736531510082,"id":"twcvlipz9i6a5vn","previousEventId":"zx9gc6ueyk13k2s","previousOperationId":"c1uidcg02dt3o3v"}
{"type":"operationEnd","doDiffs":false,"previousEventId":"6ck2co0q8z6ipqa","previousOperationId":"styqpzouiuq6ytx","operationId":"styqpzouiuq6ytx","timestamp":1736531510084,"id":"o2ooei5pmweclzr"}
