{"type":"operationStart","subtype":"profile","data":{"_id":"ig2MjT5iPoAsEeYG","timestamp":"2025-01-11T00:55:01.994Z","state":"queued","mode":"standard","creationDate":"2025-01-11T00:55:01.995Z","modificationDate":"2025-01-11T00:55:01.995Z","shortid":"h7bUgEN","$entitySet":"profiles"},"doDiffs":false,"timestamp":1736556901995,"id":"7t9380q9svvik1l","previousOperationId":null,"operationId":"7p8yemff3acr0z8"}
{"type":"log","level":"info","message":"Render request 6 queued for execution and waiting for available worker","previousOperationId":"7p8yemff3acr0z8","timestamp":1736556901995,"id":"xqw4jtlllci6ub5"}
{"type":"operationStart","subtype":"render","name":"reporte18","previousOperationId":"7p8yemff3acr0z8","timestamp":1736556902002,"id":"qdu5urvzlliyc1q","previousEventId":"7t9380q9svvik1l","operationId":"hn5z4q3ob85pbip"}
{"type":"log","timestamp":1736556902002,"level":"info","message":"Starting rendering request 6","meta":{"rootId":"moskycjzrpiapui","id":"moskycjzrpiapui"},"id":"5zazfupf2wedl2t","previousOperationId":"hn5z4q3ob85pbip"}
{"type":"log","timestamp":1736556902002,"level":"info","message":"Rendering template { name: reporte18, recipe: chrome-pdf, engine: handlebars, preview: false }","meta":{"rootId":"moskycjzrpiapui","id":"moskycjzrpiapui"},"id":"l1hyyqbddyquhyx","previousOperationId":"hn5z4q3ob85pbip"}
{"type":"log","timestamp":1736556902002,"level":"debug","message":"Inline data specified.","meta":{"rootId":"moskycjzrpiapui","id":"moskycjzrpiapui"},"id":"qwyonsahudms0l0","previousOperationId":"hn5z4q3ob85pbip"}
{"type":"log","timestamp":1736556902004,"level":"debug","message":"Base url not specified, skipping its injection.","meta":{"rootId":"moskycjzrpiapui","id":"moskycjzrpiapui"},"id":"5vgv752njfhexao","previousOperationId":"hn5z4q3ob85pbip"}
{"type":"operationStart","subtype":"engine","name":"handlebars","timestamp":1736556902004,"id":"6r3kzzpyzmz62u2","previousEventId":"qdu5urvzlliyc1q","operationId":"77741f7fe61ttp1","previousOperationId":"hn5z4q3ob85pbip"}
{"type":"log","timestamp":1736556902004,"level":"debug","message":"Rendering engine handlebars","meta":{"rootId":"moskycjzrpiapui","id":"moskycjzrpiapui"},"id":"4f6feojuxzfwbph","previousOperationId":"77741f7fe61ttp1"}
{"type":"operationEnd","operationId":"77741f7fe61ttp1","timestamp":1736556902016,"id":"go9ma2f6cx8utet","previousEventId":"6r3kzzpyzmz62u2","previousOperationId":"77741f7fe61ttp1"}
{"type":"operationStart","subtype":"recipe","name":"chrome-pdf","timestamp":1736556902016,"id":"tmkaj520oxw025h","previousEventId":"go9ma2f6cx8utet","operationId":"4idtcnd9snq0l2i","previousOperationId":"77741f7fe61ttp1"}
{"type":"log","timestamp":1736556902016,"level":"debug","message":"Executing recipe chrome-pdf","meta":{"rootId":"moskycjzrpiapui","id":"moskycjzrpiapui"},"id":"794waef8uj2cg5v","previousOperationId":"4idtcnd9snq0l2i"}
{"type":"log","timestamp":1736556902334,"level":"debug","message":"Converting with chrome Chrome/131.0.6778.204 using dedicated-process strategy","meta":{"rootId":"moskycjzrpiapui","id":"moskycjzrpiapui"},"id":"dxkp9n0gn0h05su","previousOperationId":"4idtcnd9snq0l2i"}
{"type":"log","timestamp":1736556902417,"level":"debug","message":"Page request: GET (document) file:///tmp/jsreport/autocleanup/3a083dac-fe39-4521-8cd7-7def595ac41f-chrome-pdf.html","meta":{"rootId":"moskycjzrpiapui","id":"moskycjzrpiapui"},"id":"ns6e3yi9nc2v83k","previousOperationId":"4idtcnd9snq0l2i"}
{"type":"log","timestamp":1736556902438,"level":"debug","message":"Page request finished: GET (document) 200 file:///tmp/jsreport/autocleanup/3a083dac-fe39-4521-8cd7-7def595ac41f-chrome-pdf.html","meta":{"rootId":"moskycjzrpiapui","id":"moskycjzrpiapui"},"id":"l3jcs9kwe4p83r3","previousOperationId":"4idtcnd9snq0l2i"}
{"type":"log","timestamp":1736556902440,"level":"debug","message":"Page request: GET (image) https://i.pinimg.com/736x/ac/66/fd/ac66fdbcf17e7c77173cf01c4dbb1cfc.jpg","meta":{"rootId":"moskycjzrpiapui","id":"moskycjzrpiapui"},"id":"xith7afh83jnl19","previousOperationId":"4idtcnd9snq0l2i"}
{"type":"log","timestamp":1736556902508,"level":"debug","message":"Page request finished: GET (image) 200 https://i.pinimg.com/736x/ac/66/fd/ac66fdbcf17e7c77173cf01c4dbb1cfc.jpg","meta":{"rootId":"moskycjzrpiapui","id":"moskycjzrpiapui"},"id":"aj09uqundp75r78","previousOperationId":"4idtcnd9snq0l2i"}
{"type":"log","timestamp":1736556902524,"level":"debug","message":"Running chrome with params {\"printBackground\":true,\"timeout\":59977,\"margin\":{}}","meta":{"rootId":"moskycjzrpiapui","id":"moskycjzrpiapui"},"id":"4xdc24kiwnkpil6","previousOperationId":"4idtcnd9snq0l2i"}
{"type":"operationEnd","operationId":"4idtcnd9snq0l2i","timestamp":1736556902887,"id":"0j1irxmr9wk3z7s","previousEventId":"tmkaj520oxw025h","previousOperationId":"4idtcnd9snq0l2i"}
{"type":"log","timestamp":1736556902887,"level":"debug","message":"Skipping storing report.","meta":{"rootId":"moskycjzrpiapui","id":"moskycjzrpiapui"},"id":"d10k36j72mbiuo3","previousOperationId":"4idtcnd9snq0l2i"}
{"type":"log","timestamp":1736556902888,"level":"info","message":"Rendering request 6 finished in 894 ms","meta":{"rootId":"moskycjzrpiapui","id":"moskycjzrpiapui"},"id":"l6wxo6qrmdtq9mc","previousOperationId":"4idtcnd9snq0l2i"}
{"type":"operationEnd","subtype":"render","operationId":"hn5z4q3ob85pbip","timestamp":1736556902888,"id":"l12gnx2lgr80ux3","previousEventId":"0j1irxmr9wk3z7s","previousOperationId":"4idtcnd9snq0l2i"}
{"type":"operationEnd","doDiffs":false,"previousEventId":"7t9380q9svvik1l","previousOperationId":"7p8yemff3acr0z8","operationId":"7p8yemff3acr0z8","timestamp":1736556902889,"id":"471xb17llc03aal"}
