{"type":"operationStart","subtype":"profile","data":{"_id":"j6hhRL5yEF1MIOr8","timestamp":"2025-01-10T21:15:35.828Z","state":"queued","mode":"standard","creationDate":"2025-01-10T21:15:35.830Z","modificationDate":"2025-01-10T21:15:35.830Z","shortid":"yTeAYC1","$entitySet":"profiles"},"doDiffs":false,"timestamp":1736543735829,"id":"6lm1xiu5mr2ogi6","previousOperationId":null,"operationId":"flcx3x9lylb4453"}
{"type":"log","level":"info","message":"Render request 1 queued for execution and waiting for available worker","previousOperationId":"flcx3x9lylb4453","timestamp":1736543735829,"id":"td4elhlboyglexj"}
{"type":"operationStart","subtype":"render","name":"reporte18","previousOperationId":"flcx3x9lylb4453","timestamp":1736543735845,"id":"gzin6k2ltu4nolf","previousEventId":"6lm1xiu5mr2ogi6","operationId":"mfyg034pr79db57"}
{"type":"log","timestamp":1736543735846,"level":"info","message":"Starting rendering request 1","meta":{"rootId":"nx1nirvd7h948qb","id":"nx1nirvd7h948qb"},"id":"n8qxwi4p2z5fmxi","previousOperationId":"mfyg034pr79db57"}
{"type":"log","timestamp":1736543735847,"level":"info","message":"Rendering template { name: reporte18, recipe: chrome-pdf, engine: handlebars, preview: false }","meta":{"rootId":"nx1nirvd7h948qb","id":"nx1nirvd7h948qb"},"id":"kpp5rirtsg3vq3p","previousOperationId":"mfyg034pr79db57"}
{"type":"log","timestamp":1736543735847,"level":"debug","message":"Inline data specified.","meta":{"rootId":"nx1nirvd7h948qb","id":"nx1nirvd7h948qb"},"id":"l4e7vc7uqp6g8nf","previousOperationId":"mfyg034pr79db57"}
{"type":"log","timestamp":1736543735850,"level":"debug","message":"Base url not specified, skipping its injection.","meta":{"rootId":"nx1nirvd7h948qb","id":"nx1nirvd7h948qb"},"id":"od55kjcdexu9x9k","previousOperationId":"mfyg034pr79db57"}
{"type":"operationStart","subtype":"engine","name":"handlebars","timestamp":1736543735851,"id":"dnxyyfohyo2kgge","previousEventId":"gzin6k2ltu4nolf","operationId":"xe854dm0qylffvr","previousOperationId":"mfyg034pr79db57"}
{"type":"log","timestamp":1736543735851,"level":"debug","message":"Rendering engine handlebars","meta":{"rootId":"nx1nirvd7h948qb","id":"nx1nirvd7h948qb"},"id":"w23t4nahmty1e6h","previousOperationId":"xe854dm0qylffvr"}
{"type":"operationEnd","operationId":"xe854dm0qylffvr","timestamp":1736543736441,"id":"k3esy9ah5olu1ny","previousEventId":"dnxyyfohyo2kgge","previousOperationId":"xe854dm0qylffvr"}
{"type":"operationStart","subtype":"recipe","name":"chrome-pdf","timestamp":1736543736442,"id":"97lia4unpd4bagu","previousEventId":"k3esy9ah5olu1ny","operationId":"eyasujhldcocht2","previousOperationId":"xe854dm0qylffvr"}
{"type":"log","timestamp":1736543736442,"level":"debug","message":"Executing recipe chrome-pdf","meta":{"rootId":"nx1nirvd7h948qb","id":"nx1nirvd7h948qb"},"id":"3h0b0jdt5mmp8uh","previousOperationId":"eyasujhldcocht2"}
{"type":"log","timestamp":1736543736811,"level":"debug","message":"Converting with chrome Chrome/131.0.6778.204 using dedicated-process strategy","meta":{"rootId":"nx1nirvd7h948qb","id":"nx1nirvd7h948qb"},"id":"3f212leyya1npxy","previousOperationId":"eyasujhldcocht2"}
{"type":"log","timestamp":1736543736887,"level":"debug","message":"Page request: GET (document) file:///tmp/jsreport/autocleanup/c5ed235c-f0e0-46e6-ad7a-5ec89ef2a71c-chrome-pdf.html","meta":{"rootId":"nx1nirvd7h948qb","id":"nx1nirvd7h948qb"},"id":"kmytkpbeap37iwv","previousOperationId":"eyasujhldcocht2"}
{"type":"log","timestamp":1736543736903,"level":"debug","message":"Page request finished: GET (document) 200 file:///tmp/jsreport/autocleanup/c5ed235c-f0e0-46e6-ad7a-5ec89ef2a71c-chrome-pdf.html","meta":{"rootId":"nx1nirvd7h948qb","id":"nx1nirvd7h948qb"},"id":"9b3bjy617tl77fv","previousOperationId":"eyasujhldcocht2"}
{"type":"log","timestamp":1736543736909,"level":"debug","message":"Page request: GET (image) file:///data/logo_ucabair.jpg","meta":{"rootId":"nx1nirvd7h948qb","id":"nx1nirvd7h948qb"},"id":"2j8bsrcx9p87yz5","previousOperationId":"eyasujhldcocht2"}
{"type":"log","timestamp":1736543736920,"level":"warn","message":"Page request failed: GET (image) file:///data/logo_ucabair.jpg, failure: net::ERR_ACCESS_DENIED","meta":{"rootId":"nx1nirvd7h948qb","id":"nx1nirvd7h948qb"},"id":"z5qm46wlsb4w693","previousOperationId":"eyasujhldcocht2"}
{"type":"log","timestamp":1736543736920,"level":"debug","message":"(console:error) Failed to load resource: net::ERR_ACCESS_DENIED","meta":{"userLevel":true,"rootId":"nx1nirvd7h948qb","id":"nx1nirvd7h948qb"},"id":"4xi3w6o7pjfv5d6","previousOperationId":"eyasujhldcocht2"}
{"type":"log","timestamp":1736543736960,"level":"debug","message":"Running chrome with params {\"printBackground\":true,\"timeout\":59372,\"margin\":{}}","meta":{"rootId":"nx1nirvd7h948qb","id":"nx1nirvd7h948qb"},"id":"8poi40qak41fzfx","previousOperationId":"eyasujhldcocht2"}
{"type":"operationEnd","operationId":"eyasujhldcocht2","timestamp":1736543737363,"id":"1btr9uezr4eir3q","previousEventId":"97lia4unpd4bagu","previousOperationId":"eyasujhldcocht2"}
{"type":"log","timestamp":1736543737364,"level":"debug","message":"Skipping storing report.","meta":{"rootId":"nx1nirvd7h948qb","id":"nx1nirvd7h948qb"},"id":"n5p3n3eywdvyhjd","previousOperationId":"eyasujhldcocht2"}
{"type":"log","timestamp":1736543737364,"level":"info","message":"Rendering request 1 finished in 1537 ms","meta":{"rootId":"nx1nirvd7h948qb","id":"nx1nirvd7h948qb"},"id":"5zcokc7ee8aovwn","previousOperationId":"eyasujhldcocht2"}
{"type":"operationEnd","subtype":"render","operationId":"mfyg034pr79db57","timestamp":1736543737364,"id":"tj4o41k9qjrsc2v","previousEventId":"1btr9uezr4eir3q","previousOperationId":"eyasujhldcocht2"}
{"type":"operationEnd","doDiffs":false,"previousEventId":"6lm1xiu5mr2ogi6","previousOperationId":"flcx3x9lylb4453","operationId":"flcx3x9lylb4453","timestamp":1736543737366,"id":"5jsoekz34q4iwrs"}
