{"type":"operationStart","subtype":"profile","data":{"_id":"4kjVCMXDpKOjXcwU","timestamp":"2025-01-10T18:04:47.421Z","state":"queued","mode":"standard","creationDate":"2025-01-10T18:04:47.423Z","modificationDate":"2025-01-10T18:04:47.423Z","shortid":"v5Csnm_","$entitySet":"profiles"},"doDiffs":false,"timestamp":1736532287422,"id":"km2ex2e0lpuk26k","previousOperationId":null,"operationId":"lpyijhjcl3hl47l"}
{"type":"log","level":"info","message":"Render request 1 queued for execution and waiting for available worker","previousOperationId":"lpyijhjcl3hl47l","timestamp":1736532287422,"id":"4ryrgl4widjohny"}
{"type":"operationStart","subtype":"render","name":"reporte18","previousOperationId":"lpyijhjcl3hl47l","timestamp":1736532287436,"id":"pc3bislss6t3zzh","previousEventId":"km2ex2e0lpuk26k","operationId":"q1mm449jmektli5"}
{"type":"log","timestamp":1736532287436,"level":"info","message":"Starting rendering request 1","meta":{"rootId":"o7arib0o4wa38xz","id":"o7arib0o4wa38xz"},"id":"ljsvjhl69zirj54","previousOperationId":"q1mm449jmektli5"}
{"type":"log","timestamp":1736532287438,"level":"info","message":"Rendering template { name: reporte18, recipe: chrome-pdf, engine: handlebars, preview: false }","meta":{"rootId":"o7arib0o4wa38xz","id":"o7arib0o4wa38xz"},"id":"kplsq496mmhl7z1","previousOperationId":"q1mm449jmektli5"}
{"type":"log","timestamp":1736532287438,"level":"debug","message":"Inline data specified.","meta":{"rootId":"o7arib0o4wa38xz","id":"o7arib0o4wa38xz"},"id":"6hiapg8drslbzd8","previousOperationId":"q1mm449jmektli5"}
{"type":"log","timestamp":1736532287441,"level":"debug","message":"Base url not specified, skipping its injection.","meta":{"rootId":"o7arib0o4wa38xz","id":"o7arib0o4wa38xz"},"id":"wxoaoajvk8mkelg","previousOperationId":"q1mm449jmektli5"}
{"type":"operationStart","subtype":"engine","name":"handlebars","timestamp":1736532287442,"id":"6qoqqq6pi1rjdyg","previousEventId":"pc3bislss6t3zzh","operationId":"7k2iskmzekbuzs6","previousOperationId":"q1mm449jmektli5"}
{"type":"log","timestamp":1736532287442,"level":"debug","message":"Rendering engine handlebars","meta":{"rootId":"o7arib0o4wa38xz","id":"o7arib0o4wa38xz"},"id":"b8zdyhtybzmdtdj","previousOperationId":"7k2iskmzekbuzs6"}
{"type":"operationEnd","operationId":"7k2iskmzekbuzs6","timestamp":1736532287925,"id":"8t9nplwwb5gvbwf","previousEventId":"6qoqqq6pi1rjdyg","previousOperationId":"7k2iskmzekbuzs6"}
{"type":"operationStart","subtype":"recipe","name":"chrome-pdf","timestamp":1736532287925,"id":"ouifdyhzns325ol","previousEventId":"8t9nplwwb5gvbwf","operationId":"580g7biw80vs3dx","previousOperationId":"7k2iskmzekbuzs6"}
{"type":"log","timestamp":1736532287925,"level":"debug","message":"Executing recipe chrome-pdf","meta":{"rootId":"o7arib0o4wa38xz","id":"o7arib0o4wa38xz"},"id":"45tn6pct12dgtui","previousOperationId":"580g7biw80vs3dx"}
{"type":"log","timestamp":1736532288299,"level":"debug","message":"Converting with chrome Chrome/131.0.6778.204 using chrome-pool strategy","meta":{"rootId":"o7arib0o4wa38xz","id":"o7arib0o4wa38xz"},"id":"o69yz79wvg2ztvv","previousOperationId":"580g7biw80vs3dx"}
{"type":"log","timestamp":1736532288384,"level":"debug","message":"Page request: GET (document) file:///tmp/jsreport/autocleanup/82190850-813c-40e0-aef4-f6f82de05553-chrome-pdf.html","meta":{"rootId":"o7arib0o4wa38xz","id":"o7arib0o4wa38xz"},"id":"23lv828njdnl0cx","previousOperationId":"580g7biw80vs3dx"}
{"type":"log","timestamp":1736532288409,"level":"debug","message":"Page request finished: GET (document) 200 file:///tmp/jsreport/autocleanup/82190850-813c-40e0-aef4-f6f82de05553-chrome-pdf.html","meta":{"rootId":"o7arib0o4wa38xz","id":"o7arib0o4wa38xz"},"id":"fedumjni810or1r","previousOperationId":"580g7biw80vs3dx"}
{"type":"log","timestamp":1736532288417,"level":"debug","message":"Running chrome with params {\"printBackground\":true,\"timeout\":59492,\"margin\":{}}","meta":{"rootId":"o7arib0o4wa38xz","id":"o7arib0o4wa38xz"},"id":"wjrbwmik8wncupv","previousOperationId":"580g7biw80vs3dx"}
{"type":"operationEnd","operationId":"580g7biw80vs3dx","timestamp":1736532288503,"id":"w5dkajtulxnd31m","previousEventId":"ouifdyhzns325ol","previousOperationId":"580g7biw80vs3dx"}
{"type":"log","timestamp":1736532288504,"level":"debug","message":"Skipping storing report.","meta":{"rootId":"o7arib0o4wa38xz","id":"o7arib0o4wa38xz"},"id":"ed01pmiqgp0lrh4","previousOperationId":"580g7biw80vs3dx"}
{"type":"log","timestamp":1736532288504,"level":"info","message":"Rendering request 1 finished in 1084 ms","meta":{"rootId":"o7arib0o4wa38xz","id":"o7arib0o4wa38xz"},"id":"boi9tovovlrajts","previousOperationId":"580g7biw80vs3dx"}
{"type":"operationEnd","subtype":"render","operationId":"q1mm449jmektli5","timestamp":1736532288504,"id":"fwjwjknaavaacky","previousEventId":"w5dkajtulxnd31m","previousOperationId":"580g7biw80vs3dx"}
{"type":"operationEnd","doDiffs":false,"previousEventId":"km2ex2e0lpuk26k","previousOperationId":"lpyijhjcl3hl47l","operationId":"lpyijhjcl3hl47l","timestamp":1736532288520,"id":"i4nwmeg5d52ubao"}
