{"type":"operationStart","subtype":"profile","data":{"_id":"sPCvF9dE2Ntd2d44","timestamp":"2025-01-17T06:08:23.422Z","state":"queued","mode":"standard","creationDate":"2025-01-17T06:08:23.422Z","modificationDate":"2025-01-17T06:08:23.422Z","shortid":"7tYCV0e","$entitySet":"profiles"},"doDiffs":false,"timestamp":1737094103422,"id":"d1fi2jnvp1w4jnp","previousOperationId":null,"operationId":"lyhydpcia57yxrj"}
{"type":"log","level":"info","message":"Render request 11 queued for execution and waiting for available worker","previousOperationId":"lyhydpcia57yxrj","timestamp":1737094103422,"id":"akrgcja4vl5c39s"}
{"type":"operationStart","subtype":"render","name":"reporte18","previousOperationId":"lyhydpcia57yxrj","timestamp":1737094103430,"id":"p11kk6p6qzcnou2","previousEventId":"d1fi2jnvp1w4jnp","operationId":"uj9l9iyra4448uz"}
{"type":"log","timestamp":1737094103430,"level":"info","message":"Starting rendering request 11","meta":{"rootId":"p1g8vt0hu187n5l","id":"p1g8vt0hu187n5l"},"id":"6bsgdrz3sny6zuw","previousOperationId":"uj9l9iyra4448uz"}
{"type":"log","timestamp":1737094103430,"level":"info","message":"Rendering template { name: reporte18, recipe: chrome-pdf, engine: handlebars, preview: false }","meta":{"rootId":"p1g8vt0hu187n5l","id":"p1g8vt0hu187n5l"},"id":"uoav8i3prbf63lx","previousOperationId":"uj9l9iyra4448uz"}
{"type":"log","timestamp":1737094103430,"level":"debug","message":"Inline data specified.","meta":{"rootId":"p1g8vt0hu187n5l","id":"p1g8vt0hu187n5l"},"id":"q2sf2bvm2llza0w","previousOperationId":"uj9l9iyra4448uz"}
{"type":"log","timestamp":1737094103432,"level":"debug","message":"Base url not specified, skipping its injection.","meta":{"rootId":"p1g8vt0hu187n5l","id":"p1g8vt0hu187n5l"},"id":"w9vjdtpwkgmpu0v","previousOperationId":"uj9l9iyra4448uz"}
{"type":"operationStart","subtype":"engine","name":"handlebars","timestamp":1737094103432,"id":"mk1y8zs6cofnc2u","previousEventId":"p11kk6p6qzcnou2","operationId":"28y95mfs0kh75oo","previousOperationId":"uj9l9iyra4448uz"}
{"type":"log","timestamp":1737094103432,"level":"debug","message":"Rendering engine handlebars","meta":{"rootId":"p1g8vt0hu187n5l","id":"p1g8vt0hu187n5l"},"id":"z75bixp2oywlgm0","previousOperationId":"28y95mfs0kh75oo"}
{"type":"operationEnd","operationId":"28y95mfs0kh75oo","timestamp":1737094103441,"id":"2ahwi9dv5sztcz1","previousEventId":"mk1y8zs6cofnc2u","previousOperationId":"28y95mfs0kh75oo"}
{"type":"operationStart","subtype":"recipe","name":"chrome-pdf","timestamp":1737094103442,"id":"os4r2iu9bue1exw","previousEventId":"2ahwi9dv5sztcz1","operationId":"vd82bzf3ajouhds","previousOperationId":"28y95mfs0kh75oo"}
{"type":"log","timestamp":1737094103442,"level":"debug","message":"Executing recipe chrome-pdf","meta":{"rootId":"p1g8vt0hu187n5l","id":"p1g8vt0hu187n5l"},"id":"lesyexeuh14d1se","previousOperationId":"vd82bzf3ajouhds"}
{"type":"log","timestamp":1737094103809,"level":"debug","message":"Converting with chrome Chrome/131.0.6778.204 using dedicated-process strategy","meta":{"rootId":"p1g8vt0hu187n5l","id":"p1g8vt0hu187n5l"},"id":"js72qfg8owcv790","previousOperationId":"vd82bzf3ajouhds"}
{"type":"log","timestamp":1737094103914,"level":"debug","message":"Page request: GET (document) file:///tmp/jsreport/autocleanup/2ae9cb94-62dc-43bc-ad70-735bfbe7e0fd-chrome-pdf.html","meta":{"rootId":"p1g8vt0hu187n5l","id":"p1g8vt0hu187n5l"},"id":"yzra90gcuo5tdwq","previousOperationId":"vd82bzf3ajouhds"}
{"type":"log","timestamp":1737094103930,"level":"debug","message":"Page request finished: GET (document) 200 file:///tmp/jsreport/autocleanup/2ae9cb94-62dc-43bc-ad70-735bfbe7e0fd-chrome-pdf.html","meta":{"rootId":"p1g8vt0hu187n5l","id":"p1g8vt0hu187n5l"},"id":"egfj41hnwbbzpds","previousOperationId":"vd82bzf3ajouhds"}
{"type":"log","timestamp":1737094103931,"level":"debug","message":"Page request: GET (image) https://i.pinimg.com/736x/ac/66/fd/ac66fdbcf17e7c77173cf01c4dbb1cfc.jpg","meta":{"rootId":"p1g8vt0hu187n5l","id":"p1g8vt0hu187n5l"},"id":"6as4bwoh1nbqcwg","previousOperationId":"vd82bzf3ajouhds"}
{"type":"log","timestamp":1737094103985,"level":"debug","message":"Page request finished: GET (image) 200 https://i.pinimg.com/736x/ac/66/fd/ac66fdbcf17e7c77173cf01c4dbb1cfc.jpg","meta":{"rootId":"p1g8vt0hu187n5l","id":"p1g8vt0hu187n5l"},"id":"bbqpte0ofjj6lg6","previousOperationId":"vd82bzf3ajouhds"}
{"type":"log","timestamp":1737094104004,"level":"debug","message":"Running chrome with params {\"printBackground\":true,\"timeout\":59978,\"margin\":{}}","meta":{"rootId":"p1g8vt0hu187n5l","id":"p1g8vt0hu187n5l"},"id":"24wz721a9desxjn","previousOperationId":"vd82bzf3ajouhds"}
{"type":"operationEnd","operationId":"vd82bzf3ajouhds","timestamp":1737094104390,"id":"lmezc1nhprol05y","previousEventId":"os4r2iu9bue1exw","previousOperationId":"vd82bzf3ajouhds"}
{"type":"log","timestamp":1737094104390,"level":"debug","message":"Skipping storing report.","meta":{"rootId":"p1g8vt0hu187n5l","id":"p1g8vt0hu187n5l"},"id":"d26z9q4vy70vq1y","previousOperationId":"vd82bzf3ajouhds"}
{"type":"log","timestamp":1737094104390,"level":"info","message":"Rendering request 11 finished in 969 ms","meta":{"rootId":"p1g8vt0hu187n5l","id":"p1g8vt0hu187n5l"},"id":"hx3wopgeztft3yn","previousOperationId":"vd82bzf3ajouhds"}
{"type":"operationEnd","subtype":"render","operationId":"uj9l9iyra4448uz","timestamp":1737094104390,"id":"t2j88uxdsdx1zkc","previousEventId":"lmezc1nhprol05y","previousOperationId":"vd82bzf3ajouhds"}
{"type":"operationEnd","doDiffs":false,"previousEventId":"d1fi2jnvp1w4jnp","previousOperationId":"lyhydpcia57yxrj","operationId":"lyhydpcia57yxrj","timestamp":1737094104392,"id":"k256ibcqhsu080f"}
