{"type":"operationStart","subtype":"profile","data":{"_id":"GmjrP2Afog9JsWUM","timestamp":"2025-01-15T03:59:57.794Z","state":"queued","mode":"standard","creationDate":"2025-01-15T03:59:57.795Z","modificationDate":"2025-01-15T03:59:57.795Z","shortid":"w-pgJ4K","$entitySet":"profiles"},"doDiffs":false,"timestamp":1736913597794,"id":"f97rg4p2znh5khp","previousOperationId":null,"operationId":"xh93d7ebjed4dwz"}
{"type":"log","level":"info","message":"Render request 11 queued for execution and waiting for available worker","previousOperationId":"xh93d7ebjed4dwz","timestamp":1736913597794,"id":"ntoosba5wotxfki"}
{"type":"operationStart","subtype":"render","name":"reporte18","previousOperationId":"xh93d7ebjed4dwz","timestamp":1736913597798,"id":"d1ks7orzf0fjyls","previousEventId":"f97rg4p2znh5khp","operationId":"xhowyetjqcwidj7"}
{"type":"log","timestamp":1736913597798,"level":"info","message":"Starting rendering request 11","meta":{"rootId":"pjatk2qjxh9urj5","id":"pjatk2qjxh9urj5"},"id":"62qshf31feetuj8","previousOperationId":"xhowyetjqcwidj7"}
{"type":"log","timestamp":1736913597798,"level":"info","message":"Rendering template { name: reporte18, recipe: chrome-pdf, engine: handlebars, preview: false }","meta":{"rootId":"pjatk2qjxh9urj5","id":"pjatk2qjxh9urj5"},"id":"kumzedryhg15k7b","previousOperationId":"xhowyetjqcwidj7"}
{"type":"log","timestamp":1736913597798,"level":"debug","message":"Inline data specified.","meta":{"rootId":"pjatk2qjxh9urj5","id":"pjatk2qjxh9urj5"},"id":"uawdqm2dji8p58q","previousOperationId":"xhowyetjqcwidj7"}
{"type":"log","timestamp":1736913597799,"level":"debug","message":"Base url not specified, skipping its injection.","meta":{"rootId":"pjatk2qjxh9urj5","id":"pjatk2qjxh9urj5"},"id":"dl9likhkili9zz1","previousOperationId":"xhowyetjqcwidj7"}
{"type":"operationStart","subtype":"engine","name":"handlebars","timestamp":1736913597800,"id":"vz1o5283yyo24u1","previousEventId":"d1ks7orzf0fjyls","operationId":"by77y4xi0eii353","previousOperationId":"xhowyetjqcwidj7"}
{"type":"log","timestamp":1736913597800,"level":"debug","message":"Rendering engine handlebars","meta":{"rootId":"pjatk2qjxh9urj5","id":"pjatk2qjxh9urj5"},"id":"ktw3e7e2ey74teu","previousOperationId":"by77y4xi0eii353"}
{"type":"operationEnd","operationId":"by77y4xi0eii353","timestamp":1736913597811,"id":"9f75nprsbkheacg","previousEventId":"vz1o5283yyo24u1","previousOperationId":"by77y4xi0eii353"}
{"type":"operationStart","subtype":"recipe","name":"chrome-pdf","timestamp":1736913597812,"id":"m9m98vsnv1ufhc7","previousEventId":"9f75nprsbkheacg","operationId":"1f5exgpf31y8jn2","previousOperationId":"by77y4xi0eii353"}
{"type":"log","timestamp":1736913597812,"level":"debug","message":"Executing recipe chrome-pdf","meta":{"rootId":"pjatk2qjxh9urj5","id":"pjatk2qjxh9urj5"},"id":"82xxoad3dzy3dp4","previousOperationId":"1f5exgpf31y8jn2"}
{"type":"log","timestamp":1736913598141,"level":"debug","message":"Converting with chrome Chrome/131.0.6778.204 using dedicated-process strategy","meta":{"rootId":"pjatk2qjxh9urj5","id":"pjatk2qjxh9urj5"},"id":"8vyrz09rrzzuju0","previousOperationId":"1f5exgpf31y8jn2"}
{"type":"log","timestamp":1736913598215,"level":"debug","message":"Page request: GET (document) file:///tmp/jsreport/autocleanup/915b3c49-398c-418e-867a-5d62320080ac-chrome-pdf.html","meta":{"rootId":"pjatk2qjxh9urj5","id":"pjatk2qjxh9urj5"},"id":"z2lyk80k2noun9k","previousOperationId":"1f5exgpf31y8jn2"}
{"type":"log","timestamp":1736913598230,"level":"debug","message":"Page request finished: GET (document) 200 file:///tmp/jsreport/autocleanup/915b3c49-398c-418e-867a-5d62320080ac-chrome-pdf.html","meta":{"rootId":"pjatk2qjxh9urj5","id":"pjatk2qjxh9urj5"},"id":"kp48uibn46f6ux7","previousOperationId":"1f5exgpf31y8jn2"}
{"type":"log","timestamp":1736913598231,"level":"debug","message":"Page request: GET (image) https://i.pinimg.com/736x/ac/66/fd/ac66fdbcf17e7c77173cf01c4dbb1cfc.jpg","meta":{"rootId":"pjatk2qjxh9urj5","id":"pjatk2qjxh9urj5"},"id":"b6cvatrii63v8we","previousOperationId":"1f5exgpf31y8jn2"}
{"type":"log","timestamp":1736913598291,"level":"debug","message":"Page request finished: GET (image) 200 https://i.pinimg.com/736x/ac/66/fd/ac66fdbcf17e7c77173cf01c4dbb1cfc.jpg","meta":{"rootId":"pjatk2qjxh9urj5","id":"pjatk2qjxh9urj5"},"id":"7vvyb62obl1k34x","previousOperationId":"1f5exgpf31y8jn2"}
{"type":"log","timestamp":1736913598325,"level":"debug","message":"Running chrome with params {\"printBackground\":true,\"timeout\":59981,\"margin\":{}}","meta":{"rootId":"pjatk2qjxh9urj5","id":"pjatk2qjxh9urj5"},"id":"3ax933y1vpsp1mk","previousOperationId":"1f5exgpf31y8jn2"}
{"type":"operationEnd","operationId":"1f5exgpf31y8jn2","timestamp":1736913598704,"id":"o5jrdt6haqggv4j","previousEventId":"m9m98vsnv1ufhc7","previousOperationId":"1f5exgpf31y8jn2"}
{"type":"log","timestamp":1736913598704,"level":"debug","message":"Skipping storing report.","meta":{"rootId":"pjatk2qjxh9urj5","id":"pjatk2qjxh9urj5"},"id":"rsra2c5yjgpy34a","previousOperationId":"1f5exgpf31y8jn2"}
{"type":"log","timestamp":1736913598704,"level":"info","message":"Rendering request 11 finished in 910 ms","meta":{"rootId":"pjatk2qjxh9urj5","id":"pjatk2qjxh9urj5"},"id":"8eikho5fz6acwry","previousOperationId":"1f5exgpf31y8jn2"}
{"type":"operationEnd","subtype":"render","operationId":"xhowyetjqcwidj7","timestamp":1736913598704,"id":"fekp1vmfb5d3orj","previousEventId":"o5jrdt6haqggv4j","previousOperationId":"1f5exgpf31y8jn2"}
{"type":"operationEnd","doDiffs":false,"previousEventId":"f97rg4p2znh5khp","previousOperationId":"xh93d7ebjed4dwz","operationId":"xh93d7ebjed4dwz","timestamp":1736913598706,"id":"koajmtzdiwid0av"}
