{"type":"operationStart","subtype":"profile","data":{"_id":"5KH77RzQmLcC5oN4","timestamp":"2025-01-10T19:29:07.736Z","state":"queued","mode":"standard","creationDate":"2025-01-10T19:29:07.739Z","modificationDate":"2025-01-10T19:29:07.739Z","shortid":"brXMVCK","$entitySet":"profiles"},"doDiffs":false,"timestamp":1736537347737,"id":"p97z049c1hd6r14","previousOperationId":null,"operationId":"nbjjx87tzv2mhnx"}
{"type":"log","level":"info","message":"Render request 1 queued for execution and waiting for available worker","previousOperationId":"nbjjx87tzv2mhnx","timestamp":1736537347737,"id":"6gepb1rm9isqj94"}
{"type":"operationStart","subtype":"render","name":"reporte18","previousOperationId":"nbjjx87tzv2mhnx","timestamp":1736537347760,"id":"zwbkossjygm56lm","previousEventId":"p97z049c1hd6r14","operationId":"wn0s7xg3s7pwomh"}
{"type":"log","timestamp":1736537347760,"level":"info","message":"Starting rendering request 1","meta":{"rootId":"sjhrn2m354f5wm6","id":"sjhrn2m354f5wm6"},"id":"4l25u6psudu0579","previousOperationId":"wn0s7xg3s7pwomh"}
{"type":"log","timestamp":1736537347762,"level":"info","message":"Rendering template { name: reporte18, recipe: chrome-pdf, engine: handlebars, preview: false }","meta":{"rootId":"sjhrn2m354f5wm6","id":"sjhrn2m354f5wm6"},"id":"i3r2zfea63ohccl","previousOperationId":"wn0s7xg3s7pwomh"}
{"type":"log","timestamp":1736537347762,"level":"debug","message":"Inline data specified.","meta":{"rootId":"sjhrn2m354f5wm6","id":"sjhrn2m354f5wm6"},"id":"vn7vm4w84p9cf1q","previousOperationId":"wn0s7xg3s7pwomh"}
{"type":"log","timestamp":1736537347768,"level":"debug","message":"Base url not specified, skipping its injection.","meta":{"rootId":"sjhrn2m354f5wm6","id":"sjhrn2m354f5wm6"},"id":"be66uf83lvkp6td","previousOperationId":"wn0s7xg3s7pwomh"}
{"type":"operationStart","subtype":"engine","name":"handlebars","timestamp":1736537347769,"id":"g00gdc1pg5yoq69","previousEventId":"zwbkossjygm56lm","operationId":"vj4bcds5y2wzfak","previousOperationId":"wn0s7xg3s7pwomh"}
{"type":"log","timestamp":1736537347769,"level":"debug","message":"Rendering engine handlebars","meta":{"rootId":"sjhrn2m354f5wm6","id":"sjhrn2m354f5wm6"},"id":"9ws9qcx0ylbx6t8","previousOperationId":"vj4bcds5y2wzfak"}
{"type":"operationEnd","operationId":"vj4bcds5y2wzfak","timestamp":1736537349719,"id":"xgiyucy5ue93cyf","previousEventId":"g00gdc1pg5yoq69","previousOperationId":"vj4bcds5y2wzfak"}
{"type":"operationStart","subtype":"recipe","name":"chrome-pdf","timestamp":1736537349720,"id":"c0ajfh2a5pok6dr","previousEventId":"xgiyucy5ue93cyf","operationId":"1kc9qm79zibjrvc","previousOperationId":"vj4bcds5y2wzfak"}
{"type":"log","timestamp":1736537349720,"level":"debug","message":"Executing recipe chrome-pdf","meta":{"rootId":"sjhrn2m354f5wm6","id":"sjhrn2m354f5wm6"},"id":"yvhq6f3qeeah7k9","previousOperationId":"1kc9qm79zibjrvc"}
{"type":"log","timestamp":1736537383086,"level":"debug","message":"Converting with chrome Chrome/131.0.6778.204 using dedicated-process strategy","meta":{"rootId":"sjhrn2m354f5wm6","id":"sjhrn2m354f5wm6"},"id":"gp9mdnt3bl5eolg","previousOperationId":"1kc9qm79zibjrvc"}
{"type":"log","timestamp":1736537384402,"level":"debug","message":"Page request: GET (document) file:///tmp/jsreport/autocleanup/abd4e8a2-8746-4e8b-a10b-a45cfd95c867-chrome-pdf.html","meta":{"rootId":"sjhrn2m354f5wm6","id":"sjhrn2m354f5wm6"},"id":"qruj400iau6hrlk","previousOperationId":"1kc9qm79zibjrvc"}
{"type":"log","timestamp":1736537384647,"level":"debug","message":"Page request finished: GET (document) 200 file:///tmp/jsreport/autocleanup/abd4e8a2-8746-4e8b-a10b-a45cfd95c867-chrome-pdf.html","meta":{"rootId":"sjhrn2m354f5wm6","id":"sjhrn2m354f5wm6"},"id":"4s5gvuhuj70w396","previousOperationId":"1kc9qm79zibjrvc"}
{"type":"log","timestamp":1736537384670,"level":"debug","message":"Running chrome with params {\"printBackground\":true,\"timeout\":58007,\"margin\":{}}","meta":{"rootId":"sjhrn2m354f5wm6","id":"sjhrn2m354f5wm6"},"id":"tx0v88l8jxi33zg","previousOperationId":"1kc9qm79zibjrvc"}
{"type":"operationEnd","operationId":"1kc9qm79zibjrvc","timestamp":1736537384952,"id":"shd2hzus337ma1i","previousEventId":"c0ajfh2a5pok6dr","previousOperationId":"1kc9qm79zibjrvc"}
{"type":"log","timestamp":1736537384952,"level":"debug","message":"Skipping storing report.","meta":{"rootId":"sjhrn2m354f5wm6","id":"sjhrn2m354f5wm6"},"id":"ia00m19c5pexh1d","previousOperationId":"1kc9qm79zibjrvc"}
{"type":"log","timestamp":1736537384952,"level":"info","message":"Rendering request 1 finished in 37217 ms","meta":{"rootId":"sjhrn2m354f5wm6","id":"sjhrn2m354f5wm6"},"id":"vu1e0ac9vlyfzv1","previousOperationId":"1kc9qm79zibjrvc"}
{"type":"operationEnd","subtype":"render","operationId":"wn0s7xg3s7pwomh","timestamp":1736537384952,"id":"8tmlx92091jng2s","previousEventId":"shd2hzus337ma1i","previousOperationId":"1kc9qm79zibjrvc"}
{"type":"operationEnd","doDiffs":false,"previousEventId":"p97z049c1hd6r14","previousOperationId":"nbjjx87tzv2mhnx","operationId":"nbjjx87tzv2mhnx","timestamp":1736537384955,"id":"ye9cm21s59rqqtg"}
