{"type":"operationStart","subtype":"profile","data":{"_id":"s6K39YptKjzhnrtM","timestamp":"2025-01-10T19:34:04.895Z","state":"queued","mode":"standard","creationDate":"2025-01-10T19:34:04.896Z","modificationDate":"2025-01-10T19:34:04.896Z","shortid":"9Akq4EL","$entitySet":"profiles"},"doDiffs":false,"timestamp":1736537644896,"id":"0fjz4b6lk19yjjy","previousOperationId":null,"operationId":"x33vd45gmy4ksgv"}
{"type":"log","level":"info","message":"Render request 5 queued for execution and waiting for available worker","previousOperationId":"x33vd45gmy4ksgv","timestamp":1736537644896,"id":"40pbtspiilm302a"}
{"type":"operationStart","subtype":"render","name":"reporte18","previousOperationId":"x33vd45gmy4ksgv","timestamp":1736537644898,"id":"t51kgaasjx5wp1j","previousEventId":"0fjz4b6lk19yjjy","operationId":"1jwvtwlyb95iash"}
{"type":"log","timestamp":1736537644899,"level":"info","message":"Starting rendering request 5","meta":{"rootId":"som7dc7epf8pjoj","id":"som7dc7epf8pjoj"},"id":"d7vmt9mqmp5yeyx","previousOperationId":"1jwvtwlyb95iash"}
{"type":"log","timestamp":1736537644899,"level":"info","message":"Rendering template { name: reporte18, recipe: chrome-pdf, engine: handlebars, preview: false }","meta":{"rootId":"som7dc7epf8pjoj","id":"som7dc7epf8pjoj"},"id":"v50tdh5giogqclc","previousOperationId":"1jwvtwlyb95iash"}
{"type":"log","timestamp":1736537644899,"level":"debug","message":"Inline data specified.","meta":{"rootId":"som7dc7epf8pjoj","id":"som7dc7epf8pjoj"},"id":"hosvazrqx9axvif","previousOperationId":"1jwvtwlyb95iash"}
{"type":"log","timestamp":1736537644900,"level":"debug","message":"Base url not specified, skipping its injection.","meta":{"rootId":"som7dc7epf8pjoj","id":"som7dc7epf8pjoj"},"id":"or4vsvy4k5hihcc","previousOperationId":"1jwvtwlyb95iash"}
{"type":"operationStart","subtype":"engine","name":"handlebars","timestamp":1736537644900,"id":"idrgg0wlqxxlo0e","previousEventId":"t51kgaasjx5wp1j","operationId":"iw73fner3jzul41","previousOperationId":"1jwvtwlyb95iash"}
{"type":"log","timestamp":1736537644901,"level":"debug","message":"Rendering engine handlebars","meta":{"rootId":"som7dc7epf8pjoj","id":"som7dc7epf8pjoj"},"id":"2yfyc85q7mqnllv","previousOperationId":"iw73fner3jzul41"}
{"type":"operationEnd","operationId":"iw73fner3jzul41","timestamp":1736537644909,"id":"8rvtygjtbjw0vhm","previousEventId":"idrgg0wlqxxlo0e","previousOperationId":"iw73fner3jzul41"}
{"type":"operationStart","subtype":"recipe","name":"chrome-pdf","timestamp":1736537644909,"id":"ogdbdq5urw28esf","previousEventId":"8rvtygjtbjw0vhm","operationId":"alcc5lkcgvsqkzr","previousOperationId":"iw73fner3jzul41"}
{"type":"log","timestamp":1736537644910,"level":"debug","message":"Executing recipe chrome-pdf","meta":{"rootId":"som7dc7epf8pjoj","id":"som7dc7epf8pjoj"},"id":"6c09dwkuft1tssb","previousOperationId":"alcc5lkcgvsqkzr"}
{"type":"log","timestamp":1736537645244,"level":"debug","message":"Converting with chrome Chrome/131.0.6778.204 using dedicated-process strategy","meta":{"rootId":"som7dc7epf8pjoj","id":"som7dc7epf8pjoj"},"id":"24weglra61cdg9q","previousOperationId":"alcc5lkcgvsqkzr"}
{"type":"log","timestamp":1736537645344,"level":"debug","message":"Page request: GET (document) file:///tmp/jsreport/autocleanup/ed556982-e9f4-4cdc-908d-9402d2d704e1-chrome-pdf.html","meta":{"rootId":"som7dc7epf8pjoj","id":"som7dc7epf8pjoj"},"id":"tzt94q57et10v2x","previousOperationId":"alcc5lkcgvsqkzr"}
{"type":"log","timestamp":1736537645365,"level":"debug","message":"Page request finished: GET (document) 200 file:///tmp/jsreport/autocleanup/ed556982-e9f4-4cdc-908d-9402d2d704e1-chrome-pdf.html","meta":{"rootId":"som7dc7epf8pjoj","id":"som7dc7epf8pjoj"},"id":"9v6tsp95ok885li","previousOperationId":"alcc5lkcgvsqkzr"}
{"type":"log","timestamp":1736537645381,"level":"debug","message":"Running chrome with params {\"printBackground\":true,\"timeout\":59985,\"margin\":{}}","meta":{"rootId":"som7dc7epf8pjoj","id":"som7dc7epf8pjoj"},"id":"6eckmwkqvcmeovb","previousOperationId":"alcc5lkcgvsqkzr"}
{"type":"operationEnd","operationId":"alcc5lkcgvsqkzr","timestamp":1736537645517,"id":"6difhy3tkg5huym","previousEventId":"ogdbdq5urw28esf","previousOperationId":"alcc5lkcgvsqkzr"}
{"type":"log","timestamp":1736537645517,"level":"debug","message":"Skipping storing report.","meta":{"rootId":"som7dc7epf8pjoj","id":"som7dc7epf8pjoj"},"id":"7skj2fegrpkkq6g","previousOperationId":"alcc5lkcgvsqkzr"}
{"type":"log","timestamp":1736537645517,"level":"info","message":"Rendering request 5 finished in 622 ms","meta":{"rootId":"som7dc7epf8pjoj","id":"som7dc7epf8pjoj"},"id":"mia25e8sycrzarf","previousOperationId":"alcc5lkcgvsqkzr"}
{"type":"operationEnd","subtype":"render","operationId":"1jwvtwlyb95iash","timestamp":1736537645517,"id":"6602tdb3yqfnoth","previousEventId":"6difhy3tkg5huym","previousOperationId":"alcc5lkcgvsqkzr"}
{"type":"operationEnd","doDiffs":false,"previousEventId":"0fjz4b6lk19yjjy","previousOperationId":"x33vd45gmy4ksgv","operationId":"x33vd45gmy4ksgv","timestamp":1736537645519,"id":"8axiw6blaa40q66"}
