{"type":"operationStart","subtype":"profile","data":{"_id":"rwGPfvf8hpaLaJR0","timestamp":"2025-01-10T21:23:18.705Z","state":"queued","mode":"standard","creationDate":"2025-01-10T21:23:18.707Z","modificationDate":"2025-01-10T21:23:18.707Z","shortid":"YCt2-uI","$entitySet":"profiles"},"doDiffs":false,"timestamp":1736544198706,"id":"206qx0arf9hs2su","previousOperationId":null,"operationId":"tojn8ijw4jup2pm"}
{"type":"log","level":"info","message":"Render request 1 queued for execution and waiting for available worker","previousOperationId":"tojn8ijw4jup2pm","timestamp":1736544198706,"id":"dyix87ln8yorc2g"}
{"type":"operationStart","subtype":"render","name":"reporte18","previousOperationId":"tojn8ijw4jup2pm","timestamp":1736544198719,"id":"d0n6egl5de2yk11","previousEventId":"206qx0arf9hs2su","operationId":"mfqehhjxjuk5mnv"}
{"type":"log","timestamp":1736544198720,"level":"info","message":"Starting rendering request 1","meta":{"rootId":"sy8fbnus8gxkq6w","id":"sy8fbnus8gxkq6w"},"id":"u38ksrxydp4hohu","previousOperationId":"mfqehhjxjuk5mnv"}
{"type":"log","timestamp":1736544198721,"level":"info","message":"Rendering template { name: reporte18, recipe: chrome-pdf, engine: handlebars, preview: false }","meta":{"rootId":"sy8fbnus8gxkq6w","id":"sy8fbnus8gxkq6w"},"id":"2h9fdk1sqkmw2ih","previousOperationId":"mfqehhjxjuk5mnv"}
{"type":"log","timestamp":1736544198722,"level":"debug","message":"Inline data specified.","meta":{"rootId":"sy8fbnus8gxkq6w","id":"sy8fbnus8gxkq6w"},"id":"v7e4ysjr373rxpb","previousOperationId":"mfqehhjxjuk5mnv"}
{"type":"log","timestamp":1736544198725,"level":"debug","message":"Base url not specified, skipping its injection.","meta":{"rootId":"sy8fbnus8gxkq6w","id":"sy8fbnus8gxkq6w"},"id":"lw2rka2rtrs4v8o","previousOperationId":"mfqehhjxjuk5mnv"}
{"type":"operationStart","subtype":"engine","name":"handlebars","timestamp":1736544198726,"id":"4tvrjkxyf35b83w","previousEventId":"d0n6egl5de2yk11","operationId":"wll8x258mvgw7k1","previousOperationId":"mfqehhjxjuk5mnv"}
{"type":"log","timestamp":1736544198726,"level":"debug","message":"Rendering engine handlebars","meta":{"rootId":"sy8fbnus8gxkq6w","id":"sy8fbnus8gxkq6w"},"id":"fcxbk7e5go3qhsq","previousOperationId":"wll8x258mvgw7k1"}
{"type":"operationEnd","operationId":"wll8x258mvgw7k1","timestamp":1736544199218,"id":"cvhga83djio6xrn","previousEventId":"4tvrjkxyf35b83w","previousOperationId":"wll8x258mvgw7k1"}
{"type":"operationStart","subtype":"recipe","name":"chrome-pdf","timestamp":1736544199219,"id":"v76e81ty7uoo65l","previousEventId":"cvhga83djio6xrn","operationId":"qontn3o1bvkyf9p","previousOperationId":"wll8x258mvgw7k1"}
{"type":"log","timestamp":1736544199219,"level":"debug","message":"Executing recipe chrome-pdf","meta":{"rootId":"sy8fbnus8gxkq6w","id":"sy8fbnus8gxkq6w"},"id":"4vfxb9d6lwtqrja","previousOperationId":"qontn3o1bvkyf9p"}
{"type":"log","timestamp":1736544199600,"level":"debug","message":"Converting with chrome Chrome/131.0.6778.204 using dedicated-process strategy","meta":{"rootId":"sy8fbnus8gxkq6w","id":"sy8fbnus8gxkq6w"},"id":"a4x4x5k0vnw4dix","previousOperationId":"qontn3o1bvkyf9p"}
{"type":"log","timestamp":1736544199759,"level":"debug","message":"Page request: GET (document) file:///tmp/jsreport/autocleanup/6f847b3b-ac83-4d42-85a2-86f52d30a1a9-chrome-pdf.html","meta":{"rootId":"sy8fbnus8gxkq6w","id":"sy8fbnus8gxkq6w"},"id":"dkovizjec6m56bu","previousOperationId":"qontn3o1bvkyf9p"}
{"type":"log","timestamp":1736544199800,"level":"debug","message":"Page request finished: GET (document) 200 file:///tmp/jsreport/autocleanup/6f847b3b-ac83-4d42-85a2-86f52d30a1a9-chrome-pdf.html","meta":{"rootId":"sy8fbnus8gxkq6w","id":"sy8fbnus8gxkq6w"},"id":"xtk3ejsnnqtf7i4","previousOperationId":"qontn3o1bvkyf9p"}
{"type":"log","timestamp":1736544199803,"level":"debug","message":"Page request: GET (image) http://localhost:3000/BACKEND/data/img/logo_ucabair.jpg","meta":{"rootId":"sy8fbnus8gxkq6w","id":"sy8fbnus8gxkq6w"},"id":"gjooloudqmxwhs0","previousOperationId":"qontn3o1bvkyf9p"}
{"type":"log","timestamp":1736544199853,"level":"warn","message":"Page request failed: GET (image) http://localhost:3000/BACKEND/data/img/logo_ucabair.jpg, failure: net::ERR_BLOCKED_BY_ORB","meta":{"rootId":"sy8fbnus8gxkq6w","id":"sy8fbnus8gxkq6w"},"id":"v18wgtono8l9cdj","previousOperationId":"qontn3o1bvkyf9p"}
{"type":"log","timestamp":1736544199872,"level":"debug","message":"Running chrome with params {\"printBackground\":true,\"timeout\":59475,\"margin\":{}}","meta":{"rootId":"sy8fbnus8gxkq6w","id":"sy8fbnus8gxkq6w"},"id":"7es452d3pochnmk","previousOperationId":"qontn3o1bvkyf9p"}
{"type":"operationEnd","operationId":"qontn3o1bvkyf9p","timestamp":1736544200252,"id":"o9swv9r37af5wob","previousEventId":"v76e81ty7uoo65l","previousOperationId":"qontn3o1bvkyf9p"}
{"type":"log","timestamp":1736544200252,"level":"debug","message":"Skipping storing report.","meta":{"rootId":"sy8fbnus8gxkq6w","id":"sy8fbnus8gxkq6w"},"id":"2jdpa4ms88i2khv","previousOperationId":"qontn3o1bvkyf9p"}
{"type":"log","timestamp":1736544200252,"level":"info","message":"Rendering request 1 finished in 1548 ms","meta":{"rootId":"sy8fbnus8gxkq6w","id":"sy8fbnus8gxkq6w"},"id":"y3lfjue31wot0rn","previousOperationId":"qontn3o1bvkyf9p"}
{"type":"operationEnd","subtype":"render","operationId":"mfqehhjxjuk5mnv","timestamp":1736544200252,"id":"30aunqv1a0zrf56","previousEventId":"o9swv9r37af5wob","previousOperationId":"qontn3o1bvkyf9p"}
{"type":"operationEnd","doDiffs":false,"previousEventId":"206qx0arf9hs2su","previousOperationId":"tojn8ijw4jup2pm","operationId":"tojn8ijw4jup2pm","timestamp":1736544200255,"id":"09g934ht84rp9f5"}
