{"type":"operationStart","subtype":"profile","data":{"_id":"irMZoEClBJMedpkP","timestamp":"2025-01-10T19:33:54.595Z","state":"queued","mode":"standard","creationDate":"2025-01-10T19:33:54.597Z","modificationDate":"2025-01-10T19:33:54.597Z","shortid":"rA9POVq","$entitySet":"profiles"},"doDiffs":false,"timestamp":1736537634597,"id":"h98zs3sph0qjwmv","previousOperationId":null,"operationId":"7sm2h7blvslcmzo"}
{"type":"log","level":"info","message":"Render request 3 queued for execution and waiting for available worker","previousOperationId":"7sm2h7blvslcmzo","timestamp":1736537634597,"id":"txhg85kzh7wlcwm"}
{"type":"operationStart","subtype":"render","name":"reporte18","previousOperationId":"7sm2h7blvslcmzo","timestamp":1736537634600,"id":"xm2h4m72pt6im1x","previousEventId":"h98zs3sph0qjwmv","operationId":"rrdeup6p1l45qha"}
{"type":"log","timestamp":1736537634600,"level":"info","message":"Starting rendering request 3","meta":{"rootId":"tlds04oev2q25ta","id":"tlds04oev2q25ta"},"id":"cutsw8upfnrc7qo","previousOperationId":"rrdeup6p1l45qha"}
{"type":"log","timestamp":1736537634601,"level":"info","message":"Rendering template { name: reporte18, recipe: chrome-pdf, engine: handlebars, preview: false }","meta":{"rootId":"tlds04oev2q25ta","id":"tlds04oev2q25ta"},"id":"9py8aczvft0w09z","previousOperationId":"rrdeup6p1l45qha"}
{"type":"log","timestamp":1736537634601,"level":"debug","message":"Inline data specified.","meta":{"rootId":"tlds04oev2q25ta","id":"tlds04oev2q25ta"},"id":"xcadlpa48qj6hb9","previousOperationId":"rrdeup6p1l45qha"}
{"type":"log","timestamp":1736537634603,"level":"debug","message":"Base url not specified, skipping its injection.","meta":{"rootId":"tlds04oev2q25ta","id":"tlds04oev2q25ta"},"id":"kg9c0jm50tm5sad","previousOperationId":"rrdeup6p1l45qha"}
{"type":"operationStart","subtype":"engine","name":"handlebars","timestamp":1736537634604,"id":"ltatypppg35xkkn","previousEventId":"xm2h4m72pt6im1x","operationId":"74he8xl7fktf6sq","previousOperationId":"rrdeup6p1l45qha"}
{"type":"log","timestamp":1736537634604,"level":"debug","message":"Rendering engine handlebars","meta":{"rootId":"tlds04oev2q25ta","id":"tlds04oev2q25ta"},"id":"zzak94hoz2isatf","previousOperationId":"74he8xl7fktf6sq"}
{"type":"operationEnd","operationId":"74he8xl7fktf6sq","timestamp":1736537634613,"id":"qcfhkb9xcfwt05d","previousEventId":"ltatypppg35xkkn","previousOperationId":"74he8xl7fktf6sq"}
{"type":"operationStart","subtype":"recipe","name":"chrome-pdf","timestamp":1736537634614,"id":"4ldp2v6rhdkinj6","previousEventId":"qcfhkb9xcfwt05d","operationId":"c130b14s8ywttu7","previousOperationId":"74he8xl7fktf6sq"}
{"type":"log","timestamp":1736537634614,"level":"debug","message":"Executing recipe chrome-pdf","meta":{"rootId":"tlds04oev2q25ta","id":"tlds04oev2q25ta"},"id":"d63yqyg6c8vditt","previousOperationId":"c130b14s8ywttu7"}
{"type":"log","timestamp":1736537634953,"level":"debug","message":"Converting with chrome Chrome/131.0.6778.204 using dedicated-process strategy","meta":{"rootId":"tlds04oev2q25ta","id":"tlds04oev2q25ta"},"id":"nphjijjfspy1z02","previousOperationId":"c130b14s8ywttu7"}
{"type":"log","timestamp":1736537635037,"level":"debug","message":"Page request: GET (document) file:///tmp/jsreport/autocleanup/8f203b30-422b-4150-aabe-abe0266e01f6-chrome-pdf.html","meta":{"rootId":"tlds04oev2q25ta","id":"tlds04oev2q25ta"},"id":"oyyey7uabbk1i8f","previousOperationId":"c130b14s8ywttu7"}
{"type":"log","timestamp":1736537635054,"level":"debug","message":"Page request finished: GET (document) 200 file:///tmp/jsreport/autocleanup/8f203b30-422b-4150-aabe-abe0266e01f6-chrome-pdf.html","meta":{"rootId":"tlds04oev2q25ta","id":"tlds04oev2q25ta"},"id":"6me9cwj50wlif2h","previousOperationId":"c130b14s8ywttu7"}
{"type":"log","timestamp":1736537635060,"level":"debug","message":"Running chrome with params {\"printBackground\":true,\"timeout\":59980,\"margin\":{}}","meta":{"rootId":"tlds04oev2q25ta","id":"tlds04oev2q25ta"},"id":"dy9occdzimmco8m","previousOperationId":"c130b14s8ywttu7"}
{"type":"operationEnd","operationId":"c130b14s8ywttu7","timestamp":1736537635232,"id":"77oqr1jow2b6r3q","previousEventId":"4ldp2v6rhdkinj6","previousOperationId":"c130b14s8ywttu7"}
{"type":"log","timestamp":1736537635233,"level":"debug","message":"Skipping storing report.","meta":{"rootId":"tlds04oev2q25ta","id":"tlds04oev2q25ta"},"id":"ywmcmzrj3g2txvn","previousOperationId":"c130b14s8ywttu7"}
{"type":"log","timestamp":1736537635233,"level":"info","message":"Rendering request 3 finished in 638 ms","meta":{"rootId":"tlds04oev2q25ta","id":"tlds04oev2q25ta"},"id":"b62fxrppvk6vv9t","previousOperationId":"c130b14s8ywttu7"}
{"type":"operationEnd","subtype":"render","operationId":"rrdeup6p1l45qha","timestamp":1736537635233,"id":"lzf4rk53l4y3brr","previousEventId":"77oqr1jow2b6r3q","previousOperationId":"c130b14s8ywttu7"}
{"type":"operationEnd","doDiffs":false,"previousEventId":"h98zs3sph0qjwmv","previousOperationId":"7sm2h7blvslcmzo","operationId":"7sm2h7blvslcmzo","timestamp":1736537635238,"id":"5pqfa3ykhk30muz"}
