{"type":"operationStart","subtype":"profile","data":{"_id":"rhSgMxOqefwQG0DL","timestamp":"2025-01-10T19:46:45.479Z","state":"queued","mode":"standard","creationDate":"2025-01-10T19:46:45.481Z","modificationDate":"2025-01-10T19:46:45.481Z","shortid":"4WI7Sk_","$entitySet":"profiles"},"doDiffs":false,"timestamp":1736538405480,"id":"smpn58syc6kbp4n","previousOperationId":null,"operationId":"r5hbb4sxu47y87r"}
{"type":"log","level":"info","message":"Render request 1 queued for execution and waiting for available worker","previousOperationId":"r5hbb4sxu47y87r","timestamp":1736538405481,"id":"xkcgyqqjkw60pyi"}
{"type":"operationStart","subtype":"render","name":"reporte18","previousOperationId":"r5hbb4sxu47y87r","timestamp":1736538405500,"id":"k4nz6pk5wgr8yss","previousEventId":"smpn58syc6kbp4n","operationId":"aseonvw8169528w"}
{"type":"log","timestamp":1736538405501,"level":"info","message":"Starting rendering request 1","meta":{"rootId":"uki9ijzw7v7o2fg","id":"uki9ijzw7v7o2fg"},"id":"yfpzbide6ht3xtc","previousOperationId":"aseonvw8169528w"}
{"type":"log","timestamp":1736538405503,"level":"info","message":"Rendering template { name: reporte18, recipe: chrome-pdf, engine: handlebars, preview: false }","meta":{"rootId":"uki9ijzw7v7o2fg","id":"uki9ijzw7v7o2fg"},"id":"74g3v5b5r5f0ldo","previousOperationId":"aseonvw8169528w"}
{"type":"log","timestamp":1736538405503,"level":"debug","message":"Inline data specified.","meta":{"rootId":"uki9ijzw7v7o2fg","id":"uki9ijzw7v7o2fg"},"id":"ehnaiyqsrul50qu","previousOperationId":"aseonvw8169528w"}
{"type":"log","timestamp":1736538405505,"level":"debug","message":"Base url not specified, skipping its injection.","meta":{"rootId":"uki9ijzw7v7o2fg","id":"uki9ijzw7v7o2fg"},"id":"xeqjzekbg3lvtmx","previousOperationId":"aseonvw8169528w"}
{"type":"operationStart","subtype":"engine","name":"handlebars","timestamp":1736538405506,"id":"yxaai3eyk1jp6ie","previousEventId":"k4nz6pk5wgr8yss","operationId":"ec22gukxgfo1epa","previousOperationId":"aseonvw8169528w"}
{"type":"log","timestamp":1736538405506,"level":"debug","message":"Rendering engine handlebars","meta":{"rootId":"uki9ijzw7v7o2fg","id":"uki9ijzw7v7o2fg"},"id":"eh29uwlycus6stw","previousOperationId":"ec22gukxgfo1epa"}
{"type":"operationEnd","operationId":"ec22gukxgfo1epa","timestamp":1736538406066,"id":"beicfchyv2k7iq0","previousEventId":"yxaai3eyk1jp6ie","previousOperationId":"ec22gukxgfo1epa"}
{"type":"operationStart","subtype":"recipe","name":"chrome-pdf","timestamp":1736538406068,"id":"6x219vg72qk2ioz","previousEventId":"beicfchyv2k7iq0","operationId":"puvsfp0r3nx3w07","previousOperationId":"ec22gukxgfo1epa"}
{"type":"log","timestamp":1736538406068,"level":"debug","message":"Executing recipe chrome-pdf","meta":{"rootId":"uki9ijzw7v7o2fg","id":"uki9ijzw7v7o2fg"},"id":"m8uhel8sow0h9v6","previousOperationId":"puvsfp0r3nx3w07"}
{"type":"log","timestamp":1736538406445,"level":"debug","message":"Converting with chrome Chrome/131.0.6778.204 using dedicated-process strategy","meta":{"rootId":"uki9ijzw7v7o2fg","id":"uki9ijzw7v7o2fg"},"id":"rzewwmwf1qa1cue","previousOperationId":"puvsfp0r3nx3w07"}
{"type":"log","timestamp":1736538406601,"level":"debug","message":"Page request: GET (document) file:///tmp/jsreport/autocleanup/557f8917-d160-4dce-9c44-de4de44cf84a-chrome-pdf.html","meta":{"rootId":"uki9ijzw7v7o2fg","id":"uki9ijzw7v7o2fg"},"id":"1tgkwwsrgz9zvfu","previousOperationId":"puvsfp0r3nx3w07"}
{"type":"log","timestamp":1736538406641,"level":"debug","message":"Page request finished: GET (document) 200 file:///tmp/jsreport/autocleanup/557f8917-d160-4dce-9c44-de4de44cf84a-chrome-pdf.html","meta":{"rootId":"uki9ijzw7v7o2fg","id":"uki9ijzw7v7o2fg"},"id":"zf84ravh8rwdlvr","previousOperationId":"puvsfp0r3nx3w07"}
{"type":"log","timestamp":1736538406748,"level":"debug","message":"Running chrome with params {\"printBackground\":true,\"timeout\":59407,\"margin\":{}}","meta":{"rootId":"uki9ijzw7v7o2fg","id":"uki9ijzw7v7o2fg"},"id":"5ckm7syvc9pacxi","previousOperationId":"puvsfp0r3nx3w07"}
{"type":"operationEnd","operationId":"puvsfp0r3nx3w07","timestamp":1736538407078,"id":"xfk8cvf5qs952qo","previousEventId":"6x219vg72qk2ioz","previousOperationId":"puvsfp0r3nx3w07"}
{"type":"log","timestamp":1736538407079,"level":"debug","message":"Skipping storing report.","meta":{"rootId":"uki9ijzw7v7o2fg","id":"uki9ijzw7v7o2fg"},"id":"hek8tdlmautxt15","previousOperationId":"puvsfp0r3nx3w07"}
{"type":"log","timestamp":1736538407079,"level":"info","message":"Rendering request 1 finished in 1601 ms","meta":{"rootId":"uki9ijzw7v7o2fg","id":"uki9ijzw7v7o2fg"},"id":"nric0t2snkjb98r","previousOperationId":"puvsfp0r3nx3w07"}
{"type":"operationEnd","subtype":"render","operationId":"aseonvw8169528w","timestamp":1736538407079,"id":"zmrf8t3jfitcps5","previousEventId":"xfk8cvf5qs952qo","previousOperationId":"puvsfp0r3nx3w07"}
{"type":"operationEnd","doDiffs":false,"previousEventId":"smpn58syc6kbp4n","previousOperationId":"r5hbb4sxu47y87r","operationId":"r5hbb4sxu47y87r","timestamp":1736538407081,"id":"tp3gvsub65dqbs5"}
