{"type":"operationStart","subtype":"profile","data":{"_id":"8C1WLPdUuN2L4pCv","timestamp":"2025-01-10T21:12:14.439Z","state":"queued","mode":"standard","creationDate":"2025-01-10T21:12:14.440Z","modificationDate":"2025-01-10T21:12:14.440Z","shortid":"Akh9G1Y","$entitySet":"profiles"},"doDiffs":false,"timestamp":1736543534440,"id":"cglvx4ol1lppbuj","previousOperationId":null,"operationId":"oih51ftulrnjxmd"}
{"type":"log","level":"info","message":"Render request 1 queued for execution and waiting for available worker","previousOperationId":"oih51ftulrnjxmd","timestamp":1736543534440,"id":"5f19z4hm6t7qqip"}
{"type":"operationStart","subtype":"render","name":"reporte18","previousOperationId":"oih51ftulrnjxmd","timestamp":1736543534454,"id":"s7pv8haqdd5ob7q","previousEventId":"cglvx4ol1lppbuj","operationId":"fqd92uy43btsjk2"}
{"type":"log","timestamp":1736543534454,"level":"info","message":"Starting rendering request 1","meta":{"rootId":"w7uphsb4i94x434","id":"w7uphsb4i94x434"},"id":"yp2qfmf55o6fk3b","previousOperationId":"fqd92uy43btsjk2"}
{"type":"log","timestamp":1736543534456,"level":"info","message":"Rendering template { name: reporte18, recipe: chrome-pdf, engine: handlebars, preview: false }","meta":{"rootId":"w7uphsb4i94x434","id":"w7uphsb4i94x434"},"id":"nao3hg7yquwv4oo","previousOperationId":"fqd92uy43btsjk2"}
{"type":"log","timestamp":1736543534456,"level":"debug","message":"Inline data specified.","meta":{"rootId":"w7uphsb4i94x434","id":"w7uphsb4i94x434"},"id":"r1bkoa2jmrwofep","previousOperationId":"fqd92uy43btsjk2"}
{"type":"log","timestamp":1736543534459,"level":"debug","message":"Base url not specified, skipping its injection.","meta":{"rootId":"w7uphsb4i94x434","id":"w7uphsb4i94x434"},"id":"d88ecul34p7f1is","previousOperationId":"fqd92uy43btsjk2"}
{"type":"operationStart","subtype":"engine","name":"handlebars","timestamp":1736543534460,"id":"86zsb3i35r7pa6k","previousEventId":"s7pv8haqdd5ob7q","operationId":"pahcfi4sc1m1usz","previousOperationId":"fqd92uy43btsjk2"}
{"type":"log","timestamp":1736543534460,"level":"debug","message":"Rendering engine handlebars","meta":{"rootId":"w7uphsb4i94x434","id":"w7uphsb4i94x434"},"id":"fsr6jqinexeggva","previousOperationId":"pahcfi4sc1m1usz"}
{"type":"operationEnd","operationId":"pahcfi4sc1m1usz","timestamp":1736543535074,"id":"84a2203sad4s631","previousEventId":"86zsb3i35r7pa6k","previousOperationId":"pahcfi4sc1m1usz"}
{"type":"operationStart","subtype":"recipe","name":"chrome-pdf","timestamp":1736543535074,"id":"llyrpi0quw24fek","previousEventId":"84a2203sad4s631","operationId":"b9os73m4yq8ncz8","previousOperationId":"pahcfi4sc1m1usz"}
{"type":"log","timestamp":1736543535074,"level":"debug","message":"Executing recipe chrome-pdf","meta":{"rootId":"w7uphsb4i94x434","id":"w7uphsb4i94x434"},"id":"h7hil1jczife2ir","previousOperationId":"b9os73m4yq8ncz8"}
{"type":"log","timestamp":1736543535530,"level":"debug","message":"Converting with chrome Chrome/131.0.6778.204 using dedicated-process strategy","meta":{"rootId":"w7uphsb4i94x434","id":"w7uphsb4i94x434"},"id":"n1wrj7rtn2ckd04","previousOperationId":"b9os73m4yq8ncz8"}
{"type":"log","timestamp":1736543535613,"level":"debug","message":"Page request: GET (document) file:///tmp/jsreport/autocleanup/57526605-d096-41cf-ac2d-59832a348355-chrome-pdf.html","meta":{"rootId":"w7uphsb4i94x434","id":"w7uphsb4i94x434"},"id":"szn6f2ib3rmqzrs","previousOperationId":"b9os73m4yq8ncz8"}
{"type":"log","timestamp":1736543535629,"level":"debug","message":"Page request finished: GET (document) 200 file:///tmp/jsreport/autocleanup/57526605-d096-41cf-ac2d-59832a348355-chrome-pdf.html","meta":{"rootId":"w7uphsb4i94x434","id":"w7uphsb4i94x434"},"id":"c736ddoyesv647f","previousOperationId":"b9os73m4yq8ncz8"}
{"type":"log","timestamp":1736543535634,"level":"debug","message":"Page request: GET (image) file:///workspaces/ucabair/BACKEND/logo_ucabair.jpg","meta":{"rootId":"w7uphsb4i94x434","id":"w7uphsb4i94x434"},"id":"mcwe5kw4z81906o","previousOperationId":"b9os73m4yq8ncz8"}
{"type":"log","timestamp":1736543535643,"level":"warn","message":"Page request failed: GET (image) file:///workspaces/ucabair/BACKEND/logo_ucabair.jpg, failure: net::ERR_ACCESS_DENIED","meta":{"rootId":"w7uphsb4i94x434","id":"w7uphsb4i94x434"},"id":"od6fougz2zxm98j","previousOperationId":"b9os73m4yq8ncz8"}
{"type":"log","timestamp":1736543535643,"level":"debug","message":"(console:error) Failed to load resource: net::ERR_ACCESS_DENIED","meta":{"userLevel":true,"rootId":"w7uphsb4i94x434","id":"w7uphsb4i94x434"},"id":"zlqpeo16i69q0rc","previousOperationId":"b9os73m4yq8ncz8"}
{"type":"log","timestamp":1736543535689,"level":"debug","message":"Running chrome with params {\"printBackground\":true,\"timeout\":59360,\"margin\":{}}","meta":{"rootId":"w7uphsb4i94x434","id":"w7uphsb4i94x434"},"id":"3ls297hmxlroi24","previousOperationId":"b9os73m4yq8ncz8"}
{"type":"operationEnd","operationId":"b9os73m4yq8ncz8","timestamp":1736543536151,"id":"wavc8n60jlagy56","previousEventId":"llyrpi0quw24fek","previousOperationId":"b9os73m4yq8ncz8"}
{"type":"log","timestamp":1736543536152,"level":"debug","message":"Skipping storing report.","meta":{"rootId":"w7uphsb4i94x434","id":"w7uphsb4i94x434"},"id":"uvau3gnxkga0yy6","previousOperationId":"b9os73m4yq8ncz8"}
{"type":"log","timestamp":1736543536152,"level":"info","message":"Rendering request 1 finished in 1714 ms","meta":{"rootId":"w7uphsb4i94x434","id":"w7uphsb4i94x434"},"id":"fszx15sy7on9iz0","previousOperationId":"b9os73m4yq8ncz8"}
{"type":"operationEnd","subtype":"render","operationId":"fqd92uy43btsjk2","timestamp":1736543536152,"id":"qm0fevwy30zc290","previousEventId":"wavc8n60jlagy56","previousOperationId":"b9os73m4yq8ncz8"}
{"type":"operationEnd","doDiffs":false,"previousEventId":"cglvx4ol1lppbuj","previousOperationId":"oih51ftulrnjxmd","operationId":"oih51ftulrnjxmd","timestamp":1736543536154,"id":"fp7uv6hv0xeki45"}
