{"type":"operationStart","subtype":"profile","data":{"_id":"bJiOLqzlI4IFa8kW","timestamp":"2025-01-11T00:55:04.287Z","state":"queued","mode":"standard","creationDate":"2025-01-11T00:55:04.288Z","modificationDate":"2025-01-11T00:55:04.288Z","shortid":"3aGXbci","$entitySet":"profiles"},"doDiffs":false,"timestamp":1736556904287,"id":"g5xankmjn8q1h4t","previousOperationId":null,"operationId":"r6srao0rv3bjfjl"}
{"type":"log","level":"info","message":"Render request 7 queued for execution and waiting for available worker","previousOperationId":"r6srao0rv3bjfjl","timestamp":1736556904287,"id":"s5zazmyszc9i3ik"}
{"type":"operationStart","subtype":"render","name":"reporte18","previousOperationId":"r6srao0rv3bjfjl","timestamp":1736556904296,"id":"hvzqx0oj8peeyh1","previousEventId":"g5xankmjn8q1h4t","operationId":"y1bc267j95cw7uz"}
{"type":"log","timestamp":1736556904296,"level":"info","message":"Starting rendering request 7","meta":{"rootId":"x9a213dd3lsgnxy","id":"x9a213dd3lsgnxy"},"id":"xu5e6fs2qk8l8zg","previousOperationId":"y1bc267j95cw7uz"}
{"type":"log","timestamp":1736556904296,"level":"info","message":"Rendering template { name: reporte18, recipe: chrome-pdf, engine: handlebars, preview: false }","meta":{"rootId":"x9a213dd3lsgnxy","id":"x9a213dd3lsgnxy"},"id":"hgq6u4zi55g9pg2","previousOperationId":"y1bc267j95cw7uz"}
{"type":"log","timestamp":1736556904296,"level":"debug","message":"Inline data specified.","meta":{"rootId":"x9a213dd3lsgnxy","id":"x9a213dd3lsgnxy"},"id":"v23x75c1uk5thnv","previousOperationId":"y1bc267j95cw7uz"}
{"type":"log","timestamp":1736556904297,"level":"debug","message":"Base url not specified, skipping its injection.","meta":{"rootId":"x9a213dd3lsgnxy","id":"x9a213dd3lsgnxy"},"id":"zamfjbiszh84icx","previousOperationId":"y1bc267j95cw7uz"}
{"type":"operationStart","subtype":"engine","name":"handlebars","timestamp":1736556904297,"id":"ctvchipc21fws86","previousEventId":"hvzqx0oj8peeyh1","operationId":"4rm1vekffwzc3kq","previousOperationId":"y1bc267j95cw7uz"}
{"type":"log","timestamp":1736556904297,"level":"debug","message":"Rendering engine handlebars","meta":{"rootId":"x9a213dd3lsgnxy","id":"x9a213dd3lsgnxy"},"id":"1ka6t8lprcg9e8u","previousOperationId":"4rm1vekffwzc3kq"}
{"type":"operationEnd","operationId":"4rm1vekffwzc3kq","timestamp":1736556904308,"id":"4wogotwrkgkjspm","previousEventId":"ctvchipc21fws86","previousOperationId":"4rm1vekffwzc3kq"}
{"type":"operationStart","subtype":"recipe","name":"chrome-pdf","timestamp":1736556904309,"id":"qfyjnvhilo4ecc0","previousEventId":"4wogotwrkgkjspm","operationId":"x41hwhy09vtr2l1","previousOperationId":"4rm1vekffwzc3kq"}
{"type":"log","timestamp":1736556904309,"level":"debug","message":"Executing recipe chrome-pdf","meta":{"rootId":"x9a213dd3lsgnxy","id":"x9a213dd3lsgnxy"},"id":"8jp9hf662mpoqjj","previousOperationId":"x41hwhy09vtr2l1"}
{"type":"log","timestamp":1736556904660,"level":"debug","message":"Converting with chrome Chrome/131.0.6778.204 using dedicated-process strategy","meta":{"rootId":"x9a213dd3lsgnxy","id":"x9a213dd3lsgnxy"},"id":"ggwifd8dsgiu9lj","previousOperationId":"x41hwhy09vtr2l1"}
{"type":"log","timestamp":1736556904739,"level":"debug","message":"Page request: GET (document) file:///tmp/jsreport/autocleanup/6758f8a9-ea33-4924-a02d-5e2f5dc366a2-chrome-pdf.html","meta":{"rootId":"x9a213dd3lsgnxy","id":"x9a213dd3lsgnxy"},"id":"atmlcrkqqyxsylg","previousOperationId":"x41hwhy09vtr2l1"}
{"type":"log","timestamp":1736556904756,"level":"debug","message":"Page request finished: GET (document) 200 file:///tmp/jsreport/autocleanup/6758f8a9-ea33-4924-a02d-5e2f5dc366a2-chrome-pdf.html","meta":{"rootId":"x9a213dd3lsgnxy","id":"x9a213dd3lsgnxy"},"id":"iw32ft1bqyfdeo7","previousOperationId":"x41hwhy09vtr2l1"}
{"type":"log","timestamp":1736556904757,"level":"debug","message":"Page request: GET (image) https://i.pinimg.com/736x/ac/66/fd/ac66fdbcf17e7c77173cf01c4dbb1cfc.jpg","meta":{"rootId":"x9a213dd3lsgnxy","id":"x9a213dd3lsgnxy"},"id":"jnibfyvdxg5hdbp","previousOperationId":"x41hwhy09vtr2l1"}
{"type":"log","timestamp":1736556904903,"level":"debug","message":"Page request finished: GET (image) 200 https://i.pinimg.com/736x/ac/66/fd/ac66fdbcf17e7c77173cf01c4dbb1cfc.jpg","meta":{"rootId":"x9a213dd3lsgnxy","id":"x9a213dd3lsgnxy"},"id":"bl0q3yqpok0sy29","previousOperationId":"x41hwhy09vtr2l1"}
{"type":"log","timestamp":1736556904918,"level":"debug","message":"Running chrome with params {\"printBackground\":true,\"timeout\":59976,\"margin\":{}}","meta":{"rootId":"x9a213dd3lsgnxy","id":"x9a213dd3lsgnxy"},"id":"v4emgzsl164i281","previousOperationId":"x41hwhy09vtr2l1"}
{"type":"operationEnd","operationId":"x41hwhy09vtr2l1","timestamp":1736556905261,"id":"xk3b17mv7k1hmvs","previousEventId":"qfyjnvhilo4ecc0","previousOperationId":"x41hwhy09vtr2l1"}
{"type":"log","timestamp":1736556905261,"level":"debug","message":"Skipping storing report.","meta":{"rootId":"x9a213dd3lsgnxy","id":"x9a213dd3lsgnxy"},"id":"4mmcxialftd56us","previousOperationId":"x41hwhy09vtr2l1"}
{"type":"log","timestamp":1736556905261,"level":"info","message":"Rendering request 7 finished in 975 ms","meta":{"rootId":"x9a213dd3lsgnxy","id":"x9a213dd3lsgnxy"},"id":"9s69446e3s93rkm","previousOperationId":"x41hwhy09vtr2l1"}
{"type":"operationEnd","subtype":"render","operationId":"y1bc267j95cw7uz","timestamp":1736556905261,"id":"4oeisz86ugcz2g1","previousEventId":"xk3b17mv7k1hmvs","previousOperationId":"x41hwhy09vtr2l1"}
{"type":"operationEnd","doDiffs":false,"previousEventId":"g5xankmjn8q1h4t","previousOperationId":"r6srao0rv3bjfjl","operationId":"r6srao0rv3bjfjl","timestamp":1736556905263,"id":"vs67yqxe0l1v3p1"}
