{"type":"operationStart","subtype":"profile","data":{"_id":"4fk5ybEmxok3C6lc","timestamp":"2025-01-10T17:49:41.149Z","state":"queued","mode":"standard","creationDate":"2025-01-10T17:49:41.151Z","modificationDate":"2025-01-10T17:49:41.151Z","shortid":"7zL16jk","$entitySet":"profiles"},"doDiffs":false,"timestamp":1736531381150,"id":"cvg0gqcmtkcbaar","previousOperationId":null,"operationId":"xii1ufy6ov1sarr"}
{"type":"log","level":"info","message":"Render request 1 queued for execution and waiting for available worker","previousOperationId":"xii1ufy6ov1sarr","timestamp":1736531381150,"id":"i7xix12hgepqya0"}
{"type":"operationStart","subtype":"render","name":"reporte18","previousOperationId":"xii1ufy6ov1sarr","timestamp":1736531381163,"id":"bbrxtnxuplybtkq","previousEventId":"cvg0gqcmtkcbaar","operationId":"tej9mvpdrxcbav6"}
{"type":"log","timestamp":1736531381164,"level":"info","message":"Starting rendering request 1","meta":{"rootId":"xaq54x8763r71br","id":"xaq54x8763r71br"},"id":"vfnfxkoofro3rfz","previousOperationId":"tej9mvpdrxcbav6"}
{"type":"log","timestamp":1736531381165,"level":"info","message":"Rendering template { name: reporte18, recipe: chrome-pdf, engine: handlebars, preview: false }","meta":{"rootId":"xaq54x8763r71br","id":"xaq54x8763r71br"},"id":"f7irid8tfhfz89z","previousOperationId":"tej9mvpdrxcbav6"}
{"type":"log","timestamp":1736531381166,"level":"debug","message":"Inline data specified.","meta":{"rootId":"xaq54x8763r71br","id":"xaq54x8763r71br"},"id":"khwsmgpm3pn5lvv","previousOperationId":"tej9mvpdrxcbav6"}
{"type":"log","timestamp":1736531381168,"level":"debug","message":"Base url not specified, skipping its injection.","meta":{"rootId":"xaq54x8763r71br","id":"xaq54x8763r71br"},"id":"bo5iz8t0lt04go1","previousOperationId":"tej9mvpdrxcbav6"}
{"type":"operationStart","subtype":"engine","name":"handlebars","timestamp":1736531381169,"id":"qhn3sq9puzb9aaj","previousEventId":"bbrxtnxuplybtkq","operationId":"9ig0nfdw4h6w9ue","previousOperationId":"tej9mvpdrxcbav6"}
{"type":"log","timestamp":1736531381169,"level":"debug","message":"Rendering engine handlebars","meta":{"rootId":"xaq54x8763r71br","id":"xaq54x8763r71br"},"id":"0d2tplub16rkw35","previousOperationId":"9ig0nfdw4h6w9ue"}
{"type":"operationEnd","operationId":"9ig0nfdw4h6w9ue","timestamp":1736531381703,"id":"5slg1770m5mug4z","previousEventId":"qhn3sq9puzb9aaj","previousOperationId":"9ig0nfdw4h6w9ue"}
{"type":"operationStart","subtype":"recipe","name":"chrome-pdf","timestamp":1736531381704,"id":"bj32ecchki4ydsh","previousEventId":"5slg1770m5mug4z","operationId":"9cl9c69h5nextqk","previousOperationId":"9ig0nfdw4h6w9ue"}
{"type":"log","timestamp":1736531381704,"level":"debug","message":"Executing recipe chrome-pdf","meta":{"rootId":"xaq54x8763r71br","id":"xaq54x8763r71br"},"id":"g55txfvp27ival7","previousOperationId":"9cl9c69h5nextqk"}
{"type":"log","timestamp":1736531383133,"level":"debug","message":"Converting with chrome Chrome/131.0.6778.204 using chrome-pool strategy","meta":{"rootId":"xaq54x8763r71br","id":"xaq54x8763r71br"},"id":"gnb0u75w8hui103","previousOperationId":"9cl9c69h5nextqk"}
{"type":"log","timestamp":1736531383349,"level":"debug","message":"Page request: GET (document) file:///tmp/jsreport/autocleanup/5b50e2e0-6676-4b25-ac27-4738c1bd0ad9-chrome-pdf.html","meta":{"rootId":"xaq54x8763r71br","id":"xaq54x8763r71br"},"id":"f6t62uuu5ktt2se","previousOperationId":"9cl9c69h5nextqk"}
{"type":"log","timestamp":1736531383381,"level":"debug","message":"Page request finished: GET (document) 200 file:///tmp/jsreport/autocleanup/5b50e2e0-6676-4b25-ac27-4738c1bd0ad9-chrome-pdf.html","meta":{"rootId":"xaq54x8763r71br","id":"xaq54x8763r71br"},"id":"clp42j6lxawxokr","previousOperationId":"9cl9c69h5nextqk"}
{"type":"log","timestamp":1736531383383,"level":"debug","message":"Page request: GET (image) file:///tmp/AtomCatsVaultGuy.png","meta":{"rootId":"xaq54x8763r71br","id":"xaq54x8763r71br"},"id":"03smmqvvzbby7hq","previousOperationId":"9cl9c69h5nextqk"}
{"type":"log","timestamp":1736531383404,"level":"warn","message":"Page request failed: GET (image) file:///tmp/AtomCatsVaultGuy.png, failure: net::ERR_ACCESS_DENIED","meta":{"rootId":"xaq54x8763r71br","id":"xaq54x8763r71br"},"id":"bpy9x2vn0ybpe4b","previousOperationId":"9cl9c69h5nextqk"}
{"type":"log","timestamp":1736531383404,"level":"debug","message":"(console:error) Failed to load resource: net::ERR_ACCESS_DENIED","meta":{"userLevel":true,"rootId":"xaq54x8763r71br","id":"xaq54x8763r71br"},"id":"v5euh82fuft4v8e","previousOperationId":"9cl9c69h5nextqk"}
{"type":"log","timestamp":1736531383414,"level":"debug","message":"Running chrome with params {\"printBackground\":true,\"timeout\":59441,\"margin\":{}}","meta":{"rootId":"xaq54x8763r71br","id":"xaq54x8763r71br"},"id":"fegiw3ylre6bjio","previousOperationId":"9cl9c69h5nextqk"}
{"type":"operationEnd","operationId":"9cl9c69h5nextqk","timestamp":1736531383536,"id":"56x261mv6mz72br","previousEventId":"bj32ecchki4ydsh","previousOperationId":"9cl9c69h5nextqk"}
{"type":"log","timestamp":1736531383539,"level":"debug","message":"Skipping storing report.","meta":{"rootId":"xaq54x8763r71br","id":"xaq54x8763r71br"},"id":"k4ous44x11vlx94","previousOperationId":"9cl9c69h5nextqk"}
{"type":"log","timestamp":1736531383539,"level":"info","message":"Rendering request 1 finished in 2391 ms","meta":{"rootId":"xaq54x8763r71br","id":"xaq54x8763r71br"},"id":"h5tl4dn8vy4f570","previousOperationId":"9cl9c69h5nextqk"}
{"type":"operationEnd","subtype":"render","operationId":"tej9mvpdrxcbav6","timestamp":1736531383540,"id":"pghk8trb6kh2sv1","previousEventId":"56x261mv6mz72br","previousOperationId":"9cl9c69h5nextqk"}
{"type":"operationEnd","doDiffs":false,"previousEventId":"cvg0gqcmtkcbaar","previousOperationId":"xii1ufy6ov1sarr","operationId":"xii1ufy6ov1sarr","timestamp":1736531383555,"id":"cnig92mlnscqivd"}
