{"type":"operationStart","subtype":"profile","data":{"_id":"AdEJUqs7T92ry68l","timestamp":"2025-01-10T18:12:38.007Z","state":"queued","mode":"standard","creationDate":"2025-01-10T18:12:38.009Z","modificationDate":"2025-01-10T18:12:38.009Z","shortid":"5LIy3ck","$entitySet":"profiles"},"doDiffs":false,"timestamp":1736532758008,"id":"og3ka5mgmgno3mx","previousOperationId":null,"operationId":"hgv3wolshnssv8z"}
{"type":"log","level":"info","message":"Render request 1 queued for execution and waiting for available worker","previousOperationId":"hgv3wolshnssv8z","timestamp":1736532758008,"id":"mh74mv0z0m3ys83"}
{"type":"operationStart","subtype":"render","name":"reporte18","previousOperationId":"hgv3wolshnssv8z","timestamp":1736532758026,"id":"gh5yfzm0jgwn86k","previousEventId":"og3ka5mgmgno3mx","operationId":"4swausfpruqwp9n"}
{"type":"log","timestamp":1736532758027,"level":"info","message":"Starting rendering request 1","meta":{"rootId":"xavm08ki5yzi04h","id":"xavm08ki5yzi04h"},"id":"41wcqzmhu0s8oj3","previousOperationId":"4swausfpruqwp9n"}
{"type":"log","timestamp":1736532758029,"level":"info","message":"Rendering template { name: reporte18, recipe: chrome-pdf, engine: handlebars, preview: false }","meta":{"rootId":"xavm08ki5yzi04h","id":"xavm08ki5yzi04h"},"id":"0saydgy892b7cji","previousOperationId":"4swausfpruqwp9n"}
{"type":"log","timestamp":1736532758029,"level":"debug","message":"Inline data specified.","meta":{"rootId":"xavm08ki5yzi04h","id":"xavm08ki5yzi04h"},"id":"hrxys7blcasuom9","previousOperationId":"4swausfpruqwp9n"}
{"type":"log","timestamp":1736532758032,"level":"debug","message":"Base url not specified, skipping its injection.","meta":{"rootId":"xavm08ki5yzi04h","id":"xavm08ki5yzi04h"},"id":"gek8oh7nelp0dga","previousOperationId":"4swausfpruqwp9n"}
{"type":"operationStart","subtype":"engine","name":"handlebars","timestamp":1736532758034,"id":"9z6ayvntgnxr5mc","previousEventId":"gh5yfzm0jgwn86k","operationId":"66bflaawcoon9nz","previousOperationId":"4swausfpruqwp9n"}
{"type":"log","timestamp":1736532758034,"level":"debug","message":"Rendering engine handlebars","meta":{"rootId":"xavm08ki5yzi04h","id":"xavm08ki5yzi04h"},"id":"v82o3n9wparohz0","previousOperationId":"66bflaawcoon9nz"}
{"type":"operationEnd","operationId":"66bflaawcoon9nz","timestamp":1736532758691,"id":"mtpsqmonk6q146k","previousEventId":"9z6ayvntgnxr5mc","previousOperationId":"66bflaawcoon9nz"}
{"type":"operationStart","subtype":"recipe","name":"chrome-pdf","timestamp":1736532758692,"id":"tueapfvubxq9ojp","previousEventId":"mtpsqmonk6q146k","operationId":"tb6jge24u43szwv","previousOperationId":"66bflaawcoon9nz"}
{"type":"log","timestamp":1736532758692,"level":"debug","message":"Executing recipe chrome-pdf","meta":{"rootId":"xavm08ki5yzi04h","id":"xavm08ki5yzi04h"},"id":"6w8wvfprvcilkrz","previousOperationId":"tb6jge24u43szwv"}
{"type":"log","timestamp":1736532759054,"level":"debug","message":"Converting with chrome Chrome/131.0.6778.204 using chrome-pool strategy","meta":{"rootId":"xavm08ki5yzi04h","id":"xavm08ki5yzi04h"},"id":"0w767mhcde7lwxk","previousOperationId":"tb6jge24u43szwv"}
{"type":"log","timestamp":1736532759148,"level":"debug","message":"Page request: GET (document) file:///tmp/jsreport/autocleanup/1cae457e-4a67-4868-963b-783aeb3d769a-chrome-pdf.html","meta":{"rootId":"xavm08ki5yzi04h","id":"xavm08ki5yzi04h"},"id":"k1sh8k3n6s1nonm","previousOperationId":"tb6jge24u43szwv"}
{"type":"log","timestamp":1736532759164,"level":"debug","message":"Page request finished: GET (document) 200 file:///tmp/jsreport/autocleanup/1cae457e-4a67-4868-963b-783aeb3d769a-chrome-pdf.html","meta":{"rootId":"xavm08ki5yzi04h","id":"xavm08ki5yzi04h"},"id":"gpr42tm6jif59k2","previousOperationId":"tb6jge24u43szwv"}
{"type":"log","timestamp":1736532759187,"level":"debug","message":"Running chrome with params {\"printBackground\":true,\"timeout\":59310,\"margin\":{}}","meta":{"rootId":"xavm08ki5yzi04h","id":"xavm08ki5yzi04h"},"id":"9w757awl2zf7rjb","previousOperationId":"tb6jge24u43szwv"}
{"type":"operationEnd","operationId":"tb6jge24u43szwv","timestamp":1736532759312,"id":"hfuygc53h45rrzg","previousEventId":"tueapfvubxq9ojp","previousOperationId":"tb6jge24u43szwv"}
{"type":"log","timestamp":1736532759313,"level":"debug","message":"Skipping storing report.","meta":{"rootId":"xavm08ki5yzi04h","id":"xavm08ki5yzi04h"},"id":"ih4ddevd0p3i5ka","previousOperationId":"tb6jge24u43szwv"}
{"type":"log","timestamp":1736532759313,"level":"info","message":"Rendering request 1 finished in 1307 ms","meta":{"rootId":"xavm08ki5yzi04h","id":"xavm08ki5yzi04h"},"id":"evh131nk41h0cxy","previousOperationId":"tb6jge24u43szwv"}
{"type":"operationEnd","subtype":"render","operationId":"4swausfpruqwp9n","timestamp":1736532759313,"id":"evs3wnd81icrwuj","previousEventId":"hfuygc53h45rrzg","previousOperationId":"tb6jge24u43szwv"}
{"type":"operationEnd","doDiffs":false,"previousEventId":"og3ka5mgmgno3mx","previousOperationId":"hgv3wolshnssv8z","operationId":"hgv3wolshnssv8z","timestamp":1736532759317,"id":"2564h52u94ut7n8"}
