{"type":"operationStart","subtype":"profile","data":{"_id":"5wW82xfapnIE8n4B","timestamp":"2025-01-10T21:19:47.560Z","state":"queued","mode":"standard","creationDate":"2025-01-10T21:19:47.562Z","modificationDate":"2025-01-10T21:19:47.562Z","shortid":"RKs7G-i","$entitySet":"profiles"},"doDiffs":false,"timestamp":1736543987561,"id":"l7vkqn8fc3srzua","previousOperationId":null,"operationId":"mgov5gqtk8o1qog"}
{"type":"log","level":"info","message":"Render request 1 queued for execution and waiting for available worker","previousOperationId":"mgov5gqtk8o1qog","timestamp":1736543987561,"id":"5qybldvwnnknzde"}
{"type":"operationStart","subtype":"render","name":"reporte18","previousOperationId":"mgov5gqtk8o1qog","timestamp":1736543987575,"id":"oc47lln2wb04t5j","previousEventId":"l7vkqn8fc3srzua","operationId":"i9x6ujfz70syppj"}
{"type":"log","timestamp":1736543987575,"level":"info","message":"Starting rendering request 1","meta":{"rootId":"zb1g6z8aakullbc","id":"zb1g6z8aakullbc"},"id":"dzuc8chv8ycieky","previousOperationId":"i9x6ujfz70syppj"}
{"type":"log","timestamp":1736543987577,"level":"info","message":"Rendering template { name: reporte18, recipe: chrome-pdf, engine: handlebars, preview: false }","meta":{"rootId":"zb1g6z8aakullbc","id":"zb1g6z8aakullbc"},"id":"bd36htkvr339ns0","previousOperationId":"i9x6ujfz70syppj"}
{"type":"log","timestamp":1736543987577,"level":"debug","message":"Inline data specified.","meta":{"rootId":"zb1g6z8aakullbc","id":"zb1g6z8aakullbc"},"id":"s8jn62fd1klsylo","previousOperationId":"i9x6ujfz70syppj"}
{"type":"log","timestamp":1736543987580,"level":"debug","message":"Base url not specified, skipping its injection.","meta":{"rootId":"zb1g6z8aakullbc","id":"zb1g6z8aakullbc"},"id":"3k4m9vd5xxfga24","previousOperationId":"i9x6ujfz70syppj"}
{"type":"operationStart","subtype":"engine","name":"handlebars","timestamp":1736543987582,"id":"944vutj6qfpcckp","previousEventId":"oc47lln2wb04t5j","operationId":"52khyvbm5psypfp","previousOperationId":"i9x6ujfz70syppj"}
{"type":"log","timestamp":1736543987582,"level":"debug","message":"Rendering engine handlebars","meta":{"rootId":"zb1g6z8aakullbc","id":"zb1g6z8aakullbc"},"id":"t1qj7buxa8k2srp","previousOperationId":"52khyvbm5psypfp"}
{"type":"operationEnd","operationId":"52khyvbm5psypfp","timestamp":1736543988137,"id":"197m9szp7ikta05","previousEventId":"944vutj6qfpcckp","previousOperationId":"52khyvbm5psypfp"}
{"type":"operationStart","subtype":"recipe","name":"chrome-pdf","timestamp":1736543988138,"id":"yxf5fd5rojtij64","previousEventId":"197m9szp7ikta05","operationId":"n318p1gb84vhjn5","previousOperationId":"52khyvbm5psypfp"}
{"type":"log","timestamp":1736543988138,"level":"debug","message":"Executing recipe chrome-pdf","meta":{"rootId":"zb1g6z8aakullbc","id":"zb1g6z8aakullbc"},"id":"lntg5f5mnaamfqs","previousOperationId":"n318p1gb84vhjn5"}
{"type":"log","timestamp":1736543988504,"level":"debug","message":"Converting with chrome Chrome/131.0.6778.204 using dedicated-process strategy","meta":{"rootId":"zb1g6z8aakullbc","id":"zb1g6z8aakullbc"},"id":"yerl5d64ynvaao9","previousOperationId":"n318p1gb84vhjn5"}
{"type":"log","timestamp":1736543988599,"level":"debug","message":"Page request: GET (document) file:///tmp/jsreport/autocleanup/ec3783dc-939c-4182-b347-097f3b9290c7-chrome-pdf.html","meta":{"rootId":"zb1g6z8aakullbc","id":"zb1g6z8aakullbc"},"id":"k8zpirlau51vnom","previousOperationId":"n318p1gb84vhjn5"}
{"type":"log","timestamp":1736543988617,"level":"debug","message":"Page request finished: GET (document) 200 file:///tmp/jsreport/autocleanup/ec3783dc-939c-4182-b347-097f3b9290c7-chrome-pdf.html","meta":{"rootId":"zb1g6z8aakullbc","id":"zb1g6z8aakullbc"},"id":"n6xzrecqt2f3ygo","previousOperationId":"n318p1gb84vhjn5"}
{"type":"log","timestamp":1736543988618,"level":"debug","message":"Page request: GET (image) file:///data/img/logo_ucabair.jpg","meta":{"rootId":"zb1g6z8aakullbc","id":"zb1g6z8aakullbc"},"id":"4z4cm4dxm8n1szo","previousOperationId":"n318p1gb84vhjn5"}
{"type":"log","timestamp":1736543988627,"level":"warn","message":"Page request failed: GET (image) file:///data/img/logo_ucabair.jpg, failure: net::ERR_ACCESS_DENIED","meta":{"rootId":"zb1g6z8aakullbc","id":"zb1g6z8aakullbc"},"id":"2bv7jary97d9538","previousOperationId":"n318p1gb84vhjn5"}
{"type":"log","timestamp":1736543988628,"level":"debug","message":"(console:error) Failed to load resource: net::ERR_ACCESS_DENIED","meta":{"userLevel":true,"rootId":"zb1g6z8aakullbc","id":"zb1g6z8aakullbc"},"id":"pasbgv6fwzss45m","previousOperationId":"n318p1gb84vhjn5"}
{"type":"log","timestamp":1736543988671,"level":"debug","message":"Running chrome with params {\"printBackground\":true,\"timeout\":59418,\"margin\":{}}","meta":{"rootId":"zb1g6z8aakullbc","id":"zb1g6z8aakullbc"},"id":"ah5n01f9uxrdvmz","previousOperationId":"n318p1gb84vhjn5"}
{"type":"operationEnd","operationId":"n318p1gb84vhjn5","timestamp":1736543989052,"id":"3hd5usgcff101vc","previousEventId":"yxf5fd5rojtij64","previousOperationId":"n318p1gb84vhjn5"}
{"type":"log","timestamp":1736543989052,"level":"debug","message":"Skipping storing report.","meta":{"rootId":"zb1g6z8aakullbc","id":"zb1g6z8aakullbc"},"id":"g58p6xgpwx5pj4z","previousOperationId":"n318p1gb84vhjn5"}
{"type":"log","timestamp":1736543989053,"level":"info","message":"Rendering request 1 finished in 1493 ms","meta":{"rootId":"zb1g6z8aakullbc","id":"zb1g6z8aakullbc"},"id":"7tq40ll66x0ksf5","previousOperationId":"n318p1gb84vhjn5"}
{"type":"operationEnd","subtype":"render","operationId":"i9x6ujfz70syppj","timestamp":1736543989053,"id":"zrz9xbw22809nwn","previousEventId":"3hd5usgcff101vc","previousOperationId":"n318p1gb84vhjn5"}
{"type":"operationEnd","doDiffs":false,"previousEventId":"l7vkqn8fc3srzua","previousOperationId":"mgov5gqtk8o1qog","operationId":"mgov5gqtk8o1qog","timestamp":1736543989055,"id":"xh5w14xd8solqkl"}
