{"type":"operationStart","subtype":"profile","data":{"_id":"rfHt1m0p2tgGH8TM","timestamp":"2025-01-11T01:00:18.732Z","state":"queued","mode":"standard","creationDate":"2025-01-11T01:00:18.733Z","modificationDate":"2025-01-11T01:00:18.733Z","shortid":"mAR9YDG","$entitySet":"profiles"},"doDiffs":false,"timestamp":1736557218732,"id":"7iedyqh0b7m5uek","previousOperationId":null,"operationId":"fzcvs3brhhkzf31"}
{"type":"log","level":"info","message":"Render request 8 queued for execution and waiting for available worker","previousOperationId":"fzcvs3brhhkzf31","timestamp":1736557218732,"id":"ujqauw5bvz4vwfy"}
{"type":"operationStart","subtype":"render","name":"reporte18","previousOperationId":"fzcvs3brhhkzf31","timestamp":1736557218736,"id":"1vok1z3lx4ye7tt","previousEventId":"7iedyqh0b7m5uek","operationId":"ymopr6tck28kwyf"}
{"type":"log","timestamp":1736557218736,"level":"info","message":"Starting rendering request 8","meta":{"rootId":"zqxnecdfqxwok0h","id":"zqxnecdfqxwok0h"},"id":"u6f0eyrr5r8mwg6","previousOperationId":"ymopr6tck28kwyf"}
{"type":"log","timestamp":1736557218736,"level":"info","message":"Rendering template { name: reporte18, recipe: chrome-pdf, engine: handlebars, preview: false }","meta":{"rootId":"zqxnecdfqxwok0h","id":"zqxnecdfqxwok0h"},"id":"02346fyctzixxgk","previousOperationId":"ymopr6tck28kwyf"}
{"type":"log","timestamp":1736557218736,"level":"debug","message":"Inline data specified.","meta":{"rootId":"zqxnecdfqxwok0h","id":"zqxnecdfqxwok0h"},"id":"7mhprinut3wueqz","previousOperationId":"ymopr6tck28kwyf"}
{"type":"log","timestamp":1736557218738,"level":"debug","message":"Base url not specified, skipping its injection.","meta":{"rootId":"zqxnecdfqxwok0h","id":"zqxnecdfqxwok0h"},"id":"2x674fbdg7arful","previousOperationId":"ymopr6tck28kwyf"}
{"type":"operationStart","subtype":"engine","name":"handlebars","timestamp":1736557218738,"id":"qx1ueaw3zyzswd6","previousEventId":"1vok1z3lx4ye7tt","operationId":"k7gqozizgor8ihr","previousOperationId":"ymopr6tck28kwyf"}
{"type":"log","timestamp":1736557218738,"level":"debug","message":"Rendering engine handlebars","meta":{"rootId":"zqxnecdfqxwok0h","id":"zqxnecdfqxwok0h"},"id":"em7iscudq5wpwuu","previousOperationId":"k7gqozizgor8ihr"}
{"type":"operationEnd","operationId":"k7gqozizgor8ihr","timestamp":1736557218746,"id":"vn9j4lm3pden98v","previousEventId":"qx1ueaw3zyzswd6","previousOperationId":"k7gqozizgor8ihr"}
{"type":"operationStart","subtype":"recipe","name":"chrome-pdf","timestamp":1736557218746,"id":"zb5qr0bbhh9b8j0","previousEventId":"vn9j4lm3pden98v","operationId":"bycrmsk124y09f1","previousOperationId":"k7gqozizgor8ihr"}
{"type":"log","timestamp":1736557218746,"level":"debug","message":"Executing recipe chrome-pdf","meta":{"rootId":"zqxnecdfqxwok0h","id":"zqxnecdfqxwok0h"},"id":"k2kg3fytjj0i5z5","previousOperationId":"bycrmsk124y09f1"}
{"type":"log","timestamp":1736557219069,"level":"debug","message":"Converting with chrome Chrome/131.0.6778.204 using dedicated-process strategy","meta":{"rootId":"zqxnecdfqxwok0h","id":"zqxnecdfqxwok0h"},"id":"868zq47eqirl713","previousOperationId":"bycrmsk124y09f1"}
{"type":"log","timestamp":1736557219153,"level":"debug","message":"Page request: GET (document) file:///tmp/jsreport/autocleanup/9cc80cf2-34ec-427c-b0cc-6f502fc6e771-chrome-pdf.html","meta":{"rootId":"zqxnecdfqxwok0h","id":"zqxnecdfqxwok0h"},"id":"ghs5hcj2pj7sjxz","previousOperationId":"bycrmsk124y09f1"}
{"type":"log","timestamp":1736557219175,"level":"debug","message":"Page request finished: GET (document) 200 file:///tmp/jsreport/autocleanup/9cc80cf2-34ec-427c-b0cc-6f502fc6e771-chrome-pdf.html","meta":{"rootId":"zqxnecdfqxwok0h","id":"zqxnecdfqxwok0h"},"id":"p589knumhnp1tyw","previousOperationId":"bycrmsk124y09f1"}
{"type":"log","timestamp":1736557219177,"level":"debug","message":"Page request: GET (image) https://i.pinimg.com/736x/ac/66/fd/ac66fdbcf17e7c77173cf01c4dbb1cfc.jpg","meta":{"rootId":"zqxnecdfqxwok0h","id":"zqxnecdfqxwok0h"},"id":"qqryae8vgl2liud","previousOperationId":"bycrmsk124y09f1"}
{"type":"log","timestamp":1736557219275,"level":"debug","message":"Page request finished: GET (image) 200 https://i.pinimg.com/736x/ac/66/fd/ac66fdbcf17e7c77173cf01c4dbb1cfc.jpg","meta":{"rootId":"zqxnecdfqxwok0h","id":"zqxnecdfqxwok0h"},"id":"6gi2c4ate3cgbmn","previousOperationId":"bycrmsk124y09f1"}
{"type":"log","timestamp":1736557219297,"level":"debug","message":"Running chrome with params {\"printBackground\":true,\"timeout\":59984,\"margin\":{}}","meta":{"rootId":"zqxnecdfqxwok0h","id":"zqxnecdfqxwok0h"},"id":"4md15bxbepyr624","previousOperationId":"bycrmsk124y09f1"}
{"type":"operationEnd","operationId":"bycrmsk124y09f1","timestamp":1736557219647,"id":"tgh6oo0stobti9g","previousEventId":"zb5qr0bbhh9b8j0","previousOperationId":"bycrmsk124y09f1"}
{"type":"log","timestamp":1736557219647,"level":"debug","message":"Skipping storing report.","meta":{"rootId":"zqxnecdfqxwok0h","id":"zqxnecdfqxwok0h"},"id":"ixxqmpumz1k25ac","previousOperationId":"bycrmsk124y09f1"}
{"type":"log","timestamp":1736557219647,"level":"info","message":"Rendering request 8 finished in 916 ms","meta":{"rootId":"zqxnecdfqxwok0h","id":"zqxnecdfqxwok0h"},"id":"949bufgf2hkqo1o","previousOperationId":"bycrmsk124y09f1"}
{"type":"operationEnd","subtype":"render","operationId":"ymopr6tck28kwyf","timestamp":1736557219647,"id":"0ku4qol0kcbct3f","previousEventId":"tgh6oo0stobti9g","previousOperationId":"bycrmsk124y09f1"}
{"type":"operationEnd","doDiffs":false,"previousEventId":"7iedyqh0b7m5uek","previousOperationId":"fzcvs3brhhkzf31","operationId":"fzcvs3brhhkzf31","timestamp":1736557219650,"id":"3udoswy1lbpygq0"}
