{"type":"operationStart","subtype":"profile","data":{"_id":"hoyeoiORhDYaBBaU","timestamp":"2025-01-10T18:03:55.106Z","state":"queued","mode":"standard","creationDate":"2025-01-10T18:03:55.108Z","modificationDate":"2025-01-10T18:03:55.108Z","shortid":"KQQ_Dze","$entitySet":"profiles"},"doDiffs":false,"timestamp":1736532235107,"id":"hckxj7tgoeyce35","previousOperationId":null,"operationId":"53t8256a9x4e6b3"}
{"type":"log","level":"info","message":"Render request 1 queued for execution and waiting for available worker","previousOperationId":"53t8256a9x4e6b3","timestamp":1736532235107,"id":"xlzray5vl1ohjx2"}
{"type":"operationStart","subtype":"render","name":"reporte18","previousOperationId":"53t8256a9x4e6b3","timestamp":1736532235112,"id":"13f5fkvkwpq1xu5","previousEventId":"hckxj7tgoeyce35","operationId":"4s9pm06g33vb0f0"}
{"type":"log","timestamp":1736532235113,"level":"info","message":"Starting rendering request 1","meta":{"rootId":"zxsgiuw329ubv36","id":"zxsgiuw329ubv36"},"id":"9mgblf5sf3a8s1w","previousOperationId":"4s9pm06g33vb0f0"}
{"type":"log","timestamp":1736532235116,"level":"info","message":"Rendering template { name: reporte18, recipe: chrome-pdf, engine: handlebars, preview: false }","meta":{"rootId":"zxsgiuw329ubv36","id":"zxsgiuw329ubv36"},"id":"896h6bxi1xi9cbn","previousOperationId":"4s9pm06g33vb0f0"}
{"type":"log","timestamp":1736532235116,"level":"debug","message":"Inline data specified.","meta":{"rootId":"zxsgiuw329ubv36","id":"zxsgiuw329ubv36"},"id":"ddgy8ftgovzyi37","previousOperationId":"4s9pm06g33vb0f0"}
{"type":"log","timestamp":1736532235118,"level":"debug","message":"Base url not specified, skipping its injection.","meta":{"rootId":"zxsgiuw329ubv36","id":"zxsgiuw329ubv36"},"id":"05i24omvsup6frw","previousOperationId":"4s9pm06g33vb0f0"}
{"type":"operationStart","subtype":"engine","name":"handlebars","timestamp":1736532235119,"id":"j80o9qppnan6rlv","previousEventId":"13f5fkvkwpq1xu5","operationId":"vnejdbbbqzs2ra2","previousOperationId":"4s9pm06g33vb0f0"}
{"type":"log","timestamp":1736532235119,"level":"debug","message":"Rendering engine handlebars","meta":{"rootId":"zxsgiuw329ubv36","id":"zxsgiuw329ubv36"},"id":"juactwdwapcrvwx","previousOperationId":"vnejdbbbqzs2ra2"}
{"type":"operationEnd","operationId":"vnejdbbbqzs2ra2","timestamp":1736532235798,"id":"nc6xc6uelotp4g0","previousEventId":"j80o9qppnan6rlv","previousOperationId":"vnejdbbbqzs2ra2"}
{"type":"operationStart","subtype":"recipe","name":"chrome-pdf","timestamp":1736532235799,"id":"j6ulgnfgrfn9qn8","previousEventId":"nc6xc6uelotp4g0","operationId":"g6eyo0ruqq9lmvf","previousOperationId":"vnejdbbbqzs2ra2"}
{"type":"log","timestamp":1736532235799,"level":"debug","message":"Executing recipe chrome-pdf","meta":{"rootId":"zxsgiuw329ubv36","id":"zxsgiuw329ubv36"},"id":"7ieh6rleonfghx6","previousOperationId":"g6eyo0ruqq9lmvf"}
{"type":"log","timestamp":1736532236165,"level":"debug","message":"Converting with chrome Chrome/131.0.6778.204 using chrome-pool strategy","meta":{"rootId":"zxsgiuw329ubv36","id":"zxsgiuw329ubv36"},"id":"sj1huagi2fclttu","previousOperationId":"g6eyo0ruqq9lmvf"}
{"type":"log","timestamp":1736532236243,"level":"debug","message":"Page request: GET (document) file:///tmp/jsreport/autocleanup/89eae40f-0988-42e2-8f47-c3102f7e86ba-chrome-pdf.html","meta":{"rootId":"zxsgiuw329ubv36","id":"zxsgiuw329ubv36"},"id":"spnag0vg64v13ed","previousOperationId":"g6eyo0ruqq9lmvf"}
{"type":"log","timestamp":1736532236263,"level":"debug","message":"Page request finished: GET (document) 200 file:///tmp/jsreport/autocleanup/89eae40f-0988-42e2-8f47-c3102f7e86ba-chrome-pdf.html","meta":{"rootId":"zxsgiuw329ubv36","id":"zxsgiuw329ubv36"},"id":"95f20dpjr553tjy","previousOperationId":"g6eyo0ruqq9lmvf"}
{"type":"log","timestamp":1736532236275,"level":"debug","message":"Running chrome with params {\"printBackground\":true,\"timeout\":59303,\"margin\":{}}","meta":{"rootId":"zxsgiuw329ubv36","id":"zxsgiuw329ubv36"},"id":"27jv9qvx2mzxai1","previousOperationId":"g6eyo0ruqq9lmvf"}
{"type":"operationEnd","operationId":"g6eyo0ruqq9lmvf","timestamp":1736532236330,"id":"6b0wa8w8fkp896i","previousEventId":"j6ulgnfgrfn9qn8","previousOperationId":"g6eyo0ruqq9lmvf"}
{"type":"log","timestamp":1736532236331,"level":"debug","message":"Skipping storing report.","meta":{"rootId":"zxsgiuw329ubv36","id":"zxsgiuw329ubv36"},"id":"0l6idi1ubb7csxf","previousOperationId":"g6eyo0ruqq9lmvf"}
{"type":"log","timestamp":1736532236331,"level":"info","message":"Rendering request 1 finished in 1226 ms","meta":{"rootId":"zxsgiuw329ubv36","id":"zxsgiuw329ubv36"},"id":"t0xrgqdix976se8","previousOperationId":"g6eyo0ruqq9lmvf"}
{"type":"operationEnd","subtype":"render","operationId":"4s9pm06g33vb0f0","timestamp":1736532236331,"id":"g67lxll4fq9y0au","previousEventId":"6b0wa8w8fkp896i","previousOperationId":"g6eyo0ruqq9lmvf"}
{"type":"operationEnd","doDiffs":false,"previousEventId":"hckxj7tgoeyce35","previousOperationId":"53t8256a9x4e6b3","operationId":"53t8256a9x4e6b3","timestamp":1736532236337,"id":"btazuvhxfnq0kc2"}
