{"type":"operationStart","subtype":"profile","data":{"_id":"DBki338EQmeOJOAx","timestamp":"2025-01-17T01:38:03.756Z","state":"queued","mode":"standard","creationDate":"2025-01-17T01:38:03.758Z","modificationDate":"2025-01-17T01:38:03.758Z","shortid":"CS7lL9O","$entitySet":"profiles"},"doDiffs":false,"timestamp":1737077883757,"id":"bbm4c6quwbi2f21","previousOperationId":null,"operationId":"91jz6set7zka1bl"}
{"type":"log","level":"info","message":"Render request 1 queued for execution and waiting for available worker","previousOperationId":"91jz6set7zka1bl","timestamp":1737077883757,"id":"8eaxl9pmyvtcnin"}
{"type":"operationStart","subtype":"render","name":"invetarioDetalladoPorMes","previousOperationId":"91jz6set7zka1bl","timestamp":1737077883770,"id":"8l77sadgdje5mra","previousEventId":"bbm4c6quwbi2f21","operationId":"trum1jqfz2iu626"}
{"type":"log","timestamp":1737077883771,"level":"info","message":"Starting rendering request 1","meta":{"rootId":"23rs0y6leixf21k","id":"23rs0y6leixf21k"},"id":"hj8jzv6nfzwyz22","previousOperationId":"trum1jqfz2iu626"}
{"type":"log","timestamp":1737077883772,"level":"info","message":"Rendering template { name: invetarioDetalladoPorMes, recipe: chrome-pdf, engine: handlebars, preview: false }","meta":{"rootId":"23rs0y6leixf21k","id":"23rs0y6leixf21k"},"id":"yufce3bo9ko998i","previousOperationId":"trum1jqfz2iu626"}
{"type":"log","timestamp":1737077883773,"level":"debug","message":"Inline data specified.","meta":{"rootId":"23rs0y6leixf21k","id":"23rs0y6leixf21k"},"id":"fcz4sfztmtwrsrx","previousOperationId":"trum1jqfz2iu626"}
{"type":"log","timestamp":1737077883775,"level":"debug","message":"Base url not specified, skipping its injection.","meta":{"rootId":"23rs0y6leixf21k","id":"23rs0y6leixf21k"},"id":"q53tovm92to33lv","previousOperationId":"trum1jqfz2iu626"}
{"type":"operationStart","subtype":"engine","name":"handlebars","timestamp":1737077883776,"id":"vn47uutacy0lx8u","previousEventId":"8l77sadgdje5mra","operationId":"8dugizi0cvz3vfv","previousOperationId":"trum1jqfz2iu626"}
{"type":"log","timestamp":1737077883776,"level":"debug","message":"Rendering engine handlebars","meta":{"rootId":"23rs0y6leixf21k","id":"23rs0y6leixf21k"},"id":"c2wr7llnotirhzj","previousOperationId":"8dugizi0cvz3vfv"}
{"type":"operationEnd","operationId":"8dugizi0cvz3vfv","timestamp":1737077884351,"id":"fvrmel1mdpcwyjr","previousEventId":"vn47uutacy0lx8u","previousOperationId":"8dugizi0cvz3vfv"}
{"type":"operationStart","subtype":"recipe","name":"chrome-pdf","timestamp":1737077884352,"id":"zjbioxxshy62vo6","previousEventId":"fvrmel1mdpcwyjr","operationId":"3yy9m7ul9cp0kgt","previousOperationId":"8dugizi0cvz3vfv"}
{"type":"log","timestamp":1737077884352,"level":"debug","message":"Executing recipe chrome-pdf","meta":{"rootId":"23rs0y6leixf21k","id":"23rs0y6leixf21k"},"id":"2xxu391yz86le8u","previousOperationId":"3yy9m7ul9cp0kgt"}
{"type":"log","timestamp":1737077884762,"level":"debug","message":"Converting with chrome Chrome/131.0.6778.204 using dedicated-process strategy","meta":{"rootId":"23rs0y6leixf21k","id":"23rs0y6leixf21k"},"id":"vxbdv78no61kzg9","previousOperationId":"3yy9m7ul9cp0kgt"}
{"type":"log","timestamp":1737077884881,"level":"debug","message":"Page request: GET (document) file:///tmp/jsreport/autocleanup/2e3ef5bf-fac6-4bf8-90cd-fdff190e3a9b-chrome-pdf.html","meta":{"rootId":"23rs0y6leixf21k","id":"23rs0y6leixf21k"},"id":"l2603ksa7m8c5l3","previousOperationId":"3yy9m7ul9cp0kgt"}
{"type":"log","timestamp":1737077884903,"level":"debug","message":"Page request finished: GET (document) 200 file:///tmp/jsreport/autocleanup/2e3ef5bf-fac6-4bf8-90cd-fdff190e3a9b-chrome-pdf.html","meta":{"rootId":"23rs0y6leixf21k","id":"23rs0y6leixf21k"},"id":"iv0zsh9vphv5rn1","previousOperationId":"3yy9m7ul9cp0kgt"}
{"type":"log","timestamp":1737077884906,"level":"debug","message":"Page request: GET (image) https://i.pinimg.com/736x/ac/66/fd/ac66fdbcf17e7c77173cf01c4dbb1cfc.jpg","meta":{"rootId":"23rs0y6leixf21k","id":"23rs0y6leixf21k"},"id":"8kimq87ju48zb7t","previousOperationId":"3yy9m7ul9cp0kgt"}
{"type":"log","timestamp":1737077884951,"level":"debug","message":"Page request finished: GET (image) 200 https://i.pinimg.com/736x/ac/66/fd/ac66fdbcf17e7c77173cf01c4dbb1cfc.jpg","meta":{"rootId":"23rs0y6leixf21k","id":"23rs0y6leixf21k"},"id":"0wj2onekn4v8cti","previousOperationId":"3yy9m7ul9cp0kgt"}
{"type":"log","timestamp":1737077884960,"level":"debug","message":"Running chrome with params {\"printBackground\":true,\"timeout\":59392,\"margin\":{}}","meta":{"rootId":"23rs0y6leixf21k","id":"23rs0y6leixf21k"},"id":"4mnp79zhk5sdyik","previousOperationId":"3yy9m7ul9cp0kgt"}
{"type":"operationEnd","operationId":"3yy9m7ul9cp0kgt","timestamp":1737077885309,"id":"vhw16r0z3k5qj7v","previousEventId":"zjbioxxshy62vo6","previousOperationId":"3yy9m7ul9cp0kgt"}
{"type":"log","timestamp":1737077885310,"level":"debug","message":"Skipping storing report.","meta":{"rootId":"23rs0y6leixf21k","id":"23rs0y6leixf21k"},"id":"yjs80vkkxl2r4ny","previousOperationId":"3yy9m7ul9cp0kgt"}
{"type":"log","timestamp":1737077885310,"level":"info","message":"Rendering request 1 finished in 1555 ms","meta":{"rootId":"23rs0y6leixf21k","id":"23rs0y6leixf21k"},"id":"ikfv6jxjo78ss9k","previousOperationId":"3yy9m7ul9cp0kgt"}
{"type":"operationEnd","subtype":"render","operationId":"trum1jqfz2iu626","timestamp":1737077885310,"id":"zbfexjvjrbw2i0o","previousEventId":"vhw16r0z3k5qj7v","previousOperationId":"3yy9m7ul9cp0kgt"}
{"type":"operationEnd","doDiffs":false,"previousEventId":"bbm4c6quwbi2f21","previousOperationId":"91jz6set7zka1bl","operationId":"91jz6set7zka1bl","timestamp":1737077885312,"id":"xmk6cz8p0z71xmb"}
