{"type":"operationStart","subtype":"profile","data":{"_id":"UGDK0nHEvMBIY3yj","timestamp":"2025-01-17T06:06:29.690Z","state":"queued","mode":"standard","creationDate":"2025-01-17T06:06:29.690Z","modificationDate":"2025-01-17T06:06:29.690Z","shortid":"44oJ08U","$entitySet":"profiles"},"doDiffs":false,"timestamp":1737093989690,"id":"jqz2trr9u6a6deu","previousOperationId":null,"operationId":"xe5p3sz5fppehmx"}
{"type":"log","level":"info","message":"Render request 7 queued for execution and waiting for available worker","previousOperationId":"xe5p3sz5fppehmx","timestamp":1737093989690,"id":"f406wy601q2td0p"}
{"type":"operationStart","subtype":"render","name":"invetarioDetalladoPorMes","previousOperationId":"xe5p3sz5fppehmx","timestamp":1737093989693,"id":"9xd8jyh48osz6lk","previousEventId":"jqz2trr9u6a6deu","operationId":"r5gjpa8vmn5x0gg"}
{"type":"log","timestamp":1737093989693,"level":"info","message":"Starting rendering request 7","meta":{"rootId":"2tsurcnahkhz2mk","id":"2tsurcnahkhz2mk"},"id":"m219lpnbc11woqu","previousOperationId":"r5gjpa8vmn5x0gg"}
{"type":"log","timestamp":1737093989693,"level":"info","message":"Rendering template { name: invetarioDetalladoPorMes, recipe: chrome-pdf, engine: handlebars, preview: false }","meta":{"rootId":"2tsurcnahkhz2mk","id":"2tsurcnahkhz2mk"},"id":"kvday2m4as33t67","previousOperationId":"r5gjpa8vmn5x0gg"}
{"type":"log","timestamp":1737093989693,"level":"debug","message":"Inline data specified.","meta":{"rootId":"2tsurcnahkhz2mk","id":"2tsurcnahkhz2mk"},"id":"bpd8afhl5jfi8t3","previousOperationId":"r5gjpa8vmn5x0gg"}
{"type":"log","timestamp":1737093989694,"level":"debug","message":"Base url not specified, skipping its injection.","meta":{"rootId":"2tsurcnahkhz2mk","id":"2tsurcnahkhz2mk"},"id":"kkzp7lj7vbyz0md","previousOperationId":"r5gjpa8vmn5x0gg"}
{"type":"operationStart","subtype":"engine","name":"handlebars","timestamp":1737093989695,"id":"j0z58gl8met91ga","previousEventId":"9xd8jyh48osz6lk","operationId":"pfa0hwaemimzuy9","previousOperationId":"r5gjpa8vmn5x0gg"}
{"type":"log","timestamp":1737093989695,"level":"debug","message":"Rendering engine handlebars","meta":{"rootId":"2tsurcnahkhz2mk","id":"2tsurcnahkhz2mk"},"id":"g4dw8ws4t1vxohh","previousOperationId":"pfa0hwaemimzuy9"}
{"type":"operationEnd","operationId":"pfa0hwaemimzuy9","timestamp":1737093989704,"id":"urya3cehnowxz7r","previousEventId":"j0z58gl8met91ga","previousOperationId":"pfa0hwaemimzuy9"}
{"type":"operationStart","subtype":"recipe","name":"chrome-pdf","timestamp":1737093989705,"id":"4wn7cqux2uq81be","previousEventId":"urya3cehnowxz7r","operationId":"a6eqsyrmetsy8ff","previousOperationId":"pfa0hwaemimzuy9"}
{"type":"log","timestamp":1737093989705,"level":"debug","message":"Executing recipe chrome-pdf","meta":{"rootId":"2tsurcnahkhz2mk","id":"2tsurcnahkhz2mk"},"id":"1u45e0ernk2c5c3","previousOperationId":"a6eqsyrmetsy8ff"}
{"type":"log","timestamp":1737093990068,"level":"debug","message":"Converting with chrome Chrome/131.0.6778.204 using dedicated-process strategy","meta":{"rootId":"2tsurcnahkhz2mk","id":"2tsurcnahkhz2mk"},"id":"fup6rvwtcttvs0r","previousOperationId":"a6eqsyrmetsy8ff"}
{"type":"log","timestamp":1737093990158,"level":"debug","message":"Page request: GET (document) file:///tmp/jsreport/autocleanup/5c6d9faa-5db0-4aa2-8a04-7011d027f4ba-chrome-pdf.html","meta":{"rootId":"2tsurcnahkhz2mk","id":"2tsurcnahkhz2mk"},"id":"ugsm2tbmgy8adoa","previousOperationId":"a6eqsyrmetsy8ff"}
{"type":"log","timestamp":1737093990174,"level":"debug","message":"Page request finished: GET (document) 200 file:///tmp/jsreport/autocleanup/5c6d9faa-5db0-4aa2-8a04-7011d027f4ba-chrome-pdf.html","meta":{"rootId":"2tsurcnahkhz2mk","id":"2tsurcnahkhz2mk"},"id":"4s2yj40pey0le0b","previousOperationId":"a6eqsyrmetsy8ff"}
{"type":"log","timestamp":1737093990175,"level":"debug","message":"Page request: GET (image) https://i.pinimg.com/736x/ac/66/fd/ac66fdbcf17e7c77173cf01c4dbb1cfc.jpg","meta":{"rootId":"2tsurcnahkhz2mk","id":"2tsurcnahkhz2mk"},"id":"v108fo7thd9i5qt","previousOperationId":"a6eqsyrmetsy8ff"}
{"type":"log","timestamp":1737093990238,"level":"debug","message":"Page request finished: GET (image) 200 https://i.pinimg.com/736x/ac/66/fd/ac66fdbcf17e7c77173cf01c4dbb1cfc.jpg","meta":{"rootId":"2tsurcnahkhz2mk","id":"2tsurcnahkhz2mk"},"id":"z6xwyra0sunjdx6","previousOperationId":"a6eqsyrmetsy8ff"}
{"type":"log","timestamp":1737093990245,"level":"debug","message":"Running chrome with params {\"printBackground\":true,\"timeout\":59984,\"margin\":{}}","meta":{"rootId":"2tsurcnahkhz2mk","id":"2tsurcnahkhz2mk"},"id":"w3zerndetkltjxn","previousOperationId":"a6eqsyrmetsy8ff"}
{"type":"operationEnd","operationId":"a6eqsyrmetsy8ff","timestamp":1737093990491,"id":"zfra8ryf8q1nusr","previousEventId":"4wn7cqux2uq81be","previousOperationId":"a6eqsyrmetsy8ff"}
{"type":"log","timestamp":1737093990491,"level":"debug","message":"Skipping storing report.","meta":{"rootId":"2tsurcnahkhz2mk","id":"2tsurcnahkhz2mk"},"id":"rmed1umrzdetlbk","previousOperationId":"a6eqsyrmetsy8ff"}
{"type":"log","timestamp":1737093990491,"level":"info","message":"Rendering request 7 finished in 801 ms","meta":{"rootId":"2tsurcnahkhz2mk","id":"2tsurcnahkhz2mk"},"id":"hcx9l00xv8uzc1h","previousOperationId":"a6eqsyrmetsy8ff"}
{"type":"operationEnd","subtype":"render","operationId":"r5gjpa8vmn5x0gg","timestamp":1737093990491,"id":"mgvx0mboj1zfqqt","previousEventId":"zfra8ryf8q1nusr","previousOperationId":"a6eqsyrmetsy8ff"}
{"type":"operationEnd","doDiffs":false,"previousEventId":"jqz2trr9u6a6deu","previousOperationId":"xe5p3sz5fppehmx","operationId":"xe5p3sz5fppehmx","timestamp":1737093990497,"id":"b81m4banbrjux7w"}
