{"type":"operationStart","subtype":"profile","data":{"_id":"x1hQBhfTRCo44xvv","timestamp":"2025-01-17T05:04:49.756Z","state":"queued","mode":"standard","creationDate":"2025-01-17T05:04:49.756Z","modificationDate":"2025-01-17T05:04:49.756Z","shortid":"0-lS-Ak","$entitySet":"profiles"},"doDiffs":false,"timestamp":1737090289756,"id":"yzqpd834x895797","previousOperationId":null,"operationId":"e3x9mgm0qfncehl"}
{"type":"log","level":"info","message":"Render request 17 queued for execution and waiting for available worker","previousOperationId":"e3x9mgm0qfncehl","timestamp":1737090289756,"id":"mt9kq6ucrfzea5v"}
{"type":"operationStart","subtype":"render","name":"invetarioDetalladoPorMes","previousOperationId":"e3x9mgm0qfncehl","timestamp":1737090289758,"id":"hbh43w0njpn3c7d","previousEventId":"yzqpd834x895797","operationId":"4lkuva8418zrwx3"}
{"type":"log","timestamp":1737090289759,"level":"info","message":"Starting rendering request 17","meta":{"rootId":"4sh0nxo228ddd0z","id":"4sh0nxo228ddd0z"},"id":"j7yay5nulmbw5tn","previousOperationId":"4lkuva8418zrwx3"}
{"type":"log","timestamp":1737090289759,"level":"info","message":"Rendering template { name: invetarioDetalladoPorMes, recipe: chrome-pdf, engine: handlebars, preview: false }","meta":{"rootId":"4sh0nxo228ddd0z","id":"4sh0nxo228ddd0z"},"id":"wsp07z41s0s3a2x","previousOperationId":"4lkuva8418zrwx3"}
{"type":"log","timestamp":1737090289759,"level":"debug","message":"Inline data specified.","meta":{"rootId":"4sh0nxo228ddd0z","id":"4sh0nxo228ddd0z"},"id":"ymyp7p1mj2x0vre","previousOperationId":"4lkuva8418zrwx3"}
{"type":"log","timestamp":1737090289760,"level":"debug","message":"Base url not specified, skipping its injection.","meta":{"rootId":"4sh0nxo228ddd0z","id":"4sh0nxo228ddd0z"},"id":"fean5fzuamezwd5","previousOperationId":"4lkuva8418zrwx3"}
{"type":"operationStart","subtype":"engine","name":"handlebars","timestamp":1737090289760,"id":"spil2azsm8knftu","previousEventId":"hbh43w0njpn3c7d","operationId":"um34639d0j4tp3o","previousOperationId":"4lkuva8418zrwx3"}
{"type":"log","timestamp":1737090289760,"level":"debug","message":"Rendering engine handlebars","meta":{"rootId":"4sh0nxo228ddd0z","id":"4sh0nxo228ddd0z"},"id":"hctc9e20996gj33","previousOperationId":"um34639d0j4tp3o"}
{"type":"operationEnd","operationId":"um34639d0j4tp3o","timestamp":1737090289767,"id":"xni9mesqmn7hdp2","previousEventId":"spil2azsm8knftu","previousOperationId":"um34639d0j4tp3o"}
{"type":"operationStart","subtype":"recipe","name":"chrome-pdf","timestamp":1737090289767,"id":"d0q6n9g1q5qjtj9","previousEventId":"xni9mesqmn7hdp2","operationId":"fld9gj8rd9fy1vx","previousOperationId":"um34639d0j4tp3o"}
{"type":"log","timestamp":1737090289767,"level":"debug","message":"Executing recipe chrome-pdf","meta":{"rootId":"4sh0nxo228ddd0z","id":"4sh0nxo228ddd0z"},"id":"je9vo0rklxch9lx","previousOperationId":"fld9gj8rd9fy1vx"}
{"type":"log","timestamp":1737090290164,"level":"debug","message":"Converting with chrome Chrome/131.0.6778.204 using dedicated-process strategy","meta":{"rootId":"4sh0nxo228ddd0z","id":"4sh0nxo228ddd0z"},"id":"d83kcq7pu5yc8ot","previousOperationId":"fld9gj8rd9fy1vx"}
{"type":"log","timestamp":1737090290235,"level":"debug","message":"Page request: GET (document) file:///tmp/jsreport/autocleanup/e5a94eff-d26a-4685-b65c-4283e578b432-chrome-pdf.html","meta":{"rootId":"4sh0nxo228ddd0z","id":"4sh0nxo228ddd0z"},"id":"jgbjy7h5iwxge0v","previousOperationId":"fld9gj8rd9fy1vx"}
{"type":"log","timestamp":1737090290256,"level":"debug","message":"Page request finished: GET (document) 200 file:///tmp/jsreport/autocleanup/e5a94eff-d26a-4685-b65c-4283e578b432-chrome-pdf.html","meta":{"rootId":"4sh0nxo228ddd0z","id":"4sh0nxo228ddd0z"},"id":"0tbeklyt7p3529j","previousOperationId":"fld9gj8rd9fy1vx"}
{"type":"log","timestamp":1737090290257,"level":"debug","message":"Page request: GET (image) https://i.pinimg.com/736x/ac/66/fd/ac66fdbcf17e7c77173cf01c4dbb1cfc.jpg","meta":{"rootId":"4sh0nxo228ddd0z","id":"4sh0nxo228ddd0z"},"id":"oj4qd35yo7r73a7","previousOperationId":"fld9gj8rd9fy1vx"}
{"type":"log","timestamp":1737090290297,"level":"debug","message":"Page request finished: GET (image) 200 https://i.pinimg.com/736x/ac/66/fd/ac66fdbcf17e7c77173cf01c4dbb1cfc.jpg","meta":{"rootId":"4sh0nxo228ddd0z","id":"4sh0nxo228ddd0z"},"id":"qw8szy8k67axcqq","previousOperationId":"fld9gj8rd9fy1vx"}
{"type":"log","timestamp":1737090290302,"level":"debug","message":"Running chrome with params {\"printBackground\":true,\"timeout\":59987,\"margin\":{}}","meta":{"rootId":"4sh0nxo228ddd0z","id":"4sh0nxo228ddd0z"},"id":"lp94feyb55xqtxp","previousOperationId":"fld9gj8rd9fy1vx"}
{"type":"operationEnd","operationId":"fld9gj8rd9fy1vx","timestamp":1737090290492,"id":"8smp2nu1gp6sqr8","previousEventId":"d0q6n9g1q5qjtj9","previousOperationId":"fld9gj8rd9fy1vx"}
{"type":"log","timestamp":1737090290492,"level":"debug","message":"Skipping storing report.","meta":{"rootId":"4sh0nxo228ddd0z","id":"4sh0nxo228ddd0z"},"id":"damdin01l948y2b","previousOperationId":"fld9gj8rd9fy1vx"}
{"type":"log","timestamp":1737090290492,"level":"info","message":"Rendering request 17 finished in 737 ms","meta":{"rootId":"4sh0nxo228ddd0z","id":"4sh0nxo228ddd0z"},"id":"lcy4monex04jqno","previousOperationId":"fld9gj8rd9fy1vx"}
{"type":"operationEnd","subtype":"render","operationId":"4lkuva8418zrwx3","timestamp":1737090290492,"id":"sk4lg3clonwnoe5","previousEventId":"8smp2nu1gp6sqr8","previousOperationId":"fld9gj8rd9fy1vx"}
{"type":"operationEnd","doDiffs":false,"previousEventId":"yzqpd834x895797","previousOperationId":"e3x9mgm0qfncehl","operationId":"e3x9mgm0qfncehl","timestamp":1737090290511,"id":"4c37sso6l660jzb"}
