{"type":"operationStart","subtype":"profile","data":{"_id":"5LulS6QSjQxRnII9","timestamp":"2025-01-17T04:29:01.617Z","state":"queued","mode":"standard","creationDate":"2025-01-17T04:29:01.618Z","modificationDate":"2025-01-17T04:29:01.618Z","shortid":"yLI51Jc","$entitySet":"profiles"},"doDiffs":false,"timestamp":1737088141618,"id":"myigzqmr0qllx6e","previousOperationId":null,"operationId":"jkm7n4t98khzus2"}
{"type":"log","level":"info","message":"Render request 7 queued for execution and waiting for available worker","previousOperationId":"jkm7n4t98khzus2","timestamp":1737088141618,"id":"u4ykc0e49iqxofm"}
{"type":"operationStart","subtype":"render","name":"invetarioDetalladoPorMes","previousOperationId":"jkm7n4t98khzus2","timestamp":1737088141622,"id":"776n7iahqdygfh7","previousEventId":"myigzqmr0qllx6e","operationId":"wyb2sed22num94o"}
{"type":"log","timestamp":1737088141622,"level":"info","message":"Starting rendering request 7","meta":{"rootId":"8qqiw9ilfb9ps1j","id":"8qqiw9ilfb9ps1j"},"id":"34405f1otlvktva","previousOperationId":"wyb2sed22num94o"}
{"type":"log","timestamp":1737088141622,"level":"info","message":"Rendering template { name: invetarioDetalladoPorMes, recipe: chrome-pdf, engine: handlebars, preview: false }","meta":{"rootId":"8qqiw9ilfb9ps1j","id":"8qqiw9ilfb9ps1j"},"id":"wr239se7vnybemf","previousOperationId":"wyb2sed22num94o"}
{"type":"log","timestamp":1737088141622,"level":"debug","message":"Inline data specified.","meta":{"rootId":"8qqiw9ilfb9ps1j","id":"8qqiw9ilfb9ps1j"},"id":"rr3yrmlkky9n8xa","previousOperationId":"wyb2sed22num94o"}
{"type":"log","timestamp":1737088141623,"level":"debug","message":"Base url not specified, skipping its injection.","meta":{"rootId":"8qqiw9ilfb9ps1j","id":"8qqiw9ilfb9ps1j"},"id":"12j6w2pbvhh3trp","previousOperationId":"wyb2sed22num94o"}
{"type":"operationStart","subtype":"engine","name":"handlebars","timestamp":1737088141624,"id":"xz9tqrynbhrx4n2","previousEventId":"776n7iahqdygfh7","operationId":"9sz726dxd1k9ejs","previousOperationId":"wyb2sed22num94o"}
{"type":"log","timestamp":1737088141624,"level":"debug","message":"Rendering engine handlebars","meta":{"rootId":"8qqiw9ilfb9ps1j","id":"8qqiw9ilfb9ps1j"},"id":"etdo79jtvczc5jl","previousOperationId":"9sz726dxd1k9ejs"}
{"type":"operationEnd","operationId":"9sz726dxd1k9ejs","timestamp":1737088141635,"id":"aaot1vra8u2uk7q","previousEventId":"xz9tqrynbhrx4n2","previousOperationId":"9sz726dxd1k9ejs"}
{"type":"operationStart","subtype":"recipe","name":"chrome-pdf","timestamp":1737088141635,"id":"thijdrwukb75v53","previousEventId":"aaot1vra8u2uk7q","operationId":"cn6gn2kb0s2x78p","previousOperationId":"9sz726dxd1k9ejs"}
{"type":"log","timestamp":1737088141635,"level":"debug","message":"Executing recipe chrome-pdf","meta":{"rootId":"8qqiw9ilfb9ps1j","id":"8qqiw9ilfb9ps1j"},"id":"kdrp5rhy5sm10ya","previousOperationId":"cn6gn2kb0s2x78p"}
{"type":"log","timestamp":1737088141928,"level":"debug","message":"Converting with chrome Chrome/131.0.6778.204 using dedicated-process strategy","meta":{"rootId":"8qqiw9ilfb9ps1j","id":"8qqiw9ilfb9ps1j"},"id":"i5u4hq8cz3nwem7","previousOperationId":"cn6gn2kb0s2x78p"}
{"type":"log","timestamp":1737088142040,"level":"debug","message":"Page request: GET (document) file:///tmp/jsreport/autocleanup/9b970149-70c8-4c47-86fe-c585902cd874-chrome-pdf.html","meta":{"rootId":"8qqiw9ilfb9ps1j","id":"8qqiw9ilfb9ps1j"},"id":"2jk3hs1hfyv9hs0","previousOperationId":"cn6gn2kb0s2x78p"}
{"type":"log","timestamp":1737088142083,"level":"debug","message":"Page request: GET (image) https://i.pinimg.com/736x/ac/66/fd/ac66fdbcf17e7c77173cf01c4dbb1cfc.jpg","meta":{"rootId":"8qqiw9ilfb9ps1j","id":"8qqiw9ilfb9ps1j"},"id":"yn05jd9ti94pdt0","previousOperationId":"cn6gn2kb0s2x78p"}
{"type":"log","timestamp":1737088142085,"level":"debug","message":"Page request finished: GET (document) 200 file:///tmp/jsreport/autocleanup/9b970149-70c8-4c47-86fe-c585902cd874-chrome-pdf.html","meta":{"rootId":"8qqiw9ilfb9ps1j","id":"8qqiw9ilfb9ps1j"},"id":"2wtc3a2c7mf6jtb","previousOperationId":"cn6gn2kb0s2x78p"}
{"type":"log","timestamp":1737088142131,"level":"debug","message":"Page request finished: GET (image) 200 https://i.pinimg.com/736x/ac/66/fd/ac66fdbcf17e7c77173cf01c4dbb1cfc.jpg","meta":{"rootId":"8qqiw9ilfb9ps1j","id":"8qqiw9ilfb9ps1j"},"id":"vugj9fs5rf3a1os","previousOperationId":"cn6gn2kb0s2x78p"}
{"type":"log","timestamp":1737088142135,"level":"debug","message":"Running chrome with params {\"printBackground\":true,\"timeout\":59981,\"margin\":{}}","meta":{"rootId":"8qqiw9ilfb9ps1j","id":"8qqiw9ilfb9ps1j"},"id":"9e36w4bka6rygrh","previousOperationId":"cn6gn2kb0s2x78p"}
{"type":"operationEnd","operationId":"cn6gn2kb0s2x78p","timestamp":1737088142304,"id":"ae4notk28my1941","previousEventId":"thijdrwukb75v53","previousOperationId":"cn6gn2kb0s2x78p"}
{"type":"log","timestamp":1737088142305,"level":"debug","message":"Skipping storing report.","meta":{"rootId":"8qqiw9ilfb9ps1j","id":"8qqiw9ilfb9ps1j"},"id":"5pru80rt3kf4grh","previousOperationId":"cn6gn2kb0s2x78p"}
{"type":"log","timestamp":1737088142305,"level":"info","message":"Rendering request 7 finished in 688 ms","meta":{"rootId":"8qqiw9ilfb9ps1j","id":"8qqiw9ilfb9ps1j"},"id":"rzp9q1p3ibhsycf","previousOperationId":"cn6gn2kb0s2x78p"}
{"type":"operationEnd","subtype":"render","operationId":"wyb2sed22num94o","timestamp":1737088142305,"id":"g2mrqf7iqtri5bu","previousEventId":"ae4notk28my1941","previousOperationId":"cn6gn2kb0s2x78p"}
{"type":"operationEnd","doDiffs":false,"previousEventId":"myigzqmr0qllx6e","previousOperationId":"jkm7n4t98khzus2","operationId":"jkm7n4t98khzus2","timestamp":1737088142306,"id":"n6vux5k3n2vmiyc"}
