{"type":"operationStart","subtype":"profile","data":{"_id":"BxGpBvEELRulBdsi","timestamp":"2025-01-17T01:40:59.414Z","state":"queued","mode":"standard","creationDate":"2025-01-17T01:40:59.415Z","modificationDate":"2025-01-17T01:40:59.415Z","shortid":"FcTvPM1","$entitySet":"profiles"},"doDiffs":false,"timestamp":1737078059414,"id":"qhtgo1bp3blh01z","previousOperationId":null,"operationId":"plowz34kfxnkej3"}
{"type":"log","level":"info","message":"Render request 2 queued for execution and waiting for available worker","previousOperationId":"plowz34kfxnkej3","timestamp":1737078059414,"id":"dg1sy2qm7f1g43n"}
{"type":"operationStart","subtype":"render","name":"invetarioDetalladoPorMes","previousOperationId":"plowz34kfxnkej3","timestamp":1737078059419,"id":"7k1z5nxij8wiaot","previousEventId":"qhtgo1bp3blh01z","operationId":"qtt0aj9lgc6jrq6"}
{"type":"log","timestamp":1737078059420,"level":"info","message":"Starting rendering request 2","meta":{"rootId":"uacajlcmpqj1vb1","id":"uacajlcmpqj1vb1"},"id":"w8z84ehxpvhyupq","previousOperationId":"qtt0aj9lgc6jrq6"}
{"type":"log","timestamp":1737078059422,"level":"info","message":"Rendering template { name: invetarioDetalladoPorMes, recipe: chrome-pdf, engine: handlebars, preview: false }","meta":{"rootId":"uacajlcmpqj1vb1","id":"uacajlcmpqj1vb1"},"id":"vm1h9h8ig642oni","previousOperationId":"qtt0aj9lgc6jrq6"}
{"type":"log","timestamp":1737078059423,"level":"debug","message":"Inline data specified.","meta":{"rootId":"uacajlcmpqj1vb1","id":"uacajlcmpqj1vb1"},"id":"99e3yu6vpj2oz3y","previousOperationId":"qtt0aj9lgc6jrq6"}
{"type":"log","timestamp":1737078059424,"level":"debug","message":"Base url not specified, skipping its injection.","meta":{"rootId":"uacajlcmpqj1vb1","id":"uacajlcmpqj1vb1"},"id":"k4qtb1j76cnu822","previousOperationId":"qtt0aj9lgc6jrq6"}
{"type":"operationStart","subtype":"engine","name":"handlebars","timestamp":1737078059425,"id":"dr2l30chcwbd5pl","previousEventId":"7k1z5nxij8wiaot","operationId":"o6mm2sjejo71zfn","previousOperationId":"qtt0aj9lgc6jrq6"}
{"type":"log","timestamp":1737078059425,"level":"debug","message":"Rendering engine handlebars","meta":{"rootId":"uacajlcmpqj1vb1","id":"uacajlcmpqj1vb1"},"id":"eemtasfcesicfp5","previousOperationId":"o6mm2sjejo71zfn"}
{"type":"operationEnd","operationId":"o6mm2sjejo71zfn","timestamp":1737078060001,"id":"o13vtbywge6k6s5","previousEventId":"dr2l30chcwbd5pl","previousOperationId":"o6mm2sjejo71zfn"}
{"type":"operationStart","subtype":"recipe","name":"chrome-pdf","timestamp":1737078060002,"id":"9uspbx6jab743cj","previousEventId":"o13vtbywge6k6s5","operationId":"h4p3dpxpka99jo0","previousOperationId":"o6mm2sjejo71zfn"}
{"type":"log","timestamp":1737078060002,"level":"debug","message":"Executing recipe chrome-pdf","meta":{"rootId":"uacajlcmpqj1vb1","id":"uacajlcmpqj1vb1"},"id":"wtbnradqvywmorc","previousOperationId":"h4p3dpxpka99jo0"}
{"type":"log","timestamp":1737078060361,"level":"debug","message":"Converting with chrome Chrome/131.0.6778.204 using dedicated-process strategy","meta":{"rootId":"uacajlcmpqj1vb1","id":"uacajlcmpqj1vb1"},"id":"9clal01tqt95s9t","previousOperationId":"h4p3dpxpka99jo0"}
{"type":"log","timestamp":1737078060464,"level":"debug","message":"Page request: GET (document) file:///tmp/jsreport/autocleanup/a777820e-4c97-4fad-ad63-ea35212c8d4e-chrome-pdf.html","meta":{"rootId":"uacajlcmpqj1vb1","id":"uacajlcmpqj1vb1"},"id":"hr68nv10si3v09x","previousOperationId":"h4p3dpxpka99jo0"}
{"type":"log","timestamp":1737078060502,"level":"debug","message":"Page request finished: GET (document) 200 file:///tmp/jsreport/autocleanup/a777820e-4c97-4fad-ad63-ea35212c8d4e-chrome-pdf.html","meta":{"rootId":"uacajlcmpqj1vb1","id":"uacajlcmpqj1vb1"},"id":"tao2luk2jpxe0cu","previousOperationId":"h4p3dpxpka99jo0"}
{"type":"log","timestamp":1737078060503,"level":"debug","message":"Page request: GET (image) https://i.pinimg.com/736x/ac/66/fd/ac66fdbcf17e7c77173cf01c4dbb1cfc.jpg","meta":{"rootId":"uacajlcmpqj1vb1","id":"uacajlcmpqj1vb1"},"id":"o0ka3w5wis4195c","previousOperationId":"h4p3dpxpka99jo0"}
{"type":"log","timestamp":1737078060565,"level":"debug","message":"Page request finished: GET (image) 200 https://i.pinimg.com/736x/ac/66/fd/ac66fdbcf17e7c77173cf01c4dbb1cfc.jpg","meta":{"rootId":"uacajlcmpqj1vb1","id":"uacajlcmpqj1vb1"},"id":"5dbv9dl39x9qzt0","previousOperationId":"h4p3dpxpka99jo0"}
{"type":"log","timestamp":1737078060569,"level":"debug","message":"Running chrome with params {\"printBackground\":true,\"timeout\":59408,\"margin\":{}}","meta":{"rootId":"uacajlcmpqj1vb1","id":"uacajlcmpqj1vb1"},"id":"ssjy4aukmu8vpui","previousOperationId":"h4p3dpxpka99jo0"}
{"type":"operationEnd","operationId":"h4p3dpxpka99jo0","timestamp":1737078060740,"id":"z0k4myvwf0wtfbd","previousEventId":"9uspbx6jab743cj","previousOperationId":"h4p3dpxpka99jo0"}
{"type":"log","timestamp":1737078060740,"level":"debug","message":"Skipping storing report.","meta":{"rootId":"uacajlcmpqj1vb1","id":"uacajlcmpqj1vb1"},"id":"x142z1toipqtohj","previousOperationId":"h4p3dpxpka99jo0"}
{"type":"log","timestamp":1737078060741,"level":"info","message":"Rendering request 2 finished in 1328 ms","meta":{"rootId":"uacajlcmpqj1vb1","id":"uacajlcmpqj1vb1"},"id":"fsp27gxomiptcfw","previousOperationId":"h4p3dpxpka99jo0"}
{"type":"operationEnd","subtype":"render","operationId":"qtt0aj9lgc6jrq6","timestamp":1737078060741,"id":"1z9b89rw7uow4db","previousEventId":"z0k4myvwf0wtfbd","previousOperationId":"h4p3dpxpka99jo0"}
{"type":"operationEnd","doDiffs":false,"previousEventId":"qhtgo1bp3blh01z","previousOperationId":"plowz34kfxnkej3","operationId":"plowz34kfxnkej3","timestamp":1737078060742,"id":"lpmylkc48z3v5b8"}
