{"type":"operationStart","subtype":"profile","data":{"_id":"VjKFVfZEToS8x2gI","timestamp":"2025-01-15T03:49:02.637Z","state":"queued","mode":"standard","creationDate":"2025-01-15T03:49:02.638Z","modificationDate":"2025-01-15T03:49:02.638Z","shortid":"4wXt1q6","$entitySet":"profiles"},"doDiffs":false,"timestamp":1736912942637,"id":"cana149w1hp4fq0","previousOperationId":null,"operationId":"xiol3qq5zs2bkvg"}
{"type":"log","level":"info","message":"Render request 3 queued for execution and waiting for available worker","previousOperationId":"xiol3qq5zs2bkvg","timestamp":1736912942637,"id":"x1air75agi9hfn6"}
{"type":"operationStart","subtype":"render","name":"reporte16","previousOperationId":"xiol3qq5zs2bkvg","timestamp":1736912942646,"id":"ywoft44nogxojqi","previousEventId":"cana149w1hp4fq0","operationId":"xsxezsn2m9yg74w"}
{"type":"log","timestamp":1736912942646,"level":"info","message":"Starting rendering request 3","meta":{"rootId":"0zrd7kigs2s9bam","id":"0zrd7kigs2s9bam"},"id":"m21ni27i1uy4fgv","previousOperationId":"xsxezsn2m9yg74w"}
{"type":"log","timestamp":1736912942646,"level":"info","message":"Rendering template { name: reporte16, recipe: chrome-pdf, engine: handlebars, preview: false }","meta":{"rootId":"0zrd7kigs2s9bam","id":"0zrd7kigs2s9bam"},"id":"wahfki2szrkcnzu","previousOperationId":"xsxezsn2m9yg74w"}
{"type":"log","timestamp":1736912942646,"level":"debug","message":"Inline data specified.","meta":{"rootId":"0zrd7kigs2s9bam","id":"0zrd7kigs2s9bam"},"id":"bgzhh4n7rn2iwfl","previousOperationId":"xsxezsn2m9yg74w"}
{"type":"log","timestamp":1736912942648,"level":"debug","message":"Base url not specified, skipping its injection.","meta":{"rootId":"0zrd7kigs2s9bam","id":"0zrd7kigs2s9bam"},"id":"e4u4kzioic7c5o9","previousOperationId":"xsxezsn2m9yg74w"}
{"type":"operationStart","subtype":"engine","name":"handlebars","timestamp":1736912942649,"id":"5ce1pl9s765d71q","previousEventId":"ywoft44nogxojqi","operationId":"jw2n6890qvxc231","previousOperationId":"xsxezsn2m9yg74w"}
{"type":"log","timestamp":1736912942649,"level":"debug","message":"Rendering engine handlebars","meta":{"rootId":"0zrd7kigs2s9bam","id":"0zrd7kigs2s9bam"},"id":"73tnihy62vmyy3l","previousOperationId":"jw2n6890qvxc231"}
{"type":"operationEnd","operationId":"jw2n6890qvxc231","timestamp":1736912942662,"id":"k8f0koyust13zjy","previousEventId":"5ce1pl9s765d71q","previousOperationId":"jw2n6890qvxc231"}
{"type":"operationStart","subtype":"recipe","name":"chrome-pdf","timestamp":1736912942662,"id":"j1g06r34q4nfh9b","previousEventId":"k8f0koyust13zjy","operationId":"u3r0ug2fdlwytny","previousOperationId":"jw2n6890qvxc231"}
{"type":"log","timestamp":1736912942662,"level":"debug","message":"Executing recipe chrome-pdf","meta":{"rootId":"0zrd7kigs2s9bam","id":"0zrd7kigs2s9bam"},"id":"cd34b3dm5fa9b9y","previousOperationId":"u3r0ug2fdlwytny"}
{"type":"log","timestamp":1736912942986,"level":"debug","message":"Converting with chrome Chrome/131.0.6778.204 using dedicated-process strategy","meta":{"rootId":"0zrd7kigs2s9bam","id":"0zrd7kigs2s9bam"},"id":"808j5euxgxx9ov2","previousOperationId":"u3r0ug2fdlwytny"}
{"type":"log","timestamp":1736912943106,"level":"debug","message":"Page request: GET (document) file:///tmp/jsreport/autocleanup/98b12a42-01e9-4d10-b265-dde3c0115a7b-chrome-pdf.html","meta":{"rootId":"0zrd7kigs2s9bam","id":"0zrd7kigs2s9bam"},"id":"ypxbc848oqdxppw","previousOperationId":"u3r0ug2fdlwytny"}
{"type":"log","timestamp":1736912943127,"level":"debug","message":"Page request: GET (image) https://i.pinimg.com/736x/ac/66/fd/ac66fdbcf17e7c77173cf01c4dbb1cfc.jpg","meta":{"rootId":"0zrd7kigs2s9bam","id":"0zrd7kigs2s9bam"},"id":"m7vgiss8t3n1jsn","previousOperationId":"u3r0ug2fdlwytny"}
{"type":"log","timestamp":1736912943128,"level":"debug","message":"Page request finished: GET (document) 200 file:///tmp/jsreport/autocleanup/98b12a42-01e9-4d10-b265-dde3c0115a7b-chrome-pdf.html","meta":{"rootId":"0zrd7kigs2s9bam","id":"0zrd7kigs2s9bam"},"id":"fcxojd05op0ehz1","previousOperationId":"u3r0ug2fdlwytny"}
{"type":"log","timestamp":1736912943190,"level":"debug","message":"Page request finished: GET (image) 200 https://i.pinimg.com/736x/ac/66/fd/ac66fdbcf17e7c77173cf01c4dbb1cfc.jpg","meta":{"rootId":"0zrd7kigs2s9bam","id":"0zrd7kigs2s9bam"},"id":"w92o7v0cmmp5skd","previousOperationId":"u3r0ug2fdlwytny"}
{"type":"log","timestamp":1736912943211,"level":"debug","message":"Running chrome with params {\"printBackground\":true,\"timeout\":59973,\"margin\":{}}","meta":{"rootId":"0zrd7kigs2s9bam","id":"0zrd7kigs2s9bam"},"id":"7t2cmbf4a46booa","previousOperationId":"u3r0ug2fdlwytny"}
{"type":"operationEnd","operationId":"u3r0ug2fdlwytny","timestamp":1736912943687,"id":"2xarxvkz7fnhr1h","previousEventId":"j1g06r34q4nfh9b","previousOperationId":"u3r0ug2fdlwytny"}
{"type":"log","timestamp":1736912943687,"level":"debug","message":"Skipping storing report.","meta":{"rootId":"0zrd7kigs2s9bam","id":"0zrd7kigs2s9bam"},"id":"q9g2lky2grbicd6","previousOperationId":"u3r0ug2fdlwytny"}
{"type":"log","timestamp":1736912943687,"level":"info","message":"Rendering request 3 finished in 1051 ms","meta":{"rootId":"0zrd7kigs2s9bam","id":"0zrd7kigs2s9bam"},"id":"t1m52e1dg0ttdz6","previousOperationId":"u3r0ug2fdlwytny"}
{"type":"operationEnd","subtype":"render","operationId":"xsxezsn2m9yg74w","timestamp":1736912943687,"id":"9hlh3zg0ehbxv7m","previousEventId":"2xarxvkz7fnhr1h","previousOperationId":"u3r0ug2fdlwytny"}
{"type":"operationEnd","doDiffs":false,"previousEventId":"cana149w1hp4fq0","previousOperationId":"xiol3qq5zs2bkvg","operationId":"xiol3qq5zs2bkvg","timestamp":1736912943690,"id":"9wy5eq4ikoshour"}
