{"type":"operationStart","subtype":"profile","data":{"_id":"HnOX1H3a1DQqYSHz","timestamp":"2025-01-11T00:49:33.654Z","state":"queued","mode":"standard","creationDate":"2025-01-11T00:49:33.655Z","modificationDate":"2025-01-11T00:49:33.655Z","shortid":"SckQ34b","$entitySet":"profiles"},"doDiffs":false,"timestamp":1736556573655,"id":"i9lf2egtlfyk6kx","previousOperationId":null,"operationId":"qquggrc7mwoq7kq"}
{"type":"log","level":"info","message":"Render request 4 queued for execution and waiting for available worker","previousOperationId":"qquggrc7mwoq7kq","timestamp":1736556573655,"id":"4r5q1or3wruk832"}
{"type":"operationStart","subtype":"render","name":"reporte16","previousOperationId":"qquggrc7mwoq7kq","timestamp":1736556573658,"id":"ghhztgc6kfzs5po","previousEventId":"i9lf2egtlfyk6kx","operationId":"2549tseh3f14u4u"}
{"type":"log","timestamp":1736556573659,"level":"info","message":"Starting rendering request 4","meta":{"rootId":"2p5jn7rz4ersqv4","id":"2p5jn7rz4ersqv4"},"id":"5ahhzmxyrua1sde","previousOperationId":"2549tseh3f14u4u"}
{"type":"log","timestamp":1736556573659,"level":"info","message":"Rendering template { name: reporte16, recipe: chrome-pdf, engine: handlebars, preview: false }","meta":{"rootId":"2p5jn7rz4ersqv4","id":"2p5jn7rz4ersqv4"},"id":"l4tf8db6zfdf9v6","previousOperationId":"2549tseh3f14u4u"}
{"type":"log","timestamp":1736556573659,"level":"debug","message":"Inline data specified.","meta":{"rootId":"2p5jn7rz4ersqv4","id":"2p5jn7rz4ersqv4"},"id":"eemb27t8vs4kul2","previousOperationId":"2549tseh3f14u4u"}
{"type":"log","timestamp":1736556573661,"level":"debug","message":"Base url not specified, skipping its injection.","meta":{"rootId":"2p5jn7rz4ersqv4","id":"2p5jn7rz4ersqv4"},"id":"c3vk8v1h8tz0yxo","previousOperationId":"2549tseh3f14u4u"}
{"type":"operationStart","subtype":"engine","name":"handlebars","timestamp":1736556573662,"id":"4onf7s5hjpi63ot","previousEventId":"ghhztgc6kfzs5po","operationId":"1v4dwitj02fy11u","previousOperationId":"2549tseh3f14u4u"}
{"type":"log","timestamp":1736556573662,"level":"debug","message":"Rendering engine handlebars","meta":{"rootId":"2p5jn7rz4ersqv4","id":"2p5jn7rz4ersqv4"},"id":"rrlpjrh0egwktqz","previousOperationId":"1v4dwitj02fy11u"}
{"type":"operationEnd","operationId":"1v4dwitj02fy11u","timestamp":1736556573677,"id":"eb3xcqmoh4mdtad","previousEventId":"4onf7s5hjpi63ot","previousOperationId":"1v4dwitj02fy11u"}
{"type":"operationStart","subtype":"recipe","name":"chrome-pdf","timestamp":1736556573678,"id":"9w6n6fcwo516c2g","previousEventId":"eb3xcqmoh4mdtad","operationId":"cgazf9ddao6zqcw","previousOperationId":"1v4dwitj02fy11u"}
{"type":"log","timestamp":1736556573678,"level":"debug","message":"Executing recipe chrome-pdf","meta":{"rootId":"2p5jn7rz4ersqv4","id":"2p5jn7rz4ersqv4"},"id":"nox22et642281a1","previousOperationId":"cgazf9ddao6zqcw"}
{"type":"log","timestamp":1736556574025,"level":"debug","message":"Converting with chrome Chrome/131.0.6778.204 using dedicated-process strategy","meta":{"rootId":"2p5jn7rz4ersqv4","id":"2p5jn7rz4ersqv4"},"id":"lauzd5rcditzrwe","previousOperationId":"cgazf9ddao6zqcw"}
{"type":"log","timestamp":1736556574111,"level":"debug","message":"Page request: GET (document) file:///tmp/jsreport/autocleanup/e0742a94-22d2-4555-98ad-97e2149af0e0-chrome-pdf.html","meta":{"rootId":"2p5jn7rz4ersqv4","id":"2p5jn7rz4ersqv4"},"id":"4nrilt9no1lglc9","previousOperationId":"cgazf9ddao6zqcw"}
{"type":"log","timestamp":1736556574130,"level":"debug","message":"Page request finished: GET (document) 200 file:///tmp/jsreport/autocleanup/e0742a94-22d2-4555-98ad-97e2149af0e0-chrome-pdf.html","meta":{"rootId":"2p5jn7rz4ersqv4","id":"2p5jn7rz4ersqv4"},"id":"ec2d2twwwqjcfis","previousOperationId":"cgazf9ddao6zqcw"}
{"type":"log","timestamp":1736556574146,"level":"debug","message":"Running chrome with params {\"printBackground\":true,\"timeout\":59975,\"margin\":{}}","meta":{"rootId":"2p5jn7rz4ersqv4","id":"2p5jn7rz4ersqv4"},"id":"7k5050yhbmimwxd","previousOperationId":"cgazf9ddao6zqcw"}
{"type":"operationEnd","operationId":"cgazf9ddao6zqcw","timestamp":1736556574403,"id":"t5qh4y2g4d7u67v","previousEventId":"9w6n6fcwo516c2g","previousOperationId":"cgazf9ddao6zqcw"}
{"type":"log","timestamp":1736556574403,"level":"debug","message":"Skipping storing report.","meta":{"rootId":"2p5jn7rz4ersqv4","id":"2p5jn7rz4ersqv4"},"id":"3icqo7jbetmopfh","previousOperationId":"cgazf9ddao6zqcw"}
{"type":"log","timestamp":1736556574403,"level":"info","message":"Rendering request 4 finished in 749 ms","meta":{"rootId":"2p5jn7rz4ersqv4","id":"2p5jn7rz4ersqv4"},"id":"yqwghgi7zsmjt2q","previousOperationId":"cgazf9ddao6zqcw"}
{"type":"operationEnd","subtype":"render","operationId":"2549tseh3f14u4u","timestamp":1736556574403,"id":"orkzeiugbqpqpep","previousEventId":"t5qh4y2g4d7u67v","previousOperationId":"cgazf9ddao6zqcw"}
{"type":"operationEnd","doDiffs":false,"previousEventId":"i9lf2egtlfyk6kx","previousOperationId":"qquggrc7mwoq7kq","operationId":"qquggrc7mwoq7kq","timestamp":1736556574405,"id":"bjevjk09ekhun11"}
