{"type":"operationStart","subtype":"profile","data":{"_id":"1pfj2d2tookJn4bB","timestamp":"2025-01-10T22:37:36.090Z","state":"queued","mode":"standard","creationDate":"2025-01-10T22:37:36.091Z","modificationDate":"2025-01-10T22:37:36.091Z","shortid":"zgNbmye","$entitySet":"profiles"},"doDiffs":false,"timestamp":1736548656090,"id":"ighhq04a18sxocq","previousOperationId":null,"operationId":"ysutqeotimyxx3z"}
{"type":"log","level":"info","message":"Render request 2 queued for execution and waiting for available worker","previousOperationId":"ysutqeotimyxx3z","timestamp":1736548656090,"id":"625hhp1vx67mxvk"}
{"type":"operationStart","subtype":"render","name":"reporte16","previousOperationId":"ysutqeotimyxx3z","timestamp":1736548656096,"id":"miyn90dovlnqj11","previousEventId":"ighhq04a18sxocq","operationId":"th8ph0i0k6vbr4n"}
{"type":"log","timestamp":1736548656097,"level":"info","message":"Starting rendering request 2","meta":{"rootId":"57iqs7xra13cklq","id":"57iqs7xra13cklq"},"id":"fr4skktq4gaw42g","previousOperationId":"th8ph0i0k6vbr4n"}
{"type":"log","timestamp":1736548656099,"level":"info","message":"Rendering template { name: reporte16, recipe: chrome-pdf, engine: handlebars, preview: false }","meta":{"rootId":"57iqs7xra13cklq","id":"57iqs7xra13cklq"},"id":"oqkyxmucml12hp0","previousOperationId":"th8ph0i0k6vbr4n"}
{"type":"log","timestamp":1736548656099,"level":"debug","message":"Inline data specified.","meta":{"rootId":"57iqs7xra13cklq","id":"57iqs7xra13cklq"},"id":"hug5612x4lr6eg8","previousOperationId":"th8ph0i0k6vbr4n"}
{"type":"log","timestamp":1736548656102,"level":"debug","message":"Base url not specified, skipping its injection.","meta":{"rootId":"57iqs7xra13cklq","id":"57iqs7xra13cklq"},"id":"t86mfpu4zobee9z","previousOperationId":"th8ph0i0k6vbr4n"}
{"type":"operationStart","subtype":"engine","name":"handlebars","timestamp":1736548656103,"id":"monzl2ttngryzhk","previousEventId":"miyn90dovlnqj11","operationId":"gks0nasppy72z1t","previousOperationId":"th8ph0i0k6vbr4n"}
{"type":"log","timestamp":1736548656103,"level":"debug","message":"Rendering engine handlebars","meta":{"rootId":"57iqs7xra13cklq","id":"57iqs7xra13cklq"},"id":"zu7bex1em7mouww","previousOperationId":"gks0nasppy72z1t"}
{"type":"operationEnd","operationId":"gks0nasppy72z1t","timestamp":1736548656718,"id":"ffzp0oy0hmgj337","previousEventId":"monzl2ttngryzhk","previousOperationId":"gks0nasppy72z1t"}
{"type":"operationStart","subtype":"recipe","name":"chrome-pdf","timestamp":1736548656720,"id":"glhw6gjsoddpeji","previousEventId":"ffzp0oy0hmgj337","operationId":"6fa1n96nt6ojz7w","previousOperationId":"gks0nasppy72z1t"}
{"type":"log","timestamp":1736548656720,"level":"debug","message":"Executing recipe chrome-pdf","meta":{"rootId":"57iqs7xra13cklq","id":"57iqs7xra13cklq"},"id":"lfm1yoyqm4x7rx8","previousOperationId":"6fa1n96nt6ojz7w"}
{"type":"log","timestamp":1736548657084,"level":"debug","message":"Converting with chrome Chrome/131.0.6778.204 using dedicated-process strategy","meta":{"rootId":"57iqs7xra13cklq","id":"57iqs7xra13cklq"},"id":"7rmjp6xmowo8l98","previousOperationId":"6fa1n96nt6ojz7w"}
{"type":"log","timestamp":1736548657173,"level":"debug","message":"Page request: GET (document) file:///tmp/jsreport/autocleanup/b27adfd0-bd0b-4e7a-8a6d-de2b3985ed6c-chrome-pdf.html","meta":{"rootId":"57iqs7xra13cklq","id":"57iqs7xra13cklq"},"id":"ggbezag4whybxf8","previousOperationId":"6fa1n96nt6ojz7w"}
{"type":"log","timestamp":1736548657196,"level":"debug","message":"Page request finished: GET (document) 200 file:///tmp/jsreport/autocleanup/b27adfd0-bd0b-4e7a-8a6d-de2b3985ed6c-chrome-pdf.html","meta":{"rootId":"57iqs7xra13cklq","id":"57iqs7xra13cklq"},"id":"jkvg5utr8gvv2d3","previousOperationId":"6fa1n96nt6ojz7w"}
{"type":"log","timestamp":1736548657212,"level":"debug","message":"Running chrome with params {\"printBackground\":true,\"timeout\":59357,\"margin\":{}}","meta":{"rootId":"57iqs7xra13cklq","id":"57iqs7xra13cklq"},"id":"c4e0qqblcgvruax","previousOperationId":"6fa1n96nt6ojz7w"}
{"type":"operationEnd","operationId":"6fa1n96nt6ojz7w","timestamp":1736548657404,"id":"9k6h5687je07piq","previousEventId":"glhw6gjsoddpeji","previousOperationId":"6fa1n96nt6ojz7w"}
{"type":"log","timestamp":1736548657404,"level":"debug","message":"Skipping storing report.","meta":{"rootId":"57iqs7xra13cklq","id":"57iqs7xra13cklq"},"id":"vn7vhi8ys9neyp0","previousOperationId":"6fa1n96nt6ojz7w"}
{"type":"log","timestamp":1736548657404,"level":"info","message":"Rendering request 2 finished in 1315 ms","meta":{"rootId":"57iqs7xra13cklq","id":"57iqs7xra13cklq"},"id":"bk56zqeuwruia80","previousOperationId":"6fa1n96nt6ojz7w"}
{"type":"operationEnd","subtype":"render","operationId":"th8ph0i0k6vbr4n","timestamp":1736548657404,"id":"g389edosz2cnre4","previousEventId":"9k6h5687je07piq","previousOperationId":"6fa1n96nt6ojz7w"}
{"type":"operationEnd","doDiffs":false,"previousEventId":"ighhq04a18sxocq","previousOperationId":"ysutqeotimyxx3z","operationId":"ysutqeotimyxx3z","timestamp":1736548657406,"id":"lok6sx7wl7595dn"}
