{"type":"operationStart","subtype":"profile","data":{"_id":"9ZEPjrc0P31Z6aq7","timestamp":"2025-01-19T16:50:19.410Z","state":"queued","mode":"standard","creationDate":"2025-01-19T16:50:19.414Z","modificationDate":"2025-01-19T16:50:19.414Z","shortid":"veBZkWC","$entitySet":"profiles"},"doDiffs":false,"timestamp":1737305419412,"id":"myjg9ltu74ymvi2","previousOperationId":null,"operationId":"c18so2vpiqocm63"}
{"type":"log","level":"info","message":"Render request 7 queued for execution and waiting for available worker","previousOperationId":"c18so2vpiqocm63","timestamp":1737305419412,"id":"1s17kareylfu789"}
{"type":"operationStart","subtype":"render","name":"reporte16","previousOperationId":"c18so2vpiqocm63","timestamp":1737305419420,"id":"v3y4p8f3w1cldq2","previousEventId":"myjg9ltu74ymvi2","operationId":"w8phn13allwcgm1"}
{"type":"log","timestamp":1737305419420,"level":"info","message":"Starting rendering request 7","meta":{"rootId":"59p6etc01z8lce7","id":"59p6etc01z8lce7"},"id":"9t3mkxdtqm0phu9","previousOperationId":"w8phn13allwcgm1"}
{"type":"log","timestamp":1737305419420,"level":"info","message":"Rendering template { name: reporte16, recipe: chrome-pdf, engine: handlebars, preview: false }","meta":{"rootId":"59p6etc01z8lce7","id":"59p6etc01z8lce7"},"id":"k8cqzvw9iwpdthx","previousOperationId":"w8phn13allwcgm1"}
{"type":"log","timestamp":1737305419421,"level":"debug","message":"Inline data specified.","meta":{"rootId":"59p6etc01z8lce7","id":"59p6etc01z8lce7"},"id":"wdx6fu7mv8m0biz","previousOperationId":"w8phn13allwcgm1"}
{"type":"log","timestamp":1737305419422,"level":"debug","message":"Base url not specified, skipping its injection.","meta":{"rootId":"59p6etc01z8lce7","id":"59p6etc01z8lce7"},"id":"97qvpehpc5qs0rw","previousOperationId":"w8phn13allwcgm1"}
{"type":"operationStart","subtype":"engine","name":"handlebars","timestamp":1737305419422,"id":"14qk5r4u4xtcocl","previousEventId":"v3y4p8f3w1cldq2","operationId":"ovdu75on32ub4qn","previousOperationId":"w8phn13allwcgm1"}
{"type":"log","timestamp":1737305419422,"level":"debug","message":"Rendering engine handlebars","meta":{"rootId":"59p6etc01z8lce7","id":"59p6etc01z8lce7"},"id":"2hj50i6uz2s856a","previousOperationId":"ovdu75on32ub4qn"}
{"type":"operationEnd","operationId":"ovdu75on32ub4qn","timestamp":1737305419438,"id":"zr6x7nunrdtukzo","previousEventId":"14qk5r4u4xtcocl","previousOperationId":"ovdu75on32ub4qn"}
{"type":"operationStart","subtype":"recipe","name":"chrome-pdf","timestamp":1737305419439,"id":"43y54kuahen8f5n","previousEventId":"zr6x7nunrdtukzo","operationId":"r95o1v1tu8qer8q","previousOperationId":"ovdu75on32ub4qn"}
{"type":"log","timestamp":1737305419439,"level":"debug","message":"Executing recipe chrome-pdf","meta":{"rootId":"59p6etc01z8lce7","id":"59p6etc01z8lce7"},"id":"m4fhzljtp6tmkfx","previousOperationId":"r95o1v1tu8qer8q"}
{"type":"log","timestamp":1737305419930,"level":"debug","message":"Converting with chrome Chrome/130.0.6723.69 using dedicated-process strategy","meta":{"rootId":"59p6etc01z8lce7","id":"59p6etc01z8lce7"},"id":"q72et0vx795wuf3","previousOperationId":"r95o1v1tu8qer8q"}
{"type":"log","timestamp":1737305420078,"level":"debug","message":"Page request: GET (document) file:///C:/Users/jrmat/AppData/Local/Temp/jsreport/autocleanup/e43b23ff-41ca-4713-ba63-420d893559c9-chrome-pdf.html","meta":{"rootId":"59p6etc01z8lce7","id":"59p6etc01z8lce7"},"id":"a9ezqria6ij0tud","previousOperationId":"r95o1v1tu8qer8q"}
{"type":"log","timestamp":1737305420187,"level":"debug","message":"Page request finished: GET (document) 200 file:///C:/Users/jrmat/AppData/Local/Temp/jsreport/autocleanup/e43b23ff-41ca-4713-ba63-420d893559c9-chrome-pdf.html","meta":{"rootId":"59p6etc01z8lce7","id":"59p6etc01z8lce7"},"id":"4aagpdx0tmujhby","previousOperationId":"r95o1v1tu8qer8q"}
{"type":"log","timestamp":1737305420188,"level":"debug","message":"Page request: GET (image) https://i.pinimg.com/736x/ac/66/fd/ac66fdbcf17e7c77173cf01c4dbb1cfc.jpg","meta":{"rootId":"59p6etc01z8lce7","id":"59p6etc01z8lce7"},"id":"qmrom76km7chefi","previousOperationId":"r95o1v1tu8qer8q"}
{"type":"log","timestamp":1737305420514,"level":"debug","message":"Page request finished: GET (image) 200 https://i.pinimg.com/736x/ac/66/fd/ac66fdbcf17e7c77173cf01c4dbb1cfc.jpg","meta":{"rootId":"59p6etc01z8lce7","id":"59p6etc01z8lce7"},"id":"661dordxmkk6awq","previousOperationId":"r95o1v1tu8qer8q"}
{"type":"log","timestamp":1737305420523,"level":"debug","message":"Running chrome with params {\"printBackground\":true,\"timeout\":59958,\"margin\":{}}","meta":{"rootId":"59p6etc01z8lce7","id":"59p6etc01z8lce7"},"id":"s89p8tp1yo2wyx6","previousOperationId":"r95o1v1tu8qer8q"}
{"type":"operationEnd","operationId":"r95o1v1tu8qer8q","timestamp":1737305421155,"id":"eh0k1e798u1dawd","previousEventId":"43y54kuahen8f5n","previousOperationId":"r95o1v1tu8qer8q"}
{"type":"log","timestamp":1737305421155,"level":"debug","message":"Skipping storing report.","meta":{"rootId":"59p6etc01z8lce7","id":"59p6etc01z8lce7"},"id":"3xyz0p720gk8io5","previousOperationId":"r95o1v1tu8qer8q"}
{"type":"log","timestamp":1737305421155,"level":"info","message":"Rendering request 7 finished in 1757 ms","meta":{"rootId":"59p6etc01z8lce7","id":"59p6etc01z8lce7"},"id":"0xy6hzdjzqkbqg7","previousOperationId":"r95o1v1tu8qer8q"}
{"type":"operationEnd","subtype":"render","operationId":"w8phn13allwcgm1","timestamp":1737305421155,"id":"0o1id6eg8vbxc6w","previousEventId":"eh0k1e798u1dawd","previousOperationId":"r95o1v1tu8qer8q"}
{"type":"operationEnd","doDiffs":false,"previousEventId":"myjg9ltu74ymvi2","previousOperationId":"c18so2vpiqocm63","operationId":"c18so2vpiqocm63","timestamp":1737305421159,"id":"s43mwcgh7bq9fcn"}
