{"type":"operationStart","subtype":"profile","data":{"_id":"94ejHJWtaVqYdUGH","timestamp":"2025-01-15T03:47:54.598Z","state":"queued","mode":"standard","creationDate":"2025-01-15T03:47:54.600Z","modificationDate":"2025-01-15T03:47:54.600Z","shortid":"xF41h2p","$entitySet":"profiles"},"doDiffs":false,"timestamp":1736912874599,"id":"j8ntid9p3hmrmbx","previousOperationId":null,"operationId":"8qwunseisn9ornh"}
{"type":"log","level":"info","message":"Render request 1 queued for execution and waiting for available worker","previousOperationId":"8qwunseisn9ornh","timestamp":1736912874599,"id":"zlnztq97e6stq2s"}
{"type":"operationStart","subtype":"render","name":"reporte16","previousOperationId":"8qwunseisn9ornh","timestamp":1736912874620,"id":"fvft9efrpm2qq5b","previousEventId":"j8ntid9p3hmrmbx","operationId":"mpugo3rwex0wizm"}
{"type":"log","timestamp":1736912874621,"level":"info","message":"Starting rendering request 1","meta":{"rootId":"a23pnk509pbt4vz","id":"a23pnk509pbt4vz"},"id":"hjyzhcp4mqok6n0","previousOperationId":"mpugo3rwex0wizm"}
{"type":"log","timestamp":1736912874622,"level":"info","message":"Rendering template { name: reporte16, recipe: chrome-pdf, engine: handlebars, preview: false }","meta":{"rootId":"a23pnk509pbt4vz","id":"a23pnk509pbt4vz"},"id":"cv5x8xqvgm720q4","previousOperationId":"mpugo3rwex0wizm"}
{"type":"log","timestamp":1736912874622,"level":"debug","message":"Inline data specified.","meta":{"rootId":"a23pnk509pbt4vz","id":"a23pnk509pbt4vz"},"id":"6r7k7og683ixgpv","previousOperationId":"mpugo3rwex0wizm"}
{"type":"log","timestamp":1736912874623,"level":"debug","message":"Base url not specified, skipping its injection.","meta":{"rootId":"a23pnk509pbt4vz","id":"a23pnk509pbt4vz"},"id":"4z0gkhvojq403vw","previousOperationId":"mpugo3rwex0wizm"}
{"type":"operationStart","subtype":"engine","name":"handlebars","timestamp":1736912874624,"id":"hno3zz1bus5i1n4","previousEventId":"fvft9efrpm2qq5b","operationId":"ctvg5os0pno3iol","previousOperationId":"mpugo3rwex0wizm"}
{"type":"log","timestamp":1736912874624,"level":"debug","message":"Rendering engine handlebars","meta":{"rootId":"a23pnk509pbt4vz","id":"a23pnk509pbt4vz"},"id":"oko2dlo63hf5im6","previousOperationId":"ctvg5os0pno3iol"}
{"type":"operationEnd","operationId":"ctvg5os0pno3iol","timestamp":1736912875327,"id":"t40ncq6v9y2m2ta","previousEventId":"hno3zz1bus5i1n4","previousOperationId":"ctvg5os0pno3iol"}
{"type":"operationStart","subtype":"recipe","name":"chrome-pdf","timestamp":1736912875329,"id":"np1fq2zt5hderle","previousEventId":"t40ncq6v9y2m2ta","operationId":"egiluxmk12vt7sg","previousOperationId":"ctvg5os0pno3iol"}
{"type":"log","timestamp":1736912875329,"level":"debug","message":"Executing recipe chrome-pdf","meta":{"rootId":"a23pnk509pbt4vz","id":"a23pnk509pbt4vz"},"id":"atvciqsenc00p51","previousOperationId":"egiluxmk12vt7sg"}
{"type":"log","timestamp":1736912875714,"level":"debug","message":"Converting with chrome Chrome/131.0.6778.204 using dedicated-process strategy","meta":{"rootId":"a23pnk509pbt4vz","id":"a23pnk509pbt4vz"},"id":"xv2zudyi0clmi5p","previousOperationId":"egiluxmk12vt7sg"}
{"type":"log","timestamp":1736912875796,"level":"debug","message":"Page request: GET (document) file:///tmp/jsreport/autocleanup/d8bb6112-fdc1-4717-a419-106e638a84a7-chrome-pdf.html","meta":{"rootId":"a23pnk509pbt4vz","id":"a23pnk509pbt4vz"},"id":"iu2tdv66jfop8wb","previousOperationId":"egiluxmk12vt7sg"}
{"type":"log","timestamp":1736912875813,"level":"debug","message":"Page request finished: GET (document) 200 file:///tmp/jsreport/autocleanup/d8bb6112-fdc1-4717-a419-106e638a84a7-chrome-pdf.html","meta":{"rootId":"a23pnk509pbt4vz","id":"a23pnk509pbt4vz"},"id":"0qnotpeimktanzr","previousOperationId":"egiluxmk12vt7sg"}
{"type":"log","timestamp":1736912875816,"level":"debug","message":"Page request: GET (image) https://i.pinimg.com/736x/ac/66/fd/ac66fdbcf17e7c77173cf01c4dbb1cfc.jpg","meta":{"rootId":"a23pnk509pbt4vz","id":"a23pnk509pbt4vz"},"id":"nxt7edzg44iz5v9","previousOperationId":"egiluxmk12vt7sg"}
{"type":"log","timestamp":1736912875977,"level":"debug","message":"Page request finished: GET (image) 200 https://i.pinimg.com/736x/ac/66/fd/ac66fdbcf17e7c77173cf01c4dbb1cfc.jpg","meta":{"rootId":"a23pnk509pbt4vz","id":"a23pnk509pbt4vz"},"id":"78kghj2v6fbl327","previousOperationId":"egiluxmk12vt7sg"}
{"type":"log","timestamp":1736912876018,"level":"debug","message":"Running chrome with params {\"printBackground\":true,\"timeout\":59266,\"margin\":{}}","meta":{"rootId":"a23pnk509pbt4vz","id":"a23pnk509pbt4vz"},"id":"o5ju3n73envskp8","previousOperationId":"egiluxmk12vt7sg"}
{"type":"operationEnd","operationId":"egiluxmk12vt7sg","timestamp":1736912876538,"id":"m8qn4llkqf08oii","previousEventId":"np1fq2zt5hderle","previousOperationId":"egiluxmk12vt7sg"}
{"type":"log","timestamp":1736912876538,"level":"debug","message":"Skipping storing report.","meta":{"rootId":"a23pnk509pbt4vz","id":"a23pnk509pbt4vz"},"id":"iu5pe77yearvisu","previousOperationId":"egiluxmk12vt7sg"}
{"type":"log","timestamp":1736912876538,"level":"info","message":"Rendering request 1 finished in 1940 ms","meta":{"rootId":"a23pnk509pbt4vz","id":"a23pnk509pbt4vz"},"id":"m3ip8ftt07zvirh","previousOperationId":"egiluxmk12vt7sg"}
{"type":"operationEnd","subtype":"render","operationId":"mpugo3rwex0wizm","timestamp":1736912876539,"id":"v0xtyvwtaebxqn3","previousEventId":"m8qn4llkqf08oii","previousOperationId":"egiluxmk12vt7sg"}
{"type":"operationEnd","doDiffs":false,"previousEventId":"j8ntid9p3hmrmbx","previousOperationId":"8qwunseisn9ornh","operationId":"8qwunseisn9ornh","timestamp":1736912876541,"id":"vdfiqljx66jq0cf"}
