{"type":"operationStart","subtype":"profile","data":{"_id":"i9lqLjAOZxSU6SQw","timestamp":"2025-01-15T03:48:10.855Z","state":"queued","mode":"standard","creationDate":"2025-01-15T03:48:10.857Z","modificationDate":"2025-01-15T03:48:10.857Z","shortid":"i5RzpvJ","$entitySet":"profiles"},"doDiffs":false,"timestamp":1736912890856,"id":"qnhe9t6c66u15a5","previousOperationId":null,"operationId":"pv9e4ehvkdv0cnf"}
{"type":"log","level":"info","message":"Render request 1 queued for execution and waiting for available worker","previousOperationId":"pv9e4ehvkdv0cnf","timestamp":1736912890856,"id":"4bnzci5ys2krt65"}
{"type":"operationStart","subtype":"render","name":"reporte16","previousOperationId":"pv9e4ehvkdv0cnf","timestamp":1736912890874,"id":"015h6t1xx8z77ka","previousEventId":"qnhe9t6c66u15a5","operationId":"swshjvxip63i09t"}
{"type":"log","timestamp":1736912890875,"level":"info","message":"Starting rendering request 1","meta":{"rootId":"bciqe1oemf71qog","id":"bciqe1oemf71qog"},"id":"at6vpnbw37zvk13","previousOperationId":"swshjvxip63i09t"}
{"type":"log","timestamp":1736912890875,"level":"info","message":"Rendering template { name: reporte16, recipe: chrome-pdf, engine: handlebars, preview: false }","meta":{"rootId":"bciqe1oemf71qog","id":"bciqe1oemf71qog"},"id":"qgrcnothl4yenld","previousOperationId":"swshjvxip63i09t"}
{"type":"log","timestamp":1736912890876,"level":"debug","message":"Inline data specified.","meta":{"rootId":"bciqe1oemf71qog","id":"bciqe1oemf71qog"},"id":"g93guov6fesa3xy","previousOperationId":"swshjvxip63i09t"}
{"type":"log","timestamp":1736912890878,"level":"debug","message":"Base url not specified, skipping its injection.","meta":{"rootId":"bciqe1oemf71qog","id":"bciqe1oemf71qog"},"id":"97zs3gjchb38c4l","previousOperationId":"swshjvxip63i09t"}
{"type":"operationStart","subtype":"engine","name":"handlebars","timestamp":1736912890879,"id":"czew1dplmx4yirm","previousEventId":"015h6t1xx8z77ka","operationId":"m236h4e841gf6l8","previousOperationId":"swshjvxip63i09t"}
{"type":"log","timestamp":1736912890879,"level":"debug","message":"Rendering engine handlebars","meta":{"rootId":"bciqe1oemf71qog","id":"bciqe1oemf71qog"},"id":"287753vz6s5nmk0","previousOperationId":"m236h4e841gf6l8"}
{"type":"operationEnd","operationId":"m236h4e841gf6l8","timestamp":1736912891399,"id":"o4miipofzxou5ru","previousEventId":"czew1dplmx4yirm","previousOperationId":"m236h4e841gf6l8"}
{"type":"operationStart","subtype":"recipe","name":"chrome-pdf","timestamp":1736912891400,"id":"26wjtcwa9x60w2x","previousEventId":"o4miipofzxou5ru","operationId":"j58hjayp2yxtt2v","previousOperationId":"m236h4e841gf6l8"}
{"type":"log","timestamp":1736912891400,"level":"debug","message":"Executing recipe chrome-pdf","meta":{"rootId":"bciqe1oemf71qog","id":"bciqe1oemf71qog"},"id":"eky3vvslfyo919u","previousOperationId":"j58hjayp2yxtt2v"}
{"type":"log","timestamp":1736912891752,"level":"debug","message":"Converting with chrome Chrome/131.0.6778.204 using dedicated-process strategy","meta":{"rootId":"bciqe1oemf71qog","id":"bciqe1oemf71qog"},"id":"0jxnhb30ch9s739","previousOperationId":"j58hjayp2yxtt2v"}
{"type":"log","timestamp":1736912891828,"level":"debug","message":"Page request: GET (document) file:///tmp/jsreport/autocleanup/4a9b5be3-9013-45e6-96bf-a6f8c9a87328-chrome-pdf.html","meta":{"rootId":"bciqe1oemf71qog","id":"bciqe1oemf71qog"},"id":"5iqd4auxx7rraor","previousOperationId":"j58hjayp2yxtt2v"}
{"type":"log","timestamp":1736912891845,"level":"debug","message":"Page request finished: GET (document) 200 file:///tmp/jsreport/autocleanup/4a9b5be3-9013-45e6-96bf-a6f8c9a87328-chrome-pdf.html","meta":{"rootId":"bciqe1oemf71qog","id":"bciqe1oemf71qog"},"id":"tl9odsp76ge6jk7","previousOperationId":"j58hjayp2yxtt2v"}
{"type":"log","timestamp":1736912891847,"level":"debug","message":"Page request: GET (image) https://i.pinimg.com/736x/ac/66/fd/ac66fdbcf17e7c77173cf01c4dbb1cfc.jpg","meta":{"rootId":"bciqe1oemf71qog","id":"bciqe1oemf71qog"},"id":"istrkg8eq5hkmua","previousOperationId":"j58hjayp2yxtt2v"}
{"type":"log","timestamp":1736912891925,"level":"debug","message":"Page request finished: GET (image) 200 https://i.pinimg.com/736x/ac/66/fd/ac66fdbcf17e7c77173cf01c4dbb1cfc.jpg","meta":{"rootId":"bciqe1oemf71qog","id":"bciqe1oemf71qog"},"id":"4t9dcip80sy7h2l","previousOperationId":"j58hjayp2yxtt2v"}
{"type":"log","timestamp":1736912891938,"level":"debug","message":"Running chrome with params {\"printBackground\":true,\"timeout\":59451,\"margin\":{}}","meta":{"rootId":"bciqe1oemf71qog","id":"bciqe1oemf71qog"},"id":"9sd4qbmt9x0o8u2","previousOperationId":"j58hjayp2yxtt2v"}
{"type":"operationEnd","operationId":"j58hjayp2yxtt2v","timestamp":1736912892539,"id":"0q2qobzvopra862","previousEventId":"26wjtcwa9x60w2x","previousOperationId":"j58hjayp2yxtt2v"}
{"type":"log","timestamp":1736912892540,"level":"debug","message":"Skipping storing report.","meta":{"rootId":"bciqe1oemf71qog","id":"bciqe1oemf71qog"},"id":"8kohv4vx274nfbk","previousOperationId":"j58hjayp2yxtt2v"}
{"type":"log","timestamp":1736912892540,"level":"info","message":"Rendering request 1 finished in 1686 ms","meta":{"rootId":"bciqe1oemf71qog","id":"bciqe1oemf71qog"},"id":"ub1pmvjdb0l897c","previousOperationId":"j58hjayp2yxtt2v"}
{"type":"operationEnd","subtype":"render","operationId":"swshjvxip63i09t","timestamp":1736912892540,"id":"fxb24sz8qhhx33c","previousEventId":"0q2qobzvopra862","previousOperationId":"j58hjayp2yxtt2v"}
{"type":"operationEnd","doDiffs":false,"previousEventId":"qnhe9t6c66u15a5","previousOperationId":"pv9e4ehvkdv0cnf","operationId":"pv9e4ehvkdv0cnf","timestamp":1736912892542,"id":"5n0h91wt7nc86on"}
