{"type":"operationStart","subtype":"profile","data":{"_id":"z9h4rSnoSKIYHu2n","timestamp":"2025-01-19T17:03:00.149Z","state":"queued","mode":"standard","creationDate":"2025-01-19T17:03:00.161Z","modificationDate":"2025-01-19T17:03:00.161Z","shortid":"VrAQW_R","$entitySet":"profiles"},"doDiffs":false,"timestamp":1737306180150,"id":"cinkj0etqbeaq79","previousOperationId":null,"operationId":"9hg6z2ub82gpzbt"}
{"type":"log","level":"info","message":"Render request 11 queued for execution and waiting for available worker","previousOperationId":"9hg6z2ub82gpzbt","timestamp":1737306180150,"id":"n62aaozjyiu11i1"}
{"type":"operationStart","subtype":"render","name":"reporte16","previousOperationId":"9hg6z2ub82gpzbt","timestamp":1737306180165,"id":"1akb8cpf94e02a2","previousEventId":"cinkj0etqbeaq79","operationId":"278txax3zktae7t"}
{"type":"log","timestamp":1737306180165,"level":"info","message":"Starting rendering request 11","meta":{"rootId":"ctq58s0gecedfbg","id":"ctq58s0gecedfbg"},"id":"an8xkp8g0cfg9ab","previousOperationId":"278txax3zktae7t"}
{"type":"log","timestamp":1737306180166,"level":"info","message":"Rendering template { name: reporte16, recipe: chrome-pdf, engine: handlebars, preview: false }","meta":{"rootId":"ctq58s0gecedfbg","id":"ctq58s0gecedfbg"},"id":"f0ji4lkduza0vng","previousOperationId":"278txax3zktae7t"}
{"type":"log","timestamp":1737306180166,"level":"debug","message":"Inline data specified.","meta":{"rootId":"ctq58s0gecedfbg","id":"ctq58s0gecedfbg"},"id":"ie1bhu2ufs0flf5","previousOperationId":"278txax3zktae7t"}
{"type":"log","timestamp":1737306180167,"level":"debug","message":"Base url not specified, skipping its injection.","meta":{"rootId":"ctq58s0gecedfbg","id":"ctq58s0gecedfbg"},"id":"gpny0r6e7rfnz7g","previousOperationId":"278txax3zktae7t"}
{"type":"operationStart","subtype":"engine","name":"handlebars","timestamp":1737306180168,"id":"l1zx6unokens26d","previousEventId":"1akb8cpf94e02a2","operationId":"2th5q8i4x0rohq3","previousOperationId":"278txax3zktae7t"}
{"type":"log","timestamp":1737306180168,"level":"debug","message":"Rendering engine handlebars","meta":{"rootId":"ctq58s0gecedfbg","id":"ctq58s0gecedfbg"},"id":"p79isxe3gysc5sl","previousOperationId":"2th5q8i4x0rohq3"}
{"type":"operationEnd","operationId":"2th5q8i4x0rohq3","timestamp":1737306180189,"id":"tewoyeuxt66wpwl","previousEventId":"l1zx6unokens26d","previousOperationId":"2th5q8i4x0rohq3"}
{"type":"operationStart","subtype":"recipe","name":"chrome-pdf","timestamp":1737306180189,"id":"9z1ran1a2n3cphy","previousEventId":"tewoyeuxt66wpwl","operationId":"352j8iswi3vqqlg","previousOperationId":"2th5q8i4x0rohq3"}
{"type":"log","timestamp":1737306180189,"level":"debug","message":"Executing recipe chrome-pdf","meta":{"rootId":"ctq58s0gecedfbg","id":"ctq58s0gecedfbg"},"id":"ec16arsyxjdwp2i","previousOperationId":"352j8iswi3vqqlg"}
{"type":"log","timestamp":1737306180706,"level":"debug","message":"Converting with chrome Chrome/130.0.6723.69 using dedicated-process strategy","meta":{"rootId":"ctq58s0gecedfbg","id":"ctq58s0gecedfbg"},"id":"9zug3b3ywahqeya","previousOperationId":"352j8iswi3vqqlg"}
{"type":"log","timestamp":1737306180935,"level":"debug","message":"Page request: GET (document) file:///C:/Users/jrmat/AppData/Local/Temp/jsreport/autocleanup/2d735aa5-2ad0-41bf-981a-3b3ee8d721a4-chrome-pdf.html","meta":{"rootId":"ctq58s0gecedfbg","id":"ctq58s0gecedfbg"},"id":"9k9pz9bc1o6fmpi","previousOperationId":"352j8iswi3vqqlg"}
{"type":"log","timestamp":1737306181049,"level":"debug","message":"Page request finished: GET (document) 200 file:///C:/Users/jrmat/AppData/Local/Temp/jsreport/autocleanup/2d735aa5-2ad0-41bf-981a-3b3ee8d721a4-chrome-pdf.html","meta":{"rootId":"ctq58s0gecedfbg","id":"ctq58s0gecedfbg"},"id":"0rp8w7isdty8via","previousOperationId":"352j8iswi3vqqlg"}
{"type":"log","timestamp":1737306181051,"level":"debug","message":"Page request: GET (image) https://i.pinimg.com/736x/ac/66/fd/ac66fdbcf17e7c77173cf01c4dbb1cfc.jpg","meta":{"rootId":"ctq58s0gecedfbg","id":"ctq58s0gecedfbg"},"id":"yl5tw4v933ljrzo","previousOperationId":"352j8iswi3vqqlg"}
{"type":"log","timestamp":1737306181643,"level":"debug","message":"Page request finished: GET (image) 200 https://i.pinimg.com/736x/ac/66/fd/ac66fdbcf17e7c77173cf01c4dbb1cfc.jpg","meta":{"rootId":"ctq58s0gecedfbg","id":"ctq58s0gecedfbg"},"id":"umdkn74srmoocgh","previousOperationId":"352j8iswi3vqqlg"}
{"type":"log","timestamp":1737306181647,"level":"debug","message":"Running chrome with params {\"printBackground\":true,\"timeout\":59956,\"margin\":{}}","meta":{"rootId":"ctq58s0gecedfbg","id":"ctq58s0gecedfbg"},"id":"wqg68863ys0hdpa","previousOperationId":"352j8iswi3vqqlg"}
{"type":"operationEnd","operationId":"352j8iswi3vqqlg","timestamp":1737306182480,"id":"falzhovqlks1gbr","previousEventId":"9z1ran1a2n3cphy","previousOperationId":"352j8iswi3vqqlg"}
{"type":"log","timestamp":1737306182480,"level":"debug","message":"Skipping storing report.","meta":{"rootId":"ctq58s0gecedfbg","id":"ctq58s0gecedfbg"},"id":"2ypjisc5y5hpaek","previousOperationId":"352j8iswi3vqqlg"}
{"type":"log","timestamp":1737306182480,"level":"info","message":"Rendering request 11 finished in 2332 ms","meta":{"rootId":"ctq58s0gecedfbg","id":"ctq58s0gecedfbg"},"id":"jhwavgutuwc9chm","previousOperationId":"352j8iswi3vqqlg"}
{"type":"operationEnd","subtype":"render","operationId":"278txax3zktae7t","timestamp":1737306182480,"id":"ywaucazjkegp84u","previousEventId":"falzhovqlks1gbr","previousOperationId":"352j8iswi3vqqlg"}
{"type":"operationEnd","doDiffs":false,"previousEventId":"cinkj0etqbeaq79","previousOperationId":"9hg6z2ub82gpzbt","operationId":"9hg6z2ub82gpzbt","timestamp":1737306182488,"id":"bf7hv790bs5yre2"}
