{"type":"operationStart","subtype":"profile","data":{"_id":"GiUDmBicwIUfNBex","timestamp":"2025-01-19T17:03:02.983Z","state":"queued","mode":"standard","creationDate":"2025-01-19T17:03:02.986Z","modificationDate":"2025-01-19T17:03:02.986Z","shortid":"N2JXi7d","$entitySet":"profiles"},"doDiffs":false,"timestamp":1737306182985,"id":"jegtcc3hfolrq52","previousOperationId":null,"operationId":"gvht2acyynvgii0"}
{"type":"log","level":"info","message":"Render request 12 queued for execution and waiting for available worker","previousOperationId":"gvht2acyynvgii0","timestamp":1737306182985,"id":"c9qor5jhef9x9yd"}
{"type":"operationStart","subtype":"render","name":"reporte16","previousOperationId":"gvht2acyynvgii0","timestamp":1737306182994,"id":"tyxpfrsc25hiyoh","previousEventId":"jegtcc3hfolrq52","operationId":"wjdwfagxpik2zbu"}
{"type":"log","timestamp":1737306182995,"level":"info","message":"Starting rendering request 12","meta":{"rootId":"diqgixwxd3hntdj","id":"diqgixwxd3hntdj"},"id":"fmbq6gfr8k6m7u8","previousOperationId":"wjdwfagxpik2zbu"}
{"type":"log","timestamp":1737306182995,"level":"info","message":"Rendering template { name: reporte16, recipe: chrome-pdf, engine: handlebars, preview: false }","meta":{"rootId":"diqgixwxd3hntdj","id":"diqgixwxd3hntdj"},"id":"kuu4o8479ybxkos","previousOperationId":"wjdwfagxpik2zbu"}
{"type":"log","timestamp":1737306182996,"level":"debug","message":"Inline data specified.","meta":{"rootId":"diqgixwxd3hntdj","id":"diqgixwxd3hntdj"},"id":"m4cdc8582ln9k0t","previousOperationId":"wjdwfagxpik2zbu"}
{"type":"log","timestamp":1737306183002,"level":"debug","message":"Base url not specified, skipping its injection.","meta":{"rootId":"diqgixwxd3hntdj","id":"diqgixwxd3hntdj"},"id":"ui9htwsnk2cidls","previousOperationId":"wjdwfagxpik2zbu"}
{"type":"operationStart","subtype":"engine","name":"handlebars","timestamp":1737306183003,"id":"ai97vet7b2e5k4v","previousEventId":"tyxpfrsc25hiyoh","operationId":"ukkgwomprew00xl","previousOperationId":"wjdwfagxpik2zbu"}
{"type":"log","timestamp":1737306183003,"level":"debug","message":"Rendering engine handlebars","meta":{"rootId":"diqgixwxd3hntdj","id":"diqgixwxd3hntdj"},"id":"gtpko1h3h64njya","previousOperationId":"ukkgwomprew00xl"}
{"type":"operationEnd","operationId":"ukkgwomprew00xl","timestamp":1737306183039,"id":"qv3u1g4d1xqy7wa","previousEventId":"ai97vet7b2e5k4v","previousOperationId":"ukkgwomprew00xl"}
{"type":"operationStart","subtype":"recipe","name":"chrome-pdf","timestamp":1737306183040,"id":"e6oux30jp2zbg0y","previousEventId":"qv3u1g4d1xqy7wa","operationId":"xc3sfn0fqzqjwhr","previousOperationId":"ukkgwomprew00xl"}
{"type":"log","timestamp":1737306183040,"level":"debug","message":"Executing recipe chrome-pdf","meta":{"rootId":"diqgixwxd3hntdj","id":"diqgixwxd3hntdj"},"id":"iznk94qndi683do","previousOperationId":"xc3sfn0fqzqjwhr"}
{"type":"log","timestamp":1737306183776,"level":"debug","message":"Converting with chrome Chrome/130.0.6723.69 using dedicated-process strategy","meta":{"rootId":"diqgixwxd3hntdj","id":"diqgixwxd3hntdj"},"id":"zt64t584sy5jg9b","previousOperationId":"xc3sfn0fqzqjwhr"}
{"type":"log","timestamp":1737306184087,"level":"debug","message":"Page request: GET (document) file:///C:/Users/jrmat/AppData/Local/Temp/jsreport/autocleanup/30e572af-6d78-4ad3-a79b-4671e12a38fc-chrome-pdf.html","meta":{"rootId":"diqgixwxd3hntdj","id":"diqgixwxd3hntdj"},"id":"bwetd1npv4ozyp0","previousOperationId":"xc3sfn0fqzqjwhr"}
{"type":"log","timestamp":1737306184189,"level":"debug","message":"Page request finished: GET (document) 200 file:///C:/Users/jrmat/AppData/Local/Temp/jsreport/autocleanup/30e572af-6d78-4ad3-a79b-4671e12a38fc-chrome-pdf.html","meta":{"rootId":"diqgixwxd3hntdj","id":"diqgixwxd3hntdj"},"id":"3y7e7q81m7eild6","previousOperationId":"xc3sfn0fqzqjwhr"}
{"type":"log","timestamp":1737306184190,"level":"debug","message":"Page request: GET (image) https://i.pinimg.com/736x/ac/66/fd/ac66fdbcf17e7c77173cf01c4dbb1cfc.jpg","meta":{"rootId":"diqgixwxd3hntdj","id":"diqgixwxd3hntdj"},"id":"ptwd9j9b9fb702o","previousOperationId":"xc3sfn0fqzqjwhr"}
{"type":"log","timestamp":1737306184812,"level":"debug","message":"Page request finished: GET (image) 200 https://i.pinimg.com/736x/ac/66/fd/ac66fdbcf17e7c77173cf01c4dbb1cfc.jpg","meta":{"rootId":"diqgixwxd3hntdj","id":"diqgixwxd3hntdj"},"id":"2weeykdsh61t8a7","previousOperationId":"xc3sfn0fqzqjwhr"}
{"type":"log","timestamp":1737306184854,"level":"debug","message":"Running chrome with params {\"printBackground\":true,\"timeout\":59937,\"margin\":{}}","meta":{"rootId":"diqgixwxd3hntdj","id":"diqgixwxd3hntdj"},"id":"8rnikdwa1zt1wut","previousOperationId":"xc3sfn0fqzqjwhr"}
{"type":"operationEnd","operationId":"xc3sfn0fqzqjwhr","timestamp":1737306187260,"id":"wnwbitb934ovs4t","previousEventId":"e6oux30jp2zbg0y","previousOperationId":"xc3sfn0fqzqjwhr"}
{"type":"log","timestamp":1737306187260,"level":"debug","message":"Skipping storing report.","meta":{"rootId":"diqgixwxd3hntdj","id":"diqgixwxd3hntdj"},"id":"zitvkh94k7hkts6","previousOperationId":"xc3sfn0fqzqjwhr"}
{"type":"log","timestamp":1737306187261,"level":"info","message":"Rendering request 12 finished in 4279 ms","meta":{"rootId":"diqgixwxd3hntdj","id":"diqgixwxd3hntdj"},"id":"hse62wu4yd4t8el","previousOperationId":"xc3sfn0fqzqjwhr"}
{"type":"operationEnd","subtype":"render","operationId":"wjdwfagxpik2zbu","timestamp":1737306187261,"id":"sa3tnrrym4dgijs","previousEventId":"wnwbitb934ovs4t","previousOperationId":"xc3sfn0fqzqjwhr"}
{"type":"operationEnd","doDiffs":false,"previousEventId":"jegtcc3hfolrq52","previousOperationId":"gvht2acyynvgii0","operationId":"gvht2acyynvgii0","timestamp":1737306187267,"id":"68wfi3bn85yzj7k"}
