{"type":"operationStart","subtype":"profile","data":{"_id":"GEJP1xL8qv3NsQmR","timestamp":"2025-01-10T22:34:42.057Z","state":"queued","mode":"standard","creationDate":"2025-01-10T22:34:42.059Z","modificationDate":"2025-01-10T22:34:42.059Z","shortid":"3UTard8","$entitySet":"profiles"},"doDiffs":false,"timestamp":1736548482058,"id":"h8mc3ouzyea41f9","previousOperationId":null,"operationId":"h0sknux2f39z56b"}
{"type":"log","level":"info","message":"Render request 1 queued for execution and waiting for available worker","previousOperationId":"h0sknux2f39z56b","timestamp":1736548482058,"id":"21b575g59pvt5ui"}
{"type":"operationStart","subtype":"render","name":"reporte16","previousOperationId":"h0sknux2f39z56b","timestamp":1736548482072,"id":"uldv3ms740r3a41","previousEventId":"h8mc3ouzyea41f9","operationId":"ipyfbynnprwpvu9"}
{"type":"log","timestamp":1736548482073,"level":"info","message":"Starting rendering request 1","meta":{"rootId":"ezeihz6ezilynap","id":"ezeihz6ezilynap"},"id":"dcuv6vp87axhxjo","previousOperationId":"ipyfbynnprwpvu9"}
{"type":"log","timestamp":1736548482074,"level":"info","message":"Rendering template { name: reporte16, recipe: chrome-pdf, engine: handlebars, preview: false }","meta":{"rootId":"ezeihz6ezilynap","id":"ezeihz6ezilynap"},"id":"4bp3bcf8dauz9ci","previousOperationId":"ipyfbynnprwpvu9"}
{"type":"log","timestamp":1736548482075,"level":"debug","message":"Inline data specified.","meta":{"rootId":"ezeihz6ezilynap","id":"ezeihz6ezilynap"},"id":"fioogsuxyku7tz9","previousOperationId":"ipyfbynnprwpvu9"}
{"type":"log","timestamp":1736548482078,"level":"debug","message":"Base url not specified, skipping its injection.","meta":{"rootId":"ezeihz6ezilynap","id":"ezeihz6ezilynap"},"id":"vhr9fif1snn9krg","previousOperationId":"ipyfbynnprwpvu9"}
{"type":"operationStart","subtype":"engine","name":"handlebars","timestamp":1736548482078,"id":"qpp9l1xd6dllwal","previousEventId":"uldv3ms740r3a41","operationId":"14w72fl47jzjm0k","previousOperationId":"ipyfbynnprwpvu9"}
{"type":"log","timestamp":1736548482079,"level":"debug","message":"Rendering engine handlebars","meta":{"rootId":"ezeihz6ezilynap","id":"ezeihz6ezilynap"},"id":"mlte9mzu6dohx1s","previousOperationId":"14w72fl47jzjm0k"}
{"type":"operationEnd","operationId":"14w72fl47jzjm0k","timestamp":1736548482600,"id":"m3y0eylylavwvou","previousEventId":"qpp9l1xd6dllwal","previousOperationId":"14w72fl47jzjm0k"}
{"type":"operationStart","subtype":"recipe","name":"chrome-pdf","timestamp":1736548482601,"id":"6a1t5a7gxz28vi4","previousEventId":"m3y0eylylavwvou","operationId":"ytn9hktjc58jtzj","previousOperationId":"14w72fl47jzjm0k"}
{"type":"log","timestamp":1736548482601,"level":"debug","message":"Executing recipe chrome-pdf","meta":{"rootId":"ezeihz6ezilynap","id":"ezeihz6ezilynap"},"id":"kzzwkdkn3vh31gp","previousOperationId":"ytn9hktjc58jtzj"}
{"type":"log","timestamp":1736548483010,"level":"debug","message":"Converting with chrome Chrome/131.0.6778.204 using dedicated-process strategy","meta":{"rootId":"ezeihz6ezilynap","id":"ezeihz6ezilynap"},"id":"4zevyoyqyqhj7y9","previousOperationId":"ytn9hktjc58jtzj"}
{"type":"log","timestamp":1736548483189,"level":"debug","message":"Page request: GET (document) file:///tmp/jsreport/autocleanup/76c0b8d6-33bb-4e7f-92bc-7107e528ded4-chrome-pdf.html","meta":{"rootId":"ezeihz6ezilynap","id":"ezeihz6ezilynap"},"id":"l19quggbh6zgyom","previousOperationId":"ytn9hktjc58jtzj"}
{"type":"log","timestamp":1736548483227,"level":"debug","message":"Page request finished: GET (document) 200 file:///tmp/jsreport/autocleanup/76c0b8d6-33bb-4e7f-92bc-7107e528ded4-chrome-pdf.html","meta":{"rootId":"ezeihz6ezilynap","id":"ezeihz6ezilynap"},"id":"063czwrgligw7hi","previousOperationId":"ytn9hktjc58jtzj"}
{"type":"log","timestamp":1736548483240,"level":"debug","message":"Running chrome with params {\"printBackground\":true,\"timeout\":59445,\"margin\":{}}","meta":{"rootId":"ezeihz6ezilynap","id":"ezeihz6ezilynap"},"id":"jxhh6ys9ogugapz","previousOperationId":"ytn9hktjc58jtzj"}
{"type":"operationEnd","operationId":"ytn9hktjc58jtzj","timestamp":1736548483430,"id":"qzfo2zp7l5xhpdg","previousEventId":"6a1t5a7gxz28vi4","previousOperationId":"ytn9hktjc58jtzj"}
{"type":"log","timestamp":1736548483431,"level":"debug","message":"Skipping storing report.","meta":{"rootId":"ezeihz6ezilynap","id":"ezeihz6ezilynap"},"id":"ea72gctns1nu292","previousOperationId":"ytn9hktjc58jtzj"}
{"type":"log","timestamp":1736548483431,"level":"info","message":"Rendering request 1 finished in 1374 ms","meta":{"rootId":"ezeihz6ezilynap","id":"ezeihz6ezilynap"},"id":"d8euuqd9vo240hp","previousOperationId":"ytn9hktjc58jtzj"}
{"type":"operationEnd","subtype":"render","operationId":"ipyfbynnprwpvu9","timestamp":1736548483431,"id":"ofi9bgd6jja19xr","previousEventId":"qzfo2zp7l5xhpdg","previousOperationId":"ytn9hktjc58jtzj"}
{"type":"operationEnd","doDiffs":false,"previousEventId":"h8mc3ouzyea41f9","previousOperationId":"h0sknux2f39z56b","operationId":"h0sknux2f39z56b","timestamp":1736548483433,"id":"9ky3e0jk7eeylmg"}
