{"type":"operationStart","subtype":"profile","data":{"_id":"AuN15S4kj3b4Z1bc","timestamp":"2025-01-15T03:48:13.392Z","state":"queued","mode":"standard","creationDate":"2025-01-15T03:48:13.393Z","modificationDate":"2025-01-15T03:48:13.393Z","shortid":"rLebBYR","$entitySet":"profiles"},"doDiffs":false,"timestamp":1736912893393,"id":"t10ixlt22qyx5zz","previousOperationId":null,"operationId":"2vaa4jj34iauicb"}
{"type":"log","level":"info","message":"Render request 2 queued for execution and waiting for available worker","previousOperationId":"2vaa4jj34iauicb","timestamp":1736912893393,"id":"mq5b50px6oaim0j"}
{"type":"operationStart","subtype":"render","name":"reporte16","previousOperationId":"2vaa4jj34iauicb","timestamp":1736912893402,"id":"wluuj0zewxk000p","previousEventId":"t10ixlt22qyx5zz","operationId":"qm2u4jt8962bjro"}
{"type":"log","timestamp":1736912893402,"level":"info","message":"Starting rendering request 2","meta":{"rootId":"pmvjdh3ul6omk1n","id":"pmvjdh3ul6omk1n"},"id":"nsecs1t2qml2w9p","previousOperationId":"qm2u4jt8962bjro"}
{"type":"log","timestamp":1736912893404,"level":"info","message":"Rendering template { name: reporte16, recipe: chrome-pdf, engine: handlebars, preview: false }","meta":{"rootId":"pmvjdh3ul6omk1n","id":"pmvjdh3ul6omk1n"},"id":"apzd1qn91k03qh0","previousOperationId":"qm2u4jt8962bjro"}
{"type":"log","timestamp":1736912893404,"level":"debug","message":"Inline data specified.","meta":{"rootId":"pmvjdh3ul6omk1n","id":"pmvjdh3ul6omk1n"},"id":"khf0ohyee95dzfx","previousOperationId":"qm2u4jt8962bjro"}
{"type":"log","timestamp":1736912893406,"level":"debug","message":"Base url not specified, skipping its injection.","meta":{"rootId":"pmvjdh3ul6omk1n","id":"pmvjdh3ul6omk1n"},"id":"2j9zmoxq0z6hzng","previousOperationId":"qm2u4jt8962bjro"}
{"type":"operationStart","subtype":"engine","name":"handlebars","timestamp":1736912893407,"id":"4y7ds9nv1shxuwu","previousEventId":"wluuj0zewxk000p","operationId":"3hn1wl9d66ep1eq","previousOperationId":"qm2u4jt8962bjro"}
{"type":"log","timestamp":1736912893407,"level":"debug","message":"Rendering engine handlebars","meta":{"rootId":"pmvjdh3ul6omk1n","id":"pmvjdh3ul6omk1n"},"id":"mgg64piccj2uuwy","previousOperationId":"3hn1wl9d66ep1eq"}
{"type":"operationEnd","operationId":"3hn1wl9d66ep1eq","timestamp":1736912893925,"id":"k0iermgkw1rsi9y","previousEventId":"4y7ds9nv1shxuwu","previousOperationId":"3hn1wl9d66ep1eq"}
{"type":"operationStart","subtype":"recipe","name":"chrome-pdf","timestamp":1736912893927,"id":"9pk58uz7uj2u3yy","previousEventId":"k0iermgkw1rsi9y","operationId":"8p5l1xotcszd7ob","previousOperationId":"3hn1wl9d66ep1eq"}
{"type":"log","timestamp":1736912893927,"level":"debug","message":"Executing recipe chrome-pdf","meta":{"rootId":"pmvjdh3ul6omk1n","id":"pmvjdh3ul6omk1n"},"id":"b20scg98rw89jsl","previousOperationId":"8p5l1xotcszd7ob"}
{"type":"log","timestamp":1736912894336,"level":"debug","message":"Converting with chrome Chrome/131.0.6778.204 using dedicated-process strategy","meta":{"rootId":"pmvjdh3ul6omk1n","id":"pmvjdh3ul6omk1n"},"id":"7gsnigr4avzy4y7","previousOperationId":"8p5l1xotcszd7ob"}
{"type":"log","timestamp":1736912894414,"level":"debug","message":"Page request: GET (document) file:///tmp/jsreport/autocleanup/3b45da1b-ea4c-447d-b6ff-c93fea84d5a4-chrome-pdf.html","meta":{"rootId":"pmvjdh3ul6omk1n","id":"pmvjdh3ul6omk1n"},"id":"jrmink5d7v6jltm","previousOperationId":"8p5l1xotcszd7ob"}
{"type":"log","timestamp":1736912894431,"level":"debug","message":"Page request: GET (image) https://i.pinimg.com/736x/ac/66/fd/ac66fdbcf17e7c77173cf01c4dbb1cfc.jpg","meta":{"rootId":"pmvjdh3ul6omk1n","id":"pmvjdh3ul6omk1n"},"id":"iog8c6fryia1yna","previousOperationId":"8p5l1xotcszd7ob"}
{"type":"log","timestamp":1736912894432,"level":"debug","message":"Page request finished: GET (document) 200 file:///tmp/jsreport/autocleanup/3b45da1b-ea4c-447d-b6ff-c93fea84d5a4-chrome-pdf.html","meta":{"rootId":"pmvjdh3ul6omk1n","id":"pmvjdh3ul6omk1n"},"id":"6ls96jb9fz89gpf","previousOperationId":"8p5l1xotcszd7ob"}
{"type":"log","timestamp":1736912894492,"level":"debug","message":"Page request finished: GET (image) 200 https://i.pinimg.com/736x/ac/66/fd/ac66fdbcf17e7c77173cf01c4dbb1cfc.jpg","meta":{"rootId":"pmvjdh3ul6omk1n","id":"pmvjdh3ul6omk1n"},"id":"gsmsvavhxtpj6gv","previousOperationId":"8p5l1xotcszd7ob"}
{"type":"log","timestamp":1736912894509,"level":"debug","message":"Running chrome with params {\"printBackground\":true,\"timeout\":59455,\"margin\":{}}","meta":{"rootId":"pmvjdh3ul6omk1n","id":"pmvjdh3ul6omk1n"},"id":"hts6xniwsvncukq","previousOperationId":"8p5l1xotcszd7ob"}
{"type":"operationEnd","operationId":"8p5l1xotcszd7ob","timestamp":1736912894999,"id":"eyczahzs7997eh8","previousEventId":"9pk58uz7uj2u3yy","previousOperationId":"8p5l1xotcszd7ob"}
{"type":"log","timestamp":1736912894999,"level":"debug","message":"Skipping storing report.","meta":{"rootId":"pmvjdh3ul6omk1n","id":"pmvjdh3ul6omk1n"},"id":"62w3l5ftduzjwsg","previousOperationId":"8p5l1xotcszd7ob"}
{"type":"log","timestamp":1736912894999,"level":"info","message":"Rendering request 2 finished in 1607 ms","meta":{"rootId":"pmvjdh3ul6omk1n","id":"pmvjdh3ul6omk1n"},"id":"41vzpfu985lwzd0","previousOperationId":"8p5l1xotcszd7ob"}
{"type":"operationEnd","subtype":"render","operationId":"qm2u4jt8962bjro","timestamp":1736912895000,"id":"mln3ti4mcagpxyv","previousEventId":"eyczahzs7997eh8","previousOperationId":"8p5l1xotcszd7ob"}
{"type":"operationEnd","doDiffs":false,"previousEventId":"t10ixlt22qyx5zz","previousOperationId":"2vaa4jj34iauicb","operationId":"2vaa4jj34iauicb","timestamp":1736912895001,"id":"giryxeq4n97fqwv"}
