{"type":"operationStart","subtype":"profile","data":{"_id":"H40dXtNrJAoi92Gl","timestamp":"2025-01-11T00:38:57.674Z","state":"queued","mode":"standard","creationDate":"2025-01-11T00:38:57.675Z","modificationDate":"2025-01-11T00:38:57.675Z","shortid":"yqeDGvI","$entitySet":"profiles"},"doDiffs":false,"timestamp":1736555937675,"id":"9yem6rbkitls702","previousOperationId":null,"operationId":"qeqz15mt8uwf2yc"}
{"type":"log","level":"info","message":"Render request 2 queued for execution and waiting for available worker","previousOperationId":"qeqz15mt8uwf2yc","timestamp":1736555937675,"id":"bzusjogd0t3ej88"}
{"type":"operationStart","subtype":"render","name":"reporte16","previousOperationId":"qeqz15mt8uwf2yc","timestamp":1736555937681,"id":"grjvk086m6d88dt","previousEventId":"9yem6rbkitls702","operationId":"6t1y6twxsarge8s"}
{"type":"log","timestamp":1736555937682,"level":"info","message":"Starting rendering request 2","meta":{"rootId":"qmelftuulsek3sr","id":"qmelftuulsek3sr"},"id":"96t5xlrmrsk0oh5","previousOperationId":"6t1y6twxsarge8s"}
{"type":"log","timestamp":1736555937683,"level":"info","message":"Rendering template { name: reporte16, recipe: chrome-pdf, engine: handlebars, preview: false }","meta":{"rootId":"qmelftuulsek3sr","id":"qmelftuulsek3sr"},"id":"zbygqq93r2tt13x","previousOperationId":"6t1y6twxsarge8s"}
{"type":"log","timestamp":1736555937683,"level":"debug","message":"Inline data specified.","meta":{"rootId":"qmelftuulsek3sr","id":"qmelftuulsek3sr"},"id":"9bvxp2uu2u3znqc","previousOperationId":"6t1y6twxsarge8s"}
{"type":"log","timestamp":1736555937685,"level":"debug","message":"Base url not specified, skipping its injection.","meta":{"rootId":"qmelftuulsek3sr","id":"qmelftuulsek3sr"},"id":"yjuui3m1lfx0lrp","previousOperationId":"6t1y6twxsarge8s"}
{"type":"operationStart","subtype":"engine","name":"handlebars","timestamp":1736555937686,"id":"9hbyqpf6qjkklug","previousEventId":"grjvk086m6d88dt","operationId":"41vk7g6t0glvhhg","previousOperationId":"6t1y6twxsarge8s"}
{"type":"log","timestamp":1736555937686,"level":"debug","message":"Rendering engine handlebars","meta":{"rootId":"qmelftuulsek3sr","id":"qmelftuulsek3sr"},"id":"jmlpb3pfkxl170e","previousOperationId":"41vk7g6t0glvhhg"}
{"type":"operationEnd","operationId":"41vk7g6t0glvhhg","timestamp":1736555938220,"id":"d6y537l2rtf99ra","previousEventId":"9hbyqpf6qjkklug","previousOperationId":"41vk7g6t0glvhhg"}
{"type":"operationStart","subtype":"recipe","name":"chrome-pdf","timestamp":1736555938221,"id":"01356ejx5gau0sm","previousEventId":"d6y537l2rtf99ra","operationId":"oy39ff1fkbc3ege","previousOperationId":"41vk7g6t0glvhhg"}
{"type":"log","timestamp":1736555938221,"level":"debug","message":"Executing recipe chrome-pdf","meta":{"rootId":"qmelftuulsek3sr","id":"qmelftuulsek3sr"},"id":"zfd3s9cxydfj69q","previousOperationId":"oy39ff1fkbc3ege"}
{"type":"log","timestamp":1736555938575,"level":"debug","message":"Converting with chrome Chrome/131.0.6778.204 using dedicated-process strategy","meta":{"rootId":"qmelftuulsek3sr","id":"qmelftuulsek3sr"},"id":"p3prc5ivw7pby15","previousOperationId":"oy39ff1fkbc3ege"}
{"type":"log","timestamp":1736555938669,"level":"debug","message":"Page request: GET (document) file:///tmp/jsreport/autocleanup/e7d76794-a389-432c-98fd-b01e18eed12f-chrome-pdf.html","meta":{"rootId":"qmelftuulsek3sr","id":"qmelftuulsek3sr"},"id":"u3u7qhm6l9e79d1","previousOperationId":"oy39ff1fkbc3ege"}
{"type":"log","timestamp":1736555938688,"level":"debug","message":"Page request finished: GET (document) 200 file:///tmp/jsreport/autocleanup/e7d76794-a389-432c-98fd-b01e18eed12f-chrome-pdf.html","meta":{"rootId":"qmelftuulsek3sr","id":"qmelftuulsek3sr"},"id":"gqxvutp0w1vhogj","previousOperationId":"oy39ff1fkbc3ege"}
{"type":"log","timestamp":1736555938713,"level":"debug","message":"Running chrome with params {\"printBackground\":true,\"timeout\":59442,\"margin\":{}}","meta":{"rootId":"qmelftuulsek3sr","id":"qmelftuulsek3sr"},"id":"snp13kqyma29h2q","previousOperationId":"oy39ff1fkbc3ege"}
{"type":"operationEnd","operationId":"oy39ff1fkbc3ege","timestamp":1736555938931,"id":"k2pza86wdqbmmph","previousEventId":"01356ejx5gau0sm","previousOperationId":"oy39ff1fkbc3ege"}
{"type":"log","timestamp":1736555938932,"level":"debug","message":"Skipping storing report.","meta":{"rootId":"qmelftuulsek3sr","id":"qmelftuulsek3sr"},"id":"uj9wt4j9zbhlexk","previousOperationId":"oy39ff1fkbc3ege"}
{"type":"log","timestamp":1736555938932,"level":"info","message":"Rendering request 2 finished in 1258 ms","meta":{"rootId":"qmelftuulsek3sr","id":"qmelftuulsek3sr"},"id":"c8o4pprfskvhwz1","previousOperationId":"oy39ff1fkbc3ege"}
{"type":"operationEnd","subtype":"render","operationId":"6t1y6twxsarge8s","timestamp":1736555938932,"id":"aj7cf3zrbfbw4qg","previousEventId":"k2pza86wdqbmmph","previousOperationId":"oy39ff1fkbc3ege"}
{"type":"operationEnd","doDiffs":false,"previousEventId":"9yem6rbkitls702","previousOperationId":"qeqz15mt8uwf2yc","operationId":"qeqz15mt8uwf2yc","timestamp":1736555938935,"id":"tsbn5b3cfl650q4"}
