{"type":"operationStart","subtype":"profile","data":{"_id":"iaKmePiYShK8ANXn","timestamp":"2025-01-11T00:38:59.960Z","state":"queued","mode":"standard","creationDate":"2025-01-11T00:38:59.961Z","modificationDate":"2025-01-11T00:38:59.961Z","shortid":"yH5tayI","$entitySet":"profiles"},"doDiffs":false,"timestamp":1736555939960,"id":"d6cbr6ayaatdv1l","previousOperationId":null,"operationId":"sm897ampli2v38k"}
{"type":"log","level":"info","message":"Render request 3 queued for execution and waiting for available worker","previousOperationId":"sm897ampli2v38k","timestamp":1736555939960,"id":"0py0bgcfiyehprs"}
{"type":"operationStart","subtype":"render","name":"reporte16","previousOperationId":"sm897ampli2v38k","timestamp":1736555939968,"id":"moimtbf0vtmm6x1","previousEventId":"d6cbr6ayaatdv1l","operationId":"r6s5wg517iek8ll"}
{"type":"log","timestamp":1736555939968,"level":"info","message":"Starting rendering request 3","meta":{"rootId":"smaoolyrddljyzs","id":"smaoolyrddljyzs"},"id":"nar6guqqoodo9gg","previousOperationId":"r6s5wg517iek8ll"}
{"type":"log","timestamp":1736555939969,"level":"info","message":"Rendering template { name: reporte16, recipe: chrome-pdf, engine: handlebars, preview: false }","meta":{"rootId":"smaoolyrddljyzs","id":"smaoolyrddljyzs"},"id":"3z4jkdvlnitwa8k","previousOperationId":"r6s5wg517iek8ll"}
{"type":"log","timestamp":1736555939969,"level":"debug","message":"Inline data specified.","meta":{"rootId":"smaoolyrddljyzs","id":"smaoolyrddljyzs"},"id":"siqijtkjjbn6hjy","previousOperationId":"r6s5wg517iek8ll"}
{"type":"log","timestamp":1736555939974,"level":"debug","message":"Base url not specified, skipping its injection.","meta":{"rootId":"smaoolyrddljyzs","id":"smaoolyrddljyzs"},"id":"3cn2afq0vltsbv8","previousOperationId":"r6s5wg517iek8ll"}
{"type":"operationStart","subtype":"engine","name":"handlebars","timestamp":1736555939974,"id":"vrx9a1giniip6da","previousEventId":"moimtbf0vtmm6x1","operationId":"zx5gu3qb600a4b4","previousOperationId":"r6s5wg517iek8ll"}
{"type":"log","timestamp":1736555939974,"level":"debug","message":"Rendering engine handlebars","meta":{"rootId":"smaoolyrddljyzs","id":"smaoolyrddljyzs"},"id":"lnjuvg8c3oqdnim","previousOperationId":"zx5gu3qb600a4b4"}
{"type":"operationEnd","operationId":"zx5gu3qb600a4b4","timestamp":1736555939998,"id":"air1gwr3uuiw3hi","previousEventId":"vrx9a1giniip6da","previousOperationId":"zx5gu3qb600a4b4"}
{"type":"operationStart","subtype":"recipe","name":"chrome-pdf","timestamp":1736555939999,"id":"tgbuoutnwybfqul","previousEventId":"air1gwr3uuiw3hi","operationId":"wecxqi4aiai9rhy","previousOperationId":"zx5gu3qb600a4b4"}
{"type":"log","timestamp":1736555939999,"level":"debug","message":"Executing recipe chrome-pdf","meta":{"rootId":"smaoolyrddljyzs","id":"smaoolyrddljyzs"},"id":"lt15nzcj2aaox0n","previousOperationId":"wecxqi4aiai9rhy"}
{"type":"log","timestamp":1736555940394,"level":"debug","message":"Converting with chrome Chrome/131.0.6778.204 using dedicated-process strategy","meta":{"rootId":"smaoolyrddljyzs","id":"smaoolyrddljyzs"},"id":"mlq3w1jurc9kgkk","previousOperationId":"wecxqi4aiai9rhy"}
{"type":"log","timestamp":1736555940471,"level":"debug","message":"Page request: GET (document) file:///tmp/jsreport/autocleanup/3e154c3e-d00b-4ca6-8a4e-d7ea96a3d8ca-chrome-pdf.html","meta":{"rootId":"smaoolyrddljyzs","id":"smaoolyrddljyzs"},"id":"9midvixv7222ohm","previousOperationId":"wecxqi4aiai9rhy"}
{"type":"log","timestamp":1736555940489,"level":"debug","message":"Page request finished: GET (document) 200 file:///tmp/jsreport/autocleanup/3e154c3e-d00b-4ca6-8a4e-d7ea96a3d8ca-chrome-pdf.html","meta":{"rootId":"smaoolyrddljyzs","id":"smaoolyrddljyzs"},"id":"z1pbezqrqceuub9","previousOperationId":"wecxqi4aiai9rhy"}
{"type":"log","timestamp":1736555940504,"level":"debug","message":"Running chrome with params {\"printBackground\":true,\"timeout\":59960,\"margin\":{}}","meta":{"rootId":"smaoolyrddljyzs","id":"smaoolyrddljyzs"},"id":"7pkix11s97xw559","previousOperationId":"wecxqi4aiai9rhy"}
{"type":"operationEnd","operationId":"wecxqi4aiai9rhy","timestamp":1736555940712,"id":"18xjuopg4mxdjz6","previousEventId":"tgbuoutnwybfqul","previousOperationId":"wecxqi4aiai9rhy"}
{"type":"log","timestamp":1736555940712,"level":"debug","message":"Skipping storing report.","meta":{"rootId":"smaoolyrddljyzs","id":"smaoolyrddljyzs"},"id":"10kh8dlv1r0qrin","previousOperationId":"wecxqi4aiai9rhy"}
{"type":"log","timestamp":1736555940712,"level":"info","message":"Rendering request 3 finished in 752 ms","meta":{"rootId":"smaoolyrddljyzs","id":"smaoolyrddljyzs"},"id":"b7cfaoq8opzo004","previousOperationId":"wecxqi4aiai9rhy"}
{"type":"operationEnd","subtype":"render","operationId":"r6s5wg517iek8ll","timestamp":1736555940712,"id":"4qksqock38a0w6b","previousEventId":"18xjuopg4mxdjz6","previousOperationId":"wecxqi4aiai9rhy"}
{"type":"operationEnd","doDiffs":false,"previousEventId":"d6cbr6ayaatdv1l","previousOperationId":"sm897ampli2v38k","operationId":"sm897ampli2v38k","timestamp":1736555940714,"id":"wbys02zf7jmrjc0"}
