{"type":"operationStart","subtype":"profile","data":{"_id":"uNKolePzcw1xlsmi","timestamp":"2025-01-11T00:38:34.825Z","state":"queued","mode":"standard","creationDate":"2025-01-11T00:38:34.827Z","modificationDate":"2025-01-11T00:38:34.827Z","shortid":"hX5jagT","$entitySet":"profiles"},"doDiffs":false,"timestamp":1736555914826,"id":"4veh2r8djfnwz9h","previousOperationId":null,"operationId":"urxiq413os5hu57"}
{"type":"log","level":"info","message":"Render request 1 queued for execution and waiting for available worker","previousOperationId":"urxiq413os5hu57","timestamp":1736555914826,"id":"w305s5hg7al6434"}
{"type":"operationStart","subtype":"render","name":"reporte16","previousOperationId":"urxiq413os5hu57","timestamp":1736555914851,"id":"dpf5v5jmh34qw0c","previousEventId":"4veh2r8djfnwz9h","operationId":"4vhb39g8p17ctqn"}
{"type":"log","timestamp":1736555914852,"level":"info","message":"Starting rendering request 1","meta":{"rootId":"u8c6cw4z7pygzvl","id":"u8c6cw4z7pygzvl"},"id":"nmjf40wlswc35ns","previousOperationId":"4vhb39g8p17ctqn"}
{"type":"log","timestamp":1736555914853,"level":"info","message":"Rendering template { name: reporte16, recipe: chrome-pdf, engine: handlebars, preview: false }","meta":{"rootId":"u8c6cw4z7pygzvl","id":"u8c6cw4z7pygzvl"},"id":"ealtc7d4z4j3pkn","previousOperationId":"4vhb39g8p17ctqn"}
{"type":"log","timestamp":1736555914854,"level":"debug","message":"Inline data specified.","meta":{"rootId":"u8c6cw4z7pygzvl","id":"u8c6cw4z7pygzvl"},"id":"50avlbs744kbps6","previousOperationId":"4vhb39g8p17ctqn"}
{"type":"log","timestamp":1736555914861,"level":"debug","message":"Base url not specified, skipping its injection.","meta":{"rootId":"u8c6cw4z7pygzvl","id":"u8c6cw4z7pygzvl"},"id":"71eurphvn2sixtu","previousOperationId":"4vhb39g8p17ctqn"}
{"type":"operationStart","subtype":"engine","name":"handlebars","timestamp":1736555914863,"id":"f3p3rm23aqxuf0r","previousEventId":"dpf5v5jmh34qw0c","operationId":"fosfp5xig7cezu2","previousOperationId":"4vhb39g8p17ctqn"}
{"type":"log","timestamp":1736555914863,"level":"debug","message":"Rendering engine handlebars","meta":{"rootId":"u8c6cw4z7pygzvl","id":"u8c6cw4z7pygzvl"},"id":"hqkh2k6bu3yj9yi","previousOperationId":"fosfp5xig7cezu2"}
{"type":"operationEnd","operationId":"fosfp5xig7cezu2","timestamp":1736555915570,"id":"y75v5fmlx8n8ae2","previousEventId":"f3p3rm23aqxuf0r","previousOperationId":"fosfp5xig7cezu2"}
{"type":"operationStart","subtype":"recipe","name":"chrome-pdf","timestamp":1736555915571,"id":"t3v2o27j08n7vj9","previousEventId":"y75v5fmlx8n8ae2","operationId":"4ya9omynxoayrkg","previousOperationId":"fosfp5xig7cezu2"}
{"type":"log","timestamp":1736555915571,"level":"debug","message":"Executing recipe chrome-pdf","meta":{"rootId":"u8c6cw4z7pygzvl","id":"u8c6cw4z7pygzvl"},"id":"34yer308h4sko2n","previousOperationId":"4ya9omynxoayrkg"}
{"type":"log","timestamp":1736555917833,"level":"debug","message":"Converting with chrome Chrome/131.0.6778.204 using dedicated-process strategy","meta":{"rootId":"u8c6cw4z7pygzvl","id":"u8c6cw4z7pygzvl"},"id":"21xghrhzfatyny5","previousOperationId":"4ya9omynxoayrkg"}
{"type":"log","timestamp":1736555917968,"level":"debug","message":"Page request: GET (document) file:///tmp/jsreport/autocleanup/4ad29c9a-af9c-4d54-a8b1-8698fbe69d24-chrome-pdf.html","meta":{"rootId":"u8c6cw4z7pygzvl","id":"u8c6cw4z7pygzvl"},"id":"8ji6yo45yioojd4","previousOperationId":"4ya9omynxoayrkg"}
{"type":"log","timestamp":1736555917992,"level":"debug","message":"Page request finished: GET (document) 200 file:///tmp/jsreport/autocleanup/4ad29c9a-af9c-4d54-a8b1-8698fbe69d24-chrome-pdf.html","meta":{"rootId":"u8c6cw4z7pygzvl","id":"u8c6cw4z7pygzvl"},"id":"pur7xjmqbur5p84","previousOperationId":"4ya9omynxoayrkg"}
{"type":"log","timestamp":1736555918013,"level":"debug","message":"Running chrome with params {\"printBackground\":true,\"timeout\":59249,\"margin\":{}}","meta":{"rootId":"u8c6cw4z7pygzvl","id":"u8c6cw4z7pygzvl"},"id":"r91ba4wzzcu1o6h","previousOperationId":"4ya9omynxoayrkg"}
{"type":"operationEnd","operationId":"4ya9omynxoayrkg","timestamp":1736555918219,"id":"mnx63f5h6duf9eq","previousEventId":"t3v2o27j08n7vj9","previousOperationId":"4ya9omynxoayrkg"}
{"type":"log","timestamp":1736555918219,"level":"debug","message":"Skipping storing report.","meta":{"rootId":"u8c6cw4z7pygzvl","id":"u8c6cw4z7pygzvl"},"id":"skrdkrdf40o1712","previousOperationId":"4ya9omynxoayrkg"}
{"type":"log","timestamp":1736555918219,"level":"info","message":"Rendering request 1 finished in 3395 ms","meta":{"rootId":"u8c6cw4z7pygzvl","id":"u8c6cw4z7pygzvl"},"id":"76ry1o6ow3v4zrw","previousOperationId":"4ya9omynxoayrkg"}
{"type":"operationEnd","subtype":"render","operationId":"4vhb39g8p17ctqn","timestamp":1736555918219,"id":"cajii4pvubcfr7g","previousEventId":"mnx63f5h6duf9eq","previousOperationId":"4ya9omynxoayrkg"}
{"type":"operationEnd","doDiffs":false,"previousEventId":"4veh2r8djfnwz9h","previousOperationId":"urxiq413os5hu57","operationId":"urxiq413os5hu57","timestamp":1736555918222,"id":"yzes9g7e6pnz8rh"}
