{"type":"operationStart","subtype":"profile","data":{"_id":"2CQYDTvuLmY0nlZa","timestamp":"2025-01-11T00:50:11.034Z","state":"queued","mode":"standard","creationDate":"2025-01-11T00:50:11.035Z","modificationDate":"2025-01-11T00:50:11.035Z","shortid":"k6SsDxK","$entitySet":"profiles"},"doDiffs":false,"timestamp":1736556611035,"id":"p5r0igr7i66yg3x","previousOperationId":null,"operationId":"udip9e4yu0ldwj2"}
{"type":"log","level":"info","message":"Render request 5 queued for execution and waiting for available worker","previousOperationId":"udip9e4yu0ldwj2","timestamp":1736556611035,"id":"8pqtjs4a29r4e3u"}
{"type":"operationStart","subtype":"render","name":"reporte16","previousOperationId":"udip9e4yu0ldwj2","timestamp":1736556611039,"id":"a2nyf7wmsxgz8ky","previousEventId":"p5r0igr7i66yg3x","operationId":"ff5eor2zb5iq26x"}
{"type":"log","timestamp":1736556611039,"level":"info","message":"Starting rendering request 5","meta":{"rootId":"uwvahnucwdylmgr","id":"uwvahnucwdylmgr"},"id":"53v2skioc2d170r","previousOperationId":"ff5eor2zb5iq26x"}
{"type":"log","timestamp":1736556611039,"level":"info","message":"Rendering template { name: reporte16, recipe: chrome-pdf, engine: handlebars, preview: false }","meta":{"rootId":"uwvahnucwdylmgr","id":"uwvahnucwdylmgr"},"id":"3nihw95ode8mrkl","previousOperationId":"ff5eor2zb5iq26x"}
{"type":"log","timestamp":1736556611039,"level":"debug","message":"Inline data specified.","meta":{"rootId":"uwvahnucwdylmgr","id":"uwvahnucwdylmgr"},"id":"mth58fgj2ls9g3b","previousOperationId":"ff5eor2zb5iq26x"}
{"type":"log","timestamp":1736556611040,"level":"debug","message":"Base url not specified, skipping its injection.","meta":{"rootId":"uwvahnucwdylmgr","id":"uwvahnucwdylmgr"},"id":"pt3pz4trr7msaul","previousOperationId":"ff5eor2zb5iq26x"}
{"type":"operationStart","subtype":"engine","name":"handlebars","timestamp":1736556611041,"id":"mtkwcgsj6m03w51","previousEventId":"a2nyf7wmsxgz8ky","operationId":"sn2six8zyhxml6c","previousOperationId":"ff5eor2zb5iq26x"}
{"type":"log","timestamp":1736556611041,"level":"debug","message":"Rendering engine handlebars","meta":{"rootId":"uwvahnucwdylmgr","id":"uwvahnucwdylmgr"},"id":"cpt6t7i6h83w40c","previousOperationId":"sn2six8zyhxml6c"}
{"type":"operationEnd","operationId":"sn2six8zyhxml6c","timestamp":1736556611049,"id":"wj1a7j2exz5wc44","previousEventId":"mtkwcgsj6m03w51","previousOperationId":"sn2six8zyhxml6c"}
{"type":"operationStart","subtype":"recipe","name":"chrome-pdf","timestamp":1736556611049,"id":"6h09t1751t79dre","previousEventId":"wj1a7j2exz5wc44","operationId":"hm4bh97i4ywqso6","previousOperationId":"sn2six8zyhxml6c"}
{"type":"log","timestamp":1736556611049,"level":"debug","message":"Executing recipe chrome-pdf","meta":{"rootId":"uwvahnucwdylmgr","id":"uwvahnucwdylmgr"},"id":"wdnrc3st9pgd7dc","previousOperationId":"hm4bh97i4ywqso6"}
{"type":"log","timestamp":1736556611394,"level":"debug","message":"Converting with chrome Chrome/131.0.6778.204 using dedicated-process strategy","meta":{"rootId":"uwvahnucwdylmgr","id":"uwvahnucwdylmgr"},"id":"hvitp9ujcog91zm","previousOperationId":"hm4bh97i4ywqso6"}
{"type":"log","timestamp":1736556611460,"level":"debug","message":"Page request: GET (document) file:///tmp/jsreport/autocleanup/38902e18-5c1a-49cb-8034-6635411a1a9f-chrome-pdf.html","meta":{"rootId":"uwvahnucwdylmgr","id":"uwvahnucwdylmgr"},"id":"lx7okxokvu69xwk","previousOperationId":"hm4bh97i4ywqso6"}
{"type":"log","timestamp":1736556611476,"level":"debug","message":"Page request finished: GET (document) 200 file:///tmp/jsreport/autocleanup/38902e18-5c1a-49cb-8034-6635411a1a9f-chrome-pdf.html","meta":{"rootId":"uwvahnucwdylmgr","id":"uwvahnucwdylmgr"},"id":"w77or31hn21he86","previousOperationId":"hm4bh97i4ywqso6"}
{"type":"log","timestamp":1736556611490,"level":"debug","message":"Running chrome with params {\"printBackground\":true,\"timeout\":59983,\"margin\":{}}","meta":{"rootId":"uwvahnucwdylmgr","id":"uwvahnucwdylmgr"},"id":"ggqephqa3qtzvmq","previousOperationId":"hm4bh97i4ywqso6"}
{"type":"operationEnd","operationId":"hm4bh97i4ywqso6","timestamp":1736556611669,"id":"neog7mxtptl8u67","previousEventId":"6h09t1751t79dre","previousOperationId":"hm4bh97i4ywqso6"}
{"type":"log","timestamp":1736556611669,"level":"debug","message":"Skipping storing report.","meta":{"rootId":"uwvahnucwdylmgr","id":"uwvahnucwdylmgr"},"id":"mmu09n5mmg3ad6w","previousOperationId":"hm4bh97i4ywqso6"}
{"type":"log","timestamp":1736556611669,"level":"info","message":"Rendering request 5 finished in 635 ms","meta":{"rootId":"uwvahnucwdylmgr","id":"uwvahnucwdylmgr"},"id":"p9wzcpmnoylii7f","previousOperationId":"hm4bh97i4ywqso6"}
{"type":"operationEnd","subtype":"render","operationId":"ff5eor2zb5iq26x","timestamp":1736556611669,"id":"ml5ipeqpkdh4f6z","previousEventId":"neog7mxtptl8u67","previousOperationId":"hm4bh97i4ywqso6"}
{"type":"operationEnd","doDiffs":false,"previousEventId":"p5r0igr7i66yg3x","previousOperationId":"udip9e4yu0ldwj2","operationId":"udip9e4yu0ldwj2","timestamp":1736556611671,"id":"r4bp64s7epvn6g7"}
