{"type":"operationStart","subtype":"profile","data":{"_id":"1wcAhoRvTfmP8AGi","timestamp":"2025-01-17T06:06:05.962Z","state":"queued","mode":"standard","creationDate":"2025-01-17T06:06:05.962Z","modificationDate":"2025-01-17T06:06:05.963Z","shortid":"dFB2fiI","$entitySet":"profiles"},"doDiffs":false,"timestamp":1737093965962,"id":"v6si7zqugo03jna","previousOperationId":null,"operationId":"kjp1dgijosgl8w4"}
{"type":"log","level":"info","message":"Render request 6 queued for execution and waiting for available worker","previousOperationId":"kjp1dgijosgl8w4","timestamp":1737093965962,"id":"1fuz1mw8oupyfxv"}
{"type":"operationStart","subtype":"render","name":"reporte16","previousOperationId":"kjp1dgijosgl8w4","timestamp":1737093965965,"id":"qe9ts3ty46c1t3h","previousEventId":"v6si7zqugo03jna","operationId":"vze9xr4rnpskuut"}
{"type":"log","timestamp":1737093965965,"level":"info","message":"Starting rendering request 6","meta":{"rootId":"ve3ksvw1166hbq5","id":"ve3ksvw1166hbq5"},"id":"xd4y4o6avo9usa0","previousOperationId":"vze9xr4rnpskuut"}
{"type":"log","timestamp":1737093965965,"level":"info","message":"Rendering template { name: reporte16, recipe: chrome-pdf, engine: handlebars, preview: false }","meta":{"rootId":"ve3ksvw1166hbq5","id":"ve3ksvw1166hbq5"},"id":"j853uhkwxb69wjf","previousOperationId":"vze9xr4rnpskuut"}
{"type":"log","timestamp":1737093965965,"level":"debug","message":"Inline data specified.","meta":{"rootId":"ve3ksvw1166hbq5","id":"ve3ksvw1166hbq5"},"id":"3bvziktl8edyjzh","previousOperationId":"vze9xr4rnpskuut"}
{"type":"log","timestamp":1737093965967,"level":"debug","message":"Base url not specified, skipping its injection.","meta":{"rootId":"ve3ksvw1166hbq5","id":"ve3ksvw1166hbq5"},"id":"zpxv2qzj5ionhsq","previousOperationId":"vze9xr4rnpskuut"}
{"type":"operationStart","subtype":"engine","name":"handlebars","timestamp":1737093965967,"id":"phdbcvvqn9nrk5x","previousEventId":"qe9ts3ty46c1t3h","operationId":"z16k0me9evpllht","previousOperationId":"vze9xr4rnpskuut"}
{"type":"log","timestamp":1737093965967,"level":"debug","message":"Rendering engine handlebars","meta":{"rootId":"ve3ksvw1166hbq5","id":"ve3ksvw1166hbq5"},"id":"aanvkqv8duvuon5","previousOperationId":"z16k0me9evpllht"}
{"type":"operationEnd","operationId":"z16k0me9evpllht","timestamp":1737093965977,"id":"k2grsltv8w0padr","previousEventId":"phdbcvvqn9nrk5x","previousOperationId":"z16k0me9evpllht"}
{"type":"operationStart","subtype":"recipe","name":"chrome-pdf","timestamp":1737093965977,"id":"tad3yupoeglknc7","previousEventId":"k2grsltv8w0padr","operationId":"9dwfx3fpbyzncgs","previousOperationId":"z16k0me9evpllht"}
{"type":"log","timestamp":1737093965977,"level":"debug","message":"Executing recipe chrome-pdf","meta":{"rootId":"ve3ksvw1166hbq5","id":"ve3ksvw1166hbq5"},"id":"v0nbk9lqb8b5id1","previousOperationId":"9dwfx3fpbyzncgs"}
{"type":"log","timestamp":1737093966430,"level":"debug","message":"Converting with chrome Chrome/131.0.6778.204 using dedicated-process strategy","meta":{"rootId":"ve3ksvw1166hbq5","id":"ve3ksvw1166hbq5"},"id":"0j4fleiypelt9sc","previousOperationId":"9dwfx3fpbyzncgs"}
{"type":"log","timestamp":1737093966553,"level":"debug","message":"Page request: GET (document) file:///tmp/jsreport/autocleanup/ab88b731-9ad6-4356-999e-116d881c02bb-chrome-pdf.html","meta":{"rootId":"ve3ksvw1166hbq5","id":"ve3ksvw1166hbq5"},"id":"vrvuofb6l6t9n3a","previousOperationId":"9dwfx3fpbyzncgs"}
{"type":"log","timestamp":1737093966579,"level":"debug","message":"Page request: GET (image) https://i.pinimg.com/736x/ac/66/fd/ac66fdbcf17e7c77173cf01c4dbb1cfc.jpg","meta":{"rootId":"ve3ksvw1166hbq5","id":"ve3ksvw1166hbq5"},"id":"ch9gek36sw2smoe","previousOperationId":"9dwfx3fpbyzncgs"}
{"type":"log","timestamp":1737093966581,"level":"debug","message":"Page request finished: GET (document) 200 file:///tmp/jsreport/autocleanup/ab88b731-9ad6-4356-999e-116d881c02bb-chrome-pdf.html","meta":{"rootId":"ve3ksvw1166hbq5","id":"ve3ksvw1166hbq5"},"id":"kkc21ih6yzbu7d5","previousOperationId":"9dwfx3fpbyzncgs"}
{"type":"log","timestamp":1737093966668,"level":"debug","message":"Page request finished: GET (image) 200 https://i.pinimg.com/736x/ac/66/fd/ac66fdbcf17e7c77173cf01c4dbb1cfc.jpg","meta":{"rootId":"ve3ksvw1166hbq5","id":"ve3ksvw1166hbq5"},"id":"27vf6cc5ggb0fx3","previousOperationId":"9dwfx3fpbyzncgs"}
{"type":"log","timestamp":1737093966673,"level":"debug","message":"Running chrome with params {\"printBackground\":true,\"timeout\":59983,\"margin\":{}}","meta":{"rootId":"ve3ksvw1166hbq5","id":"ve3ksvw1166hbq5"},"id":"1ipval8yt9if3mr","previousOperationId":"9dwfx3fpbyzncgs"}
{"type":"operationEnd","operationId":"9dwfx3fpbyzncgs","timestamp":1737093966910,"id":"ryu9hek4qhkwmbr","previousEventId":"tad3yupoeglknc7","previousOperationId":"9dwfx3fpbyzncgs"}
{"type":"log","timestamp":1737093966910,"level":"debug","message":"Skipping storing report.","meta":{"rootId":"ve3ksvw1166hbq5","id":"ve3ksvw1166hbq5"},"id":"gznm60ebwt58xa7","previousOperationId":"9dwfx3fpbyzncgs"}
{"type":"log","timestamp":1737093966910,"level":"info","message":"Rendering request 6 finished in 949 ms","meta":{"rootId":"ve3ksvw1166hbq5","id":"ve3ksvw1166hbq5"},"id":"laizwyrzrnaevdu","previousOperationId":"9dwfx3fpbyzncgs"}
{"type":"operationEnd","subtype":"render","operationId":"vze9xr4rnpskuut","timestamp":1737093966910,"id":"zd8h2z7zjefnff4","previousEventId":"ryu9hek4qhkwmbr","previousOperationId":"9dwfx3fpbyzncgs"}
{"type":"operationEnd","doDiffs":false,"previousEventId":"v6si7zqugo03jna","previousOperationId":"kjp1dgijosgl8w4","operationId":"kjp1dgijosgl8w4","timestamp":1737093966912,"id":"j8wj4lgne42rod8"}
