{"type":"operationStart","subtype":"profile","data":{"_id":"52W1DUJf9gsuzfOH","timestamp":"2025-01-15T03:49:04.086Z","state":"queued","mode":"standard","creationDate":"2025-01-15T03:49:04.087Z","modificationDate":"2025-01-15T03:49:04.087Z","shortid":"ck6duAG","$entitySet":"profiles"},"doDiffs":false,"timestamp":1736912944087,"id":"p572mttuc3f94zb","previousOperationId":null,"operationId":"54uyjsdl79t5hll"}
{"type":"log","level":"info","message":"Render request 4 queued for execution and waiting for available worker","previousOperationId":"54uyjsdl79t5hll","timestamp":1736912944087,"id":"mblg131hjjubzhh"}
{"type":"operationStart","subtype":"render","name":"reporte16","previousOperationId":"54uyjsdl79t5hll","timestamp":1736912944091,"id":"hx9qtjy8acu9d7a","previousEventId":"p572mttuc3f94zb","operationId":"bd3qsfk4slq3ax4"}
{"type":"log","timestamp":1736912944091,"level":"info","message":"Starting rendering request 4","meta":{"rootId":"wqvx190e7n761cg","id":"wqvx190e7n761cg"},"id":"5d4kla6ao5em5lq","previousOperationId":"bd3qsfk4slq3ax4"}
{"type":"log","timestamp":1736912944092,"level":"info","message":"Rendering template { name: reporte16, recipe: chrome-pdf, engine: handlebars, preview: false }","meta":{"rootId":"wqvx190e7n761cg","id":"wqvx190e7n761cg"},"id":"es910imesi75bas","previousOperationId":"bd3qsfk4slq3ax4"}
{"type":"log","timestamp":1736912944092,"level":"debug","message":"Inline data specified.","meta":{"rootId":"wqvx190e7n761cg","id":"wqvx190e7n761cg"},"id":"rqagge1p3qhl92w","previousOperationId":"bd3qsfk4slq3ax4"}
{"type":"log","timestamp":1736912944094,"level":"debug","message":"Base url not specified, skipping its injection.","meta":{"rootId":"wqvx190e7n761cg","id":"wqvx190e7n761cg"},"id":"wgn8h5mns8bbk3c","previousOperationId":"bd3qsfk4slq3ax4"}
{"type":"operationStart","subtype":"engine","name":"handlebars","timestamp":1736912944095,"id":"8khd6zxokfpefzj","previousEventId":"hx9qtjy8acu9d7a","operationId":"bqxk1svd604hhwp","previousOperationId":"bd3qsfk4slq3ax4"}
{"type":"log","timestamp":1736912944095,"level":"debug","message":"Rendering engine handlebars","meta":{"rootId":"wqvx190e7n761cg","id":"wqvx190e7n761cg"},"id":"1q1sdszzt0uve5e","previousOperationId":"bqxk1svd604hhwp"}
{"type":"operationEnd","operationId":"bqxk1svd604hhwp","timestamp":1736912944104,"id":"03vy8lpfytllx6t","previousEventId":"8khd6zxokfpefzj","previousOperationId":"bqxk1svd604hhwp"}
{"type":"operationStart","subtype":"recipe","name":"chrome-pdf","timestamp":1736912944105,"id":"ya1htkcj1que8rv","previousEventId":"03vy8lpfytllx6t","operationId":"kuk0hfxxdvrxzgj","previousOperationId":"bqxk1svd604hhwp"}
{"type":"log","timestamp":1736912944105,"level":"debug","message":"Executing recipe chrome-pdf","meta":{"rootId":"wqvx190e7n761cg","id":"wqvx190e7n761cg"},"id":"7tfs4w9b8rinq8v","previousOperationId":"kuk0hfxxdvrxzgj"}
{"type":"log","timestamp":1736912944445,"level":"debug","message":"Converting with chrome Chrome/131.0.6778.204 using dedicated-process strategy","meta":{"rootId":"wqvx190e7n761cg","id":"wqvx190e7n761cg"},"id":"a5ncfxw97cnlc87","previousOperationId":"kuk0hfxxdvrxzgj"}
{"type":"log","timestamp":1736912944526,"level":"debug","message":"Page request: GET (document) file:///tmp/jsreport/autocleanup/2aa22711-deb4-4629-abe0-3234247ac389-chrome-pdf.html","meta":{"rootId":"wqvx190e7n761cg","id":"wqvx190e7n761cg"},"id":"l61mcmbi4gkiuzy","previousOperationId":"kuk0hfxxdvrxzgj"}
{"type":"log","timestamp":1736912944544,"level":"debug","message":"Page request finished: GET (document) 200 file:///tmp/jsreport/autocleanup/2aa22711-deb4-4629-abe0-3234247ac389-chrome-pdf.html","meta":{"rootId":"wqvx190e7n761cg","id":"wqvx190e7n761cg"},"id":"wh6nfs5ynvioqdv","previousOperationId":"kuk0hfxxdvrxzgj"}
{"type":"log","timestamp":1736912944545,"level":"debug","message":"Page request: GET (image) https://i.pinimg.com/736x/ac/66/fd/ac66fdbcf17e7c77173cf01c4dbb1cfc.jpg","meta":{"rootId":"wqvx190e7n761cg","id":"wqvx190e7n761cg"},"id":"f0u1lvytac0eivd","previousOperationId":"kuk0hfxxdvrxzgj"}
{"type":"log","timestamp":1736912944596,"level":"debug","message":"Page request finished: GET (image) 200 https://i.pinimg.com/736x/ac/66/fd/ac66fdbcf17e7c77173cf01c4dbb1cfc.jpg","meta":{"rootId":"wqvx190e7n761cg","id":"wqvx190e7n761cg"},"id":"2302nuq32hxj99f","previousOperationId":"kuk0hfxxdvrxzgj"}
{"type":"log","timestamp":1736912944610,"level":"debug","message":"Running chrome with params {\"printBackground\":true,\"timeout\":59980,\"margin\":{}}","meta":{"rootId":"wqvx190e7n761cg","id":"wqvx190e7n761cg"},"id":"ywfg41j1ym8soct","previousOperationId":"kuk0hfxxdvrxzgj"}
{"type":"operationEnd","operationId":"kuk0hfxxdvrxzgj","timestamp":1736912945048,"id":"fj55xha438xp4ie","previousEventId":"ya1htkcj1que8rv","previousOperationId":"kuk0hfxxdvrxzgj"}
{"type":"log","timestamp":1736912945048,"level":"debug","message":"Skipping storing report.","meta":{"rootId":"wqvx190e7n761cg","id":"wqvx190e7n761cg"},"id":"89hsm7czvbuzthw","previousOperationId":"kuk0hfxxdvrxzgj"}
{"type":"log","timestamp":1736912945048,"level":"info","message":"Rendering request 4 finished in 962 ms","meta":{"rootId":"wqvx190e7n761cg","id":"wqvx190e7n761cg"},"id":"j346hiho4g66u11","previousOperationId":"kuk0hfxxdvrxzgj"}
{"type":"operationEnd","subtype":"render","operationId":"bd3qsfk4slq3ax4","timestamp":1736912945048,"id":"dx2m603pr2kcyhg","previousEventId":"fj55xha438xp4ie","previousOperationId":"kuk0hfxxdvrxzgj"}
{"type":"operationEnd","doDiffs":false,"previousEventId":"p572mttuc3f94zb","previousOperationId":"54uyjsdl79t5hll","operationId":"54uyjsdl79t5hll","timestamp":1736912945050,"id":"mwxxe0xz1kjg78t"}
