{"type":"operationStart","subtype":"profile","data":{"_id":"A1NIrpjpDTZpixI9","timestamp":"2025-01-12T23:07:52.525Z","state":"queued","mode":"standard","creationDate":"2025-01-12T23:07:52.527Z","modificationDate":"2025-01-12T23:07:52.527Z","shortid":"ok-82pt","$entitySet":"profiles"},"doDiffs":false,"timestamp":1736723272526,"id":"9lxaxq1q64vs21x","previousOperationId":null,"operationId":"r81uk9pq3goh8f6"}
{"type":"log","level":"info","message":"Render request 1 queued for execution and waiting for available worker","previousOperationId":"r81uk9pq3goh8f6","timestamp":1736723272526,"id":"o617znv6ui2wuz8"}
{"type":"operationStart","subtype":"render","name":"reporte21","previousOperationId":"r81uk9pq3goh8f6","timestamp":1736723272532,"id":"bvtwgmh4erejrcc","previousEventId":"9lxaxq1q64vs21x","operationId":"9p5fp39hbj1xf5q"}
{"type":"log","timestamp":1736723272533,"level":"info","message":"Starting rendering request 1","meta":{"rootId":"0xkmdftwfg81zcp","id":"0xkmdftwfg81zcp"},"id":"7r6qeel87vkegsu","previousOperationId":"9p5fp39hbj1xf5q"}
{"type":"log","timestamp":1736723272535,"level":"info","message":"Rendering template { name: reporte21, recipe: chrome-pdf, engine: handlebars, preview: false }","meta":{"rootId":"0xkmdftwfg81zcp","id":"0xkmdftwfg81zcp"},"id":"iuig7yenp1ywrn9","previousOperationId":"9p5fp39hbj1xf5q"}
{"type":"log","timestamp":1736723272535,"level":"debug","message":"Inline data specified.","meta":{"rootId":"0xkmdftwfg81zcp","id":"0xkmdftwfg81zcp"},"id":"0jh6wqahg9i825h","previousOperationId":"9p5fp39hbj1xf5q"}
{"type":"log","timestamp":1736723272538,"level":"debug","message":"Base url not specified, skipping its injection.","meta":{"rootId":"0xkmdftwfg81zcp","id":"0xkmdftwfg81zcp"},"id":"cs6ophbgmmag0ys","previousOperationId":"9p5fp39hbj1xf5q"}
{"type":"operationStart","subtype":"engine","name":"handlebars","timestamp":1736723272539,"id":"8360jks2t6sp3nm","previousEventId":"bvtwgmh4erejrcc","operationId":"0r4vtxkxh6pcsvr","previousOperationId":"9p5fp39hbj1xf5q"}
{"type":"log","timestamp":1736723272539,"level":"debug","message":"Rendering engine handlebars","meta":{"rootId":"0xkmdftwfg81zcp","id":"0xkmdftwfg81zcp"},"id":"g6f1hv7j81t3hb2","previousOperationId":"0r4vtxkxh6pcsvr"}
{"type":"operationEnd","operationId":"0r4vtxkxh6pcsvr","timestamp":1736723273107,"id":"z7obojtgo8wu1vx","previousEventId":"8360jks2t6sp3nm","previousOperationId":"0r4vtxkxh6pcsvr"}
{"type":"operationStart","subtype":"recipe","name":"chrome-pdf","timestamp":1736723273108,"id":"yhwasdbmgun5djs","previousEventId":"z7obojtgo8wu1vx","operationId":"qd8ftgvwm83tz8c","previousOperationId":"0r4vtxkxh6pcsvr"}
{"type":"log","timestamp":1736723273108,"level":"debug","message":"Executing recipe chrome-pdf","meta":{"rootId":"0xkmdftwfg81zcp","id":"0xkmdftwfg81zcp"},"id":"3qnn3bwbg5wgm04","previousOperationId":"qd8ftgvwm83tz8c"}
{"type":"log","timestamp":1736723273539,"level":"debug","message":"Converting with chrome Chrome/131.0.6778.204 using dedicated-process strategy","meta":{"rootId":"0xkmdftwfg81zcp","id":"0xkmdftwfg81zcp"},"id":"jj355h64r5ts02x","previousOperationId":"qd8ftgvwm83tz8c"}
{"type":"log","timestamp":1736723273624,"level":"debug","message":"Page request: GET (document) file:///tmp/jsreport/autocleanup/aa72b8cf-2ca6-4512-bbe0-06fb69bef1c3-chrome-pdf.html","meta":{"rootId":"0xkmdftwfg81zcp","id":"0xkmdftwfg81zcp"},"id":"ykbsib26qtfh1bt","previousOperationId":"qd8ftgvwm83tz8c"}
{"type":"log","timestamp":1736723273643,"level":"debug","message":"Page request finished: GET (document) 200 file:///tmp/jsreport/autocleanup/aa72b8cf-2ca6-4512-bbe0-06fb69bef1c3-chrome-pdf.html","meta":{"rootId":"0xkmdftwfg81zcp","id":"0xkmdftwfg81zcp"},"id":"hsygsbzqmr1km4p","previousOperationId":"qd8ftgvwm83tz8c"}
{"type":"log","timestamp":1736723273645,"level":"debug","message":"Page request: GET (image) https://i.pinimg.com/736x/ac/66/fd/ac66fdbcf17e7c77173cf01c4dbb1cfc.jpg","meta":{"rootId":"0xkmdftwfg81zcp","id":"0xkmdftwfg81zcp"},"id":"uacwwuqcxdjoqya","previousOperationId":"qd8ftgvwm83tz8c"}
{"type":"log","timestamp":1736723273786,"level":"debug","message":"Page request finished: GET (image) 200 https://i.pinimg.com/736x/ac/66/fd/ac66fdbcf17e7c77173cf01c4dbb1cfc.jpg","meta":{"rootId":"0xkmdftwfg81zcp","id":"0xkmdftwfg81zcp"},"id":"xxh7o4rn8jxmfdv","previousOperationId":"qd8ftgvwm83tz8c"}
{"type":"log","timestamp":1736723273791,"level":"warn","message":"Page error: Cannot read properties of undefined (reading 'innerHTML') , stack: TypeError: Cannot read properties of undefined (reading 'innerHTML')\n    at mergeTableCells (file:///tmp/jsreport/autocleanup/aa72b8cf-2ca6-4512-bbe0-06fb69bef1c3-chrome-pdf.html:160:34)\n    at window.onload (file:///tmp/jsreport/autocleanup/aa72b8cf-2ca6-4512-bbe0-06fb69bef1c3-chrome-pdf.html:172:7)","meta":{"rootId":"0xkmdftwfg81zcp","id":"0xkmdftwfg81zcp"},"id":"iicgthzegipc9l1","previousOperationId":"qd8ftgvwm83tz8c"}
{"type":"log","timestamp":1736723273795,"level":"debug","message":"Running chrome with params {\"printBackground\":true,\"timeout\":59403,\"margin\":{}}","meta":{"rootId":"0xkmdftwfg81zcp","id":"0xkmdftwfg81zcp"},"id":"c950u3ul2zkskqe","previousOperationId":"qd8ftgvwm83tz8c"}
{"type":"operationEnd","operationId":"qd8ftgvwm83tz8c","timestamp":1736723273957,"id":"0g4093llb493vpj","previousEventId":"yhwasdbmgun5djs","previousOperationId":"qd8ftgvwm83tz8c"}
{"type":"log","timestamp":1736723273958,"level":"debug","message":"Skipping storing report.","meta":{"rootId":"0xkmdftwfg81zcp","id":"0xkmdftwfg81zcp"},"id":"j8dp2lzed8r2946","previousOperationId":"qd8ftgvwm83tz8c"}
{"type":"log","timestamp":1736723273958,"level":"info","message":"Rendering request 1 finished in 1434 ms","meta":{"rootId":"0xkmdftwfg81zcp","id":"0xkmdftwfg81zcp"},"id":"gys9aqna8e6kgfz","previousOperationId":"qd8ftgvwm83tz8c"}
{"type":"operationEnd","subtype":"render","operationId":"9p5fp39hbj1xf5q","timestamp":1736723273958,"id":"9jfzsk1thldecpl","previousEventId":"0g4093llb493vpj","previousOperationId":"qd8ftgvwm83tz8c"}
{"type":"operationEnd","doDiffs":false,"previousEventId":"9lxaxq1q64vs21x","previousOperationId":"r81uk9pq3goh8f6","operationId":"r81uk9pq3goh8f6","timestamp":1736723273961,"id":"3xsrn1crrhnfvso"}
