{"type":"operationStart","subtype":"profile","data":{"_id":"sL90YHTbnNhzHFhg","timestamp":"2025-01-12T22:55:04.618Z","state":"queued","mode":"standard","creationDate":"2025-01-12T22:55:04.619Z","modificationDate":"2025-01-12T22:55:04.619Z","shortid":"FTbwMhy","$entitySet":"profiles"},"doDiffs":false,"timestamp":1736722504618,"id":"sv0kshjkh00z9qe","previousOperationId":null,"operationId":"ha6ugmfy162s4aq"}
{"type":"log","level":"info","message":"Render request 2 queued for execution and waiting for available worker","previousOperationId":"ha6ugmfy162s4aq","timestamp":1736722504618,"id":"5s8xsxur3nq62o9"}
{"type":"operationStart","subtype":"render","name":"reporte21","previousOperationId":"ha6ugmfy162s4aq","timestamp":1736722504623,"id":"nop9budcuf4iim2","previousEventId":"sv0kshjkh00z9qe","operationId":"ca64sqhr7wrw83c"}
{"type":"log","timestamp":1736722504625,"level":"info","message":"Starting rendering request 2","meta":{"rootId":"6hj5sjko0o7dw3m","id":"6hj5sjko0o7dw3m"},"id":"8tvwmibdea8xit3","previousOperationId":"ca64sqhr7wrw83c"}
{"type":"log","timestamp":1736722504626,"level":"info","message":"Rendering template { name: reporte21, recipe: chrome-pdf, engine: handlebars, preview: false }","meta":{"rootId":"6hj5sjko0o7dw3m","id":"6hj5sjko0o7dw3m"},"id":"gki7wdnyjfy8edy","previousOperationId":"ca64sqhr7wrw83c"}
{"type":"log","timestamp":1736722504626,"level":"debug","message":"Inline data specified.","meta":{"rootId":"6hj5sjko0o7dw3m","id":"6hj5sjko0o7dw3m"},"id":"lq369g2eb4oiqp5","previousOperationId":"ca64sqhr7wrw83c"}
{"type":"log","timestamp":1736722504628,"level":"debug","message":"Base url not specified, skipping its injection.","meta":{"rootId":"6hj5sjko0o7dw3m","id":"6hj5sjko0o7dw3m"},"id":"ia9ha3rg8ccw3tp","previousOperationId":"ca64sqhr7wrw83c"}
{"type":"operationStart","subtype":"engine","name":"handlebars","timestamp":1736722504629,"id":"joew0gnmw54g4b0","previousEventId":"nop9budcuf4iim2","operationId":"m779dt56jkxi2ge","previousOperationId":"ca64sqhr7wrw83c"}
{"type":"log","timestamp":1736722504629,"level":"debug","message":"Rendering engine handlebars","meta":{"rootId":"6hj5sjko0o7dw3m","id":"6hj5sjko0o7dw3m"},"id":"m5h186w5btbh3ds","previousOperationId":"m779dt56jkxi2ge"}
{"type":"operationEnd","operationId":"m779dt56jkxi2ge","timestamp":1736722505399,"id":"13p2irtfbaniljl","previousEventId":"joew0gnmw54g4b0","previousOperationId":"m779dt56jkxi2ge"}
{"type":"operationStart","subtype":"recipe","name":"chrome-pdf","timestamp":1736722505400,"id":"lor3dpqs6jbhfna","previousEventId":"13p2irtfbaniljl","operationId":"wzo82k9bsd79rwr","previousOperationId":"m779dt56jkxi2ge"}
{"type":"log","timestamp":1736722505400,"level":"debug","message":"Executing recipe chrome-pdf","meta":{"rootId":"6hj5sjko0o7dw3m","id":"6hj5sjko0o7dw3m"},"id":"5mmrz490ue1oer2","previousOperationId":"wzo82k9bsd79rwr"}
{"type":"log","timestamp":1736722505828,"level":"debug","message":"Converting with chrome Chrome/131.0.6778.204 using dedicated-process strategy","meta":{"rootId":"6hj5sjko0o7dw3m","id":"6hj5sjko0o7dw3m"},"id":"hoefg08uqpb7y5p","previousOperationId":"wzo82k9bsd79rwr"}
{"type":"log","timestamp":1736722505902,"level":"debug","message":"Page request: GET (document) file:///tmp/jsreport/autocleanup/6eb8698d-0135-47de-8e2d-53a1153f43ab-chrome-pdf.html","meta":{"rootId":"6hj5sjko0o7dw3m","id":"6hj5sjko0o7dw3m"},"id":"aad0cfe4qagzppy","previousOperationId":"wzo82k9bsd79rwr"}
{"type":"log","timestamp":1736722505918,"level":"debug","message":"Page request finished: GET (document) 200 file:///tmp/jsreport/autocleanup/6eb8698d-0135-47de-8e2d-53a1153f43ab-chrome-pdf.html","meta":{"rootId":"6hj5sjko0o7dw3m","id":"6hj5sjko0o7dw3m"},"id":"sa4593ld8v8qfhs","previousOperationId":"wzo82k9bsd79rwr"}
{"type":"log","timestamp":1736722505921,"level":"debug","message":"Page request: GET (image) https://i.pinimg.com/736x/ac/66/fd/ac66fdbcf17e7c77173cf01c4dbb1cfc.jpg","meta":{"rootId":"6hj5sjko0o7dw3m","id":"6hj5sjko0o7dw3m"},"id":"eiz5ue7cvsk570r","previousOperationId":"wzo82k9bsd79rwr"}
{"type":"log","timestamp":1736722505976,"level":"debug","message":"Page request finished: GET (image) 200 https://i.pinimg.com/736x/ac/66/fd/ac66fdbcf17e7c77173cf01c4dbb1cfc.jpg","meta":{"rootId":"6hj5sjko0o7dw3m","id":"6hj5sjko0o7dw3m"},"id":"bvtjytust8upi81","previousOperationId":"wzo82k9bsd79rwr"}
{"type":"log","timestamp":1736722505986,"level":"debug","message":"Running chrome with params {\"printBackground\":true,\"timeout\":59212,\"margin\":{}}","meta":{"rootId":"6hj5sjko0o7dw3m","id":"6hj5sjko0o7dw3m"},"id":"v2c0vkb7lycxm4z","previousOperationId":"wzo82k9bsd79rwr"}
{"type":"operationEnd","operationId":"wzo82k9bsd79rwr","timestamp":1736722506189,"id":"cqa5hlic0tns8pe","previousEventId":"lor3dpqs6jbhfna","previousOperationId":"wzo82k9bsd79rwr"}
{"type":"log","timestamp":1736722506190,"level":"debug","message":"Skipping storing report.","meta":{"rootId":"6hj5sjko0o7dw3m","id":"6hj5sjko0o7dw3m"},"id":"phtf0nrh8to3fjr","previousOperationId":"wzo82k9bsd79rwr"}
{"type":"log","timestamp":1736722506190,"level":"info","message":"Rendering request 2 finished in 1573 ms","meta":{"rootId":"6hj5sjko0o7dw3m","id":"6hj5sjko0o7dw3m"},"id":"lm32ah3f05tap7l","previousOperationId":"wzo82k9bsd79rwr"}
{"type":"operationEnd","subtype":"render","operationId":"ca64sqhr7wrw83c","timestamp":1736722506190,"id":"867go1552he7zqy","previousEventId":"cqa5hlic0tns8pe","previousOperationId":"wzo82k9bsd79rwr"}
{"type":"operationEnd","doDiffs":false,"previousEventId":"sv0kshjkh00z9qe","previousOperationId":"ha6ugmfy162s4aq","operationId":"ha6ugmfy162s4aq","timestamp":1736722506191,"id":"ixy25g0j9ir4eq8"}
