{"type":"operationStart","subtype":"profile","data":{"_id":"LSUzCmujW0UZcq6q","timestamp":"2025-01-12T22:58:06.697Z","state":"queued","mode":"standard","creationDate":"2025-01-12T22:58:06.697Z","modificationDate":"2025-01-12T22:58:06.697Z","shortid":"4AlYxaB","$entitySet":"profiles"},"doDiffs":false,"timestamp":1736722686697,"id":"icu97fazdp651zt","previousOperationId":null,"operationId":"pi6kazei3qfv4yh"}
{"type":"log","level":"info","message":"Render request 2 queued for execution and waiting for available worker","previousOperationId":"pi6kazei3qfv4yh","timestamp":1736722686697,"id":"x0vgxw8f72pee09"}
{"type":"operationStart","subtype":"render","name":"reporte21","previousOperationId":"pi6kazei3qfv4yh","timestamp":1736722686702,"id":"sdefjtpuo8ij07k","previousEventId":"icu97fazdp651zt","operationId":"1jgy8m2a9j0w23y"}
{"type":"log","timestamp":1736722686703,"level":"info","message":"Starting rendering request 2","meta":{"rootId":"ejgfd2k1znmbl0p","id":"ejgfd2k1znmbl0p"},"id":"saankc7dj440f4t","previousOperationId":"1jgy8m2a9j0w23y"}
{"type":"log","timestamp":1736722686705,"level":"info","message":"Rendering template { name: reporte21, recipe: chrome-pdf, engine: handlebars, preview: false }","meta":{"rootId":"ejgfd2k1znmbl0p","id":"ejgfd2k1znmbl0p"},"id":"5pu9ho2qoxnmmgl","previousOperationId":"1jgy8m2a9j0w23y"}
{"type":"log","timestamp":1736722686705,"level":"debug","message":"Inline data specified.","meta":{"rootId":"ejgfd2k1znmbl0p","id":"ejgfd2k1znmbl0p"},"id":"pfvgrvzx7jc8bq4","previousOperationId":"1jgy8m2a9j0w23y"}
{"type":"log","timestamp":1736722686708,"level":"debug","message":"Base url not specified, skipping its injection.","meta":{"rootId":"ejgfd2k1znmbl0p","id":"ejgfd2k1znmbl0p"},"id":"jllqkwxdbky3sj5","previousOperationId":"1jgy8m2a9j0w23y"}
{"type":"operationStart","subtype":"engine","name":"handlebars","timestamp":1736722686709,"id":"njxgt3y64mfwj5m","previousEventId":"sdefjtpuo8ij07k","operationId":"ikwmwg0pmiwvfzt","previousOperationId":"1jgy8m2a9j0w23y"}
{"type":"log","timestamp":1736722686709,"level":"debug","message":"Rendering engine handlebars","meta":{"rootId":"ejgfd2k1znmbl0p","id":"ejgfd2k1znmbl0p"},"id":"35disyswpb8t66y","previousOperationId":"ikwmwg0pmiwvfzt"}
{"type":"operationEnd","operationId":"ikwmwg0pmiwvfzt","timestamp":1736722687267,"id":"luhipcync75l69y","previousEventId":"njxgt3y64mfwj5m","previousOperationId":"ikwmwg0pmiwvfzt"}
{"type":"operationStart","subtype":"recipe","name":"chrome-pdf","timestamp":1736722687267,"id":"49mbgw0be6s2vol","previousEventId":"luhipcync75l69y","operationId":"30qeg4f2s93z69k","previousOperationId":"ikwmwg0pmiwvfzt"}
{"type":"log","timestamp":1736722687267,"level":"debug","message":"Executing recipe chrome-pdf","meta":{"rootId":"ejgfd2k1znmbl0p","id":"ejgfd2k1znmbl0p"},"id":"ifzrq7z4gwb8rzg","previousOperationId":"30qeg4f2s93z69k"}
{"type":"log","timestamp":1736722687694,"level":"debug","message":"Converting with chrome Chrome/131.0.6778.204 using dedicated-process strategy","meta":{"rootId":"ejgfd2k1znmbl0p","id":"ejgfd2k1znmbl0p"},"id":"vnhiz48v50fyibb","previousOperationId":"30qeg4f2s93z69k"}
{"type":"log","timestamp":1736722687794,"level":"debug","message":"Page request: GET (document) file:///tmp/jsreport/autocleanup/f5a56fc9-d5db-4cca-8ac6-ea1ecd306e2f-chrome-pdf.html","meta":{"rootId":"ejgfd2k1znmbl0p","id":"ejgfd2k1znmbl0p"},"id":"h4q5w8hobqaoctm","previousOperationId":"30qeg4f2s93z69k"}
{"type":"log","timestamp":1736722687813,"level":"debug","message":"Page request: GET (image) https://i.pinimg.com/736x/ac/66/fd/ac66fdbcf17e7c77173cf01c4dbb1cfc.jpg","meta":{"rootId":"ejgfd2k1znmbl0p","id":"ejgfd2k1znmbl0p"},"id":"wmw6z2gk173v73y","previousOperationId":"30qeg4f2s93z69k"}
{"type":"log","timestamp":1736722687814,"level":"debug","message":"Page request finished: GET (document) 200 file:///tmp/jsreport/autocleanup/f5a56fc9-d5db-4cca-8ac6-ea1ecd306e2f-chrome-pdf.html","meta":{"rootId":"ejgfd2k1znmbl0p","id":"ejgfd2k1znmbl0p"},"id":"58q59wl067erm1a","previousOperationId":"30qeg4f2s93z69k"}
{"type":"log","timestamp":1736722687854,"level":"debug","message":"Page request finished: GET (image) 200 https://i.pinimg.com/736x/ac/66/fd/ac66fdbcf17e7c77173cf01c4dbb1cfc.jpg","meta":{"rootId":"ejgfd2k1znmbl0p","id":"ejgfd2k1znmbl0p"},"id":"7zgzpcvh68v35tx","previousOperationId":"30qeg4f2s93z69k"}
{"type":"log","timestamp":1736722687858,"level":"warn","message":"Page error: Cannot read properties of undefined (reading 'innerHTML') , stack: TypeError: Cannot read properties of undefined (reading 'innerHTML')\n    at mergeTableCells (file:///tmp/jsreport/autocleanup/f5a56fc9-d5db-4cca-8ac6-ea1ecd306e2f-chrome-pdf.html:160:34)\n    at window.onload (file:///tmp/jsreport/autocleanup/f5a56fc9-d5db-4cca-8ac6-ea1ecd306e2f-chrome-pdf.html:172:7)","meta":{"rootId":"ejgfd2k1znmbl0p","id":"ejgfd2k1znmbl0p"},"id":"mu4u2w71wnls0df","previousOperationId":"30qeg4f2s93z69k"}
{"type":"log","timestamp":1736722687863,"level":"debug","message":"Running chrome with params {\"printBackground\":true,\"timeout\":59416,\"margin\":{}}","meta":{"rootId":"ejgfd2k1znmbl0p","id":"ejgfd2k1znmbl0p"},"id":"o2qu3mvx3kegaxd","previousOperationId":"30qeg4f2s93z69k"}
{"type":"operationEnd","operationId":"30qeg4f2s93z69k","timestamp":1736722688021,"id":"ht3lwclf5ny21pt","previousEventId":"49mbgw0be6s2vol","previousOperationId":"30qeg4f2s93z69k"}
{"type":"log","timestamp":1736722688021,"level":"debug","message":"Skipping storing report.","meta":{"rootId":"ejgfd2k1znmbl0p","id":"ejgfd2k1znmbl0p"},"id":"8p5xwub3u8fufst","previousOperationId":"30qeg4f2s93z69k"}
{"type":"log","timestamp":1736722688021,"level":"info","message":"Rendering request 2 finished in 1325 ms","meta":{"rootId":"ejgfd2k1znmbl0p","id":"ejgfd2k1znmbl0p"},"id":"zrxd4uqinma0um4","previousOperationId":"30qeg4f2s93z69k"}
{"type":"operationEnd","subtype":"render","operationId":"1jgy8m2a9j0w23y","timestamp":1736722688022,"id":"u5ad8x5tluolq01","previousEventId":"ht3lwclf5ny21pt","previousOperationId":"30qeg4f2s93z69k"}
{"type":"operationEnd","doDiffs":false,"previousEventId":"icu97fazdp651zt","previousOperationId":"pi6kazei3qfv4yh","operationId":"pi6kazei3qfv4yh","timestamp":1736722688024,"id":"j6vx3zj2huy0op6"}
