{"type":"operationStart","subtype":"profile","data":{"_id":"Udb2GdmCtdCZ0lDs","timestamp":"2025-01-12T22:48:43.212Z","state":"queued","mode":"standard","creationDate":"2025-01-12T22:48:43.216Z","modificationDate":"2025-01-12T22:48:43.216Z","shortid":"3XjNn-j","$entitySet":"profiles"},"doDiffs":false,"timestamp":1736722123213,"id":"7ee0t5egxwbqyck","previousOperationId":null,"operationId":"bkmyhefkjzsbaoy"}
{"type":"log","level":"info","message":"Render request 1 queued for execution and waiting for available worker","previousOperationId":"bkmyhefkjzsbaoy","timestamp":1736722123214,"id":"ag3yfw2z7swueyc"}
{"type":"operationStart","subtype":"render","name":"reporte21","previousOperationId":"bkmyhefkjzsbaoy","timestamp":1736722123222,"id":"cemtx9s53haz9gl","previousEventId":"7ee0t5egxwbqyck","operationId":"0dum5aauqpodnlx"}
{"type":"log","timestamp":1736722123223,"level":"info","message":"Starting rendering request 1","meta":{"rootId":"hqph6v9emtnmmgo","id":"hqph6v9emtnmmgo"},"id":"k3aey47hqd6pjkt","previousOperationId":"0dum5aauqpodnlx"}
{"type":"log","timestamp":1736722123225,"level":"info","message":"Rendering template { name: reporte21, recipe: chrome-pdf, engine: handlebars, preview: false }","meta":{"rootId":"hqph6v9emtnmmgo","id":"hqph6v9emtnmmgo"},"id":"y69pithwrwegakd","previousOperationId":"0dum5aauqpodnlx"}
{"type":"log","timestamp":1736722123225,"level":"debug","message":"Inline data specified.","meta":{"rootId":"hqph6v9emtnmmgo","id":"hqph6v9emtnmmgo"},"id":"s2rzf2wga9iz2g7","previousOperationId":"0dum5aauqpodnlx"}
{"type":"log","timestamp":1736722123234,"level":"debug","message":"Base url not specified, skipping its injection.","meta":{"rootId":"hqph6v9emtnmmgo","id":"hqph6v9emtnmmgo"},"id":"djw6xwtiw98uqm8","previousOperationId":"0dum5aauqpodnlx"}
{"type":"operationStart","subtype":"engine","name":"handlebars","timestamp":1736722123236,"id":"ev2bz2a9mneedsq","previousEventId":"cemtx9s53haz9gl","operationId":"hdimsr1f2ot61s6","previousOperationId":"0dum5aauqpodnlx"}
{"type":"log","timestamp":1736722123236,"level":"debug","message":"Rendering engine handlebars","meta":{"rootId":"hqph6v9emtnmmgo","id":"hqph6v9emtnmmgo"},"id":"9ykagzft8azdss1","previousOperationId":"hdimsr1f2ot61s6"}
{"type":"operationEnd","operationId":"hdimsr1f2ot61s6","timestamp":1736722125027,"id":"7ux1kkq9syi2zi4","previousEventId":"ev2bz2a9mneedsq","previousOperationId":"hdimsr1f2ot61s6"}
{"type":"operationStart","subtype":"recipe","name":"chrome-pdf","timestamp":1736722125030,"id":"jz8gz070x5ol9ry","previousEventId":"7ux1kkq9syi2zi4","operationId":"u1g67dxe41xpiin","previousOperationId":"hdimsr1f2ot61s6"}
{"type":"log","timestamp":1736722125030,"level":"debug","message":"Executing recipe chrome-pdf","meta":{"rootId":"hqph6v9emtnmmgo","id":"hqph6v9emtnmmgo"},"id":"yju7mpqtufeb8p8","previousOperationId":"u1g67dxe41xpiin"}
{"type":"log","timestamp":1736722150752,"level":"debug","message":"Converting with chrome Chrome/131.0.6778.204 using dedicated-process strategy","meta":{"rootId":"hqph6v9emtnmmgo","id":"hqph6v9emtnmmgo"},"id":"whwiy1nc7cltp8c","previousOperationId":"u1g67dxe41xpiin"}
{"type":"log","timestamp":1736722151416,"level":"debug","message":"Page request: GET (document) file:///tmp/jsreport/autocleanup/ef588f30-9260-4aa0-a591-d15c35489410-chrome-pdf.html","meta":{"rootId":"hqph6v9emtnmmgo","id":"hqph6v9emtnmmgo"},"id":"xsu8cdzcym6kwou","previousOperationId":"u1g67dxe41xpiin"}
{"type":"log","timestamp":1736722151529,"level":"debug","message":"Page request finished: GET (document) 200 file:///tmp/jsreport/autocleanup/ef588f30-9260-4aa0-a591-d15c35489410-chrome-pdf.html","meta":{"rootId":"hqph6v9emtnmmgo","id":"hqph6v9emtnmmgo"},"id":"8c6wgio81f4n7jt","previousOperationId":"u1g67dxe41xpiin"}
{"type":"log","timestamp":1736722151530,"level":"debug","message":"Page request: GET (image) https://i.pinimg.com/736x/ac/66/fd/ac66fdbcf17e7c77173cf01c4dbb1cfc.jpg","meta":{"rootId":"hqph6v9emtnmmgo","id":"hqph6v9emtnmmgo"},"id":"tqpl576wjv22bdm","previousOperationId":"u1g67dxe41xpiin"}
{"type":"log","timestamp":1736722151646,"level":"debug","message":"Page request finished: GET (image) 200 https://i.pinimg.com/736x/ac/66/fd/ac66fdbcf17e7c77173cf01c4dbb1cfc.jpg","meta":{"rootId":"hqph6v9emtnmmgo","id":"hqph6v9emtnmmgo"},"id":"7fz6mr6hcbgmect","previousOperationId":"u1g67dxe41xpiin"}
{"type":"log","timestamp":1736722151663,"level":"debug","message":"Running chrome with params {\"printBackground\":true,\"timeout\":58169,\"margin\":{}}","meta":{"rootId":"hqph6v9emtnmmgo","id":"hqph6v9emtnmmgo"},"id":"bxvyau5s4y1d4ag","previousOperationId":"u1g67dxe41xpiin"}
{"type":"operationEnd","operationId":"u1g67dxe41xpiin","timestamp":1736722152040,"id":"8zmo1urhgii2jmf","previousEventId":"jz8gz070x5ol9ry","previousOperationId":"u1g67dxe41xpiin"}
{"type":"log","timestamp":1736722152041,"level":"debug","message":"Skipping storing report.","meta":{"rootId":"hqph6v9emtnmmgo","id":"hqph6v9emtnmmgo"},"id":"dby9v5swxrhz2dj","previousOperationId":"u1g67dxe41xpiin"}
{"type":"log","timestamp":1736722152041,"level":"info","message":"Rendering request 1 finished in 28831 ms","meta":{"rootId":"hqph6v9emtnmmgo","id":"hqph6v9emtnmmgo"},"id":"cbymt10fik97rnc","previousOperationId":"u1g67dxe41xpiin"}
{"type":"operationEnd","subtype":"render","operationId":"0dum5aauqpodnlx","timestamp":1736722152041,"id":"ny2lm6s3wo74u30","previousEventId":"8zmo1urhgii2jmf","previousOperationId":"u1g67dxe41xpiin"}
{"type":"operationEnd","doDiffs":false,"previousEventId":"7ee0t5egxwbqyck","previousOperationId":"bkmyhefkjzsbaoy","operationId":"bkmyhefkjzsbaoy","timestamp":1736722152053,"id":"v23dqmv8ijd6qc5"}
