{"type":"operationStart","subtype":"profile","data":{"_id":"VTDEJP2vpEmBurXw","timestamp":"2025-01-12T23:08:51.399Z","state":"queued","mode":"standard","creationDate":"2025-01-12T23:08:51.401Z","modificationDate":"2025-01-12T23:08:51.401Z","shortid":"1n9fL4a","$entitySet":"profiles"},"doDiffs":false,"timestamp":1736723331400,"id":"2yloy1zovyhfa51","previousOperationId":null,"operationId":"5vc1bnv9aoajy32"}
{"type":"log","level":"info","message":"Render request 2 queued for execution and waiting for available worker","previousOperationId":"5vc1bnv9aoajy32","timestamp":1736723331400,"id":"l2jhah5otsonf36"}
{"type":"operationStart","subtype":"render","name":"reporte21","previousOperationId":"5vc1bnv9aoajy32","timestamp":1736723331408,"id":"b7gtm2vv9fsjrp2","previousEventId":"2yloy1zovyhfa51","operationId":"uhad61qrggsy6q7"}
{"type":"log","timestamp":1736723331408,"level":"info","message":"Starting rendering request 2","meta":{"rootId":"i2aoz1iepr6w2xz","id":"i2aoz1iepr6w2xz"},"id":"tslpbgn9yt2u8xx","previousOperationId":"uhad61qrggsy6q7"}
{"type":"log","timestamp":1736723331409,"level":"info","message":"Rendering template { name: reporte21, recipe: chrome-pdf, engine: handlebars, preview: false }","meta":{"rootId":"i2aoz1iepr6w2xz","id":"i2aoz1iepr6w2xz"},"id":"cvsx8mnuligza5h","previousOperationId":"uhad61qrggsy6q7"}
{"type":"log","timestamp":1736723331410,"level":"debug","message":"Inline data specified.","meta":{"rootId":"i2aoz1iepr6w2xz","id":"i2aoz1iepr6w2xz"},"id":"pma39q6fcm60tho","previousOperationId":"uhad61qrggsy6q7"}
{"type":"log","timestamp":1736723331411,"level":"debug","message":"Base url not specified, skipping its injection.","meta":{"rootId":"i2aoz1iepr6w2xz","id":"i2aoz1iepr6w2xz"},"id":"zwj4enct4iqw1jh","previousOperationId":"uhad61qrggsy6q7"}
{"type":"operationStart","subtype":"engine","name":"handlebars","timestamp":1736723331412,"id":"vmcwf7m5yhv4zye","previousEventId":"b7gtm2vv9fsjrp2","operationId":"mibvcjxitgsuyb0","previousOperationId":"uhad61qrggsy6q7"}
{"type":"log","timestamp":1736723331412,"level":"debug","message":"Rendering engine handlebars","meta":{"rootId":"i2aoz1iepr6w2xz","id":"i2aoz1iepr6w2xz"},"id":"9gf2iyenwpzt28q","previousOperationId":"mibvcjxitgsuyb0"}
{"type":"operationEnd","operationId":"mibvcjxitgsuyb0","timestamp":1736723332022,"id":"sn5xacd2q2qs78f","previousEventId":"vmcwf7m5yhv4zye","previousOperationId":"mibvcjxitgsuyb0"}
{"type":"operationStart","subtype":"recipe","name":"chrome-pdf","timestamp":1736723332023,"id":"4mwrm4ksjg688l0","previousEventId":"sn5xacd2q2qs78f","operationId":"oklsojx7hb00xxp","previousOperationId":"mibvcjxitgsuyb0"}
{"type":"log","timestamp":1736723332023,"level":"debug","message":"Executing recipe chrome-pdf","meta":{"rootId":"i2aoz1iepr6w2xz","id":"i2aoz1iepr6w2xz"},"id":"9ij7irj3wxvx0mp","previousOperationId":"oklsojx7hb00xxp"}
{"type":"log","timestamp":1736723332458,"level":"debug","message":"Converting with chrome Chrome/131.0.6778.204 using dedicated-process strategy","meta":{"rootId":"i2aoz1iepr6w2xz","id":"i2aoz1iepr6w2xz"},"id":"21g8sjpoqpiwaoo","previousOperationId":"oklsojx7hb00xxp"}
{"type":"log","timestamp":1736723332541,"level":"debug","message":"Page request: GET (document) file:///tmp/jsreport/autocleanup/c75cac88-8e27-4125-9fa4-2b9145e1304e-chrome-pdf.html","meta":{"rootId":"i2aoz1iepr6w2xz","id":"i2aoz1iepr6w2xz"},"id":"cihifewghvvu594","previousOperationId":"oklsojx7hb00xxp"}
{"type":"log","timestamp":1736723332558,"level":"debug","message":"Page request finished: GET (document) 200 file:///tmp/jsreport/autocleanup/c75cac88-8e27-4125-9fa4-2b9145e1304e-chrome-pdf.html","meta":{"rootId":"i2aoz1iepr6w2xz","id":"i2aoz1iepr6w2xz"},"id":"j98xglxbvbqgexv","previousOperationId":"oklsojx7hb00xxp"}
{"type":"log","timestamp":1736723332561,"level":"debug","message":"Page request: GET (image) https://i.pinimg.com/736x/ac/66/fd/ac66fdbcf17e7c77173cf01c4dbb1cfc.jpg","meta":{"rootId":"i2aoz1iepr6w2xz","id":"i2aoz1iepr6w2xz"},"id":"s4u723gsmy9wamn","previousOperationId":"oklsojx7hb00xxp"}
{"type":"log","timestamp":1736723332599,"level":"debug","message":"Page request finished: GET (image) 200 https://i.pinimg.com/736x/ac/66/fd/ac66fdbcf17e7c77173cf01c4dbb1cfc.jpg","meta":{"rootId":"i2aoz1iepr6w2xz","id":"i2aoz1iepr6w2xz"},"id":"ayyd2qexi6qhc1g","previousOperationId":"oklsojx7hb00xxp"}
{"type":"log","timestamp":1736723332603,"level":"warn","message":"Page error: Cannot read properties of undefined (reading 'innerHTML') , stack: TypeError: Cannot read properties of undefined (reading 'innerHTML')\n    at mergeTableCells (file:///tmp/jsreport/autocleanup/c75cac88-8e27-4125-9fa4-2b9145e1304e-chrome-pdf.html:160:34)\n    at window.onload (file:///tmp/jsreport/autocleanup/c75cac88-8e27-4125-9fa4-2b9145e1304e-chrome-pdf.html:172:7)","meta":{"rootId":"i2aoz1iepr6w2xz","id":"i2aoz1iepr6w2xz"},"id":"g6u4nh6o66wv81v","previousOperationId":"oklsojx7hb00xxp"}
{"type":"log","timestamp":1736723332609,"level":"debug","message":"Running chrome with params {\"printBackground\":true,\"timeout\":59363,\"margin\":{}}","meta":{"rootId":"i2aoz1iepr6w2xz","id":"i2aoz1iepr6w2xz"},"id":"qg007sbf36pqjit","previousOperationId":"oklsojx7hb00xxp"}
{"type":"operationEnd","operationId":"oklsojx7hb00xxp","timestamp":1736723332770,"id":"8x1rwdtbwdhtt8x","previousEventId":"4mwrm4ksjg688l0","previousOperationId":"oklsojx7hb00xxp"}
{"type":"log","timestamp":1736723332770,"level":"debug","message":"Skipping storing report.","meta":{"rootId":"i2aoz1iepr6w2xz","id":"i2aoz1iepr6w2xz"},"id":"wda1oul2mn0su8y","previousOperationId":"oklsojx7hb00xxp"}
{"type":"log","timestamp":1736723332770,"level":"info","message":"Rendering request 2 finished in 1371 ms","meta":{"rootId":"i2aoz1iepr6w2xz","id":"i2aoz1iepr6w2xz"},"id":"ziz80ub1jyjku4y","previousOperationId":"oklsojx7hb00xxp"}
{"type":"operationEnd","subtype":"render","operationId":"uhad61qrggsy6q7","timestamp":1736723332771,"id":"em4g0mwooe1tty9","previousEventId":"8x1rwdtbwdhtt8x","previousOperationId":"oklsojx7hb00xxp"}
{"type":"operationEnd","doDiffs":false,"previousEventId":"2yloy1zovyhfa51","previousOperationId":"5vc1bnv9aoajy32","operationId":"5vc1bnv9aoajy32","timestamp":1736723332772,"id":"xrqh4kewqgx6nsc"}
