{"type":"operationStart","subtype":"profile","data":{"_id":"QxrJg3Td5w9yTjei","timestamp":"2025-01-12T23:09:45.550Z","state":"queued","mode":"standard","creationDate":"2025-01-12T23:09:45.551Z","modificationDate":"2025-01-12T23:09:45.551Z","shortid":"q2tdVtJ","$entitySet":"profiles"},"doDiffs":false,"timestamp":1736723385550,"id":"tvo7m5ct2vkolh7","previousOperationId":null,"operationId":"yjunnnc8gkfvw6x"}
{"type":"log","level":"info","message":"Render request 3 queued for execution and waiting for available worker","previousOperationId":"yjunnnc8gkfvw6x","timestamp":1736723385550,"id":"5qwcm1jqbw0yqvc"}
{"type":"operationStart","subtype":"render","name":"reporte21","previousOperationId":"yjunnnc8gkfvw6x","timestamp":1736723385554,"id":"sbcpgnkk1x9yol1","previousEventId":"tvo7m5ct2vkolh7","operationId":"7xbmu4bw2bvt9gr"}
{"type":"log","timestamp":1736723385555,"level":"info","message":"Starting rendering request 3","meta":{"rootId":"n8t9wrjx14wa20v","id":"n8t9wrjx14wa20v"},"id":"qgjahe41y2ywepp","previousOperationId":"7xbmu4bw2bvt9gr"}
{"type":"log","timestamp":1736723385556,"level":"info","message":"Rendering template { name: reporte21, recipe: chrome-pdf, engine: handlebars, preview: false }","meta":{"rootId":"n8t9wrjx14wa20v","id":"n8t9wrjx14wa20v"},"id":"opkazmyneqi37f0","previousOperationId":"7xbmu4bw2bvt9gr"}
{"type":"log","timestamp":1736723385556,"level":"debug","message":"Inline data specified.","meta":{"rootId":"n8t9wrjx14wa20v","id":"n8t9wrjx14wa20v"},"id":"esk2cff3i8l9djn","previousOperationId":"7xbmu4bw2bvt9gr"}
{"type":"log","timestamp":1736723385558,"level":"debug","message":"Base url not specified, skipping its injection.","meta":{"rootId":"n8t9wrjx14wa20v","id":"n8t9wrjx14wa20v"},"id":"2buw5jqmz7jh2yk","previousOperationId":"7xbmu4bw2bvt9gr"}
{"type":"operationStart","subtype":"engine","name":"handlebars","timestamp":1736723385559,"id":"hi3cnod3sd0xojl","previousEventId":"sbcpgnkk1x9yol1","operationId":"lezf8cg8cydcv75","previousOperationId":"7xbmu4bw2bvt9gr"}
{"type":"log","timestamp":1736723385559,"level":"debug","message":"Rendering engine handlebars","meta":{"rootId":"n8t9wrjx14wa20v","id":"n8t9wrjx14wa20v"},"id":"9er2qvwbze2pi01","previousOperationId":"lezf8cg8cydcv75"}
{"type":"operationEnd","operationId":"lezf8cg8cydcv75","timestamp":1736723385576,"id":"ahhdn2xjqznd9l4","previousEventId":"hi3cnod3sd0xojl","previousOperationId":"lezf8cg8cydcv75"}
{"type":"operationStart","subtype":"recipe","name":"chrome-pdf","timestamp":1736723385576,"id":"d8bkw9642804qa0","previousEventId":"ahhdn2xjqznd9l4","operationId":"yudtw8rhz0dmt33","previousOperationId":"lezf8cg8cydcv75"}
{"type":"log","timestamp":1736723385576,"level":"debug","message":"Executing recipe chrome-pdf","meta":{"rootId":"n8t9wrjx14wa20v","id":"n8t9wrjx14wa20v"},"id":"q6i5bbnwwqq8mcg","previousOperationId":"yudtw8rhz0dmt33"}
{"type":"log","timestamp":1736723385910,"level":"debug","message":"Converting with chrome Chrome/131.0.6778.204 using dedicated-process strategy","meta":{"rootId":"n8t9wrjx14wa20v","id":"n8t9wrjx14wa20v"},"id":"dk17reiomd7flif","previousOperationId":"yudtw8rhz0dmt33"}
{"type":"log","timestamp":1736723386015,"level":"debug","message":"Page request: GET (document) file:///tmp/jsreport/autocleanup/fde51926-d4e7-4338-9249-43542ddcb0b6-chrome-pdf.html","meta":{"rootId":"n8t9wrjx14wa20v","id":"n8t9wrjx14wa20v"},"id":"fwiujb9m8d6hi5p","previousOperationId":"yudtw8rhz0dmt33"}
{"type":"log","timestamp":1736723386033,"level":"debug","message":"Page request finished: GET (document) 200 file:///tmp/jsreport/autocleanup/fde51926-d4e7-4338-9249-43542ddcb0b6-chrome-pdf.html","meta":{"rootId":"n8t9wrjx14wa20v","id":"n8t9wrjx14wa20v"},"id":"rkbuzeulegmpkh0","previousOperationId":"yudtw8rhz0dmt33"}
{"type":"log","timestamp":1736723386035,"level":"debug","message":"Page request: GET (image) https://i.pinimg.com/736x/ac/66/fd/ac66fdbcf17e7c77173cf01c4dbb1cfc.jpg","meta":{"rootId":"n8t9wrjx14wa20v","id":"n8t9wrjx14wa20v"},"id":"dz9i8gsqf37s6j6","previousOperationId":"yudtw8rhz0dmt33"}
{"type":"log","timestamp":1736723386073,"level":"debug","message":"Page request finished: GET (image) 200 https://i.pinimg.com/736x/ac/66/fd/ac66fdbcf17e7c77173cf01c4dbb1cfc.jpg","meta":{"rootId":"n8t9wrjx14wa20v","id":"n8t9wrjx14wa20v"},"id":"nhm2hb4c96u8fn0","previousOperationId":"yudtw8rhz0dmt33"}
{"type":"log","timestamp":1736723386094,"level":"debug","message":"Running chrome with params {\"printBackground\":true,\"timeout\":59972,\"margin\":{}}","meta":{"rootId":"n8t9wrjx14wa20v","id":"n8t9wrjx14wa20v"},"id":"70qmfne6yzb4fco","previousOperationId":"yudtw8rhz0dmt33"}
{"type":"operationEnd","operationId":"yudtw8rhz0dmt33","timestamp":1736723386256,"id":"knpfx9zhrlc0wnn","previousEventId":"d8bkw9642804qa0","previousOperationId":"yudtw8rhz0dmt33"}
{"type":"log","timestamp":1736723386256,"level":"debug","message":"Skipping storing report.","meta":{"rootId":"n8t9wrjx14wa20v","id":"n8t9wrjx14wa20v"},"id":"53g0wqqmkwn3l9h","previousOperationId":"yudtw8rhz0dmt33"}
{"type":"log","timestamp":1736723386256,"level":"info","message":"Rendering request 3 finished in 706 ms","meta":{"rootId":"n8t9wrjx14wa20v","id":"n8t9wrjx14wa20v"},"id":"7oy5hg0qv52nf1z","previousOperationId":"yudtw8rhz0dmt33"}
{"type":"operationEnd","subtype":"render","operationId":"7xbmu4bw2bvt9gr","timestamp":1736723386256,"id":"7siuecnjo3v98h3","previousEventId":"knpfx9zhrlc0wnn","previousOperationId":"yudtw8rhz0dmt33"}
{"type":"operationEnd","doDiffs":false,"previousEventId":"tvo7m5ct2vkolh7","previousOperationId":"yjunnnc8gkfvw6x","operationId":"yjunnnc8gkfvw6x","timestamp":1736723386258,"id":"fmr8uejnwuq6jkt"}
