{"type":"operationStart","subtype":"profile","data":{"_id":"E4Wt6kmQ5RC1R168","timestamp":"2025-01-15T04:00:49.272Z","state":"queued","mode":"standard","creationDate":"2025-01-15T04:00:49.273Z","modificationDate":"2025-01-15T04:00:49.273Z","shortid":"XSBiosg","$entitySet":"profiles"},"doDiffs":false,"timestamp":1736913649272,"id":"7a4dpvwe4ldyk8t","previousOperationId":null,"operationId":"oishb6iamh2uxrd"}
{"type":"log","level":"info","message":"Render request 13 queued for execution and waiting for available worker","previousOperationId":"oishb6iamh2uxrd","timestamp":1736913649272,"id":"67211wbv32kffal"}
{"type":"operationStart","subtype":"render","name":"reporte21","previousOperationId":"oishb6iamh2uxrd","timestamp":1736913649275,"id":"3vw4hml2xlprg8d","previousEventId":"7a4dpvwe4ldyk8t","operationId":"zxqrt0p0p7mdvft"}
{"type":"log","timestamp":1736913649275,"level":"info","message":"Starting rendering request 13","meta":{"rootId":"nlbj5c51noaub39","id":"nlbj5c51noaub39"},"id":"0sd22c1z0s9kejj","previousOperationId":"zxqrt0p0p7mdvft"}
{"type":"log","timestamp":1736913649275,"level":"info","message":"Rendering template { name: reporte21, recipe: chrome-pdf, engine: handlebars, preview: false }","meta":{"rootId":"nlbj5c51noaub39","id":"nlbj5c51noaub39"},"id":"dmmu34lhge7hwch","previousOperationId":"zxqrt0p0p7mdvft"}
{"type":"log","timestamp":1736913649275,"level":"debug","message":"Inline data specified.","meta":{"rootId":"nlbj5c51noaub39","id":"nlbj5c51noaub39"},"id":"egnan2t6ktp2rli","previousOperationId":"zxqrt0p0p7mdvft"}
{"type":"log","timestamp":1736913649276,"level":"debug","message":"Base url not specified, skipping its injection.","meta":{"rootId":"nlbj5c51noaub39","id":"nlbj5c51noaub39"},"id":"b86uh72tjmgp87w","previousOperationId":"zxqrt0p0p7mdvft"}
{"type":"operationStart","subtype":"engine","name":"handlebars","timestamp":1736913649277,"id":"6jr0fblcbwc063h","previousEventId":"3vw4hml2xlprg8d","operationId":"ykdbygms03mvhsm","previousOperationId":"zxqrt0p0p7mdvft"}
{"type":"log","timestamp":1736913649277,"level":"debug","message":"Rendering engine handlebars","meta":{"rootId":"nlbj5c51noaub39","id":"nlbj5c51noaub39"},"id":"4pxk8xv615i98gk","previousOperationId":"ykdbygms03mvhsm"}
{"type":"operationEnd","operationId":"ykdbygms03mvhsm","timestamp":1736913649288,"id":"mfbuvu0p4kaq4sg","previousEventId":"6jr0fblcbwc063h","previousOperationId":"ykdbygms03mvhsm"}
{"type":"operationStart","subtype":"recipe","name":"chrome-pdf","timestamp":1736913649289,"id":"uz4pffa7i8cqdia","previousEventId":"mfbuvu0p4kaq4sg","operationId":"pcfyqv04xww6fe9","previousOperationId":"ykdbygms03mvhsm"}
{"type":"log","timestamp":1736913649289,"level":"debug","message":"Executing recipe chrome-pdf","meta":{"rootId":"nlbj5c51noaub39","id":"nlbj5c51noaub39"},"id":"l4a30qdh1o5wlkp","previousOperationId":"pcfyqv04xww6fe9"}
{"type":"log","timestamp":1736913649626,"level":"debug","message":"Converting with chrome Chrome/131.0.6778.204 using dedicated-process strategy","meta":{"rootId":"nlbj5c51noaub39","id":"nlbj5c51noaub39"},"id":"wrc7con552d9w6r","previousOperationId":"pcfyqv04xww6fe9"}
{"type":"log","timestamp":1736913649708,"level":"debug","message":"Page request: GET (document) file:///tmp/jsreport/autocleanup/e1a8adee-8a29-4071-96f6-ae644cf87cda-chrome-pdf.html","meta":{"rootId":"nlbj5c51noaub39","id":"nlbj5c51noaub39"},"id":"p2ou3wbdgtoo7oa","previousOperationId":"pcfyqv04xww6fe9"}
{"type":"log","timestamp":1736913649721,"level":"debug","message":"Page request finished: GET (document) 200 file:///tmp/jsreport/autocleanup/e1a8adee-8a29-4071-96f6-ae644cf87cda-chrome-pdf.html","meta":{"rootId":"nlbj5c51noaub39","id":"nlbj5c51noaub39"},"id":"epipjy61ofdb17i","previousOperationId":"pcfyqv04xww6fe9"}
{"type":"log","timestamp":1736913649722,"level":"debug","message":"Page request: GET (image) https://i.pinimg.com/736x/ac/66/fd/ac66fdbcf17e7c77173cf01c4dbb1cfc.jpg","meta":{"rootId":"nlbj5c51noaub39","id":"nlbj5c51noaub39"},"id":"cd03r8ly5ja0si8","previousOperationId":"pcfyqv04xww6fe9"}
{"type":"log","timestamp":1736913649837,"level":"debug","message":"Page request finished: GET (image) 200 https://i.pinimg.com/736x/ac/66/fd/ac66fdbcf17e7c77173cf01c4dbb1cfc.jpg","meta":{"rootId":"nlbj5c51noaub39","id":"nlbj5c51noaub39"},"id":"wa7am016ftrvsi0","previousOperationId":"pcfyqv04xww6fe9"}
{"type":"log","timestamp":1736913649844,"level":"debug","message":"Running chrome with params {\"printBackground\":true,\"timeout\":59983,\"margin\":{}}","meta":{"rootId":"nlbj5c51noaub39","id":"nlbj5c51noaub39"},"id":"nbj76usvn14kmeg","previousOperationId":"pcfyqv04xww6fe9"}
{"type":"operationEnd","operationId":"pcfyqv04xww6fe9","timestamp":1736913650008,"id":"hb1uvujzdatrgp7","previousEventId":"uz4pffa7i8cqdia","previousOperationId":"pcfyqv04xww6fe9"}
{"type":"log","timestamp":1736913650008,"level":"debug","message":"Skipping storing report.","meta":{"rootId":"nlbj5c51noaub39","id":"nlbj5c51noaub39"},"id":"emu6urhg48z5z5h","previousOperationId":"pcfyqv04xww6fe9"}
{"type":"log","timestamp":1736913650008,"level":"info","message":"Rendering request 13 finished in 736 ms","meta":{"rootId":"nlbj5c51noaub39","id":"nlbj5c51noaub39"},"id":"y6stlli5e8x2dr0","previousOperationId":"pcfyqv04xww6fe9"}
{"type":"operationEnd","subtype":"render","operationId":"zxqrt0p0p7mdvft","timestamp":1736913650008,"id":"oteqv1b6e16euy9","previousEventId":"hb1uvujzdatrgp7","previousOperationId":"pcfyqv04xww6fe9"}
{"type":"operationEnd","doDiffs":false,"previousEventId":"7a4dpvwe4ldyk8t","previousOperationId":"oishb6iamh2uxrd","operationId":"oishb6iamh2uxrd","timestamp":1736913650011,"id":"zvrt8tqt755spq7"}
