{"type":"operationStart","subtype":"profile","data":{"_id":"Dcg0pNWDlsRsEM54","timestamp":"2025-01-17T05:57:52.231Z","state":"queued","mode":"standard","creationDate":"2025-01-17T05:57:52.232Z","modificationDate":"2025-01-17T05:57:52.232Z","shortid":"BottaMX","$entitySet":"profiles"},"doDiffs":false,"timestamp":1737093472232,"id":"s1lja3or62yvh8i","previousOperationId":null,"operationId":"gml91a1ilva04r2"}
{"type":"log","level":"info","message":"Render request 4 queued for execution and waiting for available worker","previousOperationId":"gml91a1ilva04r2","timestamp":1737093472232,"id":"zz2gb2n5nke1r4r"}
{"type":"operationStart","subtype":"render","name":"reporte21","previousOperationId":"gml91a1ilva04r2","timestamp":1737093472236,"id":"2wrsr8529hxf3zn","previousEventId":"s1lja3or62yvh8i","operationId":"3ztfhw2imwvsjuk"}
{"type":"log","timestamp":1737093472237,"level":"info","message":"Starting rendering request 4","meta":{"rootId":"o44lqgb577rovxj","id":"o44lqgb577rovxj"},"id":"7e0f3q9dj3ouloz","previousOperationId":"3ztfhw2imwvsjuk"}
{"type":"log","timestamp":1737093472237,"level":"info","message":"Rendering template { name: reporte21, recipe: chrome-pdf, engine: handlebars, preview: false }","meta":{"rootId":"o44lqgb577rovxj","id":"o44lqgb577rovxj"},"id":"hzx9fc2grnsit6q","previousOperationId":"3ztfhw2imwvsjuk"}
{"type":"log","timestamp":1737093472238,"level":"debug","message":"Inline data specified.","meta":{"rootId":"o44lqgb577rovxj","id":"o44lqgb577rovxj"},"id":"9r2mwqwpagc5l32","previousOperationId":"3ztfhw2imwvsjuk"}
{"type":"log","timestamp":1737093472241,"level":"debug","message":"Base url not specified, skipping its injection.","meta":{"rootId":"o44lqgb577rovxj","id":"o44lqgb577rovxj"},"id":"1evkvtfrcuo5oph","previousOperationId":"3ztfhw2imwvsjuk"}
{"type":"operationStart","subtype":"engine","name":"handlebars","timestamp":1737093472241,"id":"oocfssx5p890fia","previousEventId":"2wrsr8529hxf3zn","operationId":"wad1xp61jyj606b","previousOperationId":"3ztfhw2imwvsjuk"}
{"type":"log","timestamp":1737093472241,"level":"debug","message":"Rendering engine handlebars","meta":{"rootId":"o44lqgb577rovxj","id":"o44lqgb577rovxj"},"id":"5r5fpjf1b7si4h5","previousOperationId":"wad1xp61jyj606b"}
{"type":"operationEnd","operationId":"wad1xp61jyj606b","timestamp":1737093472259,"id":"97uo1m790b1h7lh","previousEventId":"oocfssx5p890fia","previousOperationId":"wad1xp61jyj606b"}
{"type":"operationStart","subtype":"recipe","name":"chrome-pdf","timestamp":1737093472260,"id":"p1gcr8aco78tias","previousEventId":"97uo1m790b1h7lh","operationId":"wffkpz2l0x4nrjb","previousOperationId":"wad1xp61jyj606b"}
{"type":"log","timestamp":1737093472260,"level":"debug","message":"Executing recipe chrome-pdf","meta":{"rootId":"o44lqgb577rovxj","id":"o44lqgb577rovxj"},"id":"rfifxn9uavie12y","previousOperationId":"wffkpz2l0x4nrjb"}
{"type":"log","timestamp":1737093472597,"level":"debug","message":"Converting with chrome Chrome/131.0.6778.204 using dedicated-process strategy","meta":{"rootId":"o44lqgb577rovxj","id":"o44lqgb577rovxj"},"id":"tz2y0t597ie44sv","previousOperationId":"wffkpz2l0x4nrjb"}
{"type":"log","timestamp":1737093472682,"level":"debug","message":"Page request: GET (document) file:///tmp/jsreport/autocleanup/b60c616a-7f5d-4715-bdd6-c2384ee0a03d-chrome-pdf.html","meta":{"rootId":"o44lqgb577rovxj","id":"o44lqgb577rovxj"},"id":"fnq6aapl9w33iy9","previousOperationId":"wffkpz2l0x4nrjb"}
{"type":"log","timestamp":1737093472699,"level":"debug","message":"Page request finished: GET (document) 200 file:///tmp/jsreport/autocleanup/b60c616a-7f5d-4715-bdd6-c2384ee0a03d-chrome-pdf.html","meta":{"rootId":"o44lqgb577rovxj","id":"o44lqgb577rovxj"},"id":"jsr8yfn564g0kj0","previousOperationId":"wffkpz2l0x4nrjb"}
{"type":"log","timestamp":1737093472702,"level":"debug","message":"Page request: GET (image) https://i.pinimg.com/736x/ac/66/fd/ac66fdbcf17e7c77173cf01c4dbb1cfc.jpg","meta":{"rootId":"o44lqgb577rovxj","id":"o44lqgb577rovxj"},"id":"5wn7visnp70g1zv","previousOperationId":"wffkpz2l0x4nrjb"}
{"type":"log","timestamp":1737093472737,"level":"debug","message":"Page request finished: GET (image) 200 https://i.pinimg.com/736x/ac/66/fd/ac66fdbcf17e7c77173cf01c4dbb1cfc.jpg","meta":{"rootId":"o44lqgb577rovxj","id":"o44lqgb577rovxj"},"id":"0ui5p8wqw9oaj7f","previousOperationId":"wffkpz2l0x4nrjb"}
{"type":"log","timestamp":1737093472740,"level":"debug","message":"Running chrome with params {\"printBackground\":true,\"timeout\":59970,\"margin\":{}}","meta":{"rootId":"o44lqgb577rovxj","id":"o44lqgb577rovxj"},"id":"0mjenrekueqypbv","previousOperationId":"wffkpz2l0x4nrjb"}
{"type":"operationEnd","operationId":"wffkpz2l0x4nrjb","timestamp":1737093472909,"id":"wzf3f3ici67nqak","previousEventId":"p1gcr8aco78tias","previousOperationId":"wffkpz2l0x4nrjb"}
{"type":"log","timestamp":1737093472909,"level":"debug","message":"Skipping storing report.","meta":{"rootId":"o44lqgb577rovxj","id":"o44lqgb577rovxj"},"id":"etd3ffbg0xg0neh","previousOperationId":"wffkpz2l0x4nrjb"}
{"type":"log","timestamp":1737093472909,"level":"info","message":"Rendering request 4 finished in 678 ms","meta":{"rootId":"o44lqgb577rovxj","id":"o44lqgb577rovxj"},"id":"cmjudungv5i02w0","previousOperationId":"wffkpz2l0x4nrjb"}
{"type":"operationEnd","subtype":"render","operationId":"3ztfhw2imwvsjuk","timestamp":1737093472909,"id":"hx7zev7t9i21sds","previousEventId":"wzf3f3ici67nqak","previousOperationId":"wffkpz2l0x4nrjb"}
{"type":"operationEnd","doDiffs":false,"previousEventId":"s1lja3or62yvh8i","previousOperationId":"gml91a1ilva04r2","operationId":"gml91a1ilva04r2","timestamp":1737093472910,"id":"wf629qyecwge8qa"}
