{"type":"operationStart","subtype":"profile","data":{"_id":"JTdMo25NSFnD1OJS","timestamp":"2025-01-12T22:55:52.121Z","state":"queued","mode":"standard","creationDate":"2025-01-12T22:55:52.123Z","modificationDate":"2025-01-12T22:55:52.123Z","shortid":"mUBCDCO","$entitySet":"profiles"},"doDiffs":false,"timestamp":1736722552122,"id":"uvrjqhaaqzu3mxf","previousOperationId":null,"operationId":"lupcilgtbqaaatv"}
{"type":"log","level":"info","message":"Render request 1 queued for execution and waiting for available worker","previousOperationId":"lupcilgtbqaaatv","timestamp":1736722552122,"id":"6cawvi2ldiwe2jy"}
{"type":"operationStart","subtype":"render","name":"reporte21","previousOperationId":"lupcilgtbqaaatv","timestamp":1736722552135,"id":"2ksx5js487zcu5u","previousEventId":"uvrjqhaaqzu3mxf","operationId":"0j9ltrnph9pg3bw"}
{"type":"log","timestamp":1736722552136,"level":"info","message":"Starting rendering request 1","meta":{"rootId":"w4cynh9ygopmx95","id":"w4cynh9ygopmx95"},"id":"2kxspeuf02sp3p3","previousOperationId":"0j9ltrnph9pg3bw"}
{"type":"log","timestamp":1736722552137,"level":"info","message":"Rendering template { name: reporte21, recipe: chrome-pdf, engine: handlebars, preview: false }","meta":{"rootId":"w4cynh9ygopmx95","id":"w4cynh9ygopmx95"},"id":"ywedmcxw0q6itq9","previousOperationId":"0j9ltrnph9pg3bw"}
{"type":"log","timestamp":1736722552137,"level":"debug","message":"Inline data specified.","meta":{"rootId":"w4cynh9ygopmx95","id":"w4cynh9ygopmx95"},"id":"a7k232oreqh2fzw","previousOperationId":"0j9ltrnph9pg3bw"}
{"type":"log","timestamp":1736722552140,"level":"debug","message":"Base url not specified, skipping its injection.","meta":{"rootId":"w4cynh9ygopmx95","id":"w4cynh9ygopmx95"},"id":"gjyuslfrzohnphn","previousOperationId":"0j9ltrnph9pg3bw"}
{"type":"operationStart","subtype":"engine","name":"handlebars","timestamp":1736722552141,"id":"cjfgrjaiek979sc","previousEventId":"2ksx5js487zcu5u","operationId":"22hgaiod04bewi8","previousOperationId":"0j9ltrnph9pg3bw"}
{"type":"log","timestamp":1736722552141,"level":"debug","message":"Rendering engine handlebars","meta":{"rootId":"w4cynh9ygopmx95","id":"w4cynh9ygopmx95"},"id":"48gvdwqbx7x78k3","previousOperationId":"22hgaiod04bewi8"}
{"type":"operationEnd","operationId":"22hgaiod04bewi8","timestamp":1736722552699,"id":"kbr2gs6rl99banj","previousEventId":"cjfgrjaiek979sc","previousOperationId":"22hgaiod04bewi8"}
{"type":"operationStart","subtype":"recipe","name":"chrome-pdf","timestamp":1736722552700,"id":"gwmg418pigi2bu9","previousEventId":"kbr2gs6rl99banj","operationId":"8h8h0jbsy0v21aw","previousOperationId":"22hgaiod04bewi8"}
{"type":"log","timestamp":1736722552700,"level":"debug","message":"Executing recipe chrome-pdf","meta":{"rootId":"w4cynh9ygopmx95","id":"w4cynh9ygopmx95"},"id":"s47ucnkg69u0sjz","previousOperationId":"8h8h0jbsy0v21aw"}
{"type":"log","timestamp":1736722553198,"level":"debug","message":"Converting with chrome Chrome/131.0.6778.204 using dedicated-process strategy","meta":{"rootId":"w4cynh9ygopmx95","id":"w4cynh9ygopmx95"},"id":"8u9q5spenfig6bs","previousOperationId":"8h8h0jbsy0v21aw"}
{"type":"log","timestamp":1736722553307,"level":"debug","message":"Page request: GET (document) file:///tmp/jsreport/autocleanup/4d9e269a-0d27-46d8-b884-fd650535a4ae-chrome-pdf.html","meta":{"rootId":"w4cynh9ygopmx95","id":"w4cynh9ygopmx95"},"id":"y5bzpo357jy089f","previousOperationId":"8h8h0jbsy0v21aw"}
{"type":"log","timestamp":1736722553323,"level":"debug","message":"Page request finished: GET (document) 200 file:///tmp/jsreport/autocleanup/4d9e269a-0d27-46d8-b884-fd650535a4ae-chrome-pdf.html","meta":{"rootId":"w4cynh9ygopmx95","id":"w4cynh9ygopmx95"},"id":"e97014bvxnmlc47","previousOperationId":"8h8h0jbsy0v21aw"}
{"type":"log","timestamp":1736722553325,"level":"debug","message":"Page request: GET (image) https://i.pinimg.com/736x/ac/66/fd/ac66fdbcf17e7c77173cf01c4dbb1cfc.jpg","meta":{"rootId":"w4cynh9ygopmx95","id":"w4cynh9ygopmx95"},"id":"1103u1bi0xde6c9","previousOperationId":"8h8h0jbsy0v21aw"}
{"type":"log","timestamp":1736722553394,"level":"debug","message":"Page request finished: GET (image) 200 https://i.pinimg.com/736x/ac/66/fd/ac66fdbcf17e7c77173cf01c4dbb1cfc.jpg","meta":{"rootId":"w4cynh9ygopmx95","id":"w4cynh9ygopmx95"},"id":"zk84noj66bvyqs3","previousOperationId":"8h8h0jbsy0v21aw"}
{"type":"log","timestamp":1736722553398,"level":"debug","message":"Running chrome with params {\"printBackground\":true,\"timeout\":59409,\"margin\":{}}","meta":{"rootId":"w4cynh9ygopmx95","id":"w4cynh9ygopmx95"},"id":"jv7dfc4dglc9pja","previousOperationId":"8h8h0jbsy0v21aw"}
{"type":"operationEnd","operationId":"8h8h0jbsy0v21aw","timestamp":1736722553563,"id":"oidcru8jvnina6v","previousEventId":"gwmg418pigi2bu9","previousOperationId":"8h8h0jbsy0v21aw"}
{"type":"log","timestamp":1736722553564,"level":"debug","message":"Skipping storing report.","meta":{"rootId":"w4cynh9ygopmx95","id":"w4cynh9ygopmx95"},"id":"9rndy7kuqpnqt5a","previousOperationId":"8h8h0jbsy0v21aw"}
{"type":"log","timestamp":1736722553564,"level":"info","message":"Rendering request 1 finished in 1444 ms","meta":{"rootId":"w4cynh9ygopmx95","id":"w4cynh9ygopmx95"},"id":"d60djt4wdvw0uy6","previousOperationId":"8h8h0jbsy0v21aw"}
{"type":"operationEnd","subtype":"render","operationId":"0j9ltrnph9pg3bw","timestamp":1736722553564,"id":"bp27uvuislego8b","previousEventId":"oidcru8jvnina6v","previousOperationId":"8h8h0jbsy0v21aw"}
{"type":"operationEnd","doDiffs":false,"previousEventId":"uvrjqhaaqzu3mxf","previousOperationId":"lupcilgtbqaaatv","operationId":"lupcilgtbqaaatv","timestamp":1736722553566,"id":"13rst5u9ob3ejt1"}
