{"type":"operationStart","subtype":"profile","data":{"_id":"eG6smniNUKFrLohv","timestamp":"2025-01-19T17:02:28.695Z","state":"queued","mode":"standard","creationDate":"2025-01-19T17:02:28.699Z","modificationDate":"2025-01-19T17:02:28.699Z","shortid":"yDip_ut","$entitySet":"profiles"},"doDiffs":false,"timestamp":1737306148697,"id":"engepse311qfky9","previousOperationId":null,"operationId":"aiveee7t6p192f9"}
{"type":"log","level":"info","message":"Render request 8 queued for execution and waiting for available worker","previousOperationId":"aiveee7t6p192f9","timestamp":1737306148698,"id":"jznv2agow3szi7z"}
{"type":"operationStart","subtype":"render","name":"alaMasUsada","previousOperationId":"aiveee7t6p192f9","timestamp":1737306148705,"id":"nm17b5bscjil8kb","previousEventId":"engepse311qfky9","operationId":"z8fwyhgieceo701"}
{"type":"log","timestamp":1737306148706,"level":"info","message":"Starting rendering request 8","meta":{"rootId":"15zjdsj8weszy9p","id":"15zjdsj8weszy9p"},"id":"awlmidmkju38y5x","previousOperationId":"z8fwyhgieceo701"}
{"type":"log","timestamp":1737306148706,"level":"info","message":"Rendering template { name: alaMasUsada, recipe: chrome-pdf, engine: handlebars, preview: false }","meta":{"rootId":"15zjdsj8weszy9p","id":"15zjdsj8weszy9p"},"id":"zzqlpanq7ib891n","previousOperationId":"z8fwyhgieceo701"}
{"type":"log","timestamp":1737306148706,"level":"debug","message":"Inline data specified.","meta":{"rootId":"15zjdsj8weszy9p","id":"15zjdsj8weszy9p"},"id":"59evctmia78z53h","previousOperationId":"z8fwyhgieceo701"}
{"type":"log","timestamp":1737306148707,"level":"debug","message":"Base url not specified, skipping its injection.","meta":{"rootId":"15zjdsj8weszy9p","id":"15zjdsj8weszy9p"},"id":"vnsh5595ldvfsrq","previousOperationId":"z8fwyhgieceo701"}
{"type":"operationStart","subtype":"engine","name":"handlebars","timestamp":1737306148708,"id":"a8zhcufu960o4gu","previousEventId":"nm17b5bscjil8kb","operationId":"wglv2awdeuo2vlo","previousOperationId":"z8fwyhgieceo701"}
{"type":"log","timestamp":1737306148708,"level":"debug","message":"Rendering engine handlebars","meta":{"rootId":"15zjdsj8weszy9p","id":"15zjdsj8weszy9p"},"id":"r7bnmlh46ncfnrf","previousOperationId":"wglv2awdeuo2vlo"}
{"type":"operationEnd","operationId":"wglv2awdeuo2vlo","timestamp":1737306148715,"id":"5yxz7vh7m9x6nnc","previousEventId":"a8zhcufu960o4gu","previousOperationId":"wglv2awdeuo2vlo"}
{"type":"operationStart","subtype":"recipe","name":"chrome-pdf","timestamp":1737306148715,"id":"rlvvm3baxjhvrqg","previousEventId":"5yxz7vh7m9x6nnc","operationId":"aqr0ycj8ikhy814","previousOperationId":"wglv2awdeuo2vlo"}
{"type":"log","timestamp":1737306148716,"level":"debug","message":"Executing recipe chrome-pdf","meta":{"rootId":"15zjdsj8weszy9p","id":"15zjdsj8weszy9p"},"id":"lgds7bfqpmts8eg","previousOperationId":"aqr0ycj8ikhy814"}
{"type":"log","timestamp":1737306149116,"level":"debug","message":"Converting with chrome Chrome/130.0.6723.69 using dedicated-process strategy","meta":{"rootId":"15zjdsj8weszy9p","id":"15zjdsj8weszy9p"},"id":"3u83ya3b376fds7","previousOperationId":"aqr0ycj8ikhy814"}
{"type":"log","timestamp":1737306149257,"level":"debug","message":"Page request: GET (document) file:///C:/Users/jrmat/AppData/Local/Temp/jsreport/autocleanup/0d1f3ff5-df46-4aa6-ac81-0bd400720ca0-chrome-pdf.html","meta":{"rootId":"15zjdsj8weszy9p","id":"15zjdsj8weszy9p"},"id":"o7il4pv9st81iuh","previousOperationId":"aqr0ycj8ikhy814"}
{"type":"log","timestamp":1737306149275,"level":"debug","message":"Page request finished: GET (document) 200 file:///C:/Users/jrmat/AppData/Local/Temp/jsreport/autocleanup/0d1f3ff5-df46-4aa6-ac81-0bd400720ca0-chrome-pdf.html","meta":{"rootId":"15zjdsj8weszy9p","id":"15zjdsj8weszy9p"},"id":"9g8e4ih5a0e74xo","previousOperationId":"aqr0ycj8ikhy814"}
{"type":"log","timestamp":1737306149276,"level":"debug","message":"Page request: GET (image) https://i.pinimg.com/736x/ac/66/fd/ac66fdbcf17e7c77173cf01c4dbb1cfc.jpg","meta":{"rootId":"15zjdsj8weszy9p","id":"15zjdsj8weszy9p"},"id":"ulbd25t2hay0sqx","previousOperationId":"aqr0ycj8ikhy814"}
{"type":"log","timestamp":1737306149559,"level":"debug","message":"Page request finished: GET (image) 200 https://i.pinimg.com/736x/ac/66/fd/ac66fdbcf17e7c77173cf01c4dbb1cfc.jpg","meta":{"rootId":"15zjdsj8weszy9p","id":"15zjdsj8weszy9p"},"id":"r6krdnlctr5fq84","previousOperationId":"aqr0ycj8ikhy814"}
{"type":"log","timestamp":1737306149562,"level":"debug","message":"Running chrome with params {\"printBackground\":true,\"timeout\":59977,\"margin\":{}}","meta":{"rootId":"15zjdsj8weszy9p","id":"15zjdsj8weszy9p"},"id":"r3kblm4qewe6d6g","previousOperationId":"aqr0ycj8ikhy814"}
{"type":"operationEnd","operationId":"aqr0ycj8ikhy814","timestamp":1737306149871,"id":"l59wnc05d0wawaq","previousEventId":"rlvvm3baxjhvrqg","previousOperationId":"aqr0ycj8ikhy814"}
{"type":"log","timestamp":1737306149871,"level":"debug","message":"Skipping storing report.","meta":{"rootId":"15zjdsj8weszy9p","id":"15zjdsj8weszy9p"},"id":"dkq2vn25e1giwko","previousOperationId":"aqr0ycj8ikhy814"}
{"type":"log","timestamp":1737306149871,"level":"info","message":"Rendering request 8 finished in 1177 ms","meta":{"rootId":"15zjdsj8weszy9p","id":"15zjdsj8weszy9p"},"id":"ibetr4ow5kacel2","previousOperationId":"aqr0ycj8ikhy814"}
{"type":"operationEnd","subtype":"render","operationId":"z8fwyhgieceo701","timestamp":1737306149871,"id":"ooow9n0zisykj34","previousEventId":"l59wnc05d0wawaq","previousOperationId":"aqr0ycj8ikhy814"}
{"type":"operationEnd","doDiffs":false,"previousEventId":"engepse311qfky9","previousOperationId":"aiveee7t6p192f9","operationId":"aiveee7t6p192f9","timestamp":1737306149873,"id":"w4axshxngnlx5nl"}
