{"type":"operationStart","subtype":"profile","data":{"_id":"qRUCs0nSPFnioKDL","timestamp":"2025-01-19T16:52:02.256Z","state":"queued","mode":"standard","creationDate":"2025-01-19T16:52:02.261Z","modificationDate":"2025-01-19T16:52:02.261Z","shortid":"WKeEcUw","$entitySet":"profiles"},"doDiffs":false,"timestamp":1737305522259,"id":"zxngsld2ovq7su6","previousOperationId":null,"operationId":"bwvcx6cndzrjze9"}
{"type":"log","level":"info","message":"Render request 8 queued for execution and waiting for available worker","previousOperationId":"bwvcx6cndzrjze9","timestamp":1737305522259,"id":"e97qhcouuns040u"}
{"type":"operationStart","subtype":"render","name":"alaMasUsada","previousOperationId":"bwvcx6cndzrjze9","timestamp":1737305522269,"id":"hbo80b5kn5niyso","previousEventId":"zxngsld2ovq7su6","operationId":"nbenga4y9m7yvml"}
{"type":"log","timestamp":1737305522270,"level":"info","message":"Starting rendering request 8","meta":{"rootId":"1suto31izz1hwfm","id":"1suto31izz1hwfm"},"id":"74absqc4do8jiag","previousOperationId":"nbenga4y9m7yvml"}
{"type":"log","timestamp":1737305522270,"level":"info","message":"Rendering template { name: alaMasUsada, recipe: chrome-pdf, engine: handlebars, preview: false }","meta":{"rootId":"1suto31izz1hwfm","id":"1suto31izz1hwfm"},"id":"jbdik549ftsi1sv","previousOperationId":"nbenga4y9m7yvml"}
{"type":"log","timestamp":1737305522271,"level":"debug","message":"Inline data specified.","meta":{"rootId":"1suto31izz1hwfm","id":"1suto31izz1hwfm"},"id":"e2q7y07l51mrmcy","previousOperationId":"nbenga4y9m7yvml"}
{"type":"log","timestamp":1737305522273,"level":"debug","message":"Base url not specified, skipping its injection.","meta":{"rootId":"1suto31izz1hwfm","id":"1suto31izz1hwfm"},"id":"8ikrk8dxy5mhedz","previousOperationId":"nbenga4y9m7yvml"}
{"type":"operationStart","subtype":"engine","name":"handlebars","timestamp":1737305522273,"id":"1dr5lqw57mof6vq","previousEventId":"hbo80b5kn5niyso","operationId":"qxmkmoru1ruqpq4","previousOperationId":"nbenga4y9m7yvml"}
{"type":"log","timestamp":1737305522274,"level":"debug","message":"Rendering engine handlebars","meta":{"rootId":"1suto31izz1hwfm","id":"1suto31izz1hwfm"},"id":"0p1ceqvcr8lyhgo","previousOperationId":"qxmkmoru1ruqpq4"}
{"type":"operationEnd","operationId":"qxmkmoru1ruqpq4","timestamp":1737305522291,"id":"h8hwyc28c8qlptu","previousEventId":"1dr5lqw57mof6vq","previousOperationId":"qxmkmoru1ruqpq4"}
{"type":"operationStart","subtype":"recipe","name":"chrome-pdf","timestamp":1737305522291,"id":"ozot0au6wqq9x2d","previousEventId":"h8hwyc28c8qlptu","operationId":"g11wumd7c09exwz","previousOperationId":"qxmkmoru1ruqpq4"}
{"type":"log","timestamp":1737305522291,"level":"debug","message":"Executing recipe chrome-pdf","meta":{"rootId":"1suto31izz1hwfm","id":"1suto31izz1hwfm"},"id":"un3217gw2wtwunm","previousOperationId":"g11wumd7c09exwz"}
{"type":"log","timestamp":1737305522665,"level":"debug","message":"Converting with chrome Chrome/130.0.6723.69 using dedicated-process strategy","meta":{"rootId":"1suto31izz1hwfm","id":"1suto31izz1hwfm"},"id":"az7ypd9p0sgw76r","previousOperationId":"g11wumd7c09exwz"}
{"type":"log","timestamp":1737305522763,"level":"debug","message":"Page request: GET (document) file:///C:/Users/jrmat/AppData/Local/Temp/jsreport/autocleanup/9f51a43b-07ef-4c2b-ae85-dca0286a5a60-chrome-pdf.html","meta":{"rootId":"1suto31izz1hwfm","id":"1suto31izz1hwfm"},"id":"jxe1i6fig326ixd","previousOperationId":"g11wumd7c09exwz"}
{"type":"log","timestamp":1737305522776,"level":"debug","message":"Page request finished: GET (document) 200 file:///C:/Users/jrmat/AppData/Local/Temp/jsreport/autocleanup/9f51a43b-07ef-4c2b-ae85-dca0286a5a60-chrome-pdf.html","meta":{"rootId":"1suto31izz1hwfm","id":"1suto31izz1hwfm"},"id":"q5fcw0wotkblgg0","previousOperationId":"g11wumd7c09exwz"}
{"type":"log","timestamp":1737305522778,"level":"debug","message":"Page request: GET (image) https://i.pinimg.com/736x/ac/66/fd/ac66fdbcf17e7c77173cf01c4dbb1cfc.jpg","meta":{"rootId":"1suto31izz1hwfm","id":"1suto31izz1hwfm"},"id":"rkasqvnee4h852f","previousOperationId":"g11wumd7c09exwz"}
{"type":"log","timestamp":1737305523031,"level":"debug","message":"Page request finished: GET (image) 200 https://i.pinimg.com/736x/ac/66/fd/ac66fdbcf17e7c77173cf01c4dbb1cfc.jpg","meta":{"rootId":"1suto31izz1hwfm","id":"1suto31izz1hwfm"},"id":"h0f9zlpcr88mnnp","previousOperationId":"g11wumd7c09exwz"}
{"type":"log","timestamp":1737305523034,"level":"debug","message":"Running chrome with params {\"printBackground\":true,\"timeout\":59963,\"margin\":{}}","meta":{"rootId":"1suto31izz1hwfm","id":"1suto31izz1hwfm"},"id":"vrswxm50mxlb3wf","previousOperationId":"g11wumd7c09exwz"}
{"type":"operationEnd","operationId":"g11wumd7c09exwz","timestamp":1737305523394,"id":"2883r2hfejhrtt2","previousEventId":"ozot0au6wqq9x2d","previousOperationId":"g11wumd7c09exwz"}
{"type":"log","timestamp":1737305523394,"level":"debug","message":"Skipping storing report.","meta":{"rootId":"1suto31izz1hwfm","id":"1suto31izz1hwfm"},"id":"frlrlbojg7fuzht","previousOperationId":"g11wumd7c09exwz"}
{"type":"log","timestamp":1737305523394,"level":"info","message":"Rendering request 8 finished in 1138 ms","meta":{"rootId":"1suto31izz1hwfm","id":"1suto31izz1hwfm"},"id":"s6drwf4efygjc7q","previousOperationId":"g11wumd7c09exwz"}
{"type":"operationEnd","subtype":"render","operationId":"nbenga4y9m7yvml","timestamp":1737305523394,"id":"un37yfojyiap45k","previousEventId":"2883r2hfejhrtt2","previousOperationId":"g11wumd7c09exwz"}
{"type":"operationEnd","doDiffs":false,"previousEventId":"zxngsld2ovq7su6","previousOperationId":"bwvcx6cndzrjze9","operationId":"bwvcx6cndzrjze9","timestamp":1737305523396,"id":"3xoi9ob54mpi4mb"}
