{"type":"operationStart","subtype":"profile","data":{"_id":"zNis7DNn0zCjAM6B","timestamp":"2025-01-19T17:02:29.883Z","state":"queued","mode":"standard","creationDate":"2025-01-19T17:02:29.885Z","modificationDate":"2025-01-19T17:02:29.885Z","shortid":"6BPi36e","$entitySet":"profiles"},"doDiffs":false,"timestamp":1737306149884,"id":"9i06dx7qz3j3i79","previousOperationId":null,"operationId":"9zalvjpty1yfeqr"}
{"type":"log","level":"info","message":"Render request 9 queued for execution and waiting for available worker","previousOperationId":"9zalvjpty1yfeqr","timestamp":1737306149884,"id":"4w8vfh58i0y2lsc"}
{"type":"operationStart","subtype":"render","name":"alaMasUsada","previousOperationId":"9zalvjpty1yfeqr","timestamp":1737306149888,"id":"p07iw77kp4sdrjj","previousEventId":"9i06dx7qz3j3i79","operationId":"h9gsl8mev7v6bw6"}
{"type":"log","timestamp":1737306149888,"level":"info","message":"Starting rendering request 9","meta":{"rootId":"2ssgkbsje9sjhja","id":"2ssgkbsje9sjhja"},"id":"52jkng37j1ihy53","previousOperationId":"h9gsl8mev7v6bw6"}
{"type":"log","timestamp":1737306149888,"level":"info","message":"Rendering template { name: alaMasUsada, recipe: chrome-pdf, engine: handlebars, preview: false }","meta":{"rootId":"2ssgkbsje9sjhja","id":"2ssgkbsje9sjhja"},"id":"4hi57zh5z35geio","previousOperationId":"h9gsl8mev7v6bw6"}
{"type":"log","timestamp":1737306149888,"level":"debug","message":"Inline data specified.","meta":{"rootId":"2ssgkbsje9sjhja","id":"2ssgkbsje9sjhja"},"id":"sbszgbxiqife1j8","previousOperationId":"h9gsl8mev7v6bw6"}
{"type":"log","timestamp":1737306149888,"level":"debug","message":"Base url not specified, skipping its injection.","meta":{"rootId":"2ssgkbsje9sjhja","id":"2ssgkbsje9sjhja"},"id":"dhknfas22okynwa","previousOperationId":"h9gsl8mev7v6bw6"}
{"type":"operationStart","subtype":"engine","name":"handlebars","timestamp":1737306149889,"id":"7f7ek8h5jbg2xu0","previousEventId":"p07iw77kp4sdrjj","operationId":"v7w97kbw56dopxm","previousOperationId":"h9gsl8mev7v6bw6"}
{"type":"log","timestamp":1737306149889,"level":"debug","message":"Rendering engine handlebars","meta":{"rootId":"2ssgkbsje9sjhja","id":"2ssgkbsje9sjhja"},"id":"d5e3kud5rue05qr","previousOperationId":"v7w97kbw56dopxm"}
{"type":"operationEnd","operationId":"v7w97kbw56dopxm","timestamp":1737306149895,"id":"g0u7ss8b9uko8ug","previousEventId":"7f7ek8h5jbg2xu0","previousOperationId":"v7w97kbw56dopxm"}
{"type":"operationStart","subtype":"recipe","name":"chrome-pdf","timestamp":1737306149896,"id":"po1dexicpqvqf8t","previousEventId":"g0u7ss8b9uko8ug","operationId":"wmj5j1qabpswdor","previousOperationId":"v7w97kbw56dopxm"}
{"type":"log","timestamp":1737306149896,"level":"debug","message":"Executing recipe chrome-pdf","meta":{"rootId":"2ssgkbsje9sjhja","id":"2ssgkbsje9sjhja"},"id":"u5yu0u10tqvpw9f","previousOperationId":"wmj5j1qabpswdor"}
{"type":"log","timestamp":1737306150295,"level":"debug","message":"Converting with chrome Chrome/130.0.6723.69 using dedicated-process strategy","meta":{"rootId":"2ssgkbsje9sjhja","id":"2ssgkbsje9sjhja"},"id":"g8o3pe9sry9ctnb","previousOperationId":"wmj5j1qabpswdor"}
{"type":"log","timestamp":1737306150404,"level":"debug","message":"Page request: GET (document) file:///C:/Users/jrmat/AppData/Local/Temp/jsreport/autocleanup/23f5b3e5-85df-466e-abab-c209ce5e8f1a-chrome-pdf.html","meta":{"rootId":"2ssgkbsje9sjhja","id":"2ssgkbsje9sjhja"},"id":"4h5jhagrzmhy3z5","previousOperationId":"wmj5j1qabpswdor"}
{"type":"log","timestamp":1737306150423,"level":"debug","message":"Page request finished: GET (document) 200 file:///C:/Users/jrmat/AppData/Local/Temp/jsreport/autocleanup/23f5b3e5-85df-466e-abab-c209ce5e8f1a-chrome-pdf.html","meta":{"rootId":"2ssgkbsje9sjhja","id":"2ssgkbsje9sjhja"},"id":"01x8lx31beeqt60","previousOperationId":"wmj5j1qabpswdor"}
{"type":"log","timestamp":1737306150425,"level":"debug","message":"Page request: GET (image) https://i.pinimg.com/736x/ac/66/fd/ac66fdbcf17e7c77173cf01c4dbb1cfc.jpg","meta":{"rootId":"2ssgkbsje9sjhja","id":"2ssgkbsje9sjhja"},"id":"caek3gmvsrbz5wh","previousOperationId":"wmj5j1qabpswdor"}
{"type":"log","timestamp":1737306150887,"level":"debug","message":"Page request finished: GET (image) 200 https://i.pinimg.com/736x/ac/66/fd/ac66fdbcf17e7c77173cf01c4dbb1cfc.jpg","meta":{"rootId":"2ssgkbsje9sjhja","id":"2ssgkbsje9sjhja"},"id":"kwxhzqdh2qzo3g6","previousOperationId":"wmj5j1qabpswdor"}
{"type":"log","timestamp":1737306150893,"level":"debug","message":"Running chrome with params {\"printBackground\":true,\"timeout\":59985,\"margin\":{}}","meta":{"rootId":"2ssgkbsje9sjhja","id":"2ssgkbsje9sjhja"},"id":"ft9p5dqlhwhz32l","previousOperationId":"wmj5j1qabpswdor"}
{"type":"operationEnd","operationId":"wmj5j1qabpswdor","timestamp":1737306151589,"id":"49sh9lwadd259af","previousEventId":"po1dexicpqvqf8t","previousOperationId":"wmj5j1qabpswdor"}
{"type":"log","timestamp":1737306151589,"level":"debug","message":"Skipping storing report.","meta":{"rootId":"2ssgkbsje9sjhja","id":"2ssgkbsje9sjhja"},"id":"x1o2n9swk0ms4zj","previousOperationId":"wmj5j1qabpswdor"}
{"type":"log","timestamp":1737306151589,"level":"info","message":"Rendering request 9 finished in 1707 ms","meta":{"rootId":"2ssgkbsje9sjhja","id":"2ssgkbsje9sjhja"},"id":"m3jyyuvjemvukt4","previousOperationId":"wmj5j1qabpswdor"}
{"type":"operationEnd","subtype":"render","operationId":"h9gsl8mev7v6bw6","timestamp":1737306151589,"id":"zqtph0lrom9guor","previousEventId":"49sh9lwadd259af","previousOperationId":"wmj5j1qabpswdor"}
{"type":"operationEnd","doDiffs":false,"previousEventId":"9i06dx7qz3j3i79","previousOperationId":"9zalvjpty1yfeqr","operationId":"9zalvjpty1yfeqr","timestamp":1737306151593,"id":"6pa223l8iu7r7eo"}
