{"type":"operationStart","subtype":"profile","data":{"_id":"MNWhs7uRWt16GMMR","timestamp":"2025-01-19T16:47:14.051Z","state":"queued","mode":"standard","creationDate":"2025-01-19T16:47:14.056Z","modificationDate":"2025-01-19T16:47:14.056Z","shortid":"giLJCea","$entitySet":"profiles"},"doDiffs":false,"timestamp":1737305234054,"id":"iq2d8z1n6f3on01","previousOperationId":null,"operationId":"0vaingdd2i7h9sx"}
{"type":"log","level":"info","message":"Render request 3 queued for execution and waiting for available worker","previousOperationId":"0vaingdd2i7h9sx","timestamp":1737305234054,"id":"awqhxwuo2fwkjst"}
{"type":"operationStart","subtype":"render","name":"alaMasUsada","previousOperationId":"0vaingdd2i7h9sx","timestamp":1737305234065,"id":"g28wl7872pwm5lx","previousEventId":"iq2d8z1n6f3on01","operationId":"x8fg9vrqshfolba"}
{"type":"log","timestamp":1737305234065,"level":"info","message":"Starting rendering request 3","meta":{"rootId":"5dvc4w7tgm25c1c","id":"5dvc4w7tgm25c1c"},"id":"fmctl2cl11vfkf7","previousOperationId":"x8fg9vrqshfolba"}
{"type":"log","timestamp":1737305234065,"level":"info","message":"Rendering template { name: alaMasUsada, recipe: chrome-pdf, engine: handlebars, preview: false }","meta":{"rootId":"5dvc4w7tgm25c1c","id":"5dvc4w7tgm25c1c"},"id":"j7n5i59kz3obaba","previousOperationId":"x8fg9vrqshfolba"}
{"type":"log","timestamp":1737305234065,"level":"debug","message":"Inline data specified.","meta":{"rootId":"5dvc4w7tgm25c1c","id":"5dvc4w7tgm25c1c"},"id":"gqsc49x4z0isz2p","previousOperationId":"x8fg9vrqshfolba"}
{"type":"log","timestamp":1737305234067,"level":"debug","message":"Base url not specified, skipping its injection.","meta":{"rootId":"5dvc4w7tgm25c1c","id":"5dvc4w7tgm25c1c"},"id":"exwt27n0f2ergbb","previousOperationId":"x8fg9vrqshfolba"}
{"type":"operationStart","subtype":"engine","name":"handlebars","timestamp":1737305234068,"id":"fdlm34h8s0j5o51","previousEventId":"g28wl7872pwm5lx","operationId":"5end9wbhimu28v0","previousOperationId":"x8fg9vrqshfolba"}
{"type":"log","timestamp":1737305234068,"level":"debug","message":"Rendering engine handlebars","meta":{"rootId":"5dvc4w7tgm25c1c","id":"5dvc4w7tgm25c1c"},"id":"7m2wm0ix741ck3b","previousOperationId":"5end9wbhimu28v0"}
{"type":"operationEnd","operationId":"5end9wbhimu28v0","timestamp":1737305234090,"id":"0zw7hjw0lism4qa","previousEventId":"fdlm34h8s0j5o51","previousOperationId":"5end9wbhimu28v0"}
{"type":"operationStart","subtype":"recipe","name":"chrome-pdf","timestamp":1737305234090,"id":"w09ilyo9wh9eicy","previousEventId":"0zw7hjw0lism4qa","operationId":"gpy2mqglc1oxnna","previousOperationId":"5end9wbhimu28v0"}
{"type":"log","timestamp":1737305234090,"level":"debug","message":"Executing recipe chrome-pdf","meta":{"rootId":"5dvc4w7tgm25c1c","id":"5dvc4w7tgm25c1c"},"id":"jo7g7i05rvypk0y","previousOperationId":"gpy2mqglc1oxnna"}
{"type":"log","timestamp":1737305234493,"level":"debug","message":"Converting with chrome Chrome/130.0.6723.69 using dedicated-process strategy","meta":{"rootId":"5dvc4w7tgm25c1c","id":"5dvc4w7tgm25c1c"},"id":"mm7elqmts7p5vqk","previousOperationId":"gpy2mqglc1oxnna"}
{"type":"log","timestamp":1737305234600,"level":"debug","message":"Page request: GET (document) file:///C:/Users/jrmat/AppData/Local/Temp/jsreport/autocleanup/02ffa5c2-e9cc-4600-ba6c-d5b60e47a4d7-chrome-pdf.html","meta":{"rootId":"5dvc4w7tgm25c1c","id":"5dvc4w7tgm25c1c"},"id":"v4ud3quabb1tarf","previousOperationId":"gpy2mqglc1oxnna"}
{"type":"log","timestamp":1737305234616,"level":"debug","message":"Page request finished: GET (document) 200 file:///C:/Users/jrmat/AppData/Local/Temp/jsreport/autocleanup/02ffa5c2-e9cc-4600-ba6c-d5b60e47a4d7-chrome-pdf.html","meta":{"rootId":"5dvc4w7tgm25c1c","id":"5dvc4w7tgm25c1c"},"id":"hqkwefx0j4zwb40","previousOperationId":"gpy2mqglc1oxnna"}
{"type":"log","timestamp":1737305234617,"level":"debug","message":"Page request: GET (image) https://i.pinimg.com/736x/ac/66/fd/ac66fdbcf17e7c77173cf01c4dbb1cfc.jpg","meta":{"rootId":"5dvc4w7tgm25c1c","id":"5dvc4w7tgm25c1c"},"id":"quiv8cilnh91hse","previousOperationId":"gpy2mqglc1oxnna"}
{"type":"log","timestamp":1737305234962,"level":"debug","message":"Page request finished: GET (image) 200 https://i.pinimg.com/736x/ac/66/fd/ac66fdbcf17e7c77173cf01c4dbb1cfc.jpg","meta":{"rootId":"5dvc4w7tgm25c1c","id":"5dvc4w7tgm25c1c"},"id":"jodh6sy69h7b6sw","previousOperationId":"gpy2mqglc1oxnna"}
{"type":"log","timestamp":1737305234968,"level":"debug","message":"Running chrome with params {\"printBackground\":true,\"timeout\":59958,\"margin\":{}}","meta":{"rootId":"5dvc4w7tgm25c1c","id":"5dvc4w7tgm25c1c"},"id":"7eucupxn9gnq28a","previousOperationId":"gpy2mqglc1oxnna"}
{"type":"operationEnd","operationId":"gpy2mqglc1oxnna","timestamp":1737305235297,"id":"2f2mhfcxifh6chc","previousEventId":"w09ilyo9wh9eicy","previousOperationId":"gpy2mqglc1oxnna"}
{"type":"log","timestamp":1737305235297,"level":"debug","message":"Skipping storing report.","meta":{"rootId":"5dvc4w7tgm25c1c","id":"5dvc4w7tgm25c1c"},"id":"avk129f4ynz6axn","previousOperationId":"gpy2mqglc1oxnna"}
{"type":"log","timestamp":1737305235297,"level":"info","message":"Rendering request 3 finished in 1247 ms","meta":{"rootId":"5dvc4w7tgm25c1c","id":"5dvc4w7tgm25c1c"},"id":"vy17ieza46sxm9y","previousOperationId":"gpy2mqglc1oxnna"}
{"type":"operationEnd","subtype":"render","operationId":"x8fg9vrqshfolba","timestamp":1737305235297,"id":"nh97g16rm0366x2","previousEventId":"2f2mhfcxifh6chc","previousOperationId":"gpy2mqglc1oxnna"}
{"type":"operationEnd","doDiffs":false,"previousEventId":"iq2d8z1n6f3on01","previousOperationId":"0vaingdd2i7h9sx","operationId":"0vaingdd2i7h9sx","timestamp":1737305235300,"id":"zq5tlnqm9cuip5i"}
