{"type":"operationStart","subtype":"profile","data":{"_id":"JOSO1d6UWYEz2lHQ","timestamp":"2025-01-19T16:52:07.732Z","state":"queued","mode":"standard","creationDate":"2025-01-19T16:52:07.738Z","modificationDate":"2025-01-19T16:52:07.738Z","shortid":"VGQMGS9","$entitySet":"profiles"},"doDiffs":false,"timestamp":1737305527735,"id":"9hnsi591gauk7m5","previousOperationId":null,"operationId":"cfafpk6cvcc8ny2"}
{"type":"log","level":"info","message":"Render request 9 queued for execution and waiting for available worker","previousOperationId":"cfafpk6cvcc8ny2","timestamp":1737305527735,"id":"9e7x40di3wjhvjf"}
{"type":"operationStart","subtype":"render","name":"alaMasUsada","previousOperationId":"cfafpk6cvcc8ny2","timestamp":1737305527755,"id":"wpa4neuf6wigqxb","previousEventId":"9hnsi591gauk7m5","operationId":"zruffb6vlcau5ws"}
{"type":"log","timestamp":1737305527755,"level":"info","message":"Starting rendering request 9","meta":{"rootId":"60t6qustmksg55b","id":"60t6qustmksg55b"},"id":"mt3oz4qe235vu12","previousOperationId":"zruffb6vlcau5ws"}
{"type":"log","timestamp":1737305527755,"level":"info","message":"Rendering template { name: alaMasUsada, recipe: chrome-pdf, engine: handlebars, preview: false }","meta":{"rootId":"60t6qustmksg55b","id":"60t6qustmksg55b"},"id":"gyqzx30g6l4a7ig","previousOperationId":"zruffb6vlcau5ws"}
{"type":"log","timestamp":1737305527755,"level":"debug","message":"Inline data specified.","meta":{"rootId":"60t6qustmksg55b","id":"60t6qustmksg55b"},"id":"42yk1150ngom24m","previousOperationId":"zruffb6vlcau5ws"}
{"type":"log","timestamp":1737305527759,"level":"debug","message":"Base url not specified, skipping its injection.","meta":{"rootId":"60t6qustmksg55b","id":"60t6qustmksg55b"},"id":"ilf6pprkdw4n5yh","previousOperationId":"zruffb6vlcau5ws"}
{"type":"operationStart","subtype":"engine","name":"handlebars","timestamp":1737305527760,"id":"xzhe6tjxziyn4ch","previousEventId":"wpa4neuf6wigqxb","operationId":"8t2pd5zksxb1ur7","previousOperationId":"zruffb6vlcau5ws"}
{"type":"log","timestamp":1737305527760,"level":"debug","message":"Rendering engine handlebars","meta":{"rootId":"60t6qustmksg55b","id":"60t6qustmksg55b"},"id":"0rmefaruuxeksw8","previousOperationId":"8t2pd5zksxb1ur7"}
{"type":"operationEnd","operationId":"8t2pd5zksxb1ur7","timestamp":1737305527769,"id":"xau64wlanc3vy20","previousEventId":"xzhe6tjxziyn4ch","previousOperationId":"8t2pd5zksxb1ur7"}
{"type":"operationStart","subtype":"recipe","name":"chrome-pdf","timestamp":1737305527769,"id":"87fshdobd9sym9b","previousEventId":"xau64wlanc3vy20","operationId":"ce3sz4fmzqsc9ze","previousOperationId":"8t2pd5zksxb1ur7"}
{"type":"log","timestamp":1737305527769,"level":"debug","message":"Executing recipe chrome-pdf","meta":{"rootId":"60t6qustmksg55b","id":"60t6qustmksg55b"},"id":"1ojyujpzu29wilf","previousOperationId":"ce3sz4fmzqsc9ze"}
{"type":"log","timestamp":1737305528249,"level":"debug","message":"Converting with chrome Chrome/130.0.6723.69 using dedicated-process strategy","meta":{"rootId":"60t6qustmksg55b","id":"60t6qustmksg55b"},"id":"40sdqjw7qoczols","previousOperationId":"ce3sz4fmzqsc9ze"}
{"type":"log","timestamp":1737305528375,"level":"debug","message":"Page request: GET (document) file:///C:/Users/jrmat/AppData/Local/Temp/jsreport/autocleanup/51568479-bda4-4ba5-8773-73d7c9398cca-chrome-pdf.html","meta":{"rootId":"60t6qustmksg55b","id":"60t6qustmksg55b"},"id":"uqaiyj3ef6aa6iw","previousOperationId":"ce3sz4fmzqsc9ze"}
{"type":"log","timestamp":1737305528393,"level":"debug","message":"Page request finished: GET (document) 200 file:///C:/Users/jrmat/AppData/Local/Temp/jsreport/autocleanup/51568479-bda4-4ba5-8773-73d7c9398cca-chrome-pdf.html","meta":{"rootId":"60t6qustmksg55b","id":"60t6qustmksg55b"},"id":"bxpz27gvempxw84","previousOperationId":"ce3sz4fmzqsc9ze"}
{"type":"log","timestamp":1737305528394,"level":"debug","message":"Page request: GET (image) https://i.pinimg.com/736x/ac/66/fd/ac66fdbcf17e7c77173cf01c4dbb1cfc.jpg","meta":{"rootId":"60t6qustmksg55b","id":"60t6qustmksg55b"},"id":"dt7qfvmb6hg2fwp","previousOperationId":"ce3sz4fmzqsc9ze"}
{"type":"log","timestamp":1737305528800,"level":"debug","message":"Page request finished: GET (image) 200 https://i.pinimg.com/736x/ac/66/fd/ac66fdbcf17e7c77173cf01c4dbb1cfc.jpg","meta":{"rootId":"60t6qustmksg55b","id":"60t6qustmksg55b"},"id":"wc7hscfyyysffn1","previousOperationId":"ce3sz4fmzqsc9ze"}
{"type":"log","timestamp":1737305528802,"level":"debug","message":"Running chrome with params {\"printBackground\":true,\"timeout\":59960,\"margin\":{}}","meta":{"rootId":"60t6qustmksg55b","id":"60t6qustmksg55b"},"id":"at7nfmfon7j1yv6","previousOperationId":"ce3sz4fmzqsc9ze"}
{"type":"operationEnd","operationId":"ce3sz4fmzqsc9ze","timestamp":1737305529224,"id":"rm52kx7qqa4dtm5","previousEventId":"87fshdobd9sym9b","previousOperationId":"ce3sz4fmzqsc9ze"}
{"type":"log","timestamp":1737305529224,"level":"debug","message":"Skipping storing report.","meta":{"rootId":"60t6qustmksg55b","id":"60t6qustmksg55b"},"id":"0xrhkh6ee9a82xz","previousOperationId":"ce3sz4fmzqsc9ze"}
{"type":"log","timestamp":1737305529224,"level":"info","message":"Rendering request 9 finished in 1493 ms","meta":{"rootId":"60t6qustmksg55b","id":"60t6qustmksg55b"},"id":"h6dvmf05b9fljil","previousOperationId":"ce3sz4fmzqsc9ze"}
{"type":"operationEnd","subtype":"render","operationId":"zruffb6vlcau5ws","timestamp":1737305529224,"id":"r3agvb9ctl2t8fk","previousEventId":"rm52kx7qqa4dtm5","previousOperationId":"ce3sz4fmzqsc9ze"}
{"type":"operationEnd","doDiffs":false,"previousEventId":"9hnsi591gauk7m5","previousOperationId":"cfafpk6cvcc8ny2","operationId":"cfafpk6cvcc8ny2","timestamp":1737305529227,"id":"2pd8nh27tdc0z43"}
