{"type":"operationStart","subtype":"profile","data":{"_id":"bgDKchWt4yyw9TcJ","timestamp":"2025-01-19T17:04:41.524Z","state":"queued","mode":"standard","creationDate":"2025-01-19T17:04:41.528Z","modificationDate":"2025-01-19T17:04:41.528Z","shortid":"3B-kqNU","$entitySet":"profiles"},"doDiffs":false,"timestamp":1737306281526,"id":"b6nw17l8rah23l3","previousOperationId":null,"operationId":"1ripuic2up6fr94"}
{"type":"log","level":"info","message":"Render request 1 queued for execution and waiting for available worker","previousOperationId":"1ripuic2up6fr94","timestamp":1737306281526,"id":"riy34k5vtkaau2j"}
{"type":"operationStart","subtype":"render","name":"alaMasUsada","previousOperationId":"1ripuic2up6fr94","timestamp":1737306281550,"id":"z094r8m84wsai9t","previousEventId":"b6nw17l8rah23l3","operationId":"lkpoaeeuel3kw00"}
{"type":"log","timestamp":1737306281552,"level":"info","message":"Starting rendering request 1","meta":{"rootId":"6se1wmp3jn07pjd","id":"6se1wmp3jn07pjd"},"id":"llcbinkcdvblx1m","previousOperationId":"lkpoaeeuel3kw00"}
{"type":"log","timestamp":1737306281553,"level":"info","message":"Rendering template { name: alaMasUsada, recipe: chrome-pdf, engine: handlebars, preview: false }","meta":{"rootId":"6se1wmp3jn07pjd","id":"6se1wmp3jn07pjd"},"id":"1owzp8r69ksmeim","previousOperationId":"lkpoaeeuel3kw00"}
{"type":"log","timestamp":1737306281553,"level":"debug","message":"Inline data specified.","meta":{"rootId":"6se1wmp3jn07pjd","id":"6se1wmp3jn07pjd"},"id":"hn87y8l5o2k99it","previousOperationId":"lkpoaeeuel3kw00"}
{"type":"log","timestamp":1737306281560,"level":"debug","message":"Base url not specified, skipping its injection.","meta":{"rootId":"6se1wmp3jn07pjd","id":"6se1wmp3jn07pjd"},"id":"enivllfz1pnd14l","previousOperationId":"lkpoaeeuel3kw00"}
{"type":"operationStart","subtype":"engine","name":"handlebars","timestamp":1737306281561,"id":"aerw2hlmheh9xtv","previousEventId":"z094r8m84wsai9t","operationId":"t6fhxm4fvfn3r9o","previousOperationId":"lkpoaeeuel3kw00"}
{"type":"log","timestamp":1737306281561,"level":"debug","message":"Rendering engine handlebars","meta":{"rootId":"6se1wmp3jn07pjd","id":"6se1wmp3jn07pjd"},"id":"hskefip2nu4d2tm","previousOperationId":"t6fhxm4fvfn3r9o"}
{"type":"operationEnd","operationId":"t6fhxm4fvfn3r9o","timestamp":1737306282168,"id":"58vonpr4j4f9unl","previousEventId":"aerw2hlmheh9xtv","previousOperationId":"t6fhxm4fvfn3r9o"}
{"type":"operationStart","subtype":"recipe","name":"chrome-pdf","timestamp":1737306282169,"id":"xp5dpzgr0t26roy","previousEventId":"58vonpr4j4f9unl","operationId":"5upcrjaq3tt2dhh","previousOperationId":"t6fhxm4fvfn3r9o"}
{"type":"log","timestamp":1737306282169,"level":"debug","message":"Executing recipe chrome-pdf","meta":{"rootId":"6se1wmp3jn07pjd","id":"6se1wmp3jn07pjd"},"id":"g95ury3rkr0xx40","previousOperationId":"5upcrjaq3tt2dhh"}
{"type":"log","timestamp":1737306282581,"level":"debug","message":"Converting with chrome Chrome/130.0.6723.69 using dedicated-process strategy","meta":{"rootId":"6se1wmp3jn07pjd","id":"6se1wmp3jn07pjd"},"id":"v5wywarafvzjfuc","previousOperationId":"5upcrjaq3tt2dhh"}
{"type":"log","timestamp":1737306282774,"level":"debug","message":"Page request: GET (document) file:///C:/Users/jrmat/AppData/Local/Temp/jsreport/autocleanup/f9219544-25bb-4839-a066-d58bddfe75ae-chrome-pdf.html","meta":{"rootId":"6se1wmp3jn07pjd","id":"6se1wmp3jn07pjd"},"id":"wu7w2gjqvr751ok","previousOperationId":"5upcrjaq3tt2dhh"}
{"type":"log","timestamp":1737306282793,"level":"debug","message":"Page request finished: GET (document) 200 file:///C:/Users/jrmat/AppData/Local/Temp/jsreport/autocleanup/f9219544-25bb-4839-a066-d58bddfe75ae-chrome-pdf.html","meta":{"rootId":"6se1wmp3jn07pjd","id":"6se1wmp3jn07pjd"},"id":"0fmp4z6ut1xpkxj","previousOperationId":"5upcrjaq3tt2dhh"}
{"type":"log","timestamp":1737306282796,"level":"debug","message":"Page request: GET (image) https://i.pinimg.com/736x/ac/66/fd/ac66fdbcf17e7c77173cf01c4dbb1cfc.jpg","meta":{"rootId":"6se1wmp3jn07pjd","id":"6se1wmp3jn07pjd"},"id":"0t00uk8oiynv11t","previousOperationId":"5upcrjaq3tt2dhh"}
{"type":"log","timestamp":1737306283049,"level":"debug","message":"Page request finished: GET (image) 200 https://i.pinimg.com/736x/ac/66/fd/ac66fdbcf17e7c77173cf01c4dbb1cfc.jpg","meta":{"rootId":"6se1wmp3jn07pjd","id":"6se1wmp3jn07pjd"},"id":"yb9pz9mhq7r6wcy","previousOperationId":"5upcrjaq3tt2dhh"}
{"type":"log","timestamp":1737306283062,"level":"debug","message":"Running chrome with params {\"printBackground\":true,\"timeout\":59342,\"margin\":{}}","meta":{"rootId":"6se1wmp3jn07pjd","id":"6se1wmp3jn07pjd"},"id":"n83xiyq9vyiwu9n","previousOperationId":"5upcrjaq3tt2dhh"}
{"type":"operationEnd","operationId":"5upcrjaq3tt2dhh","timestamp":1737306283544,"id":"8p0qbrer2ua5nrx","previousEventId":"xp5dpzgr0t26roy","previousOperationId":"5upcrjaq3tt2dhh"}
{"type":"log","timestamp":1737306283544,"level":"debug","message":"Skipping storing report.","meta":{"rootId":"6se1wmp3jn07pjd","id":"6se1wmp3jn07pjd"},"id":"x7wpu9rfzzn1t8s","previousOperationId":"5upcrjaq3tt2dhh"}
{"type":"log","timestamp":1737306283545,"level":"info","message":"Rendering request 1 finished in 2022 ms","meta":{"rootId":"6se1wmp3jn07pjd","id":"6se1wmp3jn07pjd"},"id":"zgmxnmxwofa66cx","previousOperationId":"5upcrjaq3tt2dhh"}
{"type":"operationEnd","subtype":"render","operationId":"lkpoaeeuel3kw00","timestamp":1737306283545,"id":"obnviz3anexeu6l","previousEventId":"8p0qbrer2ua5nrx","previousOperationId":"5upcrjaq3tt2dhh"}
{"type":"operationEnd","doDiffs":false,"previousEventId":"b6nw17l8rah23l3","previousOperationId":"1ripuic2up6fr94","operationId":"1ripuic2up6fr94","timestamp":1737306283548,"id":"dqtgnvfv89ppfzc"}
