{"type":"operationStart","subtype":"profile","data":{"_id":"f1sSsSzQTAe1YaVn","timestamp":"2025-01-19T17:04:25.709Z","state":"queued","mode":"standard","creationDate":"2025-01-19T17:04:25.712Z","modificationDate":"2025-01-19T17:04:25.712Z","shortid":"hNxF-wX","$entitySet":"profiles"},"doDiffs":false,"timestamp":1737306265710,"id":"feg489njhqj90mc","previousOperationId":null,"operationId":"36d93qbzeqwho3i"}
{"type":"log","level":"info","message":"Render request 13 queued for execution and waiting for available worker","previousOperationId":"36d93qbzeqwho3i","timestamp":1737306265710,"id":"7rgatlniuq62m01"}
{"type":"operationStart","subtype":"render","name":"alaMasUsada","previousOperationId":"36d93qbzeqwho3i","timestamp":1737306265717,"id":"7qsj5xv1c361chm","previousEventId":"feg489njhqj90mc","operationId":"cu3j6hpcf58hzny"}
{"type":"log","timestamp":1737306265717,"level":"info","message":"Starting rendering request 13","meta":{"rootId":"7p8breucxl4b9d1","id":"7p8breucxl4b9d1"},"id":"6shxrlvi3oodqbt","previousOperationId":"cu3j6hpcf58hzny"}
{"type":"log","timestamp":1737306265717,"level":"info","message":"Rendering template { name: alaMasUsada, recipe: chrome-pdf, engine: handlebars, preview: false }","meta":{"rootId":"7p8breucxl4b9d1","id":"7p8breucxl4b9d1"},"id":"05ly1da0tutsgaa","previousOperationId":"cu3j6hpcf58hzny"}
{"type":"log","timestamp":1737306265717,"level":"debug","message":"Inline data specified.","meta":{"rootId":"7p8breucxl4b9d1","id":"7p8breucxl4b9d1"},"id":"apfchz4ug6uojcv","previousOperationId":"cu3j6hpcf58hzny"}
{"type":"log","timestamp":1737306265718,"level":"debug","message":"Base url not specified, skipping its injection.","meta":{"rootId":"7p8breucxl4b9d1","id":"7p8breucxl4b9d1"},"id":"m9udtzqh0ecto1w","previousOperationId":"cu3j6hpcf58hzny"}
{"type":"operationStart","subtype":"engine","name":"handlebars","timestamp":1737306265719,"id":"9q3zr9saeasuzzz","previousEventId":"7qsj5xv1c361chm","operationId":"2bwcsu1ydcfusai","previousOperationId":"cu3j6hpcf58hzny"}
{"type":"log","timestamp":1737306265719,"level":"debug","message":"Rendering engine handlebars","meta":{"rootId":"7p8breucxl4b9d1","id":"7p8breucxl4b9d1"},"id":"ajf2w4xjo7mv7mb","previousOperationId":"2bwcsu1ydcfusai"}
{"type":"operationEnd","operationId":"2bwcsu1ydcfusai","timestamp":1737306265727,"id":"wn9u3hs2mce99e9","previousEventId":"9q3zr9saeasuzzz","previousOperationId":"2bwcsu1ydcfusai"}
{"type":"operationStart","subtype":"recipe","name":"chrome-pdf","timestamp":1737306265727,"id":"vp8a2fyhbe4jhal","previousEventId":"wn9u3hs2mce99e9","operationId":"zguw76uxqdq8gne","previousOperationId":"2bwcsu1ydcfusai"}
{"type":"log","timestamp":1737306265727,"level":"debug","message":"Executing recipe chrome-pdf","meta":{"rootId":"7p8breucxl4b9d1","id":"7p8breucxl4b9d1"},"id":"az4h0kt23112h3b","previousOperationId":"zguw76uxqdq8gne"}
{"type":"log","timestamp":1737306266233,"level":"debug","message":"Converting with chrome Chrome/130.0.6723.69 using dedicated-process strategy","meta":{"rootId":"7p8breucxl4b9d1","id":"7p8breucxl4b9d1"},"id":"g3d5s1zu78v1lyc","previousOperationId":"zguw76uxqdq8gne"}
{"type":"log","timestamp":1737306266336,"level":"debug","message":"Page request: GET (document) file:///C:/Users/jrmat/AppData/Local/Temp/jsreport/autocleanup/65b8985d-d67f-4dc8-9756-055efc2a6929-chrome-pdf.html","meta":{"rootId":"7p8breucxl4b9d1","id":"7p8breucxl4b9d1"},"id":"0ecv5jw0u91tlig","previousOperationId":"zguw76uxqdq8gne"}
{"type":"log","timestamp":1737306266355,"level":"debug","message":"Page request finished: GET (document) 200 file:///C:/Users/jrmat/AppData/Local/Temp/jsreport/autocleanup/65b8985d-d67f-4dc8-9756-055efc2a6929-chrome-pdf.html","meta":{"rootId":"7p8breucxl4b9d1","id":"7p8breucxl4b9d1"},"id":"8d0cutjqlr8g9z7","previousOperationId":"zguw76uxqdq8gne"}
{"type":"log","timestamp":1737306266356,"level":"debug","message":"Page request: GET (image) https://i.pinimg.com/736x/ac/66/fd/ac66fdbcf17e7c77173cf01c4dbb1cfc.jpg","meta":{"rootId":"7p8breucxl4b9d1","id":"7p8breucxl4b9d1"},"id":"fsgf52e1qhco89q","previousOperationId":"zguw76uxqdq8gne"}
{"type":"log","timestamp":1737306266597,"level":"debug","message":"Page request finished: GET (image) 200 https://i.pinimg.com/736x/ac/66/fd/ac66fdbcf17e7c77173cf01c4dbb1cfc.jpg","meta":{"rootId":"7p8breucxl4b9d1","id":"7p8breucxl4b9d1"},"id":"8dg0zgrwperym0d","previousOperationId":"zguw76uxqdq8gne"}
{"type":"log","timestamp":1737306266600,"level":"debug","message":"Running chrome with params {\"printBackground\":true,\"timeout\":59980,\"margin\":{}}","meta":{"rootId":"7p8breucxl4b9d1","id":"7p8breucxl4b9d1"},"id":"5j862ypjg11lt4v","previousOperationId":"zguw76uxqdq8gne"}
{"type":"operationEnd","operationId":"zguw76uxqdq8gne","timestamp":1737306266934,"id":"jjl1whkw9t3aa14","previousEventId":"vp8a2fyhbe4jhal","previousOperationId":"zguw76uxqdq8gne"}
{"type":"log","timestamp":1737306266934,"level":"debug","message":"Skipping storing report.","meta":{"rootId":"7p8breucxl4b9d1","id":"7p8breucxl4b9d1"},"id":"w6o0xolit7cu3e6","previousOperationId":"zguw76uxqdq8gne"}
{"type":"log","timestamp":1737306266934,"level":"info","message":"Rendering request 13 finished in 1225 ms","meta":{"rootId":"7p8breucxl4b9d1","id":"7p8breucxl4b9d1"},"id":"v8dtdjdznpxcdov","previousOperationId":"zguw76uxqdq8gne"}
{"type":"operationEnd","subtype":"render","operationId":"cu3j6hpcf58hzny","timestamp":1737306266934,"id":"p5u6skd96r5qjfq","previousEventId":"jjl1whkw9t3aa14","previousOperationId":"zguw76uxqdq8gne"}
{"type":"operationEnd","doDiffs":false,"previousEventId":"feg489njhqj90mc","previousOperationId":"36d93qbzeqwho3i","operationId":"36d93qbzeqwho3i","timestamp":1737306266936,"id":"b4ypt3hbyml7j5e"}
