{"type":"operationStart","subtype":"profile","data":{"_id":"neejzKHeUMviQUO2","timestamp":"2025-01-19T16:57:05.657Z","state":"queued","mode":"standard","creationDate":"2025-01-19T16:57:05.660Z","modificationDate":"2025-01-19T16:57:05.660Z","shortid":"_GMBdK2","$entitySet":"profiles"},"doDiffs":false,"timestamp":1737305825659,"id":"kpabi49i04ro3im","previousOperationId":null,"operationId":"r7lk9txf0czhhha"}
{"type":"log","level":"info","message":"Render request 1 queued for execution and waiting for available worker","previousOperationId":"r7lk9txf0czhhha","timestamp":1737305825659,"id":"2h3xuj4fjrm4q64"}
{"type":"operationStart","subtype":"render","name":"alaMasUsada","previousOperationId":"r7lk9txf0czhhha","timestamp":1737305825673,"id":"myz6ezn62l34diz","previousEventId":"kpabi49i04ro3im","operationId":"by7q0wvhhfbjzpx"}
{"type":"log","timestamp":1737305825674,"level":"info","message":"Starting rendering request 1","meta":{"rootId":"8s0gwqd6ia7ek04","id":"8s0gwqd6ia7ek04"},"id":"m11ss6tcjwdtxg6","previousOperationId":"by7q0wvhhfbjzpx"}
{"type":"log","timestamp":1737305825675,"level":"info","message":"Rendering template { name: alaMasUsada, recipe: chrome-pdf, engine: handlebars, preview: false }","meta":{"rootId":"8s0gwqd6ia7ek04","id":"8s0gwqd6ia7ek04"},"id":"qww3u906h7q7ibk","previousOperationId":"by7q0wvhhfbjzpx"}
{"type":"log","timestamp":1737305825675,"level":"debug","message":"Inline data specified.","meta":{"rootId":"8s0gwqd6ia7ek04","id":"8s0gwqd6ia7ek04"},"id":"x5pfmkitm8u1dce","previousOperationId":"by7q0wvhhfbjzpx"}
{"type":"log","timestamp":1737305825679,"level":"debug","message":"Base url not specified, skipping its injection.","meta":{"rootId":"8s0gwqd6ia7ek04","id":"8s0gwqd6ia7ek04"},"id":"k2f6hp5qw0cy5z4","previousOperationId":"by7q0wvhhfbjzpx"}
{"type":"operationStart","subtype":"engine","name":"handlebars","timestamp":1737305825680,"id":"26twylamfbvy36l","previousEventId":"myz6ezn62l34diz","operationId":"v6qm3is5acx518v","previousOperationId":"by7q0wvhhfbjzpx"}
{"type":"log","timestamp":1737305825680,"level":"debug","message":"Rendering engine handlebars","meta":{"rootId":"8s0gwqd6ia7ek04","id":"8s0gwqd6ia7ek04"},"id":"bcmzi5wgupwdi50","previousOperationId":"v6qm3is5acx518v"}
{"type":"operationEnd","operationId":"v6qm3is5acx518v","timestamp":1737305826081,"id":"fo9w8ujrkpb1jkw","previousEventId":"26twylamfbvy36l","previousOperationId":"v6qm3is5acx518v"}
{"type":"operationStart","subtype":"recipe","name":"chrome-pdf","timestamp":1737305826082,"id":"i81o6603yxzannt","previousEventId":"fo9w8ujrkpb1jkw","operationId":"7zr9ciki1evtnrq","previousOperationId":"v6qm3is5acx518v"}
{"type":"log","timestamp":1737305826082,"level":"debug","message":"Executing recipe chrome-pdf","meta":{"rootId":"8s0gwqd6ia7ek04","id":"8s0gwqd6ia7ek04"},"id":"y1d3581d2bcbbj3","previousOperationId":"7zr9ciki1evtnrq"}
{"type":"log","timestamp":1737305826498,"level":"debug","message":"Converting with chrome Chrome/130.0.6723.69 using dedicated-process strategy","meta":{"rootId":"8s0gwqd6ia7ek04","id":"8s0gwqd6ia7ek04"},"id":"nbj8pgkzgy0yy6c","previousOperationId":"7zr9ciki1evtnrq"}
{"type":"log","timestamp":1737305826570,"level":"debug","message":"Page request: GET (document) file:///C:/Users/jrmat/AppData/Local/Temp/jsreport/autocleanup/6f917889-1f8d-4477-85a5-aef02b84b935-chrome-pdf.html","meta":{"rootId":"8s0gwqd6ia7ek04","id":"8s0gwqd6ia7ek04"},"id":"yq0l04j7gq8cgm7","previousOperationId":"7zr9ciki1evtnrq"}
{"type":"log","timestamp":1737305826584,"level":"debug","message":"Page request finished: GET (document) 200 file:///C:/Users/jrmat/AppData/Local/Temp/jsreport/autocleanup/6f917889-1f8d-4477-85a5-aef02b84b935-chrome-pdf.html","meta":{"rootId":"8s0gwqd6ia7ek04","id":"8s0gwqd6ia7ek04"},"id":"hn83cn4e1r14m0m","previousOperationId":"7zr9ciki1evtnrq"}
{"type":"log","timestamp":1737305826585,"level":"debug","message":"Page request: GET (image) https://i.pinimg.com/736x/ac/66/fd/ac66fdbcf17e7c77173cf01c4dbb1cfc.jpg","meta":{"rootId":"8s0gwqd6ia7ek04","id":"8s0gwqd6ia7ek04"},"id":"jjv35nlpx89b25k","previousOperationId":"7zr9ciki1evtnrq"}
{"type":"log","timestamp":1737305826842,"level":"debug","message":"Page request finished: GET (image) 200 https://i.pinimg.com/736x/ac/66/fd/ac66fdbcf17e7c77173cf01c4dbb1cfc.jpg","meta":{"rootId":"8s0gwqd6ia7ek04","id":"8s0gwqd6ia7ek04"},"id":"jsvxf3dj60r3cfk","previousOperationId":"7zr9ciki1evtnrq"}
{"type":"log","timestamp":1737305826849,"level":"debug","message":"Running chrome with params {\"printBackground\":true,\"timeout\":59570,\"margin\":{}}","meta":{"rootId":"8s0gwqd6ia7ek04","id":"8s0gwqd6ia7ek04"},"id":"u4mogyaxlcydiyn","previousOperationId":"7zr9ciki1evtnrq"}
{"type":"operationEnd","operationId":"7zr9ciki1evtnrq","timestamp":1737305827245,"id":"ondcfe445ye96wt","previousEventId":"i81o6603yxzannt","previousOperationId":"7zr9ciki1evtnrq"}
{"type":"log","timestamp":1737305827246,"level":"debug","message":"Skipping storing report.","meta":{"rootId":"8s0gwqd6ia7ek04","id":"8s0gwqd6ia7ek04"},"id":"wbcyjgkfijbwgbq","previousOperationId":"7zr9ciki1evtnrq"}
{"type":"log","timestamp":1737305827246,"level":"info","message":"Rendering request 1 finished in 1590 ms","meta":{"rootId":"8s0gwqd6ia7ek04","id":"8s0gwqd6ia7ek04"},"id":"ddsd0rqgk2cy17a","previousOperationId":"7zr9ciki1evtnrq"}
{"type":"operationEnd","subtype":"render","operationId":"by7q0wvhhfbjzpx","timestamp":1737305827246,"id":"vs8bfj6nkcxk9ox","previousEventId":"ondcfe445ye96wt","previousOperationId":"7zr9ciki1evtnrq"}
{"type":"operationEnd","doDiffs":false,"previousEventId":"kpabi49i04ro3im","previousOperationId":"r7lk9txf0czhhha","operationId":"r7lk9txf0czhhha","timestamp":1737305827248,"id":"kwymy2hm6ilmofe"}
