{"type":"operationStart","subtype":"profile","data":{"_id":"nxJRv78tcI4D719t","timestamp":"2025-01-19T16:57:38.290Z","state":"queued","mode":"standard","creationDate":"2025-01-19T16:57:38.293Z","modificationDate":"2025-01-19T16:57:38.293Z","shortid":"3OZF11I","$entitySet":"profiles"},"doDiffs":false,"timestamp":1737305858292,"id":"yo9hw0cgwn3430r","previousOperationId":null,"operationId":"kgtpqfbuh4cmsut"}
{"type":"log","level":"info","message":"Render request 2 queued for execution and waiting for available worker","previousOperationId":"kgtpqfbuh4cmsut","timestamp":1737305858292,"id":"k95lzkjmju1pubd"}
{"type":"operationStart","subtype":"render","name":"alaMasUsada","previousOperationId":"kgtpqfbuh4cmsut","timestamp":1737305858299,"id":"8a07mkk55gnk99x","previousEventId":"yo9hw0cgwn3430r","operationId":"3v9hlodcnpgbybx"}
{"type":"log","timestamp":1737305858300,"level":"info","message":"Starting rendering request 2","meta":{"rootId":"9lgvtumiaxzq14j","id":"9lgvtumiaxzq14j"},"id":"hcc4ny5t0o2xrsd","previousOperationId":"3v9hlodcnpgbybx"}
{"type":"log","timestamp":1737305858301,"level":"info","message":"Rendering template { name: alaMasUsada, recipe: chrome-pdf, engine: handlebars, preview: false }","meta":{"rootId":"9lgvtumiaxzq14j","id":"9lgvtumiaxzq14j"},"id":"r2fkivgfwjicoy1","previousOperationId":"3v9hlodcnpgbybx"}
{"type":"log","timestamp":1737305858302,"level":"debug","message":"Inline data specified.","meta":{"rootId":"9lgvtumiaxzq14j","id":"9lgvtumiaxzq14j"},"id":"8c3osfz35s2szw2","previousOperationId":"3v9hlodcnpgbybx"}
{"type":"log","timestamp":1737305858304,"level":"debug","message":"Base url not specified, skipping its injection.","meta":{"rootId":"9lgvtumiaxzq14j","id":"9lgvtumiaxzq14j"},"id":"vredmzqda3y3off","previousOperationId":"3v9hlodcnpgbybx"}
{"type":"operationStart","subtype":"engine","name":"handlebars","timestamp":1737305858305,"id":"hmqsihh9wli0rxz","previousEventId":"8a07mkk55gnk99x","operationId":"aj3aszfdnx2c3pw","previousOperationId":"3v9hlodcnpgbybx"}
{"type":"log","timestamp":1737305858305,"level":"debug","message":"Rendering engine handlebars","meta":{"rootId":"9lgvtumiaxzq14j","id":"9lgvtumiaxzq14j"},"id":"18mjdm4ps0bv35j","previousOperationId":"aj3aszfdnx2c3pw"}
{"type":"operationEnd","operationId":"aj3aszfdnx2c3pw","timestamp":1737305858750,"id":"uxusw9qaifvgo9o","previousEventId":"hmqsihh9wli0rxz","previousOperationId":"aj3aszfdnx2c3pw"}
{"type":"operationStart","subtype":"recipe","name":"chrome-pdf","timestamp":1737305858750,"id":"iudusdeyqoj3q0s","previousEventId":"uxusw9qaifvgo9o","operationId":"1dtpyhj3qun4bxh","previousOperationId":"aj3aszfdnx2c3pw"}
{"type":"log","timestamp":1737305858750,"level":"debug","message":"Executing recipe chrome-pdf","meta":{"rootId":"9lgvtumiaxzq14j","id":"9lgvtumiaxzq14j"},"id":"8y5sj7026kasb4n","previousOperationId":"1dtpyhj3qun4bxh"}
{"type":"log","timestamp":1737305859179,"level":"debug","message":"Converting with chrome Chrome/130.0.6723.69 using dedicated-process strategy","meta":{"rootId":"9lgvtumiaxzq14j","id":"9lgvtumiaxzq14j"},"id":"mvczivr6qxh4hi8","previousOperationId":"1dtpyhj3qun4bxh"}
{"type":"log","timestamp":1737305859309,"level":"debug","message":"Page request: GET (document) file:///C:/Users/jrmat/AppData/Local/Temp/jsreport/autocleanup/c15252d0-2675-4bb9-b1d2-901b4d8c4b67-chrome-pdf.html","meta":{"rootId":"9lgvtumiaxzq14j","id":"9lgvtumiaxzq14j"},"id":"cpx118nn1zqoyq5","previousOperationId":"1dtpyhj3qun4bxh"}
{"type":"log","timestamp":1737305859328,"level":"debug","message":"Page request finished: GET (document) 200 file:///C:/Users/jrmat/AppData/Local/Temp/jsreport/autocleanup/c15252d0-2675-4bb9-b1d2-901b4d8c4b67-chrome-pdf.html","meta":{"rootId":"9lgvtumiaxzq14j","id":"9lgvtumiaxzq14j"},"id":"msbovrgyfox7u19","previousOperationId":"1dtpyhj3qun4bxh"}
{"type":"log","timestamp":1737305859329,"level":"debug","message":"Page request: GET (image) https://i.pinimg.com/736x/ac/66/fd/ac66fdbcf17e7c77173cf01c4dbb1cfc.jpg","meta":{"rootId":"9lgvtumiaxzq14j","id":"9lgvtumiaxzq14j"},"id":"iearm9n82gedlii","previousOperationId":"1dtpyhj3qun4bxh"}
{"type":"log","timestamp":1737305859642,"level":"debug","message":"Page request finished: GET (image) 200 https://i.pinimg.com/736x/ac/66/fd/ac66fdbcf17e7c77173cf01c4dbb1cfc.jpg","meta":{"rootId":"9lgvtumiaxzq14j","id":"9lgvtumiaxzq14j"},"id":"zrnpmyzew4xqmck","previousOperationId":"1dtpyhj3qun4bxh"}
{"type":"log","timestamp":1737305859645,"level":"debug","message":"Running chrome with params {\"printBackground\":true,\"timeout\":59531,\"margin\":{}}","meta":{"rootId":"9lgvtumiaxzq14j","id":"9lgvtumiaxzq14j"},"id":"e44l53k62sinnm3","previousOperationId":"1dtpyhj3qun4bxh"}
{"type":"operationEnd","operationId":"1dtpyhj3qun4bxh","timestamp":1737305860126,"id":"mcqcbt43vcnstyu","previousEventId":"iudusdeyqoj3q0s","previousOperationId":"1dtpyhj3qun4bxh"}
{"type":"log","timestamp":1737305860127,"level":"debug","message":"Skipping storing report.","meta":{"rootId":"9lgvtumiaxzq14j","id":"9lgvtumiaxzq14j"},"id":"4699q1lvxgwdlaa","previousOperationId":"1dtpyhj3qun4bxh"}
{"type":"log","timestamp":1737305860127,"level":"info","message":"Rendering request 2 finished in 1838 ms","meta":{"rootId":"9lgvtumiaxzq14j","id":"9lgvtumiaxzq14j"},"id":"owl9uxsj7pnuxll","previousOperationId":"1dtpyhj3qun4bxh"}
{"type":"operationEnd","subtype":"render","operationId":"3v9hlodcnpgbybx","timestamp":1737305860127,"id":"16hrf5v4ioq51gv","previousEventId":"mcqcbt43vcnstyu","previousOperationId":"1dtpyhj3qun4bxh"}
{"type":"operationEnd","doDiffs":false,"previousEventId":"yo9hw0cgwn3430r","previousOperationId":"kgtpqfbuh4cmsut","operationId":"kgtpqfbuh4cmsut","timestamp":1737305860130,"id":"24si271w2kgunql"}
