{"type":"operationStart","subtype":"profile","data":{"_id":"SrNtTTKsPkRGduA0","timestamp":"2025-01-19T16:59:58.289Z","state":"queued","mode":"standard","creationDate":"2025-01-19T16:59:58.291Z","modificationDate":"2025-01-19T16:59:58.291Z","shortid":"SzkILDA","$entitySet":"profiles"},"doDiffs":false,"timestamp":1737305998290,"id":"f3wv4xb310hc7nb","previousOperationId":null,"operationId":"ym31x1gttna5zkc"}
{"type":"log","level":"info","message":"Render request 3 queued for execution and waiting for available worker","previousOperationId":"ym31x1gttna5zkc","timestamp":1737305998290,"id":"t8fob2ub3yruv2w"}
{"type":"operationStart","subtype":"render","name":"alaMasUsada","previousOperationId":"ym31x1gttna5zkc","timestamp":1737305998302,"id":"bsprigjeozvnpn8","previousEventId":"f3wv4xb310hc7nb","operationId":"y99fa7uq7dxe2tg"}
{"type":"log","timestamp":1737305998304,"level":"info","message":"Starting rendering request 3","meta":{"rootId":"c5v6ni9abm8pyy5","id":"c5v6ni9abm8pyy5"},"id":"yig50o0tqm2jorq","previousOperationId":"y99fa7uq7dxe2tg"}
{"type":"log","timestamp":1737305998305,"level":"info","message":"Rendering template { name: alaMasUsada, recipe: chrome-pdf, engine: handlebars, preview: false }","meta":{"rootId":"c5v6ni9abm8pyy5","id":"c5v6ni9abm8pyy5"},"id":"7w0mmwnwiasbbyz","previousOperationId":"y99fa7uq7dxe2tg"}
{"type":"log","timestamp":1737305998305,"level":"debug","message":"Inline data specified.","meta":{"rootId":"c5v6ni9abm8pyy5","id":"c5v6ni9abm8pyy5"},"id":"dvm04jlfa6rw9x9","previousOperationId":"y99fa7uq7dxe2tg"}
{"type":"log","timestamp":1737305998312,"level":"debug","message":"Base url not specified, skipping its injection.","meta":{"rootId":"c5v6ni9abm8pyy5","id":"c5v6ni9abm8pyy5"},"id":"6b11minczj1tqnd","previousOperationId":"y99fa7uq7dxe2tg"}
{"type":"operationStart","subtype":"engine","name":"handlebars","timestamp":1737305998313,"id":"17m9msjrasioagv","previousEventId":"bsprigjeozvnpn8","operationId":"1dba13ozhbp5ni2","previousOperationId":"y99fa7uq7dxe2tg"}
{"type":"log","timestamp":1737305998313,"level":"debug","message":"Rendering engine handlebars","meta":{"rootId":"c5v6ni9abm8pyy5","id":"c5v6ni9abm8pyy5"},"id":"8itcx319vhiul5p","previousOperationId":"1dba13ozhbp5ni2"}
{"type":"operationEnd","operationId":"1dba13ozhbp5ni2","timestamp":1737305998328,"id":"ey69sz27tihbauo","previousEventId":"17m9msjrasioagv","previousOperationId":"1dba13ozhbp5ni2"}
{"type":"operationStart","subtype":"recipe","name":"chrome-pdf","timestamp":1737305998329,"id":"sou9hsfolkrk7g0","previousEventId":"ey69sz27tihbauo","operationId":"jwphl0x9kfmummb","previousOperationId":"1dba13ozhbp5ni2"}
{"type":"log","timestamp":1737305998329,"level":"debug","message":"Executing recipe chrome-pdf","meta":{"rootId":"c5v6ni9abm8pyy5","id":"c5v6ni9abm8pyy5"},"id":"2049fnheubqbsid","previousOperationId":"jwphl0x9kfmummb"}
{"type":"log","timestamp":1737305998938,"level":"debug","message":"Converting with chrome Chrome/130.0.6723.69 using dedicated-process strategy","meta":{"rootId":"c5v6ni9abm8pyy5","id":"c5v6ni9abm8pyy5"},"id":"lcmhd5ht2sb1ojd","previousOperationId":"jwphl0x9kfmummb"}
{"type":"log","timestamp":1737305999066,"level":"debug","message":"Page request: GET (document) file:///C:/Users/jrmat/AppData/Local/Temp/jsreport/autocleanup/f737e8e6-f737-417f-a566-306300e8c4cf-chrome-pdf.html","meta":{"rootId":"c5v6ni9abm8pyy5","id":"c5v6ni9abm8pyy5"},"id":"nnzl5ik6o9v4y2c","previousOperationId":"jwphl0x9kfmummb"}
{"type":"log","timestamp":1737305999096,"level":"debug","message":"Page request finished: GET (document) 200 file:///C:/Users/jrmat/AppData/Local/Temp/jsreport/autocleanup/f737e8e6-f737-417f-a566-306300e8c4cf-chrome-pdf.html","meta":{"rootId":"c5v6ni9abm8pyy5","id":"c5v6ni9abm8pyy5"},"id":"r8kq0vbmm5kbv7a","previousOperationId":"jwphl0x9kfmummb"}
{"type":"log","timestamp":1737305999101,"level":"debug","message":"Page request: GET (image) https://i.pinimg.com/736x/ac/66/fd/ac66fdbcf17e7c77173cf01c4dbb1cfc.jpg","meta":{"rootId":"c5v6ni9abm8pyy5","id":"c5v6ni9abm8pyy5"},"id":"yt9rltwav09sken","previousOperationId":"jwphl0x9kfmummb"}
{"type":"log","timestamp":1737305999399,"level":"debug","message":"Page request finished: GET (image) 200 https://i.pinimg.com/736x/ac/66/fd/ac66fdbcf17e7c77173cf01c4dbb1cfc.jpg","meta":{"rootId":"c5v6ni9abm8pyy5","id":"c5v6ni9abm8pyy5"},"id":"krnzmokg8jegxsy","previousOperationId":"jwphl0x9kfmummb"}
{"type":"log","timestamp":1737305999401,"level":"debug","message":"Running chrome with params {\"printBackground\":true,\"timeout\":59959,\"margin\":{}}","meta":{"rootId":"c5v6ni9abm8pyy5","id":"c5v6ni9abm8pyy5"},"id":"u8q79ij1ep5tj1o","previousOperationId":"jwphl0x9kfmummb"}
{"type":"operationEnd","operationId":"jwphl0x9kfmummb","timestamp":1737305999789,"id":"o2jbshb8lxe1wds","previousEventId":"sou9hsfolkrk7g0","previousOperationId":"jwphl0x9kfmummb"}
{"type":"log","timestamp":1737305999789,"level":"debug","message":"Skipping storing report.","meta":{"rootId":"c5v6ni9abm8pyy5","id":"c5v6ni9abm8pyy5"},"id":"lc0eou4ig4e4q6i","previousOperationId":"jwphl0x9kfmummb"}
{"type":"log","timestamp":1737305999789,"level":"info","message":"Rendering request 3 finished in 1500 ms","meta":{"rootId":"c5v6ni9abm8pyy5","id":"c5v6ni9abm8pyy5"},"id":"e8ay62u4yppxtr4","previousOperationId":"jwphl0x9kfmummb"}
{"type":"operationEnd","subtype":"render","operationId":"y99fa7uq7dxe2tg","timestamp":1737305999789,"id":"ybj6nccnnd2sd9l","previousEventId":"o2jbshb8lxe1wds","previousOperationId":"jwphl0x9kfmummb"}
{"type":"operationEnd","doDiffs":false,"previousEventId":"f3wv4xb310hc7nb","previousOperationId":"ym31x1gttna5zkc","operationId":"ym31x1gttna5zkc","timestamp":1737305999792,"id":"4yq7sqe5jzr1m8p"}
