{"type":"operationStart","subtype":"profile","data":{"_id":"nRfwi7mTQsIpUNAf","timestamp":"2025-01-17T00:41:48.771Z","state":"queued","mode":"standard","creationDate":"2025-01-17T00:41:48.773Z","modificationDate":"2025-01-17T00:41:48.773Z","shortid":"vy66aJ3","$entitySet":"profiles"},"doDiffs":false,"timestamp":1737074508772,"id":"abqluv21bs3ltcd","previousOperationId":null,"operationId":"at2mtjgnqofaho6"}
{"type":"log","level":"info","message":"Render request 1 queued for execution and waiting for available worker","previousOperationId":"at2mtjgnqofaho6","timestamp":1737074508772,"id":"dpes2vjgu7k51jl"}
{"type":"operationStart","subtype":"render","name":"alaMasUsada","previousOperationId":"at2mtjgnqofaho6","timestamp":1737074508785,"id":"9ccbowjooqr39qx","previousEventId":"abqluv21bs3ltcd","operationId":"s7yf098sj2q0ew4"}
{"type":"log","timestamp":1737074508786,"level":"info","message":"Starting rendering request 1","meta":{"rootId":"ccgk4wmzm3thcr5","id":"ccgk4wmzm3thcr5"},"id":"21o32tx6oiexum7","previousOperationId":"s7yf098sj2q0ew4"}
{"type":"log","timestamp":1737074508788,"level":"info","message":"Rendering template { name: alaMasUsada, recipe: chrome-pdf, engine: handlebars, preview: false }","meta":{"rootId":"ccgk4wmzm3thcr5","id":"ccgk4wmzm3thcr5"},"id":"iaswsdev6naq1sn","previousOperationId":"s7yf098sj2q0ew4"}
{"type":"log","timestamp":1737074508788,"level":"debug","message":"Inline data specified.","meta":{"rootId":"ccgk4wmzm3thcr5","id":"ccgk4wmzm3thcr5"},"id":"vjy56uovp9mknq6","previousOperationId":"s7yf098sj2q0ew4"}
{"type":"log","timestamp":1737074508792,"level":"debug","message":"Base url not specified, skipping its injection.","meta":{"rootId":"ccgk4wmzm3thcr5","id":"ccgk4wmzm3thcr5"},"id":"06o2ct0qq6f2d5g","previousOperationId":"s7yf098sj2q0ew4"}
{"type":"operationStart","subtype":"engine","name":"handlebars","timestamp":1737074508793,"id":"mmy486g798eq4my","previousEventId":"9ccbowjooqr39qx","operationId":"3svtzyhc9pryop4","previousOperationId":"s7yf098sj2q0ew4"}
{"type":"log","timestamp":1737074508793,"level":"debug","message":"Rendering engine handlebars","meta":{"rootId":"ccgk4wmzm3thcr5","id":"ccgk4wmzm3thcr5"},"id":"71jsbrolyhwpgav","previousOperationId":"3svtzyhc9pryop4"}
{"type":"operationEnd","operationId":"3svtzyhc9pryop4","timestamp":1737074509339,"id":"c16j834wrfwfjup","previousEventId":"mmy486g798eq4my","previousOperationId":"3svtzyhc9pryop4"}
{"type":"operationStart","subtype":"recipe","name":"chrome-pdf","timestamp":1737074509340,"id":"dcpxn91u21cb2ze","previousEventId":"c16j834wrfwfjup","operationId":"vo4pi49u778qd26","previousOperationId":"3svtzyhc9pryop4"}
{"type":"log","timestamp":1737074509340,"level":"debug","message":"Executing recipe chrome-pdf","meta":{"rootId":"ccgk4wmzm3thcr5","id":"ccgk4wmzm3thcr5"},"id":"70fksqtwqemasx3","previousOperationId":"vo4pi49u778qd26"}
{"type":"log","timestamp":1737074509750,"level":"debug","message":"Converting with chrome Chrome/131.0.6778.204 using dedicated-process strategy","meta":{"rootId":"ccgk4wmzm3thcr5","id":"ccgk4wmzm3thcr5"},"id":"uedsg235yadoydt","previousOperationId":"vo4pi49u778qd26"}
{"type":"log","timestamp":1737074509842,"level":"debug","message":"Page request: GET (document) file:///tmp/jsreport/autocleanup/4426abd0-9aaa-4dcd-b5ba-9cac1c58dd36-chrome-pdf.html","meta":{"rootId":"ccgk4wmzm3thcr5","id":"ccgk4wmzm3thcr5"},"id":"78450021s3zm7sq","previousOperationId":"vo4pi49u778qd26"}
{"type":"log","timestamp":1737074509862,"level":"debug","message":"Page request finished: GET (document) 200 file:///tmp/jsreport/autocleanup/4426abd0-9aaa-4dcd-b5ba-9cac1c58dd36-chrome-pdf.html","meta":{"rootId":"ccgk4wmzm3thcr5","id":"ccgk4wmzm3thcr5"},"id":"igg5usqfkcxpqxr","previousOperationId":"vo4pi49u778qd26"}
{"type":"log","timestamp":1737074509864,"level":"debug","message":"Page request: GET (image) https://i.pinimg.com/736x/ac/66/fd/ac66fdbcf17e7c77173cf01c4dbb1cfc.jpg","meta":{"rootId":"ccgk4wmzm3thcr5","id":"ccgk4wmzm3thcr5"},"id":"pkn63wwred550zu","previousOperationId":"vo4pi49u778qd26"}
{"type":"log","timestamp":1737074509922,"level":"debug","message":"Page request finished: GET (image) 200 https://i.pinimg.com/736x/ac/66/fd/ac66fdbcf17e7c77173cf01c4dbb1cfc.jpg","meta":{"rootId":"ccgk4wmzm3thcr5","id":"ccgk4wmzm3thcr5"},"id":"a5csmf84occ37uv","previousOperationId":"vo4pi49u778qd26"}
{"type":"log","timestamp":1737074509926,"level":"debug","message":"Running chrome with params {\"printBackground\":true,\"timeout\":59419,\"margin\":{}}","meta":{"rootId":"ccgk4wmzm3thcr5","id":"ccgk4wmzm3thcr5"},"id":"0a9cknwwc2i35v5","previousOperationId":"vo4pi49u778qd26"}
{"type":"operationEnd","operationId":"vo4pi49u778qd26","timestamp":1737074510083,"id":"30qplw844czjmbo","previousEventId":"dcpxn91u21cb2ze","previousOperationId":"vo4pi49u778qd26"}
{"type":"log","timestamp":1737074510084,"level":"debug","message":"Skipping storing report.","meta":{"rootId":"ccgk4wmzm3thcr5","id":"ccgk4wmzm3thcr5"},"id":"urx6yq7e8bmz6vy","previousOperationId":"vo4pi49u778qd26"}
{"type":"log","timestamp":1737074510084,"level":"info","message":"Rendering request 1 finished in 1314 ms","meta":{"rootId":"ccgk4wmzm3thcr5","id":"ccgk4wmzm3thcr5"},"id":"qtuss2b3kjgbftn","previousOperationId":"vo4pi49u778qd26"}
{"type":"operationEnd","subtype":"render","operationId":"s7yf098sj2q0ew4","timestamp":1737074510084,"id":"syka4lkm18n211x","previousEventId":"30qplw844czjmbo","previousOperationId":"vo4pi49u778qd26"}
{"type":"operationEnd","doDiffs":false,"previousEventId":"abqluv21bs3ltcd","previousOperationId":"at2mtjgnqofaho6","operationId":"at2mtjgnqofaho6","timestamp":1737074510086,"id":"zqkaadc5emgn79d"}
