{"type":"operationStart","subtype":"profile","data":{"_id":"Pu6FRzyKqOm84XDj","timestamp":"2025-01-19T17:00:43.982Z","state":"queued","mode":"standard","creationDate":"2025-01-19T17:00:43.986Z","modificationDate":"2025-01-19T17:00:43.986Z","shortid":"p6k0jbq","$entitySet":"profiles"},"doDiffs":false,"timestamp":1737306043984,"id":"srszztlvxqxvswe","previousOperationId":null,"operationId":"ar51xucb3ahj223"}
{"type":"log","level":"info","message":"Render request 6 queued for execution and waiting for available worker","previousOperationId":"ar51xucb3ahj223","timestamp":1737306043984,"id":"sbm0b6fyuaf36l7"}
{"type":"operationStart","subtype":"render","name":"alaMasUsada","previousOperationId":"ar51xucb3ahj223","timestamp":1737306043991,"id":"r4jpge3xdc0ipng","previousEventId":"srszztlvxqxvswe","operationId":"cgweoyqn30ow1r3"}
{"type":"log","timestamp":1737306043991,"level":"info","message":"Starting rendering request 6","meta":{"rootId":"cuir6chhtylntn1","id":"cuir6chhtylntn1"},"id":"qyuvb2c5bkexynu","previousOperationId":"cgweoyqn30ow1r3"}
{"type":"log","timestamp":1737306043991,"level":"info","message":"Rendering template { name: alaMasUsada, recipe: chrome-pdf, engine: handlebars, preview: false }","meta":{"rootId":"cuir6chhtylntn1","id":"cuir6chhtylntn1"},"id":"djttt2uptl62ycm","previousOperationId":"cgweoyqn30ow1r3"}
{"type":"log","timestamp":1737306043991,"level":"debug","message":"Inline data specified.","meta":{"rootId":"cuir6chhtylntn1","id":"cuir6chhtylntn1"},"id":"wmshsff1i00ivwf","previousOperationId":"cgweoyqn30ow1r3"}
{"type":"log","timestamp":1737306043992,"level":"debug","message":"Base url not specified, skipping its injection.","meta":{"rootId":"cuir6chhtylntn1","id":"cuir6chhtylntn1"},"id":"m580f74wp4g8vzn","previousOperationId":"cgweoyqn30ow1r3"}
{"type":"operationStart","subtype":"engine","name":"handlebars","timestamp":1737306043993,"id":"srcf6unp1xoujf8","previousEventId":"r4jpge3xdc0ipng","operationId":"vhprxkv67lrkom2","previousOperationId":"cgweoyqn30ow1r3"}
{"type":"log","timestamp":1737306043993,"level":"debug","message":"Rendering engine handlebars","meta":{"rootId":"cuir6chhtylntn1","id":"cuir6chhtylntn1"},"id":"8jttw14bcdrroko","previousOperationId":"vhprxkv67lrkom2"}
{"type":"operationEnd","operationId":"vhprxkv67lrkom2","timestamp":1737306044001,"id":"yk5qe7m0qs8ymi3","previousEventId":"srcf6unp1xoujf8","previousOperationId":"vhprxkv67lrkom2"}
{"type":"operationStart","subtype":"recipe","name":"chrome-pdf","timestamp":1737306044001,"id":"6g4jm2h4rlapsh9","previousEventId":"yk5qe7m0qs8ymi3","operationId":"00p7fdphab41aie","previousOperationId":"vhprxkv67lrkom2"}
{"type":"log","timestamp":1737306044001,"level":"debug","message":"Executing recipe chrome-pdf","meta":{"rootId":"cuir6chhtylntn1","id":"cuir6chhtylntn1"},"id":"4ze75z0dpdnzhaq","previousOperationId":"00p7fdphab41aie"}
{"type":"log","timestamp":1737306044389,"level":"debug","message":"Converting with chrome Chrome/130.0.6723.69 using dedicated-process strategy","meta":{"rootId":"cuir6chhtylntn1","id":"cuir6chhtylntn1"},"id":"zvd8ehjp5ktblwb","previousOperationId":"00p7fdphab41aie"}
{"type":"log","timestamp":1737306044522,"level":"debug","message":"Page request: GET (document) file:///C:/Users/jrmat/AppData/Local/Temp/jsreport/autocleanup/1dcc473b-39e5-4b61-b3fb-9362fc582fd6-chrome-pdf.html","meta":{"rootId":"cuir6chhtylntn1","id":"cuir6chhtylntn1"},"id":"1eiqtgyysmacy62","previousOperationId":"00p7fdphab41aie"}
{"type":"log","timestamp":1737306044551,"level":"debug","message":"Page request finished: GET (document) 200 file:///C:/Users/jrmat/AppData/Local/Temp/jsreport/autocleanup/1dcc473b-39e5-4b61-b3fb-9362fc582fd6-chrome-pdf.html","meta":{"rootId":"cuir6chhtylntn1","id":"cuir6chhtylntn1"},"id":"n4jy22ciehs35nq","previousOperationId":"00p7fdphab41aie"}
{"type":"log","timestamp":1737306044555,"level":"debug","message":"Page request: GET (image) https://i.pinimg.com/736x/ac/66/fd/ac66fdbcf17e7c77173cf01c4dbb1cfc.jpg","meta":{"rootId":"cuir6chhtylntn1","id":"cuir6chhtylntn1"},"id":"1q3ew6tsgih5gz2","previousOperationId":"00p7fdphab41aie"}
{"type":"log","timestamp":1737306044901,"level":"debug","message":"Page request finished: GET (image) 200 https://i.pinimg.com/736x/ac/66/fd/ac66fdbcf17e7c77173cf01c4dbb1cfc.jpg","meta":{"rootId":"cuir6chhtylntn1","id":"cuir6chhtylntn1"},"id":"bu9knfm6fpqn8po","previousOperationId":"00p7fdphab41aie"}
{"type":"log","timestamp":1737306044904,"level":"debug","message":"Running chrome with params {\"printBackground\":true,\"timeout\":59978,\"margin\":{}}","meta":{"rootId":"cuir6chhtylntn1","id":"cuir6chhtylntn1"},"id":"fulpzswbl9xbql0","previousOperationId":"00p7fdphab41aie"}
{"type":"operationEnd","operationId":"00p7fdphab41aie","timestamp":1737306045259,"id":"d87erty9vv9xg63","previousEventId":"6g4jm2h4rlapsh9","previousOperationId":"00p7fdphab41aie"}
{"type":"log","timestamp":1737306045259,"level":"debug","message":"Skipping storing report.","meta":{"rootId":"cuir6chhtylntn1","id":"cuir6chhtylntn1"},"id":"jhqg9h7byxjp3g5","previousOperationId":"00p7fdphab41aie"}
{"type":"log","timestamp":1737306045259,"level":"info","message":"Rendering request 6 finished in 1278 ms","meta":{"rootId":"cuir6chhtylntn1","id":"cuir6chhtylntn1"},"id":"guaqdlz32tl6ity","previousOperationId":"00p7fdphab41aie"}
{"type":"operationEnd","subtype":"render","operationId":"cgweoyqn30ow1r3","timestamp":1737306045259,"id":"vrrfvj9uuvlgvho","previousEventId":"d87erty9vv9xg63","previousOperationId":"00p7fdphab41aie"}
{"type":"operationEnd","doDiffs":false,"previousEventId":"srszztlvxqxvswe","previousOperationId":"ar51xucb3ahj223","operationId":"ar51xucb3ahj223","timestamp":1737306045261,"id":"of72v91jz35ci5a"}
