{"type":"operationStart","subtype":"profile","data":{"_id":"1LnbbV1BiumttZwY","timestamp":"2025-01-19T16:47:22.225Z","state":"queued","mode":"standard","creationDate":"2025-01-19T16:47:22.230Z","modificationDate":"2025-01-19T16:47:22.230Z","shortid":"TQiug0v","$entitySet":"profiles"},"doDiffs":false,"timestamp":1737305242227,"id":"kz7txdf8lo767zs","previousOperationId":null,"operationId":"msoixp21ewjxwcm"}
{"type":"log","level":"info","message":"Render request 5 queued for execution and waiting for available worker","previousOperationId":"msoixp21ewjxwcm","timestamp":1737305242227,"id":"q408uu7c2paml3o"}
{"type":"operationStart","subtype":"render","name":"alaMasUsada","previousOperationId":"msoixp21ewjxwcm","timestamp":1737305242237,"id":"5q401kxgwsy37kr","previousEventId":"kz7txdf8lo767zs","operationId":"kix53rcy4zc47zn"}
{"type":"log","timestamp":1737305242238,"level":"info","message":"Starting rendering request 5","meta":{"rootId":"du5n2tni1jhmks2","id":"du5n2tni1jhmks2"},"id":"4vysxlz1w91v5vr","previousOperationId":"kix53rcy4zc47zn"}
{"type":"log","timestamp":1737305242238,"level":"info","message":"Rendering template { name: alaMasUsada, recipe: chrome-pdf, engine: handlebars, preview: false }","meta":{"rootId":"du5n2tni1jhmks2","id":"du5n2tni1jhmks2"},"id":"6ev85i0t69b6ox3","previousOperationId":"kix53rcy4zc47zn"}
{"type":"log","timestamp":1737305242238,"level":"debug","message":"Inline data specified.","meta":{"rootId":"du5n2tni1jhmks2","id":"du5n2tni1jhmks2"},"id":"syp1gkdwcqmpmfw","previousOperationId":"kix53rcy4zc47zn"}
{"type":"log","timestamp":1737305242241,"level":"debug","message":"Base url not specified, skipping its injection.","meta":{"rootId":"du5n2tni1jhmks2","id":"du5n2tni1jhmks2"},"id":"zhwpjyv293evkh4","previousOperationId":"kix53rcy4zc47zn"}
{"type":"operationStart","subtype":"engine","name":"handlebars","timestamp":1737305242242,"id":"l1dri6roh7on8sx","previousEventId":"5q401kxgwsy37kr","operationId":"6td1rw1ft8xkd38","previousOperationId":"kix53rcy4zc47zn"}
{"type":"log","timestamp":1737305242242,"level":"debug","message":"Rendering engine handlebars","meta":{"rootId":"du5n2tni1jhmks2","id":"du5n2tni1jhmks2"},"id":"2jrncx12vmcjrqj","previousOperationId":"6td1rw1ft8xkd38"}
{"type":"operationEnd","operationId":"6td1rw1ft8xkd38","timestamp":1737305242264,"id":"6o2xrk9j2j7pk5u","previousEventId":"l1dri6roh7on8sx","previousOperationId":"6td1rw1ft8xkd38"}
{"type":"operationStart","subtype":"recipe","name":"chrome-pdf","timestamp":1737305242264,"id":"xfar9z7x1odthw4","previousEventId":"6o2xrk9j2j7pk5u","operationId":"ij1vy3fuvxq5nng","previousOperationId":"6td1rw1ft8xkd38"}
{"type":"log","timestamp":1737305242264,"level":"debug","message":"Executing recipe chrome-pdf","meta":{"rootId":"du5n2tni1jhmks2","id":"du5n2tni1jhmks2"},"id":"i1eq8sa836u8mz6","previousOperationId":"ij1vy3fuvxq5nng"}
{"type":"log","timestamp":1737305242745,"level":"debug","message":"Converting with chrome Chrome/130.0.6723.69 using dedicated-process strategy","meta":{"rootId":"du5n2tni1jhmks2","id":"du5n2tni1jhmks2"},"id":"h6oaaw6v2ijlao4","previousOperationId":"ij1vy3fuvxq5nng"}
{"type":"log","timestamp":1737305242853,"level":"debug","message":"Page request: GET (document) file:///C:/Users/jrmat/AppData/Local/Temp/jsreport/autocleanup/b3f0d5b2-2c07-4382-81a1-973ee603d967-chrome-pdf.html","meta":{"rootId":"du5n2tni1jhmks2","id":"du5n2tni1jhmks2"},"id":"hoye9kr1vb4trlt","previousOperationId":"ij1vy3fuvxq5nng"}
{"type":"log","timestamp":1737305242867,"level":"debug","message":"Page request finished: GET (document) 200 file:///C:/Users/jrmat/AppData/Local/Temp/jsreport/autocleanup/b3f0d5b2-2c07-4382-81a1-973ee603d967-chrome-pdf.html","meta":{"rootId":"du5n2tni1jhmks2","id":"du5n2tni1jhmks2"},"id":"ryinknb599c43p3","previousOperationId":"ij1vy3fuvxq5nng"}
{"type":"log","timestamp":1737305242868,"level":"debug","message":"Page request: GET (image) https://i.pinimg.com/736x/ac/66/fd/ac66fdbcf17e7c77173cf01c4dbb1cfc.jpg","meta":{"rootId":"du5n2tni1jhmks2","id":"du5n2tni1jhmks2"},"id":"s2mvxc9tbxmwefk","previousOperationId":"ij1vy3fuvxq5nng"}
{"type":"log","timestamp":1737305243195,"level":"debug","message":"Page request finished: GET (image) 200 https://i.pinimg.com/736x/ac/66/fd/ac66fdbcf17e7c77173cf01c4dbb1cfc.jpg","meta":{"rootId":"du5n2tni1jhmks2","id":"du5n2tni1jhmks2"},"id":"wvv0a27tl8631i7","previousOperationId":"ij1vy3fuvxq5nng"}
{"type":"log","timestamp":1737305243209,"level":"debug","message":"Running chrome with params {\"printBackground\":true,\"timeout\":59955,\"margin\":{}}","meta":{"rootId":"du5n2tni1jhmks2","id":"du5n2tni1jhmks2"},"id":"9rlnytxp7us5lkk","previousOperationId":"ij1vy3fuvxq5nng"}
{"type":"operationEnd","operationId":"ij1vy3fuvxq5nng","timestamp":1737305243672,"id":"gs1dusmddoe8rwz","previousEventId":"xfar9z7x1odthw4","previousOperationId":"ij1vy3fuvxq5nng"}
{"type":"log","timestamp":1737305243672,"level":"debug","message":"Skipping storing report.","meta":{"rootId":"du5n2tni1jhmks2","id":"du5n2tni1jhmks2"},"id":"79dclboourvb7iw","previousOperationId":"ij1vy3fuvxq5nng"}
{"type":"log","timestamp":1737305243672,"level":"info","message":"Rendering request 5 finished in 1448 ms","meta":{"rootId":"du5n2tni1jhmks2","id":"du5n2tni1jhmks2"},"id":"6yurd57kfza23m8","previousOperationId":"ij1vy3fuvxq5nng"}
{"type":"operationEnd","subtype":"render","operationId":"kix53rcy4zc47zn","timestamp":1737305243672,"id":"be5lot3h7tdl7ik","previousEventId":"gs1dusmddoe8rwz","previousOperationId":"ij1vy3fuvxq5nng"}
{"type":"operationEnd","doDiffs":false,"previousEventId":"kz7txdf8lo767zs","previousOperationId":"msoixp21ewjxwcm","operationId":"msoixp21ewjxwcm","timestamp":1737305243674,"id":"m3aq479dfz7hmks"}
