{"type":"operationStart","subtype":"profile","data":{"_id":"UjQe2SzlgDWi3NZ6","timestamp":"2025-01-17T04:28:05.591Z","state":"queued","mode":"standard","creationDate":"2025-01-17T04:28:05.592Z","modificationDate":"2025-01-17T04:28:05.592Z","shortid":"DhWlbup","$entitySet":"profiles"},"doDiffs":false,"timestamp":1737088085591,"id":"ujet4utlgoeo7ns","previousOperationId":null,"operationId":"n4yyuv2itpxhmtp"}
{"type":"log","level":"info","message":"Render request 4 queued for execution and waiting for available worker","previousOperationId":"n4yyuv2itpxhmtp","timestamp":1737088085591,"id":"nedb46hl14u5c08"}
{"type":"operationStart","subtype":"render","name":"alaMasUsada","previousOperationId":"n4yyuv2itpxhmtp","timestamp":1737088085601,"id":"1vqm81k697eu12s","previousEventId":"ujet4utlgoeo7ns","operationId":"wqldyoacrn3i2ud"}
{"type":"log","timestamp":1737088085602,"level":"info","message":"Starting rendering request 4","meta":{"rootId":"fy00gwsdig5o8c3","id":"fy00gwsdig5o8c3"},"id":"r4c38cj6xh7iqhn","previousOperationId":"wqldyoacrn3i2ud"}
{"type":"log","timestamp":1737088085602,"level":"info","message":"Rendering template { name: alaMasUsada, recipe: chrome-pdf, engine: handlebars, preview: false }","meta":{"rootId":"fy00gwsdig5o8c3","id":"fy00gwsdig5o8c3"},"id":"q5lo1xjb0l35l9k","previousOperationId":"wqldyoacrn3i2ud"}
{"type":"log","timestamp":1737088085602,"level":"debug","message":"Inline data specified.","meta":{"rootId":"fy00gwsdig5o8c3","id":"fy00gwsdig5o8c3"},"id":"njruaw03g003fju","previousOperationId":"wqldyoacrn3i2ud"}
{"type":"log","timestamp":1737088085605,"level":"debug","message":"Base url not specified, skipping its injection.","meta":{"rootId":"fy00gwsdig5o8c3","id":"fy00gwsdig5o8c3"},"id":"crd7oysuw3v8zme","previousOperationId":"wqldyoacrn3i2ud"}
{"type":"operationStart","subtype":"engine","name":"handlebars","timestamp":1737088085605,"id":"82r9rboklzalasp","previousEventId":"1vqm81k697eu12s","operationId":"csbg2qhwnqxd5zi","previousOperationId":"wqldyoacrn3i2ud"}
{"type":"log","timestamp":1737088085605,"level":"debug","message":"Rendering engine handlebars","meta":{"rootId":"fy00gwsdig5o8c3","id":"fy00gwsdig5o8c3"},"id":"mo8t8blp9nefxzv","previousOperationId":"csbg2qhwnqxd5zi"}
{"type":"operationEnd","operationId":"csbg2qhwnqxd5zi","timestamp":1737088085622,"id":"kkz30cizswsl0ie","previousEventId":"82r9rboklzalasp","previousOperationId":"csbg2qhwnqxd5zi"}
{"type":"operationStart","subtype":"recipe","name":"chrome-pdf","timestamp":1737088085623,"id":"u3duwuzl70y5whr","previousEventId":"kkz30cizswsl0ie","operationId":"a7zj5q8i144a55j","previousOperationId":"csbg2qhwnqxd5zi"}
{"type":"log","timestamp":1737088085623,"level":"debug","message":"Executing recipe chrome-pdf","meta":{"rootId":"fy00gwsdig5o8c3","id":"fy00gwsdig5o8c3"},"id":"e2e1pt7y4ifqdjy","previousOperationId":"a7zj5q8i144a55j"}
{"type":"log","timestamp":1737088085955,"level":"debug","message":"Converting with chrome Chrome/131.0.6778.204 using dedicated-process strategy","meta":{"rootId":"fy00gwsdig5o8c3","id":"fy00gwsdig5o8c3"},"id":"5ud0wwerdxxgh51","previousOperationId":"a7zj5q8i144a55j"}
{"type":"log","timestamp":1737088086036,"level":"debug","message":"Page request: GET (document) file:///tmp/jsreport/autocleanup/c229ae60-7df7-46d2-8bea-fa4de7430004-chrome-pdf.html","meta":{"rootId":"fy00gwsdig5o8c3","id":"fy00gwsdig5o8c3"},"id":"vfzzy7p5q3e4v7u","previousOperationId":"a7zj5q8i144a55j"}
{"type":"log","timestamp":1737088086056,"level":"debug","message":"Page request finished: GET (document) 200 file:///tmp/jsreport/autocleanup/c229ae60-7df7-46d2-8bea-fa4de7430004-chrome-pdf.html","meta":{"rootId":"fy00gwsdig5o8c3","id":"fy00gwsdig5o8c3"},"id":"kzm5hbs22vgoz75","previousOperationId":"a7zj5q8i144a55j"}
{"type":"log","timestamp":1737088086057,"level":"debug","message":"Page request: GET (image) https://i.pinimg.com/736x/ac/66/fd/ac66fdbcf17e7c77173cf01c4dbb1cfc.jpg","meta":{"rootId":"fy00gwsdig5o8c3","id":"fy00gwsdig5o8c3"},"id":"wd24mzo83lt1aw0","previousOperationId":"a7zj5q8i144a55j"}
{"type":"log","timestamp":1737088086100,"level":"debug","message":"Page request finished: GET (image) 200 https://i.pinimg.com/736x/ac/66/fd/ac66fdbcf17e7c77173cf01c4dbb1cfc.jpg","meta":{"rootId":"fy00gwsdig5o8c3","id":"fy00gwsdig5o8c3"},"id":"wjbjee8agfpszxt","previousOperationId":"a7zj5q8i144a55j"}
{"type":"log","timestamp":1737088086102,"level":"debug","message":"Running chrome with params {\"printBackground\":true,\"timeout\":59966,\"margin\":{}}","meta":{"rootId":"fy00gwsdig5o8c3","id":"fy00gwsdig5o8c3"},"id":"ryei6eri7fr3roo","previousOperationId":"a7zj5q8i144a55j"}
{"type":"operationEnd","operationId":"a7zj5q8i144a55j","timestamp":1737088086281,"id":"z762bgdc4jwfzbz","previousEventId":"u3duwuzl70y5whr","previousOperationId":"a7zj5q8i144a55j"}
{"type":"log","timestamp":1737088086281,"level":"debug","message":"Skipping storing report.","meta":{"rootId":"fy00gwsdig5o8c3","id":"fy00gwsdig5o8c3"},"id":"6sh96g3oib1a6b0","previousOperationId":"a7zj5q8i144a55j"}
{"type":"log","timestamp":1737088086281,"level":"info","message":"Rendering request 4 finished in 691 ms","meta":{"rootId":"fy00gwsdig5o8c3","id":"fy00gwsdig5o8c3"},"id":"929bq5p0fsgt3vi","previousOperationId":"a7zj5q8i144a55j"}
{"type":"operationEnd","subtype":"render","operationId":"wqldyoacrn3i2ud","timestamp":1737088086281,"id":"cdy56ietuafujw7","previousEventId":"z762bgdc4jwfzbz","previousOperationId":"a7zj5q8i144a55j"}
{"type":"operationEnd","doDiffs":false,"previousEventId":"ujet4utlgoeo7ns","previousOperationId":"n4yyuv2itpxhmtp","operationId":"n4yyuv2itpxhmtp","timestamp":1737088086287,"id":"otf3d6nkealgqum"}
