{"type":"operationStart","subtype":"profile","data":{"_id":"yY4TAVvOVKVAYXyT","timestamp":"2025-01-19T16:45:44.534Z","state":"queued","mode":"standard","creationDate":"2025-01-19T16:45:44.537Z","modificationDate":"2025-01-19T16:45:44.537Z","shortid":"lZH4xFA","$entitySet":"profiles"},"doDiffs":false,"timestamp":1737305144536,"id":"enrca9yoff529rp","previousOperationId":null,"operationId":"0t3x3st8okx909a"}
{"type":"log","level":"info","message":"Render request 2 queued for execution and waiting for available worker","previousOperationId":"0t3x3st8okx909a","timestamp":1737305144536,"id":"5k2xi1fyj6ptg09"}
{"type":"operationStart","subtype":"render","name":"alaMasUsada","previousOperationId":"0t3x3st8okx909a","timestamp":1737305144543,"id":"ajhcfcd11schn0b","previousEventId":"enrca9yoff529rp","operationId":"kekayteua1uk6ib"}
{"type":"log","timestamp":1737305144543,"level":"info","message":"Starting rendering request 2","meta":{"rootId":"h3rt3lqo48mopt1","id":"h3rt3lqo48mopt1"},"id":"g88rp6y1l5mu8uz","previousOperationId":"kekayteua1uk6ib"}
{"type":"log","timestamp":1737305144545,"level":"info","message":"Rendering template { name: alaMasUsada, recipe: chrome-pdf, engine: handlebars, preview: false }","meta":{"rootId":"h3rt3lqo48mopt1","id":"h3rt3lqo48mopt1"},"id":"9fibfltnvb8vd6r","previousOperationId":"kekayteua1uk6ib"}
{"type":"log","timestamp":1737305144546,"level":"debug","message":"Inline data specified.","meta":{"rootId":"h3rt3lqo48mopt1","id":"h3rt3lqo48mopt1"},"id":"pqzyhjue208jwdq","previousOperationId":"kekayteua1uk6ib"}
{"type":"log","timestamp":1737305144548,"level":"debug","message":"Base url not specified, skipping its injection.","meta":{"rootId":"h3rt3lqo48mopt1","id":"h3rt3lqo48mopt1"},"id":"jnlt8st789h1ajh","previousOperationId":"kekayteua1uk6ib"}
{"type":"operationStart","subtype":"engine","name":"handlebars","timestamp":1737305144549,"id":"owu337ixufnvv38","previousEventId":"ajhcfcd11schn0b","operationId":"zjqrh7q4nmdrrz2","previousOperationId":"kekayteua1uk6ib"}
{"type":"log","timestamp":1737305144549,"level":"debug","message":"Rendering engine handlebars","meta":{"rootId":"h3rt3lqo48mopt1","id":"h3rt3lqo48mopt1"},"id":"1sy62uvzmvq96vc","previousOperationId":"zjqrh7q4nmdrrz2"}
{"type":"operationEnd","operationId":"zjqrh7q4nmdrrz2","timestamp":1737305145118,"id":"903qc91y0a3c3ji","previousEventId":"owu337ixufnvv38","previousOperationId":"zjqrh7q4nmdrrz2"}
{"type":"operationStart","subtype":"recipe","name":"chrome-pdf","timestamp":1737305145118,"id":"vuwn2h3y2p95em6","previousEventId":"903qc91y0a3c3ji","operationId":"lo92iihfc5elcwo","previousOperationId":"zjqrh7q4nmdrrz2"}
{"type":"log","timestamp":1737305145118,"level":"debug","message":"Executing recipe chrome-pdf","meta":{"rootId":"h3rt3lqo48mopt1","id":"h3rt3lqo48mopt1"},"id":"225ab1r1fya56i0","previousOperationId":"lo92iihfc5elcwo"}
{"type":"log","timestamp":1737305145854,"level":"debug","message":"Converting with chrome Chrome/130.0.6723.69 using dedicated-process strategy","meta":{"rootId":"h3rt3lqo48mopt1","id":"h3rt3lqo48mopt1"},"id":"yb5mpok2vp9yz9s","previousOperationId":"lo92iihfc5elcwo"}
{"type":"log","timestamp":1737305145924,"level":"debug","message":"Page request: GET (document) file:///C:/Users/jrmat/AppData/Local/Temp/jsreport/autocleanup/ed96fe87-e556-4161-9bf0-c05bcd548f36-chrome-pdf.html","meta":{"rootId":"h3rt3lqo48mopt1","id":"h3rt3lqo48mopt1"},"id":"eul79afntfhjjng","previousOperationId":"lo92iihfc5elcwo"}
{"type":"log","timestamp":1737305145944,"level":"debug","message":"Page request finished: GET (document) 200 file:///C:/Users/jrmat/AppData/Local/Temp/jsreport/autocleanup/ed96fe87-e556-4161-9bf0-c05bcd548f36-chrome-pdf.html","meta":{"rootId":"h3rt3lqo48mopt1","id":"h3rt3lqo48mopt1"},"id":"90vpku3rdn0559k","previousOperationId":"lo92iihfc5elcwo"}
{"type":"log","timestamp":1737305145945,"level":"debug","message":"Page request: GET (image) https://i.pinimg.com/736x/ac/66/fd/ac66fdbcf17e7c77173cf01c4dbb1cfc.jpg","meta":{"rootId":"h3rt3lqo48mopt1","id":"h3rt3lqo48mopt1"},"id":"nwtfei3z2gjsy6c","previousOperationId":"lo92iihfc5elcwo"}
{"type":"log","timestamp":1737305146202,"level":"debug","message":"Page request finished: GET (image) 200 https://i.pinimg.com/736x/ac/66/fd/ac66fdbcf17e7c77173cf01c4dbb1cfc.jpg","meta":{"rootId":"h3rt3lqo48mopt1","id":"h3rt3lqo48mopt1"},"id":"2pv1w5aw99fnacj","previousOperationId":"lo92iihfc5elcwo"}
{"type":"log","timestamp":1737305146222,"level":"debug","message":"Running chrome with params {\"printBackground\":true,\"timeout\":59409,\"margin\":{}}","meta":{"rootId":"h3rt3lqo48mopt1","id":"h3rt3lqo48mopt1"},"id":"yb6vl5zuyryjpcg","previousOperationId":"lo92iihfc5elcwo"}
{"type":"operationEnd","operationId":"lo92iihfc5elcwo","timestamp":1737305146907,"id":"su4atqlibxaridq","previousEventId":"vuwn2h3y2p95em6","previousOperationId":"lo92iihfc5elcwo"}
{"type":"log","timestamp":1737305146913,"level":"debug","message":"Skipping storing report.","meta":{"rootId":"h3rt3lqo48mopt1","id":"h3rt3lqo48mopt1"},"id":"fauc7ay48yluq7y","previousOperationId":"lo92iihfc5elcwo"}
{"type":"log","timestamp":1737305146913,"level":"info","message":"Rendering request 2 finished in 2379 ms","meta":{"rootId":"h3rt3lqo48mopt1","id":"h3rt3lqo48mopt1"},"id":"a53u3qvxgzcaboo","previousOperationId":"lo92iihfc5elcwo"}
{"type":"operationEnd","subtype":"render","operationId":"kekayteua1uk6ib","timestamp":1737305146913,"id":"3qqp0oyo1a0sqkw","previousEventId":"su4atqlibxaridq","previousOperationId":"lo92iihfc5elcwo"}
{"type":"operationEnd","doDiffs":false,"previousEventId":"enrca9yoff529rp","previousOperationId":"0t3x3st8okx909a","operationId":"0t3x3st8okx909a","timestamp":1737305146916,"id":"qrdjr1jsdadvug1"}
