{"type":"operationStart","subtype":"profile","data":{"_id":"mhzxea3wurBzCgsl","timestamp":"2025-01-19T16:42:34.128Z","state":"queued","mode":"standard","creationDate":"2025-01-19T16:42:34.134Z","modificationDate":"2025-01-19T16:42:34.134Z","shortid":"suHUSF6","$entitySet":"profiles"},"doDiffs":false,"timestamp":1737304954131,"id":"bv9bx00dr288kbu","previousOperationId":null,"operationId":"rswqwj95hgxv7cx"}
{"type":"log","level":"info","message":"Render request 1 queued for execution and waiting for available worker","previousOperationId":"rswqwj95hgxv7cx","timestamp":1737304954131,"id":"62qftwzr77f9ory"}
{"type":"operationStart","subtype":"render","name":"alaMasUsada","previousOperationId":"rswqwj95hgxv7cx","timestamp":1737304954166,"id":"0hhcdupuaruvcrm","previousEventId":"bv9bx00dr288kbu","operationId":"ynyon52h2ybx7p0"}
{"type":"log","timestamp":1737304954167,"level":"info","message":"Starting rendering request 1","meta":{"rootId":"kcth00x7abcvi5s","id":"kcth00x7abcvi5s"},"id":"dkhupw9g4t7mii5","previousOperationId":"ynyon52h2ybx7p0"}
{"type":"log","timestamp":1737304954168,"level":"info","message":"Rendering template { name: alaMasUsada, recipe: chrome-pdf, engine: handlebars, preview: false }","meta":{"rootId":"kcth00x7abcvi5s","id":"kcth00x7abcvi5s"},"id":"guct2jvezi3ocgd","previousOperationId":"ynyon52h2ybx7p0"}
{"type":"log","timestamp":1737304954168,"level":"debug","message":"Inline data specified.","meta":{"rootId":"kcth00x7abcvi5s","id":"kcth00x7abcvi5s"},"id":"nq8agztc75ewnzo","previousOperationId":"ynyon52h2ybx7p0"}
{"type":"log","timestamp":1737304954172,"level":"debug","message":"Base url not specified, skipping its injection.","meta":{"rootId":"kcth00x7abcvi5s","id":"kcth00x7abcvi5s"},"id":"97wbpf17ze7tis2","previousOperationId":"ynyon52h2ybx7p0"}
{"type":"operationStart","subtype":"engine","name":"handlebars","timestamp":1737304954174,"id":"guwguz4julcubiv","previousEventId":"0hhcdupuaruvcrm","operationId":"sha4cbh2ni8sm1m","previousOperationId":"ynyon52h2ybx7p0"}
{"type":"log","timestamp":1737304954174,"level":"debug","message":"Rendering engine handlebars","meta":{"rootId":"kcth00x7abcvi5s","id":"kcth00x7abcvi5s"},"id":"ylbykxu5wzp5jz8","previousOperationId":"sha4cbh2ni8sm1m"}
{"type":"operationEnd","operationId":"sha4cbh2ni8sm1m","timestamp":1737304955214,"id":"zr97g28zi8w0sbb","previousEventId":"guwguz4julcubiv","previousOperationId":"sha4cbh2ni8sm1m"}
{"type":"operationStart","subtype":"recipe","name":"chrome-pdf","timestamp":1737304955216,"id":"iv9qwuiojps7waw","previousEventId":"zr97g28zi8w0sbb","operationId":"7s5lu6snz6kowdr","previousOperationId":"sha4cbh2ni8sm1m"}
{"type":"log","timestamp":1737304955217,"level":"debug","message":"Executing recipe chrome-pdf","meta":{"rootId":"kcth00x7abcvi5s","id":"kcth00x7abcvi5s"},"id":"e5ibbwcq9h8oqtj","previousOperationId":"7s5lu6snz6kowdr"}
{"type":"log","timestamp":1737304956933,"level":"debug","message":"Converting with chrome Chrome/130.0.6723.69 using dedicated-process strategy","meta":{"rootId":"kcth00x7abcvi5s","id":"kcth00x7abcvi5s"},"id":"uwylm60lsbm9yu2","previousOperationId":"7s5lu6snz6kowdr"}
{"type":"log","timestamp":1737304957011,"level":"debug","message":"Page request: GET (document) file:///C:/Users/jrmat/AppData/Local/Temp/jsreport/autocleanup/7997ac28-acfd-4017-9884-52c831385ed6-chrome-pdf.html","meta":{"rootId":"kcth00x7abcvi5s","id":"kcth00x7abcvi5s"},"id":"8ui18v0jxftd0u7","previousOperationId":"7s5lu6snz6kowdr"}
{"type":"log","timestamp":1737304957113,"level":"debug","message":"Page request finished: GET (document) 200 file:///C:/Users/jrmat/AppData/Local/Temp/jsreport/autocleanup/7997ac28-acfd-4017-9884-52c831385ed6-chrome-pdf.html","meta":{"rootId":"kcth00x7abcvi5s","id":"kcth00x7abcvi5s"},"id":"op5oux9hqokjnbu","previousOperationId":"7s5lu6snz6kowdr"}
{"type":"log","timestamp":1737304957114,"level":"debug","message":"Page request: GET (image) https://i.pinimg.com/736x/ac/66/fd/ac66fdbcf17e7c77173cf01c4dbb1cfc.jpg","meta":{"rootId":"kcth00x7abcvi5s","id":"kcth00x7abcvi5s"},"id":"n7xxtfiruh8vka9","previousOperationId":"7s5lu6snz6kowdr"}
{"type":"log","timestamp":1737304957362,"level":"debug","message":"Page request finished: GET (image) 200 https://i.pinimg.com/736x/ac/66/fd/ac66fdbcf17e7c77173cf01c4dbb1cfc.jpg","meta":{"rootId":"kcth00x7abcvi5s","id":"kcth00x7abcvi5s"},"id":"5cw8sseqrjn3jhu","previousOperationId":"7s5lu6snz6kowdr"}
{"type":"log","timestamp":1737304957380,"level":"debug","message":"Running chrome with params {\"printBackground\":true,\"timeout\":58896,\"margin\":{}}","meta":{"rootId":"kcth00x7abcvi5s","id":"kcth00x7abcvi5s"},"id":"l65kzze7cp29xmc","previousOperationId":"7s5lu6snz6kowdr"}
{"type":"operationEnd","operationId":"7s5lu6snz6kowdr","timestamp":1737304957738,"id":"1dywl7se3t54488","previousEventId":"iv9qwuiojps7waw","previousOperationId":"7s5lu6snz6kowdr"}
{"type":"log","timestamp":1737304957739,"level":"debug","message":"Skipping storing report.","meta":{"rootId":"kcth00x7abcvi5s","id":"kcth00x7abcvi5s"},"id":"u507l48cl7bg1ew","previousOperationId":"7s5lu6snz6kowdr"}
{"type":"log","timestamp":1737304957739,"level":"info","message":"Rendering request 1 finished in 3613 ms","meta":{"rootId":"kcth00x7abcvi5s","id":"kcth00x7abcvi5s"},"id":"w7ivpjy6q4jd5ds","previousOperationId":"7s5lu6snz6kowdr"}
{"type":"operationEnd","subtype":"render","operationId":"ynyon52h2ybx7p0","timestamp":1737304957739,"id":"x3cu7hulo92pql6","previousEventId":"1dywl7se3t54488","previousOperationId":"7s5lu6snz6kowdr"}
{"type":"operationEnd","doDiffs":false,"previousEventId":"bv9bx00dr288kbu","previousOperationId":"rswqwj95hgxv7cx","operationId":"rswqwj95hgxv7cx","timestamp":1737304957742,"id":"zulknwpvjhpi0kb"}
