{"type":"operationStart","subtype":"profile","data":{"_id":"HZBP4x2ELUYeM6bL","timestamp":"2025-01-19T16:47:19.966Z","state":"queued","mode":"standard","creationDate":"2025-01-19T16:47:19.969Z","modificationDate":"2025-01-19T16:47:19.969Z","shortid":"NzKFNS_","$entitySet":"profiles"},"doDiffs":false,"timestamp":1737305239968,"id":"mf5c1sq8uwndpn4","previousOperationId":null,"operationId":"ojzyd8rxjp1i80t"}
{"type":"log","level":"info","message":"Render request 4 queued for execution and waiting for available worker","previousOperationId":"ojzyd8rxjp1i80t","timestamp":1737305239968,"id":"95ntgea72zvqz5y"}
{"type":"operationStart","subtype":"render","name":"alaMasUsada","previousOperationId":"ojzyd8rxjp1i80t","timestamp":1737305239974,"id":"hmrfi44eky3bq08","previousEventId":"mf5c1sq8uwndpn4","operationId":"2zljgsvxuwafmjj"}
{"type":"log","timestamp":1737305239974,"level":"info","message":"Starting rendering request 4","meta":{"rootId":"om0wy6nzo8xbnt2","id":"om0wy6nzo8xbnt2"},"id":"61j5427acn6g4na","previousOperationId":"2zljgsvxuwafmjj"}
{"type":"log","timestamp":1737305239974,"level":"info","message":"Rendering template { name: alaMasUsada, recipe: chrome-pdf, engine: handlebars, preview: false }","meta":{"rootId":"om0wy6nzo8xbnt2","id":"om0wy6nzo8xbnt2"},"id":"rjs3xoxev5gfr8w","previousOperationId":"2zljgsvxuwafmjj"}
{"type":"log","timestamp":1737305239974,"level":"debug","message":"Inline data specified.","meta":{"rootId":"om0wy6nzo8xbnt2","id":"om0wy6nzo8xbnt2"},"id":"4tbj8zw3zhyyclm","previousOperationId":"2zljgsvxuwafmjj"}
{"type":"log","timestamp":1737305239977,"level":"debug","message":"Base url not specified, skipping its injection.","meta":{"rootId":"om0wy6nzo8xbnt2","id":"om0wy6nzo8xbnt2"},"id":"64t2eflhxylowim","previousOperationId":"2zljgsvxuwafmjj"}
{"type":"operationStart","subtype":"engine","name":"handlebars","timestamp":1737305239978,"id":"mwvijagf14piadp","previousEventId":"hmrfi44eky3bq08","operationId":"8ytaqvlzgd6ykqp","previousOperationId":"2zljgsvxuwafmjj"}
{"type":"log","timestamp":1737305239978,"level":"debug","message":"Rendering engine handlebars","meta":{"rootId":"om0wy6nzo8xbnt2","id":"om0wy6nzo8xbnt2"},"id":"qmeqiui2b5ip91v","previousOperationId":"8ytaqvlzgd6ykqp"}
{"type":"operationEnd","operationId":"8ytaqvlzgd6ykqp","timestamp":1737305240001,"id":"6jpklnj3d5v48mr","previousEventId":"mwvijagf14piadp","previousOperationId":"8ytaqvlzgd6ykqp"}
{"type":"operationStart","subtype":"recipe","name":"chrome-pdf","timestamp":1737305240002,"id":"k1j9qa9arutukqh","previousEventId":"6jpklnj3d5v48mr","operationId":"2kda3p81uztjcww","previousOperationId":"8ytaqvlzgd6ykqp"}
{"type":"log","timestamp":1737305240002,"level":"debug","message":"Executing recipe chrome-pdf","meta":{"rootId":"om0wy6nzo8xbnt2","id":"om0wy6nzo8xbnt2"},"id":"26lj13tp26jmvw8","previousOperationId":"2kda3p81uztjcww"}
{"type":"log","timestamp":1737305240432,"level":"debug","message":"Converting with chrome Chrome/130.0.6723.69 using dedicated-process strategy","meta":{"rootId":"om0wy6nzo8xbnt2","id":"om0wy6nzo8xbnt2"},"id":"vzodog59mhxa4ib","previousOperationId":"2kda3p81uztjcww"}
{"type":"log","timestamp":1737305240583,"level":"debug","message":"Page request: GET (document) file:///C:/Users/jrmat/AppData/Local/Temp/jsreport/autocleanup/9c5c7dd2-05a1-47be-b159-545aaf11e73f-chrome-pdf.html","meta":{"rootId":"om0wy6nzo8xbnt2","id":"om0wy6nzo8xbnt2"},"id":"4abpf2kkje3os6z","previousOperationId":"2kda3p81uztjcww"}
{"type":"log","timestamp":1737305240612,"level":"debug","message":"Page request finished: GET (document) 200 file:///C:/Users/jrmat/AppData/Local/Temp/jsreport/autocleanup/9c5c7dd2-05a1-47be-b159-545aaf11e73f-chrome-pdf.html","meta":{"rootId":"om0wy6nzo8xbnt2","id":"om0wy6nzo8xbnt2"},"id":"8358wah4vga14dx","previousOperationId":"2kda3p81uztjcww"}
{"type":"log","timestamp":1737305240612,"level":"debug","message":"Page request: GET (image) https://i.pinimg.com/736x/ac/66/fd/ac66fdbcf17e7c77173cf01c4dbb1cfc.jpg","meta":{"rootId":"om0wy6nzo8xbnt2","id":"om0wy6nzo8xbnt2"},"id":"xx3v7l83bjgronc","previousOperationId":"2kda3p81uztjcww"}
{"type":"log","timestamp":1737305240963,"level":"debug","message":"Page request finished: GET (image) 200 https://i.pinimg.com/736x/ac/66/fd/ac66fdbcf17e7c77173cf01c4dbb1cfc.jpg","meta":{"rootId":"om0wy6nzo8xbnt2","id":"om0wy6nzo8xbnt2"},"id":"7bz4rqfew6ninbb","previousOperationId":"2kda3p81uztjcww"}
{"type":"log","timestamp":1737305240997,"level":"debug","message":"Running chrome with params {\"printBackground\":true,\"timeout\":59961,\"margin\":{}}","meta":{"rootId":"om0wy6nzo8xbnt2","id":"om0wy6nzo8xbnt2"},"id":"nsalg4a0g889o9g","previousOperationId":"2kda3p81uztjcww"}
{"type":"operationEnd","operationId":"2kda3p81uztjcww","timestamp":1737305241585,"id":"cqx0eisgyk6odrx","previousEventId":"k1j9qa9arutukqh","previousOperationId":"2kda3p81uztjcww"}
{"type":"log","timestamp":1737305241585,"level":"debug","message":"Skipping storing report.","meta":{"rootId":"om0wy6nzo8xbnt2","id":"om0wy6nzo8xbnt2"},"id":"1ffzzqp5uy80fm6","previousOperationId":"2kda3p81uztjcww"}
{"type":"log","timestamp":1737305241585,"level":"info","message":"Rendering request 4 finished in 1620 ms","meta":{"rootId":"om0wy6nzo8xbnt2","id":"om0wy6nzo8xbnt2"},"id":"6dpfhl5c34bw88u","previousOperationId":"2kda3p81uztjcww"}
{"type":"operationEnd","subtype":"render","operationId":"2zljgsvxuwafmjj","timestamp":1737305241586,"id":"6nviks35lpb1443","previousEventId":"cqx0eisgyk6odrx","previousOperationId":"2kda3p81uztjcww"}
{"type":"operationEnd","doDiffs":false,"previousEventId":"mf5c1sq8uwndpn4","previousOperationId":"ojzyd8rxjp1i80t","operationId":"ojzyd8rxjp1i80t","timestamp":1737305241591,"id":"ox0wkj1rpjs5nog"}
