{"type":"operationStart","subtype":"profile","data":{"_id":"mXRIOZukCmV5DzUF","timestamp":"2025-01-19T17:02:30.510Z","state":"queued","mode":"standard","creationDate":"2025-01-19T17:02:30.511Z","modificationDate":"2025-01-19T17:02:30.511Z","shortid":"PTljWMC","$entitySet":"profiles"},"doDiffs":false,"timestamp":1737306150511,"id":"f3k4i1in94l9tqa","previousOperationId":null,"operationId":"29bu1u13xt2t0fo"}
{"type":"log","level":"info","message":"Render request 10 queued for execution and waiting for available worker","previousOperationId":"29bu1u13xt2t0fo","timestamp":1737306150511,"id":"nao6mnwba3zxa72"}
{"type":"operationStart","subtype":"render","name":"alaMasUsada","previousOperationId":"29bu1u13xt2t0fo","timestamp":1737306150514,"id":"4y76ias9ss88ham","previousEventId":"f3k4i1in94l9tqa","operationId":"nz1m8mhuaikgpvg"}
{"type":"log","timestamp":1737306150514,"level":"info","message":"Starting rendering request 10","meta":{"rootId":"owegbu0zbu1zmem","id":"owegbu0zbu1zmem"},"id":"6ga1pcoc2k2ohyj","previousOperationId":"nz1m8mhuaikgpvg"}
{"type":"log","timestamp":1737306150514,"level":"info","message":"Rendering template { name: alaMasUsada, recipe: chrome-pdf, engine: handlebars, preview: false }","meta":{"rootId":"owegbu0zbu1zmem","id":"owegbu0zbu1zmem"},"id":"zp1mv147ietxfxh","previousOperationId":"nz1m8mhuaikgpvg"}
{"type":"log","timestamp":1737306150514,"level":"debug","message":"Inline data specified.","meta":{"rootId":"owegbu0zbu1zmem","id":"owegbu0zbu1zmem"},"id":"jytpzgcq2jecd42","previousOperationId":"nz1m8mhuaikgpvg"}
{"type":"log","timestamp":1737306150515,"level":"debug","message":"Base url not specified, skipping its injection.","meta":{"rootId":"owegbu0zbu1zmem","id":"owegbu0zbu1zmem"},"id":"zna6q12ca9dyyz8","previousOperationId":"nz1m8mhuaikgpvg"}
{"type":"operationStart","subtype":"engine","name":"handlebars","timestamp":1737306150515,"id":"ynerv42dwa4qr8x","previousEventId":"4y76ias9ss88ham","operationId":"3tl42xebpcvtby7","previousOperationId":"nz1m8mhuaikgpvg"}
{"type":"log","timestamp":1737306150515,"level":"debug","message":"Rendering engine handlebars","meta":{"rootId":"owegbu0zbu1zmem","id":"owegbu0zbu1zmem"},"id":"rrbuqirdtdauo5t","previousOperationId":"3tl42xebpcvtby7"}
{"type":"operationEnd","operationId":"3tl42xebpcvtby7","timestamp":1737306150524,"id":"ir31ymbs50mp0rj","previousEventId":"ynerv42dwa4qr8x","previousOperationId":"3tl42xebpcvtby7"}
{"type":"operationStart","subtype":"recipe","name":"chrome-pdf","timestamp":1737306150525,"id":"ben90zjcof53z45","previousEventId":"ir31ymbs50mp0rj","operationId":"e5vhebrgnfzferv","previousOperationId":"3tl42xebpcvtby7"}
{"type":"log","timestamp":1737306150525,"level":"debug","message":"Executing recipe chrome-pdf","meta":{"rootId":"owegbu0zbu1zmem","id":"owegbu0zbu1zmem"},"id":"1tnkc3s88unfr2z","previousOperationId":"e5vhebrgnfzferv"}
{"type":"log","timestamp":1737306151103,"level":"debug","message":"Converting with chrome Chrome/130.0.6723.69 using dedicated-process strategy","meta":{"rootId":"owegbu0zbu1zmem","id":"owegbu0zbu1zmem"},"id":"hbq4sobs4kkcfze","previousOperationId":"e5vhebrgnfzferv"}
{"type":"log","timestamp":1737306151241,"level":"debug","message":"Page request: GET (document) file:///C:/Users/jrmat/AppData/Local/Temp/jsreport/autocleanup/934825d1-8ef3-4228-9c01-9916a6b57899-chrome-pdf.html","meta":{"rootId":"owegbu0zbu1zmem","id":"owegbu0zbu1zmem"},"id":"owr58gcl66yh0pf","previousOperationId":"e5vhebrgnfzferv"}
{"type":"log","timestamp":1737306151259,"level":"debug","message":"Page request finished: GET (document) 200 file:///C:/Users/jrmat/AppData/Local/Temp/jsreport/autocleanup/934825d1-8ef3-4228-9c01-9916a6b57899-chrome-pdf.html","meta":{"rootId":"owegbu0zbu1zmem","id":"owegbu0zbu1zmem"},"id":"n2jrx279jpfj0eu","previousOperationId":"e5vhebrgnfzferv"}
{"type":"log","timestamp":1737306151259,"level":"debug","message":"Page request: GET (image) https://i.pinimg.com/736x/ac/66/fd/ac66fdbcf17e7c77173cf01c4dbb1cfc.jpg","meta":{"rootId":"owegbu0zbu1zmem","id":"owegbu0zbu1zmem"},"id":"gwbb2la83k1p54c","previousOperationId":"e5vhebrgnfzferv"}
{"type":"log","timestamp":1737306151569,"level":"debug","message":"Page request finished: GET (image) 200 https://i.pinimg.com/736x/ac/66/fd/ac66fdbcf17e7c77173cf01c4dbb1cfc.jpg","meta":{"rootId":"owegbu0zbu1zmem","id":"owegbu0zbu1zmem"},"id":"4hfjq6bc30xoii3","previousOperationId":"e5vhebrgnfzferv"}
{"type":"log","timestamp":1737306151574,"level":"debug","message":"Running chrome with params {\"printBackground\":true,\"timeout\":59983,\"margin\":{}}","meta":{"rootId":"owegbu0zbu1zmem","id":"owegbu0zbu1zmem"},"id":"wl0zl4vu14px9qe","previousOperationId":"e5vhebrgnfzferv"}
{"type":"operationEnd","operationId":"e5vhebrgnfzferv","timestamp":1737306152281,"id":"x9bm9p9wjiui38h","previousEventId":"ben90zjcof53z45","previousOperationId":"e5vhebrgnfzferv"}
{"type":"log","timestamp":1737306152281,"level":"debug","message":"Skipping storing report.","meta":{"rootId":"owegbu0zbu1zmem","id":"owegbu0zbu1zmem"},"id":"2wrsm1a9g7eitdh","previousOperationId":"e5vhebrgnfzferv"}
{"type":"log","timestamp":1737306152281,"level":"info","message":"Rendering request 10 finished in 1772 ms","meta":{"rootId":"owegbu0zbu1zmem","id":"owegbu0zbu1zmem"},"id":"41huhitthcgwvwx","previousOperationId":"e5vhebrgnfzferv"}
{"type":"operationEnd","subtype":"render","operationId":"nz1m8mhuaikgpvg","timestamp":1737306152281,"id":"cn05j2mspcwoz3b","previousEventId":"x9bm9p9wjiui38h","previousOperationId":"e5vhebrgnfzferv"}
{"type":"operationEnd","doDiffs":false,"previousEventId":"f3k4i1in94l9tqa","previousOperationId":"29bu1u13xt2t0fo","operationId":"29bu1u13xt2t0fo","timestamp":1737306152283,"id":"a5ev0jha5lvh9u2"}
