{"type":"operationStart","subtype":"profile","data":{"_id":"MRe31TM9YRrfHcNz","timestamp":"2025-01-17T05:57:15.119Z","state":"queued","mode":"standard","creationDate":"2025-01-17T05:57:15.120Z","modificationDate":"2025-01-17T05:57:15.120Z","shortid":"50Jav8a","$entitySet":"profiles"},"doDiffs":false,"timestamp":1737093435119,"id":"7ioetpm7vighu2x","previousOperationId":null,"operationId":"akle0zuwrjblj6r"}
{"type":"log","level":"info","message":"Render request 1 queued for execution and waiting for available worker","previousOperationId":"akle0zuwrjblj6r","timestamp":1737093435120,"id":"jp2grhgggcj3nwv"}
{"type":"operationStart","subtype":"render","name":"alaMasUsada","previousOperationId":"akle0zuwrjblj6r","timestamp":1737093435133,"id":"peutni7d6gpjzxz","previousEventId":"7ioetpm7vighu2x","operationId":"81tkshwlmjdm9mn"}
{"type":"log","timestamp":1737093435133,"level":"info","message":"Starting rendering request 1","meta":{"rootId":"pckbtzobn00741m","id":"pckbtzobn00741m"},"id":"gfg2yus1nbif60w","previousOperationId":"81tkshwlmjdm9mn"}
{"type":"log","timestamp":1737093435135,"level":"info","message":"Rendering template { name: alaMasUsada, recipe: chrome-pdf, engine: handlebars, preview: false }","meta":{"rootId":"pckbtzobn00741m","id":"pckbtzobn00741m"},"id":"bhko4c7ck53xhnz","previousOperationId":"81tkshwlmjdm9mn"}
{"type":"log","timestamp":1737093435136,"level":"debug","message":"Inline data specified.","meta":{"rootId":"pckbtzobn00741m","id":"pckbtzobn00741m"},"id":"kvo67z5lxlqwnup","previousOperationId":"81tkshwlmjdm9mn"}
{"type":"log","timestamp":1737093435139,"level":"debug","message":"Base url not specified, skipping its injection.","meta":{"rootId":"pckbtzobn00741m","id":"pckbtzobn00741m"},"id":"cdvp47efc6upr66","previousOperationId":"81tkshwlmjdm9mn"}
{"type":"operationStart","subtype":"engine","name":"handlebars","timestamp":1737093435140,"id":"l6bs7vjzp4fj86z","previousEventId":"peutni7d6gpjzxz","operationId":"vguyjk0ye04evyv","previousOperationId":"81tkshwlmjdm9mn"}
{"type":"log","timestamp":1737093435140,"level":"debug","message":"Rendering engine handlebars","meta":{"rootId":"pckbtzobn00741m","id":"pckbtzobn00741m"},"id":"0ajnoxysqyktt21","previousOperationId":"vguyjk0ye04evyv"}
{"type":"operationEnd","operationId":"vguyjk0ye04evyv","timestamp":1737093435687,"id":"9wralkamed39h2r","previousEventId":"l6bs7vjzp4fj86z","previousOperationId":"vguyjk0ye04evyv"}
{"type":"operationStart","subtype":"recipe","name":"chrome-pdf","timestamp":1737093435688,"id":"oxlppo7o8sf2jus","previousEventId":"9wralkamed39h2r","operationId":"yjd70gcqx5f4vlf","previousOperationId":"vguyjk0ye04evyv"}
{"type":"log","timestamp":1737093435688,"level":"debug","message":"Executing recipe chrome-pdf","meta":{"rootId":"pckbtzobn00741m","id":"pckbtzobn00741m"},"id":"jyajlaq80wj5cdm","previousOperationId":"yjd70gcqx5f4vlf"}
{"type":"log","timestamp":1737093436032,"level":"debug","message":"Converting with chrome Chrome/131.0.6778.204 using dedicated-process strategy","meta":{"rootId":"pckbtzobn00741m","id":"pckbtzobn00741m"},"id":"e9jnc0vty06rgzx","previousOperationId":"yjd70gcqx5f4vlf"}
{"type":"log","timestamp":1737093436110,"level":"debug","message":"Page request: GET (document) file:///tmp/jsreport/autocleanup/d7bd3342-33f7-4372-9d5b-718ef14a4ca0-chrome-pdf.html","meta":{"rootId":"pckbtzobn00741m","id":"pckbtzobn00741m"},"id":"2hmpyizoy74nvhp","previousOperationId":"yjd70gcqx5f4vlf"}
{"type":"log","timestamp":1737093436139,"level":"debug","message":"Page request: GET (image) https://i.pinimg.com/736x/ac/66/fd/ac66fdbcf17e7c77173cf01c4dbb1cfc.jpg","meta":{"rootId":"pckbtzobn00741m","id":"pckbtzobn00741m"},"id":"ki7hyu958ougndr","previousOperationId":"yjd70gcqx5f4vlf"}
{"type":"log","timestamp":1737093436141,"level":"debug","message":"Page request finished: GET (document) 200 file:///tmp/jsreport/autocleanup/d7bd3342-33f7-4372-9d5b-718ef14a4ca0-chrome-pdf.html","meta":{"rootId":"pckbtzobn00741m","id":"pckbtzobn00741m"},"id":"ieqzpgl204gqmvm","previousOperationId":"yjd70gcqx5f4vlf"}
{"type":"log","timestamp":1737093436241,"level":"debug","message":"Page request finished: GET (image) 200 https://i.pinimg.com/736x/ac/66/fd/ac66fdbcf17e7c77173cf01c4dbb1cfc.jpg","meta":{"rootId":"pckbtzobn00741m","id":"pckbtzobn00741m"},"id":"r1hs719qll6gtqt","previousOperationId":"yjd70gcqx5f4vlf"}
{"type":"log","timestamp":1737093436244,"level":"debug","message":"Running chrome with params {\"printBackground\":true,\"timeout\":59427,\"margin\":{}}","meta":{"rootId":"pckbtzobn00741m","id":"pckbtzobn00741m"},"id":"3xsap1h52pn6ag5","previousOperationId":"yjd70gcqx5f4vlf"}
{"type":"operationEnd","operationId":"yjd70gcqx5f4vlf","timestamp":1737093436390,"id":"3rkrmolqz4qg7zk","previousEventId":"oxlppo7o8sf2jus","previousOperationId":"yjd70gcqx5f4vlf"}
{"type":"log","timestamp":1737093436391,"level":"debug","message":"Skipping storing report.","meta":{"rootId":"pckbtzobn00741m","id":"pckbtzobn00741m"},"id":"4st67z14nkmjcgt","previousOperationId":"yjd70gcqx5f4vlf"}
{"type":"log","timestamp":1737093436391,"level":"info","message":"Rendering request 1 finished in 1273 ms","meta":{"rootId":"pckbtzobn00741m","id":"pckbtzobn00741m"},"id":"mpqkte4wgkq1761","previousOperationId":"yjd70gcqx5f4vlf"}
{"type":"operationEnd","subtype":"render","operationId":"81tkshwlmjdm9mn","timestamp":1737093436391,"id":"uipvnszmkihlpi1","previousEventId":"3rkrmolqz4qg7zk","previousOperationId":"yjd70gcqx5f4vlf"}
{"type":"operationEnd","doDiffs":false,"previousEventId":"7ioetpm7vighu2x","previousOperationId":"akle0zuwrjblj6r","operationId":"akle0zuwrjblj6r","timestamp":1737093436393,"id":"aglxyxloq13rj6n"}
