{"type":"operationStart","subtype":"profile","data":{"_id":"53zjfZME7GWjWIhG","timestamp":"2025-01-19T16:55:10.314Z","state":"queued","mode":"standard","creationDate":"2025-01-19T16:55:10.318Z","modificationDate":"2025-01-19T16:55:10.318Z","shortid":"pUpgwS-","$entitySet":"profiles"},"doDiffs":false,"timestamp":1737305710316,"id":"pd85uhmqvp2ivxo","previousOperationId":null,"operationId":"cqto7q1289bzsjp"}
{"type":"log","level":"info","message":"Render request 1 queued for execution and waiting for available worker","previousOperationId":"cqto7q1289bzsjp","timestamp":1737305710317,"id":"a6e7thyve7g2tgt"}
{"type":"operationStart","subtype":"render","name":"alaMasUsada","previousOperationId":"cqto7q1289bzsjp","timestamp":1737305710338,"id":"n8udw140m1wzqv0","previousEventId":"pd85uhmqvp2ivxo","operationId":"xjci99tqgmvm8dg"}
{"type":"log","timestamp":1737305710339,"level":"info","message":"Starting rendering request 1","meta":{"rootId":"pewa59hh348e8ty","id":"pewa59hh348e8ty"},"id":"106uaraycoklr08","previousOperationId":"xjci99tqgmvm8dg"}
{"type":"log","timestamp":1737305710341,"level":"info","message":"Rendering template { name: alaMasUsada, recipe: chrome-pdf, engine: handlebars, preview: false }","meta":{"rootId":"pewa59hh348e8ty","id":"pewa59hh348e8ty"},"id":"rez88cqf16nw22w","previousOperationId":"xjci99tqgmvm8dg"}
{"type":"log","timestamp":1737305710342,"level":"debug","message":"Inline data specified.","meta":{"rootId":"pewa59hh348e8ty","id":"pewa59hh348e8ty"},"id":"il9d65xt0l93f12","previousOperationId":"xjci99tqgmvm8dg"}
{"type":"log","timestamp":1737305710345,"level":"debug","message":"Base url not specified, skipping its injection.","meta":{"rootId":"pewa59hh348e8ty","id":"pewa59hh348e8ty"},"id":"aotv5czb9iieefl","previousOperationId":"xjci99tqgmvm8dg"}
{"type":"operationStart","subtype":"engine","name":"handlebars","timestamp":1737305710348,"id":"k4vn9y18x3ylu6o","previousEventId":"n8udw140m1wzqv0","operationId":"74t3vihz0tp951l","previousOperationId":"xjci99tqgmvm8dg"}
{"type":"log","timestamp":1737305710348,"level":"debug","message":"Rendering engine handlebars","meta":{"rootId":"pewa59hh348e8ty","id":"pewa59hh348e8ty"},"id":"jf5d72oo5nmp87o","previousOperationId":"74t3vihz0tp951l"}
{"type":"operationEnd","operationId":"74t3vihz0tp951l","timestamp":1737305710980,"id":"zi0aossj9v7ay6e","previousEventId":"k4vn9y18x3ylu6o","previousOperationId":"74t3vihz0tp951l"}
{"type":"operationStart","subtype":"recipe","name":"chrome-pdf","timestamp":1737305710981,"id":"ith5dy671gtlwdf","previousEventId":"zi0aossj9v7ay6e","operationId":"r0libop1zxh5x4g","previousOperationId":"74t3vihz0tp951l"}
{"type":"log","timestamp":1737305710981,"level":"debug","message":"Executing recipe chrome-pdf","meta":{"rootId":"pewa59hh348e8ty","id":"pewa59hh348e8ty"},"id":"v6yxvsn1vw644hr","previousOperationId":"r0libop1zxh5x4g"}
{"type":"log","timestamp":1737305711349,"level":"debug","message":"Converting with chrome Chrome/130.0.6723.69 using dedicated-process strategy","meta":{"rootId":"pewa59hh348e8ty","id":"pewa59hh348e8ty"},"id":"l9gk5sk2pnt9xf3","previousOperationId":"r0libop1zxh5x4g"}
{"type":"log","timestamp":1737305711423,"level":"debug","message":"Page request: GET (document) file:///C:/Users/jrmat/AppData/Local/Temp/jsreport/autocleanup/107fafbe-4a92-4879-9200-3e4676ac9233-chrome-pdf.html","meta":{"rootId":"pewa59hh348e8ty","id":"pewa59hh348e8ty"},"id":"moaczacd7wvnr74","previousOperationId":"r0libop1zxh5x4g"}
{"type":"log","timestamp":1737305711442,"level":"debug","message":"Page request finished: GET (document) 200 file:///C:/Users/jrmat/AppData/Local/Temp/jsreport/autocleanup/107fafbe-4a92-4879-9200-3e4676ac9233-chrome-pdf.html","meta":{"rootId":"pewa59hh348e8ty","id":"pewa59hh348e8ty"},"id":"exjfpqkpj349ks8","previousOperationId":"r0libop1zxh5x4g"}
{"type":"log","timestamp":1737305711448,"level":"debug","message":"Page request: GET (image) https://i.pinimg.com/736x/ac/66/fd/ac66fdbcf17e7c77173cf01c4dbb1cfc.jpg","meta":{"rootId":"pewa59hh348e8ty","id":"pewa59hh348e8ty"},"id":"kashnbccp2nz6iu","previousOperationId":"r0libop1zxh5x4g"}
{"type":"log","timestamp":1737305711775,"level":"debug","message":"Page request finished: GET (image) 200 https://i.pinimg.com/736x/ac/66/fd/ac66fdbcf17e7c77173cf01c4dbb1cfc.jpg","meta":{"rootId":"pewa59hh348e8ty","id":"pewa59hh348e8ty"},"id":"smi2q03a3v6bw0x","previousOperationId":"r0libop1zxh5x4g"}
{"type":"log","timestamp":1737305711788,"level":"debug","message":"Running chrome with params {\"printBackground\":true,\"timeout\":59325,\"margin\":{}}","meta":{"rootId":"pewa59hh348e8ty","id":"pewa59hh348e8ty"},"id":"d2lt1r23jfpu7aw","previousOperationId":"r0libop1zxh5x4g"}
{"type":"operationEnd","operationId":"r0libop1zxh5x4g","timestamp":1737305712549,"id":"1mhv04rafb12zcy","previousEventId":"ith5dy671gtlwdf","previousOperationId":"r0libop1zxh5x4g"}
{"type":"log","timestamp":1737305712550,"level":"debug","message":"Skipping storing report.","meta":{"rootId":"pewa59hh348e8ty","id":"pewa59hh348e8ty"},"id":"yei08t3r1u9z6qx","previousOperationId":"r0libop1zxh5x4g"}
{"type":"log","timestamp":1737305712550,"level":"info","message":"Rendering request 1 finished in 2237 ms","meta":{"rootId":"pewa59hh348e8ty","id":"pewa59hh348e8ty"},"id":"5cyibzhapl45cti","previousOperationId":"r0libop1zxh5x4g"}
{"type":"operationEnd","subtype":"render","operationId":"xjci99tqgmvm8dg","timestamp":1737305712550,"id":"rk83ufpv1ei22l8","previousEventId":"1mhv04rafb12zcy","previousOperationId":"r0libop1zxh5x4g"}
{"type":"operationEnd","doDiffs":false,"previousEventId":"pd85uhmqvp2ivxo","previousOperationId":"cqto7q1289bzsjp","operationId":"cqto7q1289bzsjp","timestamp":1737305712559,"id":"3ludt40wu9o6z32"}
