{"type":"operationStart","subtype":"profile","data":{"_id":"YUtugpGZaPuVzBtM","timestamp":"2025-01-17T04:57:48.685Z","state":"queued","mode":"standard","creationDate":"2025-01-17T04:57:48.686Z","modificationDate":"2025-01-17T04:57:48.686Z","shortid":"pQonrLO","$entitySet":"profiles"},"doDiffs":false,"timestamp":1737089868685,"id":"tqpeyehnghlmjha","previousOperationId":null,"operationId":"eoaqh7tokcek9q0"}
{"type":"log","level":"info","message":"Render request 16 queued for execution and waiting for available worker","previousOperationId":"eoaqh7tokcek9q0","timestamp":1737089868685,"id":"q80wuq4cmowf035"}
{"type":"operationStart","subtype":"render","name":"alaMasUsada","previousOperationId":"eoaqh7tokcek9q0","timestamp":1737089868687,"id":"dx515ywjkgtoh3o","previousEventId":"tqpeyehnghlmjha","operationId":"0ih2gapdygcqhrn"}
{"type":"log","timestamp":1737089868688,"level":"info","message":"Starting rendering request 16","meta":{"rootId":"popxumbulcde1sq","id":"popxumbulcde1sq"},"id":"2vwrr6lom7pewx2","previousOperationId":"0ih2gapdygcqhrn"}
{"type":"log","timestamp":1737089868688,"level":"info","message":"Rendering template { name: alaMasUsada, recipe: chrome-pdf, engine: handlebars, preview: false }","meta":{"rootId":"popxumbulcde1sq","id":"popxumbulcde1sq"},"id":"6jff50ghpbnk8jf","previousOperationId":"0ih2gapdygcqhrn"}
{"type":"log","timestamp":1737089868688,"level":"debug","message":"Inline data specified.","meta":{"rootId":"popxumbulcde1sq","id":"popxumbulcde1sq"},"id":"ag3sbihbhxl4okr","previousOperationId":"0ih2gapdygcqhrn"}
{"type":"log","timestamp":1737089868689,"level":"debug","message":"Base url not specified, skipping its injection.","meta":{"rootId":"popxumbulcde1sq","id":"popxumbulcde1sq"},"id":"s0g8mcifvs92ois","previousOperationId":"0ih2gapdygcqhrn"}
{"type":"operationStart","subtype":"engine","name":"handlebars","timestamp":1737089868689,"id":"vhlqlko3pld7waj","previousEventId":"dx515ywjkgtoh3o","operationId":"v776ctdjip5ob3o","previousOperationId":"0ih2gapdygcqhrn"}
{"type":"log","timestamp":1737089868689,"level":"debug","message":"Rendering engine handlebars","meta":{"rootId":"popxumbulcde1sq","id":"popxumbulcde1sq"},"id":"8mla8085foq1khg","previousOperationId":"v776ctdjip5ob3o"}
{"type":"operationEnd","operationId":"v776ctdjip5ob3o","timestamp":1737089868695,"id":"fsdpsrqq6rcio2h","previousEventId":"vhlqlko3pld7waj","previousOperationId":"v776ctdjip5ob3o"}
{"type":"operationStart","subtype":"recipe","name":"chrome-pdf","timestamp":1737089868695,"id":"0rjopuzlx2xxpqb","previousEventId":"fsdpsrqq6rcio2h","operationId":"bk82a41nd3z714d","previousOperationId":"v776ctdjip5ob3o"}
{"type":"log","timestamp":1737089868695,"level":"debug","message":"Executing recipe chrome-pdf","meta":{"rootId":"popxumbulcde1sq","id":"popxumbulcde1sq"},"id":"t9y11r5lfd40uex","previousOperationId":"bk82a41nd3z714d"}
{"type":"log","timestamp":1737089869090,"level":"debug","message":"Converting with chrome Chrome/131.0.6778.204 using dedicated-process strategy","meta":{"rootId":"popxumbulcde1sq","id":"popxumbulcde1sq"},"id":"7x4dtuq2edzrltk","previousOperationId":"bk82a41nd3z714d"}
{"type":"log","timestamp":1737089869162,"level":"debug","message":"Page request: GET (document) file:///tmp/jsreport/autocleanup/e33bb18b-0c3b-4973-a3af-7ad0b941f9e9-chrome-pdf.html","meta":{"rootId":"popxumbulcde1sq","id":"popxumbulcde1sq"},"id":"e4wd4qof6j4zp0e","previousOperationId":"bk82a41nd3z714d"}
{"type":"log","timestamp":1737089869176,"level":"debug","message":"Page request finished: GET (document) 200 file:///tmp/jsreport/autocleanup/e33bb18b-0c3b-4973-a3af-7ad0b941f9e9-chrome-pdf.html","meta":{"rootId":"popxumbulcde1sq","id":"popxumbulcde1sq"},"id":"e0vfds2kaeynomn","previousOperationId":"bk82a41nd3z714d"}
{"type":"log","timestamp":1737089869180,"level":"debug","message":"Page request: GET (image) https://i.pinimg.com/736x/ac/66/fd/ac66fdbcf17e7c77173cf01c4dbb1cfc.jpg","meta":{"rootId":"popxumbulcde1sq","id":"popxumbulcde1sq"},"id":"ikaz4icvxtjt772","previousOperationId":"bk82a41nd3z714d"}
{"type":"log","timestamp":1737089869242,"level":"debug","message":"Page request finished: GET (image) 200 https://i.pinimg.com/736x/ac/66/fd/ac66fdbcf17e7c77173cf01c4dbb1cfc.jpg","meta":{"rootId":"popxumbulcde1sq","id":"popxumbulcde1sq"},"id":"plgjxcgu7j4us3u","previousOperationId":"bk82a41nd3z714d"}
{"type":"log","timestamp":1737089869246,"level":"debug","message":"Running chrome with params {\"printBackground\":true,\"timeout\":59989,\"margin\":{}}","meta":{"rootId":"popxumbulcde1sq","id":"popxumbulcde1sq"},"id":"1olclboxfld9j4m","previousOperationId":"bk82a41nd3z714d"}
{"type":"operationEnd","operationId":"bk82a41nd3z714d","timestamp":1737089869395,"id":"am0navlfuhza11p","previousEventId":"0rjopuzlx2xxpqb","previousOperationId":"bk82a41nd3z714d"}
{"type":"log","timestamp":1737089869396,"level":"debug","message":"Skipping storing report.","meta":{"rootId":"popxumbulcde1sq","id":"popxumbulcde1sq"},"id":"v912ww7mo25hg5p","previousOperationId":"bk82a41nd3z714d"}
{"type":"log","timestamp":1737089869396,"level":"info","message":"Rendering request 16 finished in 711 ms","meta":{"rootId":"popxumbulcde1sq","id":"popxumbulcde1sq"},"id":"r4wzxxei3mb4qti","previousOperationId":"bk82a41nd3z714d"}
{"type":"operationEnd","subtype":"render","operationId":"0ih2gapdygcqhrn","timestamp":1737089869396,"id":"oeogobih25wczmg","previousEventId":"am0navlfuhza11p","previousOperationId":"bk82a41nd3z714d"}
{"type":"operationEnd","doDiffs":false,"previousEventId":"tqpeyehnghlmjha","previousOperationId":"eoaqh7tokcek9q0","operationId":"eoaqh7tokcek9q0","timestamp":1737089869397,"id":"hp5g8fj1saul0b1"}
