{"type":"operationStart","subtype":"profile","data":{"_id":"MYiVWUpi2JPROLqC","timestamp":"2025-01-19T16:49:32.021Z","state":"queued","mode":"standard","creationDate":"2025-01-19T16:49:32.027Z","modificationDate":"2025-01-19T16:49:32.027Z","shortid":"V_2gLO4","$entitySet":"profiles"},"doDiffs":false,"timestamp":1737305372024,"id":"vkeh5gplryklfz7","previousOperationId":null,"operationId":"s0do025bfso8ikh"}
{"type":"log","level":"info","message":"Render request 6 queued for execution and waiting for available worker","previousOperationId":"s0do025bfso8ikh","timestamp":1737305372024,"id":"2i2hoyro60wdwuu"}
{"type":"operationStart","subtype":"render","name":"alaMasUsada","previousOperationId":"s0do025bfso8ikh","timestamp":1737305372033,"id":"rpfx765edf35e8u","previousEventId":"vkeh5gplryklfz7","operationId":"9jcit8icy4i0ejk"}
{"type":"log","timestamp":1737305372033,"level":"info","message":"Starting rendering request 6","meta":{"rootId":"pwaqoz20af7l7uj","id":"pwaqoz20af7l7uj"},"id":"qugujqewgx6ghl7","previousOperationId":"9jcit8icy4i0ejk"}
{"type":"log","timestamp":1737305372034,"level":"info","message":"Rendering template { name: alaMasUsada, recipe: chrome-pdf, engine: handlebars, preview: false }","meta":{"rootId":"pwaqoz20af7l7uj","id":"pwaqoz20af7l7uj"},"id":"o5hfpfr6hoak4cz","previousOperationId":"9jcit8icy4i0ejk"}
{"type":"log","timestamp":1737305372034,"level":"debug","message":"Inline data specified.","meta":{"rootId":"pwaqoz20af7l7uj","id":"pwaqoz20af7l7uj"},"id":"rj2g6ovvvptkmzl","previousOperationId":"9jcit8icy4i0ejk"}
{"type":"log","timestamp":1737305372035,"level":"debug","message":"Base url not specified, skipping its injection.","meta":{"rootId":"pwaqoz20af7l7uj","id":"pwaqoz20af7l7uj"},"id":"pfyb0xux613bm1u","previousOperationId":"9jcit8icy4i0ejk"}
{"type":"operationStart","subtype":"engine","name":"handlebars","timestamp":1737305372036,"id":"4aomj8sc8cjsyb6","previousEventId":"rpfx765edf35e8u","operationId":"ji3d2a0f5aww5qd","previousOperationId":"9jcit8icy4i0ejk"}
{"type":"log","timestamp":1737305372036,"level":"debug","message":"Rendering engine handlebars","meta":{"rootId":"pwaqoz20af7l7uj","id":"pwaqoz20af7l7uj"},"id":"392m936rehfnasz","previousOperationId":"ji3d2a0f5aww5qd"}
{"type":"operationEnd","operationId":"ji3d2a0f5aww5qd","timestamp":1737305372042,"id":"vvxd3urcb7pjvma","previousEventId":"4aomj8sc8cjsyb6","previousOperationId":"ji3d2a0f5aww5qd"}
{"type":"operationStart","subtype":"recipe","name":"chrome-pdf","timestamp":1737305372042,"id":"jb8iul6shgeddcf","previousEventId":"vvxd3urcb7pjvma","operationId":"dch5vlosu5538pq","previousOperationId":"ji3d2a0f5aww5qd"}
{"type":"log","timestamp":1737305372042,"level":"debug","message":"Executing recipe chrome-pdf","meta":{"rootId":"pwaqoz20af7l7uj","id":"pwaqoz20af7l7uj"},"id":"nqs9xik0qzkmueo","previousOperationId":"dch5vlosu5538pq"}
{"type":"log","timestamp":1737305372439,"level":"debug","message":"Converting with chrome Chrome/130.0.6723.69 using dedicated-process strategy","meta":{"rootId":"pwaqoz20af7l7uj","id":"pwaqoz20af7l7uj"},"id":"so0o2juyz3m8286","previousOperationId":"dch5vlosu5538pq"}
{"type":"log","timestamp":1737305372508,"level":"debug","message":"Page request: GET (document) file:///C:/Users/jrmat/AppData/Local/Temp/jsreport/autocleanup/4d639e66-e370-4ca1-9408-d6458988c03d-chrome-pdf.html","meta":{"rootId":"pwaqoz20af7l7uj","id":"pwaqoz20af7l7uj"},"id":"wa5n0p7y8sn3uco","previousOperationId":"dch5vlosu5538pq"}
{"type":"log","timestamp":1737305372523,"level":"debug","message":"Page request finished: GET (document) 200 file:///C:/Users/jrmat/AppData/Local/Temp/jsreport/autocleanup/4d639e66-e370-4ca1-9408-d6458988c03d-chrome-pdf.html","meta":{"rootId":"pwaqoz20af7l7uj","id":"pwaqoz20af7l7uj"},"id":"v3um042t3fal8uj","previousOperationId":"dch5vlosu5538pq"}
{"type":"log","timestamp":1737305372523,"level":"debug","message":"Page request: GET (image) https://i.pinimg.com/736x/ac/66/fd/ac66fdbcf17e7c77173cf01c4dbb1cfc.jpg","meta":{"rootId":"pwaqoz20af7l7uj","id":"pwaqoz20af7l7uj"},"id":"dmokee47ywnznx8","previousOperationId":"dch5vlosu5538pq"}
{"type":"log","timestamp":1737305372761,"level":"debug","message":"Page request finished: GET (image) 200 https://i.pinimg.com/736x/ac/66/fd/ac66fdbcf17e7c77173cf01c4dbb1cfc.jpg","meta":{"rootId":"pwaqoz20af7l7uj","id":"pwaqoz20af7l7uj"},"id":"gdmpd7dsj8sd7kg","previousOperationId":"dch5vlosu5538pq"}
{"type":"log","timestamp":1737305372802,"level":"debug","message":"Running chrome with params {\"printBackground\":true,\"timeout\":59966,\"margin\":{}}","meta":{"rootId":"pwaqoz20af7l7uj","id":"pwaqoz20af7l7uj"},"id":"dqgmzii7rkzob28","previousOperationId":"dch5vlosu5538pq"}
{"type":"operationEnd","operationId":"dch5vlosu5538pq","timestamp":1737305373254,"id":"badi4ulp0qj3xl2","previousEventId":"jb8iul6shgeddcf","previousOperationId":"dch5vlosu5538pq"}
{"type":"log","timestamp":1737305373254,"level":"debug","message":"Skipping storing report.","meta":{"rootId":"pwaqoz20af7l7uj","id":"pwaqoz20af7l7uj"},"id":"6pi62c5lg049r2m","previousOperationId":"dch5vlosu5538pq"}
{"type":"log","timestamp":1737305373254,"level":"info","message":"Rendering request 6 finished in 1245 ms","meta":{"rootId":"pwaqoz20af7l7uj","id":"pwaqoz20af7l7uj"},"id":"9ddnhwuy30vmrxc","previousOperationId":"dch5vlosu5538pq"}
{"type":"operationEnd","subtype":"render","operationId":"9jcit8icy4i0ejk","timestamp":1737305373254,"id":"0xfhhayvcwobwgg","previousEventId":"badi4ulp0qj3xl2","previousOperationId":"dch5vlosu5538pq"}
{"type":"operationEnd","doDiffs":false,"previousEventId":"vkeh5gplryklfz7","previousOperationId":"s0do025bfso8ikh","operationId":"s0do025bfso8ikh","timestamp":1737305373256,"id":"zakkzmfeamrx6z6"}
