{"type":"operationStart","subtype":"profile","data":{"_id":"3HqFxNs67ht7oNG4","timestamp":"2025-01-19T17:02:17.749Z","state":"queued","mode":"standard","creationDate":"2025-01-19T17:02:17.754Z","modificationDate":"2025-01-19T17:02:17.754Z","shortid":"gTl07Gj","$entitySet":"profiles"},"doDiffs":false,"timestamp":1737306137752,"id":"wt0e91qjyff9jvy","previousOperationId":null,"operationId":"23l9koohxvk1jdt"}
{"type":"log","level":"info","message":"Render request 7 queued for execution and waiting for available worker","previousOperationId":"23l9koohxvk1jdt","timestamp":1737306137752,"id":"6bwlz0od01sl7w3"}
{"type":"operationStart","subtype":"render","name":"alaMasUsada","previousOperationId":"23l9koohxvk1jdt","timestamp":1737306137758,"id":"86wb2vukhj6rh6v","previousEventId":"wt0e91qjyff9jvy","operationId":"bdgkalfff0mkni9"}
{"type":"log","timestamp":1737306137758,"level":"info","message":"Starting rendering request 7","meta":{"rootId":"qhc4du88q7yp5bx","id":"qhc4du88q7yp5bx"},"id":"x06df03oymiat4e","previousOperationId":"bdgkalfff0mkni9"}
{"type":"log","timestamp":1737306137759,"level":"info","message":"Rendering template { name: alaMasUsada, recipe: chrome-pdf, engine: handlebars, preview: false }","meta":{"rootId":"qhc4du88q7yp5bx","id":"qhc4du88q7yp5bx"},"id":"0k9z7fklfkzcydo","previousOperationId":"bdgkalfff0mkni9"}
{"type":"log","timestamp":1737306137759,"level":"debug","message":"Inline data specified.","meta":{"rootId":"qhc4du88q7yp5bx","id":"qhc4du88q7yp5bx"},"id":"33lzdo0kmrn6k4y","previousOperationId":"bdgkalfff0mkni9"}
{"type":"log","timestamp":1737306137760,"level":"debug","message":"Base url not specified, skipping its injection.","meta":{"rootId":"qhc4du88q7yp5bx","id":"qhc4du88q7yp5bx"},"id":"1e0cmx0cniibn8b","previousOperationId":"bdgkalfff0mkni9"}
{"type":"operationStart","subtype":"engine","name":"handlebars","timestamp":1737306137760,"id":"a1ho4iz4rip4foz","previousEventId":"86wb2vukhj6rh6v","operationId":"tvg36dqxwd7r4qa","previousOperationId":"bdgkalfff0mkni9"}
{"type":"log","timestamp":1737306137760,"level":"debug","message":"Rendering engine handlebars","meta":{"rootId":"qhc4du88q7yp5bx","id":"qhc4du88q7yp5bx"},"id":"caws5bwn6hfe7ou","previousOperationId":"tvg36dqxwd7r4qa"}
{"type":"operationEnd","operationId":"tvg36dqxwd7r4qa","timestamp":1737306137767,"id":"fxmui2drp864gom","previousEventId":"a1ho4iz4rip4foz","previousOperationId":"tvg36dqxwd7r4qa"}
{"type":"operationStart","subtype":"recipe","name":"chrome-pdf","timestamp":1737306137768,"id":"1m09b3qru8latx1","previousEventId":"fxmui2drp864gom","operationId":"uopysnkoetpmjwy","previousOperationId":"tvg36dqxwd7r4qa"}
{"type":"log","timestamp":1737306137768,"level":"debug","message":"Executing recipe chrome-pdf","meta":{"rootId":"qhc4du88q7yp5bx","id":"qhc4du88q7yp5bx"},"id":"lybpohhanxbe6jf","previousOperationId":"uopysnkoetpmjwy"}
{"type":"log","timestamp":1737306138166,"level":"debug","message":"Converting with chrome Chrome/130.0.6723.69 using dedicated-process strategy","meta":{"rootId":"qhc4du88q7yp5bx","id":"qhc4du88q7yp5bx"},"id":"e6au7j4pdf7j08s","previousOperationId":"uopysnkoetpmjwy"}
{"type":"log","timestamp":1737306138235,"level":"debug","message":"Page request: GET (document) file:///C:/Users/jrmat/AppData/Local/Temp/jsreport/autocleanup/c8a303ba-010d-487f-8c03-0ba985add51d-chrome-pdf.html","meta":{"rootId":"qhc4du88q7yp5bx","id":"qhc4du88q7yp5bx"},"id":"qq5ygw6bbox66pf","previousOperationId":"uopysnkoetpmjwy"}
{"type":"log","timestamp":1737306138251,"level":"debug","message":"Page request finished: GET (document) 200 file:///C:/Users/jrmat/AppData/Local/Temp/jsreport/autocleanup/c8a303ba-010d-487f-8c03-0ba985add51d-chrome-pdf.html","meta":{"rootId":"qhc4du88q7yp5bx","id":"qhc4du88q7yp5bx"},"id":"35ccnjbub5fj1l7","previousOperationId":"uopysnkoetpmjwy"}
{"type":"log","timestamp":1737306138251,"level":"debug","message":"Page request: GET (image) https://i.pinimg.com/736x/ac/66/fd/ac66fdbcf17e7c77173cf01c4dbb1cfc.jpg","meta":{"rootId":"qhc4du88q7yp5bx","id":"qhc4du88q7yp5bx"},"id":"7ga3m5pktogdfv4","previousOperationId":"uopysnkoetpmjwy"}
{"type":"log","timestamp":1737306138542,"level":"debug","message":"Page request finished: GET (image) 200 https://i.pinimg.com/736x/ac/66/fd/ac66fdbcf17e7c77173cf01c4dbb1cfc.jpg","meta":{"rootId":"qhc4du88q7yp5bx","id":"qhc4du88q7yp5bx"},"id":"fbmz28i7k63ybqa","previousOperationId":"uopysnkoetpmjwy"}
{"type":"log","timestamp":1737306138549,"level":"debug","message":"Running chrome with params {\"printBackground\":true,\"timeout\":59979,\"margin\":{}}","meta":{"rootId":"qhc4du88q7yp5bx","id":"qhc4du88q7yp5bx"},"id":"mynr51nqdhl326l","previousOperationId":"uopysnkoetpmjwy"}
{"type":"operationEnd","operationId":"uopysnkoetpmjwy","timestamp":1737306139373,"id":"ab4gk5snk80nb6j","previousEventId":"1m09b3qru8latx1","previousOperationId":"uopysnkoetpmjwy"}
{"type":"log","timestamp":1737306139374,"level":"debug","message":"Skipping storing report.","meta":{"rootId":"qhc4du88q7yp5bx","id":"qhc4du88q7yp5bx"},"id":"d6n214pway61qny","previousOperationId":"uopysnkoetpmjwy"}
{"type":"log","timestamp":1737306139374,"level":"info","message":"Rendering request 7 finished in 1626 ms","meta":{"rootId":"qhc4du88q7yp5bx","id":"qhc4du88q7yp5bx"},"id":"uaoubyw0qs81nri","previousOperationId":"uopysnkoetpmjwy"}
{"type":"operationEnd","subtype":"render","operationId":"bdgkalfff0mkni9","timestamp":1737306139374,"id":"ll93tvuicmkr77d","previousEventId":"ab4gk5snk80nb6j","previousOperationId":"uopysnkoetpmjwy"}
{"type":"operationEnd","doDiffs":false,"previousEventId":"wt0e91qjyff9jvy","previousOperationId":"23l9koohxvk1jdt","operationId":"23l9koohxvk1jdt","timestamp":1737306139377,"id":"hb320hdoqmem4z7"}
