{"type":"operationStart","subtype":"profile","data":{"_id":"cEjCG9cjwkILRgX9","timestamp":"2025-01-19T16:54:29.769Z","state":"queued","mode":"standard","creationDate":"2025-01-19T16:54:29.775Z","modificationDate":"2025-01-19T16:54:29.775Z","shortid":"GRPpW4B","$entitySet":"profiles"},"doDiffs":false,"timestamp":1737305669772,"id":"orkfwjpc4itxvsy","previousOperationId":null,"operationId":"1vr40hiyzj2n6qe"}
{"type":"log","level":"info","message":"Render request 10 queued for execution and waiting for available worker","previousOperationId":"1vr40hiyzj2n6qe","timestamp":1737305669772,"id":"t4m2375cav6z5ri"}
{"type":"operationStart","subtype":"render","name":"alaMasUsada","previousOperationId":"1vr40hiyzj2n6qe","timestamp":1737305669791,"id":"zl8ubuc5ofcy5bh","previousEventId":"orkfwjpc4itxvsy","operationId":"acbtgozq5ijymcd"}
{"type":"log","timestamp":1737305669791,"level":"info","message":"Starting rendering request 10","meta":{"rootId":"qp6ngqtez6w2iy1","id":"qp6ngqtez6w2iy1"},"id":"bgvcmv7113i8mpn","previousOperationId":"acbtgozq5ijymcd"}
{"type":"log","timestamp":1737305669792,"level":"info","message":"Rendering template { name: alaMasUsada, recipe: chrome-pdf, engine: handlebars, preview: false }","meta":{"rootId":"qp6ngqtez6w2iy1","id":"qp6ngqtez6w2iy1"},"id":"0cmja6z2kxn021j","previousOperationId":"acbtgozq5ijymcd"}
{"type":"log","timestamp":1737305669792,"level":"debug","message":"Inline data specified.","meta":{"rootId":"qp6ngqtez6w2iy1","id":"qp6ngqtez6w2iy1"},"id":"ni8gcq9ae5bbroi","previousOperationId":"acbtgozq5ijymcd"}
{"type":"log","timestamp":1737305669793,"level":"debug","message":"Base url not specified, skipping its injection.","meta":{"rootId":"qp6ngqtez6w2iy1","id":"qp6ngqtez6w2iy1"},"id":"wobhefvtv1pw7p1","previousOperationId":"acbtgozq5ijymcd"}
{"type":"operationStart","subtype":"engine","name":"handlebars","timestamp":1737305669794,"id":"kvsm9u2rapvabch","previousEventId":"zl8ubuc5ofcy5bh","operationId":"r7tibogiohpz0i8","previousOperationId":"acbtgozq5ijymcd"}
{"type":"log","timestamp":1737305669794,"level":"debug","message":"Rendering engine handlebars","meta":{"rootId":"qp6ngqtez6w2iy1","id":"qp6ngqtez6w2iy1"},"id":"a25wstw8a6crmgg","previousOperationId":"r7tibogiohpz0i8"}
{"type":"operationEnd","operationId":"r7tibogiohpz0i8","timestamp":1737305669802,"id":"gxqyod9q54yca8o","previousEventId":"kvsm9u2rapvabch","previousOperationId":"r7tibogiohpz0i8"}
{"type":"operationStart","subtype":"recipe","name":"chrome-pdf","timestamp":1737305669803,"id":"5t3xemgwtwvgc2e","previousEventId":"gxqyod9q54yca8o","operationId":"i1ava819sy82yv4","previousOperationId":"r7tibogiohpz0i8"}
{"type":"log","timestamp":1737305669803,"level":"debug","message":"Executing recipe chrome-pdf","meta":{"rootId":"qp6ngqtez6w2iy1","id":"qp6ngqtez6w2iy1"},"id":"dxvaiizeeuhb5fq","previousOperationId":"i1ava819sy82yv4"}
{"type":"log","timestamp":1737305670254,"level":"debug","message":"Converting with chrome Chrome/130.0.6723.69 using dedicated-process strategy","meta":{"rootId":"qp6ngqtez6w2iy1","id":"qp6ngqtez6w2iy1"},"id":"4h5bua7c56ejhsz","previousOperationId":"i1ava819sy82yv4"}
{"type":"log","timestamp":1737305670329,"level":"debug","message":"Page request: GET (document) file:///C:/Users/jrmat/AppData/Local/Temp/jsreport/autocleanup/b9010c39-58aa-4ae2-9616-1569a441e4a7-chrome-pdf.html","meta":{"rootId":"qp6ngqtez6w2iy1","id":"qp6ngqtez6w2iy1"},"id":"i24teveel9klch8","previousOperationId":"i1ava819sy82yv4"}
{"type":"log","timestamp":1737305670344,"level":"debug","message":"Page request finished: GET (document) 200 file:///C:/Users/jrmat/AppData/Local/Temp/jsreport/autocleanup/b9010c39-58aa-4ae2-9616-1569a441e4a7-chrome-pdf.html","meta":{"rootId":"qp6ngqtez6w2iy1","id":"qp6ngqtez6w2iy1"},"id":"zpy58toza0rn336","previousOperationId":"i1ava819sy82yv4"}
{"type":"log","timestamp":1737305670345,"level":"debug","message":"Page request: GET (image) https://i.pinimg.com/736x/ac/66/fd/ac66fdbcf17e7c77173cf01c4dbb1cfc.jpg","meta":{"rootId":"qp6ngqtez6w2iy1","id":"qp6ngqtez6w2iy1"},"id":"rmjxjjhjiu9vcjm","previousOperationId":"i1ava819sy82yv4"}
{"type":"log","timestamp":1737305670588,"level":"debug","message":"Page request finished: GET (image) 200 https://i.pinimg.com/736x/ac/66/fd/ac66fdbcf17e7c77173cf01c4dbb1cfc.jpg","meta":{"rootId":"qp6ngqtez6w2iy1","id":"qp6ngqtez6w2iy1"},"id":"ldvfhqkuwa14b64","previousOperationId":"i1ava819sy82yv4"}
{"type":"log","timestamp":1737305670639,"level":"debug","message":"Running chrome with params {\"printBackground\":true,\"timeout\":59963,\"margin\":{}}","meta":{"rootId":"qp6ngqtez6w2iy1","id":"qp6ngqtez6w2iy1"},"id":"gy7km4gsgxoj79w","previousOperationId":"i1ava819sy82yv4"}
{"type":"operationEnd","operationId":"i1ava819sy82yv4","timestamp":1737305671121,"id":"ay4wa3wwj3qw51z","previousEventId":"5t3xemgwtwvgc2e","previousOperationId":"i1ava819sy82yv4"}
{"type":"log","timestamp":1737305671121,"level":"debug","message":"Skipping storing report.","meta":{"rootId":"qp6ngqtez6w2iy1","id":"qp6ngqtez6w2iy1"},"id":"mc8u6uy8fmt2p62","previousOperationId":"i1ava819sy82yv4"}
{"type":"log","timestamp":1737305671121,"level":"info","message":"Rendering request 10 finished in 1353 ms","meta":{"rootId":"qp6ngqtez6w2iy1","id":"qp6ngqtez6w2iy1"},"id":"6wmycoidxsg4gc5","previousOperationId":"i1ava819sy82yv4"}
{"type":"operationEnd","subtype":"render","operationId":"acbtgozq5ijymcd","timestamp":1737305671121,"id":"vp3pymo6mrtzxz2","previousEventId":"ay4wa3wwj3qw51z","previousOperationId":"i1ava819sy82yv4"}
{"type":"operationEnd","doDiffs":false,"previousEventId":"orkfwjpc4itxvsy","previousOperationId":"1vr40hiyzj2n6qe","operationId":"1vr40hiyzj2n6qe","timestamp":1737305671123,"id":"zp407je7dp738qp"}
