{"type":"operationStart","subtype":"profile","data":{"_id":"TVvHQGa8OAvZT3jQ","timestamp":"2025-01-19T17:00:18.678Z","state":"queued","mode":"standard","creationDate":"2025-01-19T17:00:18.682Z","modificationDate":"2025-01-19T17:00:18.682Z","shortid":"S9F5ugH","$entitySet":"profiles"},"doDiffs":false,"timestamp":1737306018680,"id":"s7fwxdy1pm802f2","previousOperationId":null,"operationId":"j2hkzi5e7vv9q0i"}
{"type":"log","level":"info","message":"Render request 4 queued for execution and waiting for available worker","previousOperationId":"j2hkzi5e7vv9q0i","timestamp":1737306018680,"id":"foscy6zxbzt1mk8"}
{"type":"operationStart","subtype":"render","name":"alaMasUsada","previousOperationId":"j2hkzi5e7vv9q0i","timestamp":1737306018689,"id":"84ng08u54oln4rz","previousEventId":"s7fwxdy1pm802f2","operationId":"anljpcs1jnvfgwf"}
{"type":"log","timestamp":1737306018689,"level":"info","message":"Starting rendering request 4","meta":{"rootId":"tghwcnw7nmnpfx5","id":"tghwcnw7nmnpfx5"},"id":"p0p6u80id7brta4","previousOperationId":"anljpcs1jnvfgwf"}
{"type":"log","timestamp":1737306018689,"level":"info","message":"Rendering template { name: alaMasUsada, recipe: chrome-pdf, engine: handlebars, preview: false }","meta":{"rootId":"tghwcnw7nmnpfx5","id":"tghwcnw7nmnpfx5"},"id":"1gcmv6jwi7fp2pc","previousOperationId":"anljpcs1jnvfgwf"}
{"type":"log","timestamp":1737306018689,"level":"debug","message":"Inline data specified.","meta":{"rootId":"tghwcnw7nmnpfx5","id":"tghwcnw7nmnpfx5"},"id":"dde39dx20hpqaoy","previousOperationId":"anljpcs1jnvfgwf"}
{"type":"log","timestamp":1737306018691,"level":"debug","message":"Base url not specified, skipping its injection.","meta":{"rootId":"tghwcnw7nmnpfx5","id":"tghwcnw7nmnpfx5"},"id":"4seq18bts4aa0ye","previousOperationId":"anljpcs1jnvfgwf"}
{"type":"operationStart","subtype":"engine","name":"handlebars","timestamp":1737306018692,"id":"xgpv5ariok7yz81","previousEventId":"84ng08u54oln4rz","operationId":"xwenff3jvvnj81v","previousOperationId":"anljpcs1jnvfgwf"}
{"type":"log","timestamp":1737306018692,"level":"debug","message":"Rendering engine handlebars","meta":{"rootId":"tghwcnw7nmnpfx5","id":"tghwcnw7nmnpfx5"},"id":"7e6gbhw1o9st8o8","previousOperationId":"xwenff3jvvnj81v"}
{"type":"operationEnd","operationId":"xwenff3jvvnj81v","timestamp":1737306018703,"id":"ssink25feiuv56y","previousEventId":"xgpv5ariok7yz81","previousOperationId":"xwenff3jvvnj81v"}
{"type":"operationStart","subtype":"recipe","name":"chrome-pdf","timestamp":1737306018703,"id":"96umn29bo12rg60","previousEventId":"ssink25feiuv56y","operationId":"8sej43g4ucm4w59","previousOperationId":"xwenff3jvvnj81v"}
{"type":"log","timestamp":1737306018704,"level":"debug","message":"Executing recipe chrome-pdf","meta":{"rootId":"tghwcnw7nmnpfx5","id":"tghwcnw7nmnpfx5"},"id":"3grpfrk4sjz3zii","previousOperationId":"8sej43g4ucm4w59"}
{"type":"log","timestamp":1737306019111,"level":"debug","message":"Converting with chrome Chrome/130.0.6723.69 using dedicated-process strategy","meta":{"rootId":"tghwcnw7nmnpfx5","id":"tghwcnw7nmnpfx5"},"id":"cg3aqrgaaib1lsn","previousOperationId":"8sej43g4ucm4w59"}
{"type":"log","timestamp":1737306019226,"level":"debug","message":"Page request: GET (document) file:///C:/Users/jrmat/AppData/Local/Temp/jsreport/autocleanup/d8ad6fab-2d7f-455d-9228-5268b2740e8d-chrome-pdf.html","meta":{"rootId":"tghwcnw7nmnpfx5","id":"tghwcnw7nmnpfx5"},"id":"f3zdfex6c07k8b9","previousOperationId":"8sej43g4ucm4w59"}
{"type":"log","timestamp":1737306019243,"level":"debug","message":"Page request finished: GET (document) 200 file:///C:/Users/jrmat/AppData/Local/Temp/jsreport/autocleanup/d8ad6fab-2d7f-455d-9228-5268b2740e8d-chrome-pdf.html","meta":{"rootId":"tghwcnw7nmnpfx5","id":"tghwcnw7nmnpfx5"},"id":"ejul5jglj640zkx","previousOperationId":"8sej43g4ucm4w59"}
{"type":"log","timestamp":1737306019243,"level":"debug","message":"Page request: GET (image) https://i.pinimg.com/736x/ac/66/fd/ac66fdbcf17e7c77173cf01c4dbb1cfc.jpg","meta":{"rootId":"tghwcnw7nmnpfx5","id":"tghwcnw7nmnpfx5"},"id":"8mhjj4xhyd9neod","previousOperationId":"8sej43g4ucm4w59"}
{"type":"log","timestamp":1737306020120,"level":"debug","message":"Page request finished: GET (image) 200 https://i.pinimg.com/736x/ac/66/fd/ac66fdbcf17e7c77173cf01c4dbb1cfc.jpg","meta":{"rootId":"tghwcnw7nmnpfx5","id":"tghwcnw7nmnpfx5"},"id":"kc27g96objoqik7","previousOperationId":"8sej43g4ucm4w59"}
{"type":"log","timestamp":1737306020124,"level":"debug","message":"Running chrome with params {\"printBackground\":true,\"timeout\":59971,\"margin\":{}}","meta":{"rootId":"tghwcnw7nmnpfx5","id":"tghwcnw7nmnpfx5"},"id":"97oj1iq0s3qy9hq","previousOperationId":"8sej43g4ucm4w59"}
{"type":"operationEnd","operationId":"8sej43g4ucm4w59","timestamp":1737306020499,"id":"2f9g5axkop699q4","previousEventId":"96umn29bo12rg60","previousOperationId":"8sej43g4ucm4w59"}
{"type":"log","timestamp":1737306020499,"level":"debug","message":"Skipping storing report.","meta":{"rootId":"tghwcnw7nmnpfx5","id":"tghwcnw7nmnpfx5"},"id":"mnbt35m7vm24itj","previousOperationId":"8sej43g4ucm4w59"}
{"type":"log","timestamp":1737306020499,"level":"info","message":"Rendering request 4 finished in 1822 ms","meta":{"rootId":"tghwcnw7nmnpfx5","id":"tghwcnw7nmnpfx5"},"id":"u988p2ldun3en7g","previousOperationId":"8sej43g4ucm4w59"}
{"type":"operationEnd","subtype":"render","operationId":"anljpcs1jnvfgwf","timestamp":1737306020499,"id":"y96ug8b0s1x2li3","previousEventId":"2f9g5axkop699q4","previousOperationId":"8sej43g4ucm4w59"}
{"type":"operationEnd","doDiffs":false,"previousEventId":"s7fwxdy1pm802f2","previousOperationId":"j2hkzi5e7vv9q0i","operationId":"j2hkzi5e7vv9q0i","timestamp":1737306020501,"id":"m4hdqexa8gy3rjq"}
