{"type":"operationStart","subtype":"profile","data":{"_id":"IwErAQSOG8FetgiJ","timestamp":"2025-01-19T17:00:39.005Z","state":"queued","mode":"standard","creationDate":"2025-01-19T17:00:39.007Z","modificationDate":"2025-01-19T17:00:39.007Z","shortid":"TxBkIKi","$entitySet":"profiles"},"doDiffs":false,"timestamp":1737306039006,"id":"gtfcatr09st92t5","previousOperationId":null,"operationId":"oqukuperz983exi"}
{"type":"log","level":"info","message":"Render request 5 queued for execution and waiting for available worker","previousOperationId":"oqukuperz983exi","timestamp":1737306039006,"id":"qtkgn5x26d00j74"}
{"type":"operationStart","subtype":"render","name":"alaMasUsada","previousOperationId":"oqukuperz983exi","timestamp":1737306039011,"id":"7etkv4gsf0abgp9","previousEventId":"gtfcatr09st92t5","operationId":"06gchhkw7y5rmwf"}
{"type":"log","timestamp":1737306039011,"level":"info","message":"Starting rendering request 5","meta":{"rootId":"vatymnrmh279v2t","id":"vatymnrmh279v2t"},"id":"jmytvxnz3if4dry","previousOperationId":"06gchhkw7y5rmwf"}
{"type":"log","timestamp":1737306039011,"level":"info","message":"Rendering template { name: alaMasUsada, recipe: chrome-pdf, engine: handlebars, preview: false }","meta":{"rootId":"vatymnrmh279v2t","id":"vatymnrmh279v2t"},"id":"yxnjyf7j0c4kbh7","previousOperationId":"06gchhkw7y5rmwf"}
{"type":"log","timestamp":1737306039011,"level":"debug","message":"Inline data specified.","meta":{"rootId":"vatymnrmh279v2t","id":"vatymnrmh279v2t"},"id":"wb4dw82xpu3j9l0","previousOperationId":"06gchhkw7y5rmwf"}
{"type":"log","timestamp":1737306039012,"level":"debug","message":"Base url not specified, skipping its injection.","meta":{"rootId":"vatymnrmh279v2t","id":"vatymnrmh279v2t"},"id":"xo36k1n1gqs3xr4","previousOperationId":"06gchhkw7y5rmwf"}
{"type":"operationStart","subtype":"engine","name":"handlebars","timestamp":1737306039012,"id":"voijzmk4x7ygy83","previousEventId":"7etkv4gsf0abgp9","operationId":"gl6c0u6qui8wbtq","previousOperationId":"06gchhkw7y5rmwf"}
{"type":"log","timestamp":1737306039013,"level":"debug","message":"Rendering engine handlebars","meta":{"rootId":"vatymnrmh279v2t","id":"vatymnrmh279v2t"},"id":"n54mswtpc11z9eq","previousOperationId":"gl6c0u6qui8wbtq"}
{"type":"operationEnd","operationId":"gl6c0u6qui8wbtq","timestamp":1737306039020,"id":"cooyp4pift5ftqx","previousEventId":"voijzmk4x7ygy83","previousOperationId":"gl6c0u6qui8wbtq"}
{"type":"operationStart","subtype":"recipe","name":"chrome-pdf","timestamp":1737306039021,"id":"4une6nim6rapcoj","previousEventId":"cooyp4pift5ftqx","operationId":"317x5y9bzsq4xod","previousOperationId":"gl6c0u6qui8wbtq"}
{"type":"log","timestamp":1737306039021,"level":"debug","message":"Executing recipe chrome-pdf","meta":{"rootId":"vatymnrmh279v2t","id":"vatymnrmh279v2t"},"id":"33ssmjllg4jkno5","previousOperationId":"317x5y9bzsq4xod"}
{"type":"log","timestamp":1737306039470,"level":"debug","message":"Converting with chrome Chrome/130.0.6723.69 using dedicated-process strategy","meta":{"rootId":"vatymnrmh279v2t","id":"vatymnrmh279v2t"},"id":"zhl4yvrjbkrevjx","previousOperationId":"317x5y9bzsq4xod"}
{"type":"log","timestamp":1737306039586,"level":"debug","message":"Page request: GET (document) file:///C:/Users/jrmat/AppData/Local/Temp/jsreport/autocleanup/ae6b2849-4cfa-42c8-8cb0-790038e01ae7-chrome-pdf.html","meta":{"rootId":"vatymnrmh279v2t","id":"vatymnrmh279v2t"},"id":"hfyvwknwglu2cyn","previousOperationId":"317x5y9bzsq4xod"}
{"type":"log","timestamp":1737306039600,"level":"debug","message":"Page request finished: GET (document) 200 file:///C:/Users/jrmat/AppData/Local/Temp/jsreport/autocleanup/ae6b2849-4cfa-42c8-8cb0-790038e01ae7-chrome-pdf.html","meta":{"rootId":"vatymnrmh279v2t","id":"vatymnrmh279v2t"},"id":"wu0d1o6gg6gjb2b","previousOperationId":"317x5y9bzsq4xod"}
{"type":"log","timestamp":1737306039602,"level":"debug","message":"Page request: GET (image) https://i.pinimg.com/736x/ac/66/fd/ac66fdbcf17e7c77173cf01c4dbb1cfc.jpg","meta":{"rootId":"vatymnrmh279v2t","id":"vatymnrmh279v2t"},"id":"gjj78xukf6cc2am","previousOperationId":"317x5y9bzsq4xod"}
{"type":"log","timestamp":1737306039932,"level":"debug","message":"Page request finished: GET (image) 200 https://i.pinimg.com/736x/ac/66/fd/ac66fdbcf17e7c77173cf01c4dbb1cfc.jpg","meta":{"rootId":"vatymnrmh279v2t","id":"vatymnrmh279v2t"},"id":"jnsbd10e4bhm8lo","previousOperationId":"317x5y9bzsq4xod"}
{"type":"log","timestamp":1737306039945,"level":"debug","message":"Running chrome with params {\"printBackground\":true,\"timeout\":59983,\"margin\":{}}","meta":{"rootId":"vatymnrmh279v2t","id":"vatymnrmh279v2t"},"id":"682q95gljpvyp5k","previousOperationId":"317x5y9bzsq4xod"}
{"type":"operationEnd","operationId":"317x5y9bzsq4xod","timestamp":1737306040429,"id":"gpc21tyjs8l80bh","previousEventId":"4une6nim6rapcoj","previousOperationId":"317x5y9bzsq4xod"}
{"type":"log","timestamp":1737306040429,"level":"debug","message":"Skipping storing report.","meta":{"rootId":"vatymnrmh279v2t","id":"vatymnrmh279v2t"},"id":"xh6zh8rmp704nth","previousOperationId":"317x5y9bzsq4xod"}
{"type":"log","timestamp":1737306040429,"level":"info","message":"Rendering request 5 finished in 1424 ms","meta":{"rootId":"vatymnrmh279v2t","id":"vatymnrmh279v2t"},"id":"3cuaojweb3frea0","previousOperationId":"317x5y9bzsq4xod"}
{"type":"operationEnd","subtype":"render","operationId":"06gchhkw7y5rmwf","timestamp":1737306040429,"id":"mvsak5lr81m74le","previousEventId":"gpc21tyjs8l80bh","previousOperationId":"317x5y9bzsq4xod"}
{"type":"operationEnd","doDiffs":false,"previousEventId":"gtfcatr09st92t5","previousOperationId":"oqukuperz983exi","operationId":"oqukuperz983exi","timestamp":1737306040431,"id":"g79xy1126dchwn6"}
