{"type":"operationStart","subtype":"profile","data":{"_id":"gDLmSGduDly0JWgb","timestamp":"2025-01-17T04:57:01.602Z","state":"queued","mode":"standard","creationDate":"2025-01-17T04:57:01.602Z","modificationDate":"2025-01-17T04:57:01.602Z","shortid":"DCmyqko","$entitySet":"profiles"},"doDiffs":false,"timestamp":1737089821602,"id":"r01ypl0vs7hn0cq","previousOperationId":null,"operationId":"d8ekkx8gg4xkp1j"}
{"type":"log","level":"info","message":"Render request 14 queued for execution and waiting for available worker","previousOperationId":"d8ekkx8gg4xkp1j","timestamp":1737089821602,"id":"d4ksk2hww8gndiw"}
{"type":"operationStart","subtype":"render","name":"reporte7","previousOperationId":"d8ekkx8gg4xkp1j","timestamp":1737089821605,"id":"dw82hjicm0ygqoq","previousEventId":"r01ypl0vs7hn0cq","operationId":"vvb6g4k4ejka0aq"}
{"type":"log","timestamp":1737089821605,"level":"info","message":"Starting rendering request 14","meta":{"rootId":"0bddcfjnf2li3tz","id":"0bddcfjnf2li3tz"},"id":"p0njszhnr3b34si","previousOperationId":"vvb6g4k4ejka0aq"}
{"type":"log","timestamp":1737089821605,"level":"info","message":"Rendering template { name: reporte7, recipe: chrome-pdf, engine: handlebars, preview: false }","meta":{"rootId":"0bddcfjnf2li3tz","id":"0bddcfjnf2li3tz"},"id":"0fnsavxzpp6x9u0","previousOperationId":"vvb6g4k4ejka0aq"}
{"type":"log","timestamp":1737089821605,"level":"debug","message":"Inline data specified.","meta":{"rootId":"0bddcfjnf2li3tz","id":"0bddcfjnf2li3tz"},"id":"lew8skvp9z1e3re","previousOperationId":"vvb6g4k4ejka0aq"}
{"type":"log","timestamp":1737089821606,"level":"debug","message":"Base url not specified, skipping its injection.","meta":{"rootId":"0bddcfjnf2li3tz","id":"0bddcfjnf2li3tz"},"id":"wjc5wpvhejv80zk","previousOperationId":"vvb6g4k4ejka0aq"}
{"type":"operationStart","subtype":"engine","name":"handlebars","timestamp":1737089821606,"id":"iz0387acpv5j2bt","previousEventId":"dw82hjicm0ygqoq","operationId":"69omttmdf6nzr8v","previousOperationId":"vvb6g4k4ejka0aq"}
{"type":"log","timestamp":1737089821607,"level":"debug","message":"Rendering engine handlebars","meta":{"rootId":"0bddcfjnf2li3tz","id":"0bddcfjnf2li3tz"},"id":"kux3ul2kzg0ikhf","previousOperationId":"69omttmdf6nzr8v"}
{"type":"operationEnd","operationId":"69omttmdf6nzr8v","timestamp":1737089821615,"id":"4rzticy22hvwtnd","previousEventId":"iz0387acpv5j2bt","previousOperationId":"69omttmdf6nzr8v"}
{"type":"operationStart","subtype":"recipe","name":"chrome-pdf","timestamp":1737089821615,"id":"xjwej4vl5shg3d8","previousEventId":"4rzticy22hvwtnd","operationId":"qayrglshq4r3wqw","previousOperationId":"69omttmdf6nzr8v"}
{"type":"log","timestamp":1737089821615,"level":"debug","message":"Executing recipe chrome-pdf","meta":{"rootId":"0bddcfjnf2li3tz","id":"0bddcfjnf2li3tz"},"id":"cprsq7ffrztsfgz","previousOperationId":"qayrglshq4r3wqw"}
{"type":"log","timestamp":1737089821930,"level":"debug","message":"Converting with chrome Chrome/131.0.6778.204 using dedicated-process strategy","meta":{"rootId":"0bddcfjnf2li3tz","id":"0bddcfjnf2li3tz"},"id":"0x6ygthq0n7bhx2","previousOperationId":"qayrglshq4r3wqw"}
{"type":"log","timestamp":1737089822006,"level":"debug","message":"Page request: GET (document) file:///tmp/jsreport/autocleanup/f3751496-7ca7-4341-a118-df70b4ed7567-chrome-pdf.html","meta":{"rootId":"0bddcfjnf2li3tz","id":"0bddcfjnf2li3tz"},"id":"q6qgahga1likrtb","previousOperationId":"qayrglshq4r3wqw"}
{"type":"log","timestamp":1737089822028,"level":"debug","message":"Page request finished: GET (document) 200 file:///tmp/jsreport/autocleanup/f3751496-7ca7-4341-a118-df70b4ed7567-chrome-pdf.html","meta":{"rootId":"0bddcfjnf2li3tz","id":"0bddcfjnf2li3tz"},"id":"c52cgjhiza5a7uo","previousOperationId":"qayrglshq4r3wqw"}
{"type":"log","timestamp":1737089822032,"level":"debug","message":"Page request: GET (image) https://i.pinimg.com/736x/ac/66/fd/ac66fdbcf17e7c77173cf01c4dbb1cfc.jpg","meta":{"rootId":"0bddcfjnf2li3tz","id":"0bddcfjnf2li3tz"},"id":"jkha7tzenxjiza4","previousOperationId":"qayrglshq4r3wqw"}
{"type":"log","timestamp":1737089822107,"level":"debug","message":"Page request finished: GET (image) 200 https://i.pinimg.com/736x/ac/66/fd/ac66fdbcf17e7c77173cf01c4dbb1cfc.jpg","meta":{"rootId":"0bddcfjnf2li3tz","id":"0bddcfjnf2li3tz"},"id":"go3msv1gjvr299c","previousOperationId":"qayrglshq4r3wqw"}
{"type":"log","timestamp":1737089822114,"level":"debug","message":"Running chrome with params {\"printBackground\":true,\"timeout\":59985,\"margin\":{}}","meta":{"rootId":"0bddcfjnf2li3tz","id":"0bddcfjnf2li3tz"},"id":"u3i0l75h30gmhhn","previousOperationId":"qayrglshq4r3wqw"}
{"type":"operationEnd","operationId":"qayrglshq4r3wqw","timestamp":1737089822257,"id":"1fs82598sbe909r","previousEventId":"xjwej4vl5shg3d8","previousOperationId":"qayrglshq4r3wqw"}
{"type":"log","timestamp":1737089822257,"level":"debug","message":"Skipping storing report.","meta":{"rootId":"0bddcfjnf2li3tz","id":"0bddcfjnf2li3tz"},"id":"qxy0sk3zftzhmvr","previousOperationId":"qayrglshq4r3wqw"}
{"type":"log","timestamp":1737089822257,"level":"info","message":"Rendering request 14 finished in 656 ms","meta":{"rootId":"0bddcfjnf2li3tz","id":"0bddcfjnf2li3tz"},"id":"so828yq4x53mq1q","previousOperationId":"qayrglshq4r3wqw"}
{"type":"operationEnd","subtype":"render","operationId":"vvb6g4k4ejka0aq","timestamp":1737089822257,"id":"5lyi829ufbsaf5t","previousEventId":"1fs82598sbe909r","previousOperationId":"qayrglshq4r3wqw"}
{"type":"operationEnd","doDiffs":false,"previousEventId":"r01ypl0vs7hn0cq","previousOperationId":"d8ekkx8gg4xkp1j","operationId":"d8ekkx8gg4xkp1j","timestamp":1737089822258,"id":"8px49bqpppsg7k1"}
