{"type":"operationStart","subtype":"profile","data":{"_id":"KuX35YdhkYdMchJj","timestamp":"2025-01-17T05:58:16.227Z","state":"queued","mode":"standard","creationDate":"2025-01-17T05:58:16.228Z","modificationDate":"2025-01-17T05:58:16.228Z","shortid":"XiH08p6","$entitySet":"profiles"},"doDiffs":false,"timestamp":1737093496227,"id":"h9od7lzq28zs4im","previousOperationId":null,"operationId":"3wlbrgzyzqpbu3m"}
{"type":"log","level":"info","message":"Render request 5 queued for execution and waiting for available worker","previousOperationId":"3wlbrgzyzqpbu3m","timestamp":1737093496227,"id":"kkc3raxuxjrlxmx"}
{"type":"operationStart","subtype":"render","name":"reporte7","previousOperationId":"3wlbrgzyzqpbu3m","timestamp":1737093496229,"id":"aoijxi1k5z7iw83","previousEventId":"h9od7lzq28zs4im","operationId":"awgn6vmdq2m7jdb"}
{"type":"log","timestamp":1737093496230,"level":"info","message":"Starting rendering request 5","meta":{"rootId":"7mo02xbx3b42f4i","id":"7mo02xbx3b42f4i"},"id":"l6xukusxlc83w7x","previousOperationId":"awgn6vmdq2m7jdb"}
{"type":"log","timestamp":1737093496230,"level":"info","message":"Rendering template { name: reporte7, recipe: chrome-pdf, engine: handlebars, preview: false }","meta":{"rootId":"7mo02xbx3b42f4i","id":"7mo02xbx3b42f4i"},"id":"v8eo66ug53hf9qy","previousOperationId":"awgn6vmdq2m7jdb"}
{"type":"log","timestamp":1737093496230,"level":"debug","message":"Inline data specified.","meta":{"rootId":"7mo02xbx3b42f4i","id":"7mo02xbx3b42f4i"},"id":"azbhensn2rw7tpr","previousOperationId":"awgn6vmdq2m7jdb"}
{"type":"log","timestamp":1737093496231,"level":"debug","message":"Base url not specified, skipping its injection.","meta":{"rootId":"7mo02xbx3b42f4i","id":"7mo02xbx3b42f4i"},"id":"n9sbg4tk6hxymym","previousOperationId":"awgn6vmdq2m7jdb"}
{"type":"operationStart","subtype":"engine","name":"handlebars","timestamp":1737093496231,"id":"9sml06p7j3tp6cx","previousEventId":"aoijxi1k5z7iw83","operationId":"ur407adlfb3uk2l","previousOperationId":"awgn6vmdq2m7jdb"}
{"type":"log","timestamp":1737093496231,"level":"debug","message":"Rendering engine handlebars","meta":{"rootId":"7mo02xbx3b42f4i","id":"7mo02xbx3b42f4i"},"id":"9fjz5q4aeij62be","previousOperationId":"ur407adlfb3uk2l"}
{"type":"operationEnd","operationId":"ur407adlfb3uk2l","timestamp":1737093496242,"id":"krt3g9hujswms54","previousEventId":"9sml06p7j3tp6cx","previousOperationId":"ur407adlfb3uk2l"}
{"type":"operationStart","subtype":"recipe","name":"chrome-pdf","timestamp":1737093496242,"id":"48dmslzc2oq8kyz","previousEventId":"krt3g9hujswms54","operationId":"cxlip03bgd1yx0k","previousOperationId":"ur407adlfb3uk2l"}
{"type":"log","timestamp":1737093496242,"level":"debug","message":"Executing recipe chrome-pdf","meta":{"rootId":"7mo02xbx3b42f4i","id":"7mo02xbx3b42f4i"},"id":"btjfbc7ub34itug","previousOperationId":"cxlip03bgd1yx0k"}
{"type":"log","timestamp":1737093496590,"level":"debug","message":"Converting with chrome Chrome/131.0.6778.204 using dedicated-process strategy","meta":{"rootId":"7mo02xbx3b42f4i","id":"7mo02xbx3b42f4i"},"id":"d0p8y7l1bpi39v0","previousOperationId":"cxlip03bgd1yx0k"}
{"type":"log","timestamp":1737093496670,"level":"debug","message":"Page request: GET (document) file:///tmp/jsreport/autocleanup/ad920e14-7531-4698-b3ac-83b6283e6b76-chrome-pdf.html","meta":{"rootId":"7mo02xbx3b42f4i","id":"7mo02xbx3b42f4i"},"id":"bn9pbpu3vclhc3t","previousOperationId":"cxlip03bgd1yx0k"}
{"type":"log","timestamp":1737093496684,"level":"debug","message":"Page request finished: GET (document) 200 file:///tmp/jsreport/autocleanup/ad920e14-7531-4698-b3ac-83b6283e6b76-chrome-pdf.html","meta":{"rootId":"7mo02xbx3b42f4i","id":"7mo02xbx3b42f4i"},"id":"81vdhh3q7niza24","previousOperationId":"cxlip03bgd1yx0k"}
{"type":"log","timestamp":1737093496688,"level":"debug","message":"Page request: GET (image) https://i.pinimg.com/736x/ac/66/fd/ac66fdbcf17e7c77173cf01c4dbb1cfc.jpg","meta":{"rootId":"7mo02xbx3b42f4i","id":"7mo02xbx3b42f4i"},"id":"r9s0mq5ym2yu5oq","previousOperationId":"cxlip03bgd1yx0k"}
{"type":"log","timestamp":1737093496724,"level":"debug","message":"Page request finished: GET (image) 200 https://i.pinimg.com/736x/ac/66/fd/ac66fdbcf17e7c77173cf01c4dbb1cfc.jpg","meta":{"rootId":"7mo02xbx3b42f4i","id":"7mo02xbx3b42f4i"},"id":"sfcbkfntruo77c3","previousOperationId":"cxlip03bgd1yx0k"}
{"type":"log","timestamp":1737093496729,"level":"debug","message":"Running chrome with params {\"printBackground\":true,\"timeout\":59983,\"margin\":{}}","meta":{"rootId":"7mo02xbx3b42f4i","id":"7mo02xbx3b42f4i"},"id":"7epk7asg9imk4b0","previousOperationId":"cxlip03bgd1yx0k"}
{"type":"operationEnd","operationId":"cxlip03bgd1yx0k","timestamp":1737093496864,"id":"fywbg4fc02vrqap","previousEventId":"48dmslzc2oq8kyz","previousOperationId":"cxlip03bgd1yx0k"}
{"type":"log","timestamp":1737093496865,"level":"debug","message":"Skipping storing report.","meta":{"rootId":"7mo02xbx3b42f4i","id":"7mo02xbx3b42f4i"},"id":"3mjvv7tcn6odyvi","previousOperationId":"cxlip03bgd1yx0k"}
{"type":"log","timestamp":1737093496865,"level":"info","message":"Rendering request 5 finished in 639 ms","meta":{"rootId":"7mo02xbx3b42f4i","id":"7mo02xbx3b42f4i"},"id":"ffo8gifgs8xm4n4","previousOperationId":"cxlip03bgd1yx0k"}
{"type":"operationEnd","subtype":"render","operationId":"awgn6vmdq2m7jdb","timestamp":1737093496865,"id":"ki8b8ri10zjz022","previousEventId":"fywbg4fc02vrqap","previousOperationId":"cxlip03bgd1yx0k"}
{"type":"operationEnd","doDiffs":false,"previousEventId":"h9od7lzq28zs4im","previousOperationId":"3wlbrgzyzqpbu3m","operationId":"3wlbrgzyzqpbu3m","timestamp":1737093496866,"id":"ont5ajvls1ryxth"}
