{"type":"operationStart","subtype":"profile","data":{"_id":"kiBUxi8AQpRwW4Ga","timestamp":"2025-01-15T16:23:12.058Z","state":"queued","mode":"standard","creationDate":"2025-01-15T16:23:12.059Z","modificationDate":"2025-01-15T16:23:12.059Z","shortid":"s7YKHpq","$entitySet":"profiles"},"doDiffs":false,"timestamp":1736958192058,"id":"id3h5vpj17s06bo","previousOperationId":null,"operationId":"li157l5yo3xtmfl"}
{"type":"log","level":"info","message":"Render request 2 queued for execution and waiting for available worker","previousOperationId":"li157l5yo3xtmfl","timestamp":1736958192058,"id":"oyxx762z95idclx"}
{"type":"operationStart","subtype":"render","name":"reporte7","previousOperationId":"li157l5yo3xtmfl","timestamp":1736958192063,"id":"csljuqomdo8ymwj","previousEventId":"id3h5vpj17s06bo","operationId":"4hekp1war2uwfbj"}
{"type":"log","timestamp":1736958192064,"level":"info","message":"Starting rendering request 2","meta":{"rootId":"7z8mq6nw7xevwyb","id":"7z8mq6nw7xevwyb"},"id":"53859xra02lb50w","previousOperationId":"4hekp1war2uwfbj"}
{"type":"log","timestamp":1736958192066,"level":"info","message":"Rendering template { name: reporte7, recipe: chrome-pdf, engine: handlebars, preview: false }","meta":{"rootId":"7z8mq6nw7xevwyb","id":"7z8mq6nw7xevwyb"},"id":"yk8ozv5mct6abue","previousOperationId":"4hekp1war2uwfbj"}
{"type":"log","timestamp":1736958192067,"level":"debug","message":"Inline data specified.","meta":{"rootId":"7z8mq6nw7xevwyb","id":"7z8mq6nw7xevwyb"},"id":"0mya3dse0l8u04s","previousOperationId":"4hekp1war2uwfbj"}
{"type":"log","timestamp":1736958192068,"level":"debug","message":"Base url not specified, skipping its injection.","meta":{"rootId":"7z8mq6nw7xevwyb","id":"7z8mq6nw7xevwyb"},"id":"5bmv5stjj6p9yet","previousOperationId":"4hekp1war2uwfbj"}
{"type":"operationStart","subtype":"engine","name":"handlebars","timestamp":1736958192069,"id":"86wrth6bohgw64e","previousEventId":"csljuqomdo8ymwj","operationId":"36sunwx8rfa61w1","previousOperationId":"4hekp1war2uwfbj"}
{"type":"log","timestamp":1736958192069,"level":"debug","message":"Rendering engine handlebars","meta":{"rootId":"7z8mq6nw7xevwyb","id":"7z8mq6nw7xevwyb"},"id":"ehe2yf69doiig67","previousOperationId":"36sunwx8rfa61w1"}
{"type":"operationEnd","operationId":"36sunwx8rfa61w1","timestamp":1736958192707,"id":"1yvwtbw802e1lug","previousEventId":"86wrth6bohgw64e","previousOperationId":"36sunwx8rfa61w1"}
{"type":"operationStart","subtype":"recipe","name":"chrome-pdf","timestamp":1736958192707,"id":"x9v659279p03ds5","previousEventId":"1yvwtbw802e1lug","operationId":"o40lt90xt9maamw","previousOperationId":"36sunwx8rfa61w1"}
{"type":"log","timestamp":1736958192707,"level":"debug","message":"Executing recipe chrome-pdf","meta":{"rootId":"7z8mq6nw7xevwyb","id":"7z8mq6nw7xevwyb"},"id":"8n8rp59sdy2strz","previousOperationId":"o40lt90xt9maamw"}
{"type":"log","timestamp":1736958193091,"level":"debug","message":"Converting with chrome Chrome/131.0.6778.204 using dedicated-process strategy","meta":{"rootId":"7z8mq6nw7xevwyb","id":"7z8mq6nw7xevwyb"},"id":"tretsk3kwlvt9sh","previousOperationId":"o40lt90xt9maamw"}
{"type":"log","timestamp":1736958193193,"level":"debug","message":"Page request: GET (document) file:///tmp/jsreport/autocleanup/067f7118-2c08-4ec9-899f-96a4b4906d89-chrome-pdf.html","meta":{"rootId":"7z8mq6nw7xevwyb","id":"7z8mq6nw7xevwyb"},"id":"kdniq7zswg45rzr","previousOperationId":"o40lt90xt9maamw"}
{"type":"log","timestamp":1736958193209,"level":"debug","message":"Page request: GET (image) https://i.pinimg.com/736x/ac/66/fd/ac66fdbcf17e7c77173cf01c4dbb1cfc.jpg","meta":{"rootId":"7z8mq6nw7xevwyb","id":"7z8mq6nw7xevwyb"},"id":"5eyxkw6ubc5w0uk","previousOperationId":"o40lt90xt9maamw"}
{"type":"log","timestamp":1736958193212,"level":"debug","message":"Page request finished: GET (document) 200 file:///tmp/jsreport/autocleanup/067f7118-2c08-4ec9-899f-96a4b4906d89-chrome-pdf.html","meta":{"rootId":"7z8mq6nw7xevwyb","id":"7z8mq6nw7xevwyb"},"id":"i64suge33gcrxf1","previousOperationId":"o40lt90xt9maamw"}
{"type":"log","timestamp":1736958193284,"level":"debug","message":"Page request finished: GET (image) 200 https://i.pinimg.com/736x/ac/66/fd/ac66fdbcf17e7c77173cf01c4dbb1cfc.jpg","meta":{"rootId":"7z8mq6nw7xevwyb","id":"7z8mq6nw7xevwyb"},"id":"hyw4ttt1t78px7v","previousOperationId":"o40lt90xt9maamw"}
{"type":"log","timestamp":1736958193289,"level":"debug","message":"Running chrome with params {\"printBackground\":true,\"timeout\":59337,\"margin\":{}}","meta":{"rootId":"7z8mq6nw7xevwyb","id":"7z8mq6nw7xevwyb"},"id":"khwhhqumpj2jlz2","previousOperationId":"o40lt90xt9maamw"}
{"type":"operationEnd","operationId":"o40lt90xt9maamw","timestamp":1736958193434,"id":"4imq7eid62kmf2q","previousEventId":"x9v659279p03ds5","previousOperationId":"o40lt90xt9maamw"}
{"type":"log","timestamp":1736958193435,"level":"debug","message":"Skipping storing report.","meta":{"rootId":"7z8mq6nw7xevwyb","id":"7z8mq6nw7xevwyb"},"id":"d8ej48m8dfb0i5p","previousOperationId":"o40lt90xt9maamw"}
{"type":"log","timestamp":1736958193435,"level":"info","message":"Rendering request 2 finished in 1378 ms","meta":{"rootId":"7z8mq6nw7xevwyb","id":"7z8mq6nw7xevwyb"},"id":"iodffnb2bkkj9wh","previousOperationId":"o40lt90xt9maamw"}
{"type":"operationEnd","subtype":"render","operationId":"4hekp1war2uwfbj","timestamp":1736958193435,"id":"f62uzvmp20zq7h9","previousEventId":"4imq7eid62kmf2q","previousOperationId":"o40lt90xt9maamw"}
{"type":"operationEnd","doDiffs":false,"previousEventId":"id3h5vpj17s06bo","previousOperationId":"li157l5yo3xtmfl","operationId":"li157l5yo3xtmfl","timestamp":1736958193437,"id":"l2d28vwn4jem6cn"}
