{"type":"operationStart","subtype":"profile","data":{"_id":"04Pum7xIkO5bblLs","timestamp":"2025-01-15T16:15:48.154Z","state":"queued","mode":"standard","creationDate":"2025-01-15T16:15:48.156Z","modificationDate":"2025-01-15T16:15:48.156Z","shortid":"qdGW2n5","$entitySet":"profiles"},"doDiffs":false,"timestamp":1736957748155,"id":"62hjr1fj0y1wt0x","previousOperationId":null,"operationId":"z5a3f0e9y56amhh"}
{"type":"log","level":"info","message":"Render request 1 queued for execution and waiting for available worker","previousOperationId":"z5a3f0e9y56amhh","timestamp":1736957748155,"id":"fow71cnpgnpjt2n"}
{"type":"operationStart","subtype":"render","name":"reporte7","previousOperationId":"z5a3f0e9y56amhh","timestamp":1736957748169,"id":"jhqbj58crzmynkc","previousEventId":"62hjr1fj0y1wt0x","operationId":"ebdhpe6cqnad9y4"}
{"type":"log","timestamp":1736957748170,"level":"info","message":"Starting rendering request 1","meta":{"rootId":"9dffh05x2yuedzj","id":"9dffh05x2yuedzj"},"id":"plvxme9zbfhd32f","previousOperationId":"ebdhpe6cqnad9y4"}
{"type":"log","timestamp":1736957748171,"level":"info","message":"Rendering template { name: reporte7, recipe: chrome-pdf, engine: handlebars, preview: false }","meta":{"rootId":"9dffh05x2yuedzj","id":"9dffh05x2yuedzj"},"id":"gf18ds8phc8ee3t","previousOperationId":"ebdhpe6cqnad9y4"}
{"type":"log","timestamp":1736957748172,"level":"debug","message":"Inline data specified.","meta":{"rootId":"9dffh05x2yuedzj","id":"9dffh05x2yuedzj"},"id":"stou4qepdm0pfjo","previousOperationId":"ebdhpe6cqnad9y4"}
{"type":"log","timestamp":1736957748175,"level":"debug","message":"Base url not specified, skipping its injection.","meta":{"rootId":"9dffh05x2yuedzj","id":"9dffh05x2yuedzj"},"id":"sv6l5gt6midiotx","previousOperationId":"ebdhpe6cqnad9y4"}
{"type":"operationStart","subtype":"engine","name":"handlebars","timestamp":1736957748176,"id":"nsjbdkwzws1061d","previousEventId":"jhqbj58crzmynkc","operationId":"bo12pbwn6rl8036","previousOperationId":"ebdhpe6cqnad9y4"}
{"type":"log","timestamp":1736957748176,"level":"debug","message":"Rendering engine handlebars","meta":{"rootId":"9dffh05x2yuedzj","id":"9dffh05x2yuedzj"},"id":"mppls3zeu523uj3","previousOperationId":"bo12pbwn6rl8036"}
{"type":"operationEnd","operationId":"bo12pbwn6rl8036","timestamp":1736957748911,"id":"mhym9mxfqcsjsf5","previousEventId":"nsjbdkwzws1061d","previousOperationId":"bo12pbwn6rl8036"}
{"type":"operationStart","subtype":"recipe","name":"chrome-pdf","timestamp":1736957748912,"id":"s3e3udfu8s8hlbh","previousEventId":"mhym9mxfqcsjsf5","operationId":"m5k9tv8g4ab0zx3","previousOperationId":"bo12pbwn6rl8036"}
{"type":"log","timestamp":1736957748912,"level":"debug","message":"Executing recipe chrome-pdf","meta":{"rootId":"9dffh05x2yuedzj","id":"9dffh05x2yuedzj"},"id":"ctaczd0y4h6obvy","previousOperationId":"m5k9tv8g4ab0zx3"}
{"type":"log","timestamp":1736957751411,"level":"debug","message":"Converting with chrome Chrome/131.0.6778.204 using dedicated-process strategy","meta":{"rootId":"9dffh05x2yuedzj","id":"9dffh05x2yuedzj"},"id":"zecdqmiw69e1a13","previousOperationId":"m5k9tv8g4ab0zx3"}
{"type":"log","timestamp":1736957751556,"level":"debug","message":"Page request: GET (document) file:///tmp/jsreport/autocleanup/37e6ec57-d4b5-46a3-9b35-84bb4d6f6efc-chrome-pdf.html","meta":{"rootId":"9dffh05x2yuedzj","id":"9dffh05x2yuedzj"},"id":"z9ctonhvy3ouqt8","previousOperationId":"m5k9tv8g4ab0zx3"}
{"type":"log","timestamp":1736957751583,"level":"debug","message":"Page request: GET (image) https://i.pinimg.com/736x/ac/66/fd/ac66fdbcf17e7c77173cf01c4dbb1cfc.jpg","meta":{"rootId":"9dffh05x2yuedzj","id":"9dffh05x2yuedzj"},"id":"368bwpjxaac0yea","previousOperationId":"m5k9tv8g4ab0zx3"}
{"type":"log","timestamp":1736957751590,"level":"debug","message":"Page request finished: GET (document) 200 file:///tmp/jsreport/autocleanup/37e6ec57-d4b5-46a3-9b35-84bb4d6f6efc-chrome-pdf.html","meta":{"rootId":"9dffh05x2yuedzj","id":"9dffh05x2yuedzj"},"id":"m3uuiwu0fkq5846","previousOperationId":"m5k9tv8g4ab0zx3"}
{"type":"log","timestamp":1736957751646,"level":"debug","message":"Page request finished: GET (image) 200 https://i.pinimg.com/736x/ac/66/fd/ac66fdbcf17e7c77173cf01c4dbb1cfc.jpg","meta":{"rootId":"9dffh05x2yuedzj","id":"9dffh05x2yuedzj"},"id":"5kc0ysrp67bi270","previousOperationId":"m5k9tv8g4ab0zx3"}
{"type":"log","timestamp":1736957751654,"level":"debug","message":"Running chrome with params {\"printBackground\":true,\"timeout\":59229,\"margin\":{}}","meta":{"rootId":"9dffh05x2yuedzj","id":"9dffh05x2yuedzj"},"id":"3l628jchz2jzc4n","previousOperationId":"m5k9tv8g4ab0zx3"}
{"type":"operationEnd","operationId":"m5k9tv8g4ab0zx3","timestamp":1736957751823,"id":"eja22dgce5np7hg","previousEventId":"s3e3udfu8s8hlbh","previousOperationId":"m5k9tv8g4ab0zx3"}
{"type":"log","timestamp":1736957751824,"level":"debug","message":"Skipping storing report.","meta":{"rootId":"9dffh05x2yuedzj","id":"9dffh05x2yuedzj"},"id":"2x06u67dh7jq88g","previousOperationId":"m5k9tv8g4ab0zx3"}
{"type":"log","timestamp":1736957751824,"level":"info","message":"Rendering request 1 finished in 3671 ms","meta":{"rootId":"9dffh05x2yuedzj","id":"9dffh05x2yuedzj"},"id":"xbd20iiv819hd6t","previousOperationId":"m5k9tv8g4ab0zx3"}
{"type":"operationEnd","subtype":"render","operationId":"ebdhpe6cqnad9y4","timestamp":1736957751824,"id":"vhx3ophcoly2909","previousEventId":"eja22dgce5np7hg","previousOperationId":"m5k9tv8g4ab0zx3"}
{"type":"operationEnd","doDiffs":false,"previousEventId":"62hjr1fj0y1wt0x","previousOperationId":"z5a3f0e9y56amhh","operationId":"z5a3f0e9y56amhh","timestamp":1736957751826,"id":"1qhd4vv7z3chjof"}
