{"type":"operationStart","subtype":"profile","data":{"_id":"s5HG9f7qzILudIBO","timestamp":"2025-01-17T04:57:12.887Z","state":"queued","mode":"standard","creationDate":"2025-01-17T04:57:12.888Z","modificationDate":"2025-01-17T04:57:12.888Z","shortid":"OPPf0DI","$entitySet":"profiles"},"doDiffs":false,"timestamp":1737089832887,"id":"sqi1t6qtfftkt6t","previousOperationId":null,"operationId":"ymje2t7aa7kgvye"}
{"type":"log","level":"info","message":"Render request 15 queued for execution and waiting for available worker","previousOperationId":"ymje2t7aa7kgvye","timestamp":1737089832887,"id":"s6tfb9c68q29zra"}
{"type":"operationStart","subtype":"render","name":"reporte7","previousOperationId":"ymje2t7aa7kgvye","timestamp":1737089832891,"id":"dyj7k0rtjpl7z1q","previousEventId":"sqi1t6qtfftkt6t","operationId":"9pd4erkq8l8w2gy"}
{"type":"log","timestamp":1737089832891,"level":"info","message":"Starting rendering request 15","meta":{"rootId":"m733jvxci8jvuee","id":"m733jvxci8jvuee"},"id":"2qvmzaosr8fz6jx","previousOperationId":"9pd4erkq8l8w2gy"}
{"type":"log","timestamp":1737089832891,"level":"info","message":"Rendering template { name: reporte7, recipe: chrome-pdf, engine: handlebars, preview: false }","meta":{"rootId":"m733jvxci8jvuee","id":"m733jvxci8jvuee"},"id":"vyjskks5gxs39o7","previousOperationId":"9pd4erkq8l8w2gy"}
{"type":"log","timestamp":1737089832891,"level":"debug","message":"Inline data specified.","meta":{"rootId":"m733jvxci8jvuee","id":"m733jvxci8jvuee"},"id":"rxrrjtf6huftc0s","previousOperationId":"9pd4erkq8l8w2gy"}
{"type":"log","timestamp":1737089832892,"level":"debug","message":"Base url not specified, skipping its injection.","meta":{"rootId":"m733jvxci8jvuee","id":"m733jvxci8jvuee"},"id":"8ud19v518f4fp4e","previousOperationId":"9pd4erkq8l8w2gy"}
{"type":"operationStart","subtype":"engine","name":"handlebars","timestamp":1737089832892,"id":"vo6uwnzoi4yws0n","previousEventId":"dyj7k0rtjpl7z1q","operationId":"1si9q5g3xr3g7hy","previousOperationId":"9pd4erkq8l8w2gy"}
{"type":"log","timestamp":1737089832892,"level":"debug","message":"Rendering engine handlebars","meta":{"rootId":"m733jvxci8jvuee","id":"m733jvxci8jvuee"},"id":"jhnafajq4y09vpq","previousOperationId":"1si9q5g3xr3g7hy"}
{"type":"operationEnd","operationId":"1si9q5g3xr3g7hy","timestamp":1737089832908,"id":"yzsez92fbkvezcp","previousEventId":"vo6uwnzoi4yws0n","previousOperationId":"1si9q5g3xr3g7hy"}
{"type":"operationStart","subtype":"recipe","name":"chrome-pdf","timestamp":1737089832908,"id":"plncvxtkdn0gj3t","previousEventId":"yzsez92fbkvezcp","operationId":"ml5ey76k00sel8l","previousOperationId":"1si9q5g3xr3g7hy"}
{"type":"log","timestamp":1737089832908,"level":"debug","message":"Executing recipe chrome-pdf","meta":{"rootId":"m733jvxci8jvuee","id":"m733jvxci8jvuee"},"id":"3ny3yce6723oh3n","previousOperationId":"ml5ey76k00sel8l"}
{"type":"log","timestamp":1737089833217,"level":"debug","message":"Converting with chrome Chrome/131.0.6778.204 using dedicated-process strategy","meta":{"rootId":"m733jvxci8jvuee","id":"m733jvxci8jvuee"},"id":"lfb14aae8u3he6r","previousOperationId":"ml5ey76k00sel8l"}
{"type":"log","timestamp":1737089833374,"level":"debug","message":"Page request: GET (document) file:///tmp/jsreport/autocleanup/496dd349-4162-4737-b15c-3d2353e71ece-chrome-pdf.html","meta":{"rootId":"m733jvxci8jvuee","id":"m733jvxci8jvuee"},"id":"64arvrqzqylexhr","previousOperationId":"ml5ey76k00sel8l"}
{"type":"log","timestamp":1737089833438,"level":"debug","message":"Page request finished: GET (document) 200 file:///tmp/jsreport/autocleanup/496dd349-4162-4737-b15c-3d2353e71ece-chrome-pdf.html","meta":{"rootId":"m733jvxci8jvuee","id":"m733jvxci8jvuee"},"id":"271i3bn7nbo2h3h","previousOperationId":"ml5ey76k00sel8l"}
{"type":"log","timestamp":1737089833443,"level":"debug","message":"Page request: GET (image) https://i.pinimg.com/736x/ac/66/fd/ac66fdbcf17e7c77173cf01c4dbb1cfc.jpg","meta":{"rootId":"m733jvxci8jvuee","id":"m733jvxci8jvuee"},"id":"ve6dteptb6ixw7f","previousOperationId":"ml5ey76k00sel8l"}
{"type":"log","timestamp":1737089833503,"level":"debug","message":"Page request finished: GET (image) 200 https://i.pinimg.com/736x/ac/66/fd/ac66fdbcf17e7c77173cf01c4dbb1cfc.jpg","meta":{"rootId":"m733jvxci8jvuee","id":"m733jvxci8jvuee"},"id":"1wqvhwmxg76lr5j","previousOperationId":"ml5ey76k00sel8l"}
{"type":"log","timestamp":1737089833509,"level":"debug","message":"Running chrome with params {\"printBackground\":true,\"timeout\":59978,\"margin\":{}}","meta":{"rootId":"m733jvxci8jvuee","id":"m733jvxci8jvuee"},"id":"jrnbe0hyshz5pwj","previousOperationId":"ml5ey76k00sel8l"}
{"type":"operationEnd","operationId":"ml5ey76k00sel8l","timestamp":1737089833864,"id":"pwompoivqgbifj5","previousEventId":"plncvxtkdn0gj3t","previousOperationId":"ml5ey76k00sel8l"}
{"type":"log","timestamp":1737089833864,"level":"debug","message":"Skipping storing report.","meta":{"rootId":"m733jvxci8jvuee","id":"m733jvxci8jvuee"},"id":"sw8i8t87s8k9d1i","previousOperationId":"ml5ey76k00sel8l"}
{"type":"log","timestamp":1737089833864,"level":"info","message":"Rendering request 15 finished in 977 ms","meta":{"rootId":"m733jvxci8jvuee","id":"m733jvxci8jvuee"},"id":"am4hg89jw3dny6z","previousOperationId":"ml5ey76k00sel8l"}
{"type":"operationEnd","subtype":"render","operationId":"9pd4erkq8l8w2gy","timestamp":1737089833864,"id":"mq96lic6yj24okw","previousEventId":"pwompoivqgbifj5","previousOperationId":"ml5ey76k00sel8l"}
{"type":"operationEnd","doDiffs":false,"previousEventId":"sqi1t6qtfftkt6t","previousOperationId":"ymje2t7aa7kgvye","operationId":"ymje2t7aa7kgvye","timestamp":1737089833873,"id":"xg7sivde79bpuuy"}
