{"type":"operationStart","subtype":"profile","data":{"_id":"fDGcu5F65jw1C9qY","timestamp":"2025-01-16T01:03:46.566Z","state":"queued","mode":"standard","creationDate":"2025-01-16T01:03:46.580Z","modificationDate":"2025-01-16T01:03:46.580Z","shortid":"rBg_X9l","$entitySet":"profiles"},"doDiffs":false,"timestamp":1736989426579,"id":"amqdzxnaqqmq3uq","previousOperationId":null,"operationId":"9wwme3dpeze4jkg"}
{"type":"log","level":"info","message":"Render request 1 queued for execution and waiting for available worker","previousOperationId":"9wwme3dpeze4jkg","timestamp":1736989426579,"id":"b6e69h8kfe96p9t"}
{"type":"operationStart","subtype":"render","name":"reporte15","previousOperationId":"9wwme3dpeze4jkg","timestamp":1736989426601,"id":"oy3nf0jxv5q6czs","previousEventId":"amqdzxnaqqmq3uq","operationId":"f6wr2o1lct42n4c"}
{"type":"log","timestamp":1736989426602,"level":"info","message":"Starting rendering request 1","meta":{"rootId":"2r32r7oohff2mle","id":"2r32r7oohff2mle"},"id":"8jyqj62th8gz3kc","previousOperationId":"f6wr2o1lct42n4c"}
{"type":"log","timestamp":1736989426603,"level":"info","message":"Rendering template { name: reporte15, recipe: chrome-pdf, engine: handlebars, preview: false }","meta":{"rootId":"2r32r7oohff2mle","id":"2r32r7oohff2mle"},"id":"e1o0bamk0jphr8n","previousOperationId":"f6wr2o1lct42n4c"}
{"type":"log","timestamp":1736989426604,"level":"debug","message":"Inline data specified.","meta":{"rootId":"2r32r7oohff2mle","id":"2r32r7oohff2mle"},"id":"xuewvn8eap5qw2h","previousOperationId":"f6wr2o1lct42n4c"}
{"type":"log","timestamp":1736989426612,"level":"debug","message":"Base url not specified, skipping its injection.","meta":{"rootId":"2r32r7oohff2mle","id":"2r32r7oohff2mle"},"id":"dr20icm93ebbghw","previousOperationId":"f6wr2o1lct42n4c"}
{"type":"operationStart","subtype":"engine","name":"handlebars","timestamp":1736989426613,"id":"pll134jur6vpjbl","previousEventId":"oy3nf0jxv5q6czs","operationId":"1srougi7medes7i","previousOperationId":"f6wr2o1lct42n4c"}
{"type":"log","timestamp":1736989426613,"level":"debug","message":"Rendering engine handlebars","meta":{"rootId":"2r32r7oohff2mle","id":"2r32r7oohff2mle"},"id":"eta1u93u8i7vjwl","previousOperationId":"1srougi7medes7i"}
{"type":"operationEnd","operationId":"1srougi7medes7i","timestamp":1736989427271,"id":"lrrh9demz9br4lj","previousEventId":"pll134jur6vpjbl","previousOperationId":"1srougi7medes7i"}
{"type":"operationStart","subtype":"recipe","name":"chrome-pdf","timestamp":1736989427271,"id":"kkl8qb8ruazbbnu","previousEventId":"lrrh9demz9br4lj","operationId":"6qysjly2tpyk2b2","previousOperationId":"1srougi7medes7i"}
{"type":"log","timestamp":1736989427271,"level":"debug","message":"Executing recipe chrome-pdf","meta":{"rootId":"2r32r7oohff2mle","id":"2r32r7oohff2mle"},"id":"eoznbx5ziywm9t8","previousOperationId":"6qysjly2tpyk2b2"}
{"type":"log","timestamp":1736989429852,"level":"debug","message":"Converting with chrome Chrome/131.0.6778.204 using dedicated-process strategy","meta":{"rootId":"2r32r7oohff2mle","id":"2r32r7oohff2mle"},"id":"qvjsnl8vx1mg0pl","previousOperationId":"6qysjly2tpyk2b2"}
{"type":"log","timestamp":1736989430001,"level":"debug","message":"Page request: GET (document) file:///tmp/jsreport/autocleanup/1a8c4c56-695e-4621-b844-600f571c6dd0-chrome-pdf.html","meta":{"rootId":"2r32r7oohff2mle","id":"2r32r7oohff2mle"},"id":"nbppg7389m2t2om","previousOperationId":"6qysjly2tpyk2b2"}
{"type":"log","timestamp":1736989430049,"level":"debug","message":"Page request finished: GET (document) 200 file:///tmp/jsreport/autocleanup/1a8c4c56-695e-4621-b844-600f571c6dd0-chrome-pdf.html","meta":{"rootId":"2r32r7oohff2mle","id":"2r32r7oohff2mle"},"id":"dug9bs1l47pbdj2","previousOperationId":"6qysjly2tpyk2b2"}
{"type":"log","timestamp":1736989430059,"level":"debug","message":"Page request: GET (image) https://i.pinimg.com/736x/ac/66/fd/ac66fdbcf17e7c77173cf01c4dbb1cfc.jpg","meta":{"rootId":"2r32r7oohff2mle","id":"2r32r7oohff2mle"},"id":"xfle3e2i134e6f2","previousOperationId":"6qysjly2tpyk2b2"}
{"type":"log","timestamp":1736989430112,"level":"debug","message":"Page request finished: GET (image) 200 https://i.pinimg.com/736x/ac/66/fd/ac66fdbcf17e7c77173cf01c4dbb1cfc.jpg","meta":{"rootId":"2r32r7oohff2mle","id":"2r32r7oohff2mle"},"id":"4e0pxi2ihc80uut","previousOperationId":"6qysjly2tpyk2b2"}
{"type":"log","timestamp":1736989430130,"level":"debug","message":"Running chrome with params {\"printBackground\":true,\"timeout\":59289,\"margin\":{}}","meta":{"rootId":"2r32r7oohff2mle","id":"2r32r7oohff2mle"},"id":"f0ttgapwosv29hi","previousOperationId":"6qysjly2tpyk2b2"}
{"type":"operationEnd","operationId":"6qysjly2tpyk2b2","timestamp":1736989430406,"id":"vhdt150qa897obe","previousEventId":"kkl8qb8ruazbbnu","previousOperationId":"6qysjly2tpyk2b2"}
{"type":"log","timestamp":1736989430407,"level":"debug","message":"Skipping storing report.","meta":{"rootId":"2r32r7oohff2mle","id":"2r32r7oohff2mle"},"id":"gv3k3260q9ws9w1","previousOperationId":"6qysjly2tpyk2b2"}
{"type":"log","timestamp":1736989430407,"level":"info","message":"Rendering request 1 finished in 3842 ms","meta":{"rootId":"2r32r7oohff2mle","id":"2r32r7oohff2mle"},"id":"v78tgnsi19mslcq","previousOperationId":"6qysjly2tpyk2b2"}
{"type":"operationEnd","subtype":"render","operationId":"f6wr2o1lct42n4c","timestamp":1736989430407,"id":"brk8n2u7z0a5a5d","previousEventId":"vhdt150qa897obe","previousOperationId":"6qysjly2tpyk2b2"}
{"type":"operationEnd","doDiffs":false,"previousEventId":"amqdzxnaqqmq3uq","previousOperationId":"9wwme3dpeze4jkg","operationId":"9wwme3dpeze4jkg","timestamp":1736989430410,"id":"fah514jwurkzmmm"}
