{"type":"operationStart","subtype":"profile","data":{"_id":"jVHiv8kMbP7SD8Ub","timestamp":"2025-01-15T03:51:50.476Z","state":"queued","mode":"standard","creationDate":"2025-01-15T03:51:50.476Z","modificationDate":"2025-01-15T03:51:50.476Z","shortid":"AMUBy-T","$entitySet":"profiles"},"doDiffs":false,"timestamp":1736913110476,"id":"hcsh6yhrkz3b61u","previousOperationId":null,"operationId":"9kw9h1lttcqywmg"}
{"type":"log","level":"info","message":"Render request 8 queued for execution and waiting for available worker","previousOperationId":"9kw9h1lttcqywmg","timestamp":1736913110476,"id":"xlkgiybtwl7ayxo"}
{"type":"operationStart","subtype":"render","name":"reporte15","previousOperationId":"9kw9h1lttcqywmg","timestamp":1736913110478,"id":"filnrjgpmt5op5h","previousEventId":"hcsh6yhrkz3b61u","operationId":"f0a0hmp2ix2ut8i"}
{"type":"log","timestamp":1736913110478,"level":"info","message":"Starting rendering request 8","meta":{"rootId":"6u2aobh1dtql85e","id":"6u2aobh1dtql85e"},"id":"yvgd9e4sl81cn20","previousOperationId":"f0a0hmp2ix2ut8i"}
{"type":"log","timestamp":1736913110479,"level":"info","message":"Rendering template { name: reporte15, recipe: chrome-pdf, engine: handlebars, preview: false }","meta":{"rootId":"6u2aobh1dtql85e","id":"6u2aobh1dtql85e"},"id":"614msw7b3oq4094","previousOperationId":"f0a0hmp2ix2ut8i"}
{"type":"log","timestamp":1736913110479,"level":"debug","message":"Inline data specified.","meta":{"rootId":"6u2aobh1dtql85e","id":"6u2aobh1dtql85e"},"id":"lj4gmzxwn50a3tg","previousOperationId":"f0a0hmp2ix2ut8i"}
{"type":"log","timestamp":1736913110480,"level":"debug","message":"Base url not specified, skipping its injection.","meta":{"rootId":"6u2aobh1dtql85e","id":"6u2aobh1dtql85e"},"id":"8y15vr86n2fobvi","previousOperationId":"f0a0hmp2ix2ut8i"}
{"type":"operationStart","subtype":"engine","name":"handlebars","timestamp":1736913110480,"id":"xp8rluhotq35f82","previousEventId":"filnrjgpmt5op5h","operationId":"tedflsw15xmbrme","previousOperationId":"f0a0hmp2ix2ut8i"}
{"type":"log","timestamp":1736913110480,"level":"debug","message":"Rendering engine handlebars","meta":{"rootId":"6u2aobh1dtql85e","id":"6u2aobh1dtql85e"},"id":"btb2v94nt3e0lr3","previousOperationId":"tedflsw15xmbrme"}
{"type":"operationEnd","operationId":"tedflsw15xmbrme","timestamp":1736913110485,"id":"f8bdhow8dc9gli9","previousEventId":"xp8rluhotq35f82","previousOperationId":"tedflsw15xmbrme"}
{"type":"operationStart","subtype":"recipe","name":"chrome-pdf","timestamp":1736913110486,"id":"nw9qs5nlm06aooy","previousEventId":"f8bdhow8dc9gli9","operationId":"aiwzf8m5yh43qy0","previousOperationId":"tedflsw15xmbrme"}
{"type":"log","timestamp":1736913110486,"level":"debug","message":"Executing recipe chrome-pdf","meta":{"rootId":"6u2aobh1dtql85e","id":"6u2aobh1dtql85e"},"id":"7zujjb1i9ecxtdr","previousOperationId":"aiwzf8m5yh43qy0"}
{"type":"log","timestamp":1736913110944,"level":"debug","message":"Converting with chrome Chrome/131.0.6778.204 using dedicated-process strategy","meta":{"rootId":"6u2aobh1dtql85e","id":"6u2aobh1dtql85e"},"id":"8m0ztftwlq3nfqp","previousOperationId":"aiwzf8m5yh43qy0"}
{"type":"log","timestamp":1736913111064,"level":"debug","message":"Page request: GET (document) file:///tmp/jsreport/autocleanup/62afbeff-f16d-423e-9179-65d808540063-chrome-pdf.html","meta":{"rootId":"6u2aobh1dtql85e","id":"6u2aobh1dtql85e"},"id":"80dzdubak2h0zaw","previousOperationId":"aiwzf8m5yh43qy0"}
{"type":"log","timestamp":1736913111076,"level":"debug","message":"Page request finished: GET (document) 200 file:///tmp/jsreport/autocleanup/62afbeff-f16d-423e-9179-65d808540063-chrome-pdf.html","meta":{"rootId":"6u2aobh1dtql85e","id":"6u2aobh1dtql85e"},"id":"ywfa0svy6yr6o6d","previousOperationId":"aiwzf8m5yh43qy0"}
{"type":"log","timestamp":1736913111077,"level":"debug","message":"Page request: GET (image) https://i.pinimg.com/736x/ac/66/fd/ac66fdbcf17e7c77173cf01c4dbb1cfc.jpg","meta":{"rootId":"6u2aobh1dtql85e","id":"6u2aobh1dtql85e"},"id":"2nl4qafeef00u8k","previousOperationId":"aiwzf8m5yh43qy0"}
{"type":"log","timestamp":1736913111129,"level":"debug","message":"Page request finished: GET (image) 200 https://i.pinimg.com/736x/ac/66/fd/ac66fdbcf17e7c77173cf01c4dbb1cfc.jpg","meta":{"rootId":"6u2aobh1dtql85e","id":"6u2aobh1dtql85e"},"id":"s2hwgm9ojvtpr41","previousOperationId":"aiwzf8m5yh43qy0"}
{"type":"log","timestamp":1736913111133,"level":"debug","message":"Running chrome with params {\"printBackground\":true,\"timeout\":59988,\"margin\":{}}","meta":{"rootId":"6u2aobh1dtql85e","id":"6u2aobh1dtql85e"},"id":"ongtjufm9j2rgaw","previousOperationId":"aiwzf8m5yh43qy0"}
{"type":"operationEnd","operationId":"aiwzf8m5yh43qy0","timestamp":1736913111346,"id":"gmnvpq30em0y3nu","previousEventId":"nw9qs5nlm06aooy","previousOperationId":"aiwzf8m5yh43qy0"}
{"type":"log","timestamp":1736913111346,"level":"debug","message":"Skipping storing report.","meta":{"rootId":"6u2aobh1dtql85e","id":"6u2aobh1dtql85e"},"id":"bs1s299qccf1lng","previousOperationId":"aiwzf8m5yh43qy0"}
{"type":"log","timestamp":1736913111346,"level":"info","message":"Rendering request 8 finished in 871 ms","meta":{"rootId":"6u2aobh1dtql85e","id":"6u2aobh1dtql85e"},"id":"pgtiz1miunasz5i","previousOperationId":"aiwzf8m5yh43qy0"}
{"type":"operationEnd","subtype":"render","operationId":"f0a0hmp2ix2ut8i","timestamp":1736913111346,"id":"41edm5o2k2ntawu","previousEventId":"gmnvpq30em0y3nu","previousOperationId":"aiwzf8m5yh43qy0"}
{"type":"operationEnd","doDiffs":false,"previousEventId":"hcsh6yhrkz3b61u","previousOperationId":"9kw9h1lttcqywmg","operationId":"9kw9h1lttcqywmg","timestamp":1736913111347,"id":"ys49lzh6nuxup8u"}
