{"type":"operationStart","subtype":"profile","data":{"_id":"lgOZBpgNTZ7TiuM7","timestamp":"2025-01-12T17:34:54.398Z","state":"queued","mode":"standard","creationDate":"2025-01-12T17:34:54.400Z","modificationDate":"2025-01-12T17:34:54.400Z","shortid":"4DiUpRW","$entitySet":"profiles"},"doDiffs":false,"timestamp":1736703294399,"id":"b3rvyvms0vras33","previousOperationId":null,"operationId":"ma5hfoyutw7bk9c"}
{"type":"log","level":"info","message":"Render request 2 queued for execution and waiting for available worker","previousOperationId":"ma5hfoyutw7bk9c","timestamp":1736703294399,"id":"d1lpzij7eolyhzn"}
{"type":"operationStart","subtype":"render","name":"reporte15","previousOperationId":"ma5hfoyutw7bk9c","timestamp":1736703294409,"id":"pd1sinp5fb7qswn","previousEventId":"b3rvyvms0vras33","operationId":"skhdp8ttjhuiqks"}
{"type":"log","timestamp":1736703294410,"level":"info","message":"Starting rendering request 2","meta":{"rootId":"9gqatubqsjf9z5i","id":"9gqatubqsjf9z5i"},"id":"t7fp68httilx1yh","previousOperationId":"skhdp8ttjhuiqks"}
{"type":"log","timestamp":1736703294411,"level":"info","message":"Rendering template { name: reporte15, recipe: chrome-pdf, engine: handlebars, preview: false }","meta":{"rootId":"9gqatubqsjf9z5i","id":"9gqatubqsjf9z5i"},"id":"484kjg42nlhtkyz","previousOperationId":"skhdp8ttjhuiqks"}
{"type":"log","timestamp":1736703294412,"level":"debug","message":"Inline data specified.","meta":{"rootId":"9gqatubqsjf9z5i","id":"9gqatubqsjf9z5i"},"id":"7bydeann2f2suww","previousOperationId":"skhdp8ttjhuiqks"}
{"type":"log","timestamp":1736703294414,"level":"debug","message":"Base url not specified, skipping its injection.","meta":{"rootId":"9gqatubqsjf9z5i","id":"9gqatubqsjf9z5i"},"id":"eaii6wm3xb7i7na","previousOperationId":"skhdp8ttjhuiqks"}
{"type":"operationStart","subtype":"engine","name":"handlebars","timestamp":1736703294416,"id":"fdgm6n1bri3389o","previousEventId":"pd1sinp5fb7qswn","operationId":"07pnjm0vjw15py6","previousOperationId":"skhdp8ttjhuiqks"}
{"type":"log","timestamp":1736703294416,"level":"debug","message":"Rendering engine handlebars","meta":{"rootId":"9gqatubqsjf9z5i","id":"9gqatubqsjf9z5i"},"id":"vvmhips5q22wfg9","previousOperationId":"07pnjm0vjw15py6"}
{"type":"operationEnd","operationId":"07pnjm0vjw15py6","timestamp":1736703295029,"id":"31vn1qt2rcs6i55","previousEventId":"fdgm6n1bri3389o","previousOperationId":"07pnjm0vjw15py6"}
{"type":"operationStart","subtype":"recipe","name":"chrome-pdf","timestamp":1736703295030,"id":"sx1e14if37jl4za","previousEventId":"31vn1qt2rcs6i55","operationId":"mz7vcewvlps6cuc","previousOperationId":"07pnjm0vjw15py6"}
{"type":"log","timestamp":1736703295030,"level":"debug","message":"Executing recipe chrome-pdf","meta":{"rootId":"9gqatubqsjf9z5i","id":"9gqatubqsjf9z5i"},"id":"jltx4tsyn9d62j3","previousOperationId":"mz7vcewvlps6cuc"}
{"type":"log","timestamp":1736703295402,"level":"debug","message":"Converting with chrome Chrome/131.0.6778.204 using dedicated-process strategy","meta":{"rootId":"9gqatubqsjf9z5i","id":"9gqatubqsjf9z5i"},"id":"xxqjyy1s99ar14q","previousOperationId":"mz7vcewvlps6cuc"}
{"type":"log","timestamp":1736703295510,"level":"debug","message":"Page request: GET (document) file:///tmp/jsreport/autocleanup/8ef72e64-a40a-4a0c-8626-6201ea172f91-chrome-pdf.html","meta":{"rootId":"9gqatubqsjf9z5i","id":"9gqatubqsjf9z5i"},"id":"uhpj0vgx7mml3xc","previousOperationId":"mz7vcewvlps6cuc"}
{"type":"log","timestamp":1736703295530,"level":"debug","message":"Page request: GET (image) https://i.pinimg.com/736x/ac/66/fd/ac66fdbcf17e7c77173cf01c4dbb1cfc.jpg","meta":{"rootId":"9gqatubqsjf9z5i","id":"9gqatubqsjf9z5i"},"id":"87qb178fn3tm351","previousOperationId":"mz7vcewvlps6cuc"}
{"type":"log","timestamp":1736703295531,"level":"debug","message":"Page request finished: GET (document) 200 file:///tmp/jsreport/autocleanup/8ef72e64-a40a-4a0c-8626-6201ea172f91-chrome-pdf.html","meta":{"rootId":"9gqatubqsjf9z5i","id":"9gqatubqsjf9z5i"},"id":"hkb42gksdxfugon","previousOperationId":"mz7vcewvlps6cuc"}
{"type":"log","timestamp":1736703295589,"level":"debug","message":"Page request finished: GET (image) 200 https://i.pinimg.com/736x/ac/66/fd/ac66fdbcf17e7c77173cf01c4dbb1cfc.jpg","meta":{"rootId":"9gqatubqsjf9z5i","id":"9gqatubqsjf9z5i"},"id":"plspecszqv2xlsu","previousOperationId":"mz7vcewvlps6cuc"}
{"type":"log","timestamp":1736703295593,"level":"debug","message":"Running chrome with params {\"printBackground\":true,\"timeout\":59359,\"margin\":{}}","meta":{"rootId":"9gqatubqsjf9z5i","id":"9gqatubqsjf9z5i"},"id":"ktgila117ch5eho","previousOperationId":"mz7vcewvlps6cuc"}
{"type":"operationEnd","operationId":"mz7vcewvlps6cuc","timestamp":1736703295788,"id":"v5cyzr6g0fbp5ki","previousEventId":"sx1e14if37jl4za","previousOperationId":"mz7vcewvlps6cuc"}
{"type":"log","timestamp":1736703295789,"level":"debug","message":"Skipping storing report.","meta":{"rootId":"9gqatubqsjf9z5i","id":"9gqatubqsjf9z5i"},"id":"o3f2909fbqw454z","previousOperationId":"mz7vcewvlps6cuc"}
{"type":"log","timestamp":1736703295789,"level":"info","message":"Rendering request 2 finished in 1391 ms","meta":{"rootId":"9gqatubqsjf9z5i","id":"9gqatubqsjf9z5i"},"id":"dllbt6j8g1bwl2w","previousOperationId":"mz7vcewvlps6cuc"}
{"type":"operationEnd","subtype":"render","operationId":"skhdp8ttjhuiqks","timestamp":1736703295789,"id":"g6pktc2ashkju4b","previousEventId":"v5cyzr6g0fbp5ki","previousOperationId":"mz7vcewvlps6cuc"}
{"type":"operationEnd","doDiffs":false,"previousEventId":"b3rvyvms0vras33","previousOperationId":"ma5hfoyutw7bk9c","operationId":"ma5hfoyutw7bk9c","timestamp":1736703295791,"id":"us4cegj1g1hr2zq"}
