{"type":"operationStart","subtype":"profile","data":{"_id":"bTD2Wr6OQRS8b4Qa","timestamp":"2025-01-15T03:51:30.177Z","state":"queued","mode":"standard","creationDate":"2025-01-15T03:51:30.178Z","modificationDate":"2025-01-15T03:51:30.178Z","shortid":"P2QKuGn","$entitySet":"profiles"},"doDiffs":false,"timestamp":1736913090178,"id":"na4igzuhjqs8ist","previousOperationId":null,"operationId":"9mkksqbya903cry"}
{"type":"log","level":"info","message":"Render request 6 queued for execution and waiting for available worker","previousOperationId":"9mkksqbya903cry","timestamp":1736913090178,"id":"8k8r4zczy0jecyb"}
{"type":"operationStart","subtype":"render","name":"reporte15","previousOperationId":"9mkksqbya903cry","timestamp":1736913090180,"id":"1g194ap8doil0m2","previousEventId":"na4igzuhjqs8ist","operationId":"57mrqheaqt3n0m1"}
{"type":"log","timestamp":1736913090180,"level":"info","message":"Starting rendering request 6","meta":{"rootId":"chlh41aasah8602","id":"chlh41aasah8602"},"id":"d4k3u5iue4blocm","previousOperationId":"57mrqheaqt3n0m1"}
{"type":"log","timestamp":1736913090180,"level":"info","message":"Rendering template { name: reporte15, recipe: chrome-pdf, engine: handlebars, preview: false }","meta":{"rootId":"chlh41aasah8602","id":"chlh41aasah8602"},"id":"k1c7nng1b681v58","previousOperationId":"57mrqheaqt3n0m1"}
{"type":"log","timestamp":1736913090180,"level":"debug","message":"Inline data specified.","meta":{"rootId":"chlh41aasah8602","id":"chlh41aasah8602"},"id":"r61x7qd42h7a3ld","previousOperationId":"57mrqheaqt3n0m1"}
{"type":"log","timestamp":1736913090182,"level":"debug","message":"Base url not specified, skipping its injection.","meta":{"rootId":"chlh41aasah8602","id":"chlh41aasah8602"},"id":"iqbodjhchqo4qg2","previousOperationId":"57mrqheaqt3n0m1"}
{"type":"operationStart","subtype":"engine","name":"handlebars","timestamp":1736913090182,"id":"80d0ihz7rglcf7j","previousEventId":"1g194ap8doil0m2","operationId":"134nkfzcky1qcay","previousOperationId":"57mrqheaqt3n0m1"}
{"type":"log","timestamp":1736913090182,"level":"debug","message":"Rendering engine handlebars","meta":{"rootId":"chlh41aasah8602","id":"chlh41aasah8602"},"id":"i16xgcla6pboul3","previousOperationId":"134nkfzcky1qcay"}
{"type":"operationEnd","operationId":"134nkfzcky1qcay","timestamp":1736913090197,"id":"dibernh6346y4pc","previousEventId":"80d0ihz7rglcf7j","previousOperationId":"134nkfzcky1qcay"}
{"type":"operationStart","subtype":"recipe","name":"chrome-pdf","timestamp":1736913090198,"id":"vugb6leym22388e","previousEventId":"dibernh6346y4pc","operationId":"x5t9re4h45sfoke","previousOperationId":"134nkfzcky1qcay"}
{"type":"log","timestamp":1736913090198,"level":"debug","message":"Executing recipe chrome-pdf","meta":{"rootId":"chlh41aasah8602","id":"chlh41aasah8602"},"id":"pfixhpaemrup1aw","previousOperationId":"x5t9re4h45sfoke"}
{"type":"log","timestamp":1736913090666,"level":"debug","message":"Converting with chrome Chrome/131.0.6778.204 using dedicated-process strategy","meta":{"rootId":"chlh41aasah8602","id":"chlh41aasah8602"},"id":"wwu9j3gaq0xlpvs","previousOperationId":"x5t9re4h45sfoke"}
{"type":"log","timestamp":1736913090733,"level":"debug","message":"Page request: GET (document) file:///tmp/jsreport/autocleanup/9a4f42af-ca96-415c-91c5-816babe3a4f6-chrome-pdf.html","meta":{"rootId":"chlh41aasah8602","id":"chlh41aasah8602"},"id":"rfj9wd8pc2arke5","previousOperationId":"x5t9re4h45sfoke"}
{"type":"log","timestamp":1736913090753,"level":"debug","message":"Page request finished: GET (document) 200 file:///tmp/jsreport/autocleanup/9a4f42af-ca96-415c-91c5-816babe3a4f6-chrome-pdf.html","meta":{"rootId":"chlh41aasah8602","id":"chlh41aasah8602"},"id":"xg77mprdn1s4czk","previousOperationId":"x5t9re4h45sfoke"}
{"type":"log","timestamp":1736913090756,"level":"debug","message":"Page request: GET (image) https://i.pinimg.com/736x/ac/66/fd/ac66fdbcf17e7c77173cf01c4dbb1cfc.jpg","meta":{"rootId":"chlh41aasah8602","id":"chlh41aasah8602"},"id":"9o8i241qkh2utie","previousOperationId":"x5t9re4h45sfoke"}
{"type":"log","timestamp":1736913090819,"level":"debug","message":"Page request finished: GET (image) 200 https://i.pinimg.com/736x/ac/66/fd/ac66fdbcf17e7c77173cf01c4dbb1cfc.jpg","meta":{"rootId":"chlh41aasah8602","id":"chlh41aasah8602"},"id":"cqetao6f2acoy65","previousOperationId":"x5t9re4h45sfoke"}
{"type":"log","timestamp":1736913090822,"level":"debug","message":"Running chrome with params {\"printBackground\":true,\"timeout\":59979,\"margin\":{}}","meta":{"rootId":"chlh41aasah8602","id":"chlh41aasah8602"},"id":"092bn8iiynxf3ut","previousOperationId":"x5t9re4h45sfoke"}
{"type":"operationEnd","operationId":"x5t9re4h45sfoke","timestamp":1736913091010,"id":"2ho973r7wefgp2r","previousEventId":"vugb6leym22388e","previousOperationId":"x5t9re4h45sfoke"}
{"type":"log","timestamp":1736913091010,"level":"debug","message":"Skipping storing report.","meta":{"rootId":"chlh41aasah8602","id":"chlh41aasah8602"},"id":"r2usllr1q9mekhz","previousOperationId":"x5t9re4h45sfoke"}
{"type":"log","timestamp":1736913091010,"level":"info","message":"Rendering request 6 finished in 833 ms","meta":{"rootId":"chlh41aasah8602","id":"chlh41aasah8602"},"id":"kbdpme3m0x4rbw9","previousOperationId":"x5t9re4h45sfoke"}
{"type":"operationEnd","subtype":"render","operationId":"57mrqheaqt3n0m1","timestamp":1736913091010,"id":"sv4438xy6vpwo0t","previousEventId":"2ho973r7wefgp2r","previousOperationId":"x5t9re4h45sfoke"}
{"type":"operationEnd","doDiffs":false,"previousEventId":"na4igzuhjqs8ist","previousOperationId":"9mkksqbya903cry","operationId":"9mkksqbya903cry","timestamp":1736913091012,"id":"bl8j5r0ztmgg241"}
