{"type":"operationStart","subtype":"profile","data":{"_id":"wKlIBOLQcoj0TrKj","timestamp":"2025-01-15T03:56:26.859Z","state":"queued","mode":"standard","creationDate":"2025-01-15T03:56:26.860Z","modificationDate":"2025-01-15T03:56:26.860Z","shortid":"WujDU2D","$entitySet":"profiles"},"doDiffs":false,"timestamp":1736913386860,"id":"6a4l4qyyjdibfel","previousOperationId":null,"operationId":"f8uxizawodem3oj"}
{"type":"log","level":"info","message":"Render request 9 queued for execution and waiting for available worker","previousOperationId":"f8uxizawodem3oj","timestamp":1736913386860,"id":"fvaz78bznmlm8un"}
{"type":"operationStart","subtype":"render","name":"reporte15","previousOperationId":"f8uxizawodem3oj","timestamp":1736913386862,"id":"h5tvpdbp50glmru","previousEventId":"6a4l4qyyjdibfel","operationId":"qeb0qlmhhv9umyz"}
{"type":"log","timestamp":1736913386862,"level":"info","message":"Starting rendering request 9","meta":{"rootId":"fy93e7z3sjb96u8","id":"fy93e7z3sjb96u8"},"id":"kwynhuth1bvglps","previousOperationId":"qeb0qlmhhv9umyz"}
{"type":"log","timestamp":1736913386862,"level":"info","message":"Rendering template { name: reporte15, recipe: chrome-pdf, engine: handlebars, preview: false }","meta":{"rootId":"fy93e7z3sjb96u8","id":"fy93e7z3sjb96u8"},"id":"af0k0v5zduwqtav","previousOperationId":"qeb0qlmhhv9umyz"}
{"type":"log","timestamp":1736913386862,"level":"debug","message":"Inline data specified.","meta":{"rootId":"fy93e7z3sjb96u8","id":"fy93e7z3sjb96u8"},"id":"70000gaq5vg20eu","previousOperationId":"qeb0qlmhhv9umyz"}
{"type":"log","timestamp":1736913386864,"level":"debug","message":"Base url not specified, skipping its injection.","meta":{"rootId":"fy93e7z3sjb96u8","id":"fy93e7z3sjb96u8"},"id":"tv3y6etn50ku73k","previousOperationId":"qeb0qlmhhv9umyz"}
{"type":"operationStart","subtype":"engine","name":"handlebars","timestamp":1736913386864,"id":"n8qoi6ix7f8xte9","previousEventId":"h5tvpdbp50glmru","operationId":"h9orgp8tfmwp4c4","previousOperationId":"qeb0qlmhhv9umyz"}
{"type":"log","timestamp":1736913386864,"level":"debug","message":"Rendering engine handlebars","meta":{"rootId":"fy93e7z3sjb96u8","id":"fy93e7z3sjb96u8"},"id":"2dj6vsiparpk7mr","previousOperationId":"h9orgp8tfmwp4c4"}
{"type":"operationEnd","operationId":"h9orgp8tfmwp4c4","timestamp":1736913386870,"id":"4wb61cgq23ai9ix","previousEventId":"n8qoi6ix7f8xte9","previousOperationId":"h9orgp8tfmwp4c4"}
{"type":"operationStart","subtype":"recipe","name":"chrome-pdf","timestamp":1736913386870,"id":"0ieelc6a21lv4ze","previousEventId":"4wb61cgq23ai9ix","operationId":"lw2n08hqfc8rkm3","previousOperationId":"h9orgp8tfmwp4c4"}
{"type":"log","timestamp":1736913386870,"level":"debug","message":"Executing recipe chrome-pdf","meta":{"rootId":"fy93e7z3sjb96u8","id":"fy93e7z3sjb96u8"},"id":"0tchh91ics6rl1a","previousOperationId":"lw2n08hqfc8rkm3"}
{"type":"log","timestamp":1736913387227,"level":"debug","message":"Converting with chrome Chrome/131.0.6778.204 using dedicated-process strategy","meta":{"rootId":"fy93e7z3sjb96u8","id":"fy93e7z3sjb96u8"},"id":"bo5qdjxx5mdvk3w","previousOperationId":"lw2n08hqfc8rkm3"}
{"type":"log","timestamp":1736913387320,"level":"debug","message":"Page request: GET (document) file:///tmp/jsreport/autocleanup/48f0cac0-c05b-40da-bb10-41be262d8df6-chrome-pdf.html","meta":{"rootId":"fy93e7z3sjb96u8","id":"fy93e7z3sjb96u8"},"id":"9t3jp5dhzhnvvs0","previousOperationId":"lw2n08hqfc8rkm3"}
{"type":"log","timestamp":1736913387333,"level":"debug","message":"Page request finished: GET (document) 200 file:///tmp/jsreport/autocleanup/48f0cac0-c05b-40da-bb10-41be262d8df6-chrome-pdf.html","meta":{"rootId":"fy93e7z3sjb96u8","id":"fy93e7z3sjb96u8"},"id":"s0kx7wfwbuu2qdn","previousOperationId":"lw2n08hqfc8rkm3"}
{"type":"log","timestamp":1736913387334,"level":"debug","message":"Page request: GET (image) https://i.pinimg.com/736x/ac/66/fd/ac66fdbcf17e7c77173cf01c4dbb1cfc.jpg","meta":{"rootId":"fy93e7z3sjb96u8","id":"fy93e7z3sjb96u8"},"id":"6g42v8ex42zgysl","previousOperationId":"lw2n08hqfc8rkm3"}
{"type":"log","timestamp":1736913387415,"level":"debug","message":"Page request finished: GET (image) 200 https://i.pinimg.com/736x/ac/66/fd/ac66fdbcf17e7c77173cf01c4dbb1cfc.jpg","meta":{"rootId":"fy93e7z3sjb96u8","id":"fy93e7z3sjb96u8"},"id":"7koa9kpetfn0yli","previousOperationId":"lw2n08hqfc8rkm3"}
{"type":"log","timestamp":1736913387420,"level":"debug","message":"Running chrome with params {\"printBackground\":true,\"timeout\":59988,\"margin\":{}}","meta":{"rootId":"fy93e7z3sjb96u8","id":"fy93e7z3sjb96u8"},"id":"100kmpa4jukl1b1","previousOperationId":"lw2n08hqfc8rkm3"}
{"type":"operationEnd","operationId":"lw2n08hqfc8rkm3","timestamp":1736913387672,"id":"ie4vwrrkg7pwrb6","previousEventId":"0ieelc6a21lv4ze","previousOperationId":"lw2n08hqfc8rkm3"}
{"type":"log","timestamp":1736913387672,"level":"debug","message":"Skipping storing report.","meta":{"rootId":"fy93e7z3sjb96u8","id":"fy93e7z3sjb96u8"},"id":"0ozh374c3hy6tmr","previousOperationId":"lw2n08hqfc8rkm3"}
{"type":"log","timestamp":1736913387672,"level":"info","message":"Rendering request 9 finished in 813 ms","meta":{"rootId":"fy93e7z3sjb96u8","id":"fy93e7z3sjb96u8"},"id":"ttorrpmv3fbfudr","previousOperationId":"lw2n08hqfc8rkm3"}
{"type":"operationEnd","subtype":"render","operationId":"qeb0qlmhhv9umyz","timestamp":1736913387672,"id":"9usgr7uiccda03n","previousEventId":"ie4vwrrkg7pwrb6","previousOperationId":"lw2n08hqfc8rkm3"}
{"type":"operationEnd","doDiffs":false,"previousEventId":"6a4l4qyyjdibfel","previousOperationId":"f8uxizawodem3oj","operationId":"f8uxizawodem3oj","timestamp":1736913387674,"id":"0lxaa281k68v2m5"}
