{"type":"operationStart","subtype":"profile","data":{"_id":"taAa5ktooMa1vWuu","timestamp":"2025-01-15T04:03:35.044Z","state":"queued","mode":"standard","creationDate":"2025-01-15T04:03:35.045Z","modificationDate":"2025-01-15T04:03:35.045Z","shortid":"sBLCCT0","$entitySet":"profiles"},"doDiffs":false,"timestamp":1736913815045,"id":"ijrvmoxstlqga3g","previousOperationId":null,"operationId":"9s9svt7wowme2vr"}
{"type":"log","level":"info","message":"Render request 14 queued for execution and waiting for available worker","previousOperationId":"9s9svt7wowme2vr","timestamp":1736913815045,"id":"y90k0f3n67381pv"}
{"type":"operationStart","subtype":"render","name":"reporte15","previousOperationId":"9s9svt7wowme2vr","timestamp":1736913815048,"id":"y86cpow1n1t3rju","previousEventId":"ijrvmoxstlqga3g","operationId":"xl072optwnztfcr"}
{"type":"log","timestamp":1736913815048,"level":"info","message":"Starting rendering request 14","meta":{"rootId":"mqcm1i51k7x08js","id":"mqcm1i51k7x08js"},"id":"qf6k5ai8sa6r6od","previousOperationId":"xl072optwnztfcr"}
{"type":"log","timestamp":1736913815049,"level":"info","message":"Rendering template { name: reporte15, recipe: chrome-pdf, engine: handlebars, preview: false }","meta":{"rootId":"mqcm1i51k7x08js","id":"mqcm1i51k7x08js"},"id":"wd2rwpyhwkr6idl","previousOperationId":"xl072optwnztfcr"}
{"type":"log","timestamp":1736913815049,"level":"debug","message":"Inline data specified.","meta":{"rootId":"mqcm1i51k7x08js","id":"mqcm1i51k7x08js"},"id":"aoi4wynz5md9mqn","previousOperationId":"xl072optwnztfcr"}
{"type":"log","timestamp":1736913815053,"level":"debug","message":"Base url not specified, skipping its injection.","meta":{"rootId":"mqcm1i51k7x08js","id":"mqcm1i51k7x08js"},"id":"xwtm8zwd3j5y2e5","previousOperationId":"xl072optwnztfcr"}
{"type":"operationStart","subtype":"engine","name":"handlebars","timestamp":1736913815053,"id":"dxbg5vaghlxyxi3","previousEventId":"y86cpow1n1t3rju","operationId":"viyein44oipvv6s","previousOperationId":"xl072optwnztfcr"}
{"type":"log","timestamp":1736913815053,"level":"debug","message":"Rendering engine handlebars","meta":{"rootId":"mqcm1i51k7x08js","id":"mqcm1i51k7x08js"},"id":"zfzd13odncj58bv","previousOperationId":"viyein44oipvv6s"}
{"type":"operationEnd","operationId":"viyein44oipvv6s","timestamp":1736913815062,"id":"vwn4jx4bxt7a22g","previousEventId":"dxbg5vaghlxyxi3","previousOperationId":"viyein44oipvv6s"}
{"type":"operationStart","subtype":"recipe","name":"chrome-pdf","timestamp":1736913815062,"id":"uq6fk67mdhgj2ce","previousEventId":"vwn4jx4bxt7a22g","operationId":"0gb6lz46ydsaox4","previousOperationId":"viyein44oipvv6s"}
{"type":"log","timestamp":1736913815062,"level":"debug","message":"Executing recipe chrome-pdf","meta":{"rootId":"mqcm1i51k7x08js","id":"mqcm1i51k7x08js"},"id":"43idsysby884mk8","previousOperationId":"0gb6lz46ydsaox4"}
{"type":"log","timestamp":1736913815449,"level":"debug","message":"Converting with chrome Chrome/131.0.6778.204 using dedicated-process strategy","meta":{"rootId":"mqcm1i51k7x08js","id":"mqcm1i51k7x08js"},"id":"0xw79zejgtwmr2k","previousOperationId":"0gb6lz46ydsaox4"}
{"type":"log","timestamp":1736913815553,"level":"debug","message":"Page request: GET (document) file:///tmp/jsreport/autocleanup/822c8269-1889-4da3-ada5-66c12e63454e-chrome-pdf.html","meta":{"rootId":"mqcm1i51k7x08js","id":"mqcm1i51k7x08js"},"id":"o0rvnoedxwt86qd","previousOperationId":"0gb6lz46ydsaox4"}
{"type":"log","timestamp":1736913815572,"level":"debug","message":"Page request finished: GET (document) 200 file:///tmp/jsreport/autocleanup/822c8269-1889-4da3-ada5-66c12e63454e-chrome-pdf.html","meta":{"rootId":"mqcm1i51k7x08js","id":"mqcm1i51k7x08js"},"id":"x2tq7yze90txuq4","previousOperationId":"0gb6lz46ydsaox4"}
{"type":"log","timestamp":1736913815574,"level":"debug","message":"Page request: GET (image) https://i.pinimg.com/736x/ac/66/fd/ac66fdbcf17e7c77173cf01c4dbb1cfc.jpg","meta":{"rootId":"mqcm1i51k7x08js","id":"mqcm1i51k7x08js"},"id":"8khsw37yzrfv7l4","previousOperationId":"0gb6lz46ydsaox4"}
{"type":"log","timestamp":1736913815623,"level":"debug","message":"Page request finished: GET (image) 200 https://i.pinimg.com/736x/ac/66/fd/ac66fdbcf17e7c77173cf01c4dbb1cfc.jpg","meta":{"rootId":"mqcm1i51k7x08js","id":"mqcm1i51k7x08js"},"id":"abpokh7p38fzug5","previousOperationId":"0gb6lz46ydsaox4"}
{"type":"log","timestamp":1736913815631,"level":"debug","message":"Running chrome with params {\"printBackground\":true,\"timeout\":59978,\"margin\":{}}","meta":{"rootId":"mqcm1i51k7x08js","id":"mqcm1i51k7x08js"},"id":"5plr89u6tckmizn","previousOperationId":"0gb6lz46ydsaox4"}
{"type":"operationEnd","operationId":"0gb6lz46ydsaox4","timestamp":1736913815846,"id":"bo2n8htktenzvng","previousEventId":"uq6fk67mdhgj2ce","previousOperationId":"0gb6lz46ydsaox4"}
{"type":"log","timestamp":1736913815847,"level":"debug","message":"Skipping storing report.","meta":{"rootId":"mqcm1i51k7x08js","id":"mqcm1i51k7x08js"},"id":"nu0l6b2ato6n8wt","previousOperationId":"0gb6lz46ydsaox4"}
{"type":"log","timestamp":1736913815847,"level":"info","message":"Rendering request 14 finished in 803 ms","meta":{"rootId":"mqcm1i51k7x08js","id":"mqcm1i51k7x08js"},"id":"jlitf7ettalhwe3","previousOperationId":"0gb6lz46ydsaox4"}
{"type":"operationEnd","subtype":"render","operationId":"xl072optwnztfcr","timestamp":1736913815847,"id":"399hpa66nbfxr9r","previousEventId":"bo2n8htktenzvng","previousOperationId":"0gb6lz46ydsaox4"}
{"type":"operationEnd","doDiffs":false,"previousEventId":"ijrvmoxstlqga3g","previousOperationId":"9s9svt7wowme2vr","operationId":"9s9svt7wowme2vr","timestamp":1736913815849,"id":"zo74zmn3abd80dm"}
