{"type":"operationStart","subtype":"profile","data":{"_id":"oip1pBGVz9k8KplN","timestamp":"2025-01-15T03:51:03.259Z","state":"queued","mode":"standard","creationDate":"2025-01-15T03:51:03.260Z","modificationDate":"2025-01-15T03:51:03.260Z","shortid":"LY5lscE","$entitySet":"profiles"},"doDiffs":false,"timestamp":1736913063260,"id":"rxzsxih7h9y4jk3","previousOperationId":null,"operationId":"at7z0w9bsb5nyjh"}
{"type":"log","level":"info","message":"Render request 5 queued for execution and waiting for available worker","previousOperationId":"at7z0w9bsb5nyjh","timestamp":1736913063260,"id":"z155t50ymfk4rs1"}
{"type":"operationStart","subtype":"render","name":"reporte15","previousOperationId":"at7z0w9bsb5nyjh","timestamp":1736913063262,"id":"yzxa57ll3b23v7g","previousEventId":"rxzsxih7h9y4jk3","operationId":"c9hatrlmfawavn9"}
{"type":"log","timestamp":1736913063262,"level":"info","message":"Starting rendering request 5","meta":{"rootId":"p036dfgnax13elv","id":"p036dfgnax13elv"},"id":"2hqpyo45tt2up1u","previousOperationId":"c9hatrlmfawavn9"}
{"type":"log","timestamp":1736913063262,"level":"info","message":"Rendering template { name: reporte15, recipe: chrome-pdf, engine: handlebars, preview: false }","meta":{"rootId":"p036dfgnax13elv","id":"p036dfgnax13elv"},"id":"d2x4fygrhvm52pg","previousOperationId":"c9hatrlmfawavn9"}
{"type":"log","timestamp":1736913063263,"level":"debug","message":"Inline data specified.","meta":{"rootId":"p036dfgnax13elv","id":"p036dfgnax13elv"},"id":"czu4fk3giq8nnkq","previousOperationId":"c9hatrlmfawavn9"}
{"type":"log","timestamp":1736913063264,"level":"debug","message":"Base url not specified, skipping its injection.","meta":{"rootId":"p036dfgnax13elv","id":"p036dfgnax13elv"},"id":"lpb6bn8lkhypz7r","previousOperationId":"c9hatrlmfawavn9"}
{"type":"operationStart","subtype":"engine","name":"handlebars","timestamp":1736913063264,"id":"67980osge4fd9fy","previousEventId":"yzxa57ll3b23v7g","operationId":"t41riu0ae6htbt3","previousOperationId":"c9hatrlmfawavn9"}
{"type":"log","timestamp":1736913063264,"level":"debug","message":"Rendering engine handlebars","meta":{"rootId":"p036dfgnax13elv","id":"p036dfgnax13elv"},"id":"2c9zkcfms2a07xo","previousOperationId":"t41riu0ae6htbt3"}
{"type":"operationEnd","operationId":"t41riu0ae6htbt3","timestamp":1736913063281,"id":"86qeeuaywly57us","previousEventId":"67980osge4fd9fy","previousOperationId":"t41riu0ae6htbt3"}
{"type":"operationStart","subtype":"recipe","name":"chrome-pdf","timestamp":1736913063281,"id":"8co2u7lg3dk1c8w","previousEventId":"86qeeuaywly57us","operationId":"4fgyfqw3exozohm","previousOperationId":"t41riu0ae6htbt3"}
{"type":"log","timestamp":1736913063281,"level":"debug","message":"Executing recipe chrome-pdf","meta":{"rootId":"p036dfgnax13elv","id":"p036dfgnax13elv"},"id":"urs6uaibtccpspg","previousOperationId":"4fgyfqw3exozohm"}
{"type":"log","timestamp":1736913063606,"level":"debug","message":"Converting with chrome Chrome/131.0.6778.204 using dedicated-process strategy","meta":{"rootId":"p036dfgnax13elv","id":"p036dfgnax13elv"},"id":"svawmgy0xemtzbn","previousOperationId":"4fgyfqw3exozohm"}
{"type":"log","timestamp":1736913063673,"level":"debug","message":"Page request: GET (document) file:///tmp/jsreport/autocleanup/0babbb4c-3e4d-49e8-92a6-eef17ba03294-chrome-pdf.html","meta":{"rootId":"p036dfgnax13elv","id":"p036dfgnax13elv"},"id":"lezqbpcy7tjsyx7","previousOperationId":"4fgyfqw3exozohm"}
{"type":"log","timestamp":1736913063686,"level":"debug","message":"Page request finished: GET (document) 200 file:///tmp/jsreport/autocleanup/0babbb4c-3e4d-49e8-92a6-eef17ba03294-chrome-pdf.html","meta":{"rootId":"p036dfgnax13elv","id":"p036dfgnax13elv"},"id":"nlrcitigz6rrt79","previousOperationId":"4fgyfqw3exozohm"}
{"type":"log","timestamp":1736913063687,"level":"debug","message":"Page request: GET (image) https://i.pinimg.com/736x/ac/66/fd/ac66fdbcf17e7c77173cf01c4dbb1cfc.jpg","meta":{"rootId":"p036dfgnax13elv","id":"p036dfgnax13elv"},"id":"lbu9ct6wpjm37ef","previousOperationId":"4fgyfqw3exozohm"}
{"type":"log","timestamp":1736913063740,"level":"debug","message":"Page request finished: GET (image) 200 https://i.pinimg.com/736x/ac/66/fd/ac66fdbcf17e7c77173cf01c4dbb1cfc.jpg","meta":{"rootId":"p036dfgnax13elv","id":"p036dfgnax13elv"},"id":"solw85jqm3trhoa","previousOperationId":"4fgyfqw3exozohm"}
{"type":"log","timestamp":1736913063750,"level":"debug","message":"Running chrome with params {\"printBackground\":true,\"timeout\":59976,\"margin\":{}}","meta":{"rootId":"p036dfgnax13elv","id":"p036dfgnax13elv"},"id":"ifau4jsc2wj4ijq","previousOperationId":"4fgyfqw3exozohm"}
{"type":"operationEnd","operationId":"4fgyfqw3exozohm","timestamp":1736913063938,"id":"g78auzsy0c62vvq","previousEventId":"8co2u7lg3dk1c8w","previousOperationId":"4fgyfqw3exozohm"}
{"type":"log","timestamp":1736913063938,"level":"debug","message":"Skipping storing report.","meta":{"rootId":"p036dfgnax13elv","id":"p036dfgnax13elv"},"id":"81vo2wskr3lzmrs","previousOperationId":"4fgyfqw3exozohm"}
{"type":"log","timestamp":1736913063938,"level":"info","message":"Rendering request 5 finished in 679 ms","meta":{"rootId":"p036dfgnax13elv","id":"p036dfgnax13elv"},"id":"mqhya391dgrknz1","previousOperationId":"4fgyfqw3exozohm"}
{"type":"operationEnd","subtype":"render","operationId":"c9hatrlmfawavn9","timestamp":1736913063938,"id":"kz5zkbu7tsfwk93","previousEventId":"g78auzsy0c62vvq","previousOperationId":"4fgyfqw3exozohm"}
{"type":"operationEnd","doDiffs":false,"previousEventId":"rxzsxih7h9y4jk3","previousOperationId":"at7z0w9bsb5nyjh","operationId":"at7z0w9bsb5nyjh","timestamp":1736913063940,"id":"vxid9juthoou3r4"}
