{"type":"operationStart","subtype":"profile","data":{"_id":"GD4QbJMVlYo1sxEU","timestamp":"2025-01-17T06:07:07.372Z","state":"queued","mode":"standard","creationDate":"2025-01-17T06:07:07.375Z","modificationDate":"2025-01-17T06:07:07.375Z","shortid":"pg5zlkF","$entitySet":"profiles"},"doDiffs":false,"timestamp":1737094027375,"id":"dm2pa8i81ja2mb4","previousOperationId":null,"operationId":"9o2wj4p02q1ujxk"}
{"type":"log","level":"info","message":"Render request 8 queued for execution and waiting for available worker","previousOperationId":"9o2wj4p02q1ujxk","timestamp":1737094027375,"id":"qkpbcumqgd4iwgn"}
{"type":"operationStart","subtype":"render","name":"reporte15","previousOperationId":"9o2wj4p02q1ujxk","timestamp":1737094027379,"id":"zvqqkyumrrnhg5e","previousEventId":"dm2pa8i81ja2mb4","operationId":"ghlmykuqlz8rv4l"}
{"type":"log","timestamp":1737094027379,"level":"info","message":"Starting rendering request 8","meta":{"rootId":"p5aqqffmgrjr7cs","id":"p5aqqffmgrjr7cs"},"id":"cjxamhxrhqe7pnn","previousOperationId":"ghlmykuqlz8rv4l"}
{"type":"log","timestamp":1737094027379,"level":"info","message":"Rendering template { name: reporte15, recipe: chrome-pdf, engine: handlebars, preview: false }","meta":{"rootId":"p5aqqffmgrjr7cs","id":"p5aqqffmgrjr7cs"},"id":"n9xl7zkirjws9zh","previousOperationId":"ghlmykuqlz8rv4l"}
{"type":"log","timestamp":1737094027379,"level":"debug","message":"Inline data specified.","meta":{"rootId":"p5aqqffmgrjr7cs","id":"p5aqqffmgrjr7cs"},"id":"pk5hyed36en8swh","previousOperationId":"ghlmykuqlz8rv4l"}
{"type":"log","timestamp":1737094027380,"level":"debug","message":"Base url not specified, skipping its injection.","meta":{"rootId":"p5aqqffmgrjr7cs","id":"p5aqqffmgrjr7cs"},"id":"rjnybp5cj37863h","previousOperationId":"ghlmykuqlz8rv4l"}
{"type":"operationStart","subtype":"engine","name":"handlebars","timestamp":1737094027380,"id":"rb1fqlck8kyhl1x","previousEventId":"zvqqkyumrrnhg5e","operationId":"u5icedgm7snayw7","previousOperationId":"ghlmykuqlz8rv4l"}
{"type":"log","timestamp":1737094027380,"level":"debug","message":"Rendering engine handlebars","meta":{"rootId":"p5aqqffmgrjr7cs","id":"p5aqqffmgrjr7cs"},"id":"eq74704h2jin3ju","previousOperationId":"u5icedgm7snayw7"}
{"type":"operationEnd","operationId":"u5icedgm7snayw7","timestamp":1737094027389,"id":"du5mxt87msi0phs","previousEventId":"rb1fqlck8kyhl1x","previousOperationId":"u5icedgm7snayw7"}
{"type":"operationStart","subtype":"recipe","name":"chrome-pdf","timestamp":1737094027389,"id":"ywo9zvu1e2j2zqi","previousEventId":"du5mxt87msi0phs","operationId":"5l50roqub86eie5","previousOperationId":"u5icedgm7snayw7"}
{"type":"log","timestamp":1737094027389,"level":"debug","message":"Executing recipe chrome-pdf","meta":{"rootId":"p5aqqffmgrjr7cs","id":"p5aqqffmgrjr7cs"},"id":"3pv46dlgmlhvvkr","previousOperationId":"5l50roqub86eie5"}
{"type":"log","timestamp":1737094027731,"level":"debug","message":"Converting with chrome Chrome/131.0.6778.204 using dedicated-process strategy","meta":{"rootId":"p5aqqffmgrjr7cs","id":"p5aqqffmgrjr7cs"},"id":"hs98emf3x45x6kv","previousOperationId":"5l50roqub86eie5"}
{"type":"log","timestamp":1737094027833,"level":"debug","message":"Page request: GET (document) file:///tmp/jsreport/autocleanup/e49041db-32ff-4e9b-9266-01d393b06719-chrome-pdf.html","meta":{"rootId":"p5aqqffmgrjr7cs","id":"p5aqqffmgrjr7cs"},"id":"nzpxrh8m8zmogvs","previousOperationId":"5l50roqub86eie5"}
{"type":"log","timestamp":1737094027847,"level":"debug","message":"Page request finished: GET (document) 200 file:///tmp/jsreport/autocleanup/e49041db-32ff-4e9b-9266-01d393b06719-chrome-pdf.html","meta":{"rootId":"p5aqqffmgrjr7cs","id":"p5aqqffmgrjr7cs"},"id":"ft6wr75kd42s047","previousOperationId":"5l50roqub86eie5"}
{"type":"log","timestamp":1737094027851,"level":"debug","message":"Page request: GET (image) https://i.pinimg.com/736x/ac/66/fd/ac66fdbcf17e7c77173cf01c4dbb1cfc.jpg","meta":{"rootId":"p5aqqffmgrjr7cs","id":"p5aqqffmgrjr7cs"},"id":"tgbim18xh97dkyl","previousOperationId":"5l50roqub86eie5"}
{"type":"log","timestamp":1737094027911,"level":"debug","message":"Page request finished: GET (image) 200 https://i.pinimg.com/736x/ac/66/fd/ac66fdbcf17e7c77173cf01c4dbb1cfc.jpg","meta":{"rootId":"p5aqqffmgrjr7cs","id":"p5aqqffmgrjr7cs"},"id":"36rgvgg4j038e54","previousOperationId":"5l50roqub86eie5"}
{"type":"log","timestamp":1737094027914,"level":"debug","message":"Running chrome with params {\"printBackground\":true,\"timeout\":59982,\"margin\":{}}","meta":{"rootId":"p5aqqffmgrjr7cs","id":"p5aqqffmgrjr7cs"},"id":"iu30nms3hwlit5y","previousOperationId":"5l50roqub86eie5"}
{"type":"operationEnd","operationId":"5l50roqub86eie5","timestamp":1737094028167,"id":"l6dvkadrz6kk1wq","previousEventId":"ywo9zvu1e2j2zqi","previousOperationId":"5l50roqub86eie5"}
{"type":"log","timestamp":1737094028167,"level":"debug","message":"Skipping storing report.","meta":{"rootId":"p5aqqffmgrjr7cs","id":"p5aqqffmgrjr7cs"},"id":"m5hyn584zs5zkxd","previousOperationId":"5l50roqub86eie5"}
{"type":"log","timestamp":1737094028167,"level":"info","message":"Rendering request 8 finished in 795 ms","meta":{"rootId":"p5aqqffmgrjr7cs","id":"p5aqqffmgrjr7cs"},"id":"3arr6j8fkceiglc","previousOperationId":"5l50roqub86eie5"}
{"type":"operationEnd","subtype":"render","operationId":"ghlmykuqlz8rv4l","timestamp":1737094028167,"id":"q52pksrlq0rhsj2","previousEventId":"l6dvkadrz6kk1wq","previousOperationId":"5l50roqub86eie5"}
{"type":"operationEnd","doDiffs":false,"previousEventId":"dm2pa8i81ja2mb4","previousOperationId":"9o2wj4p02q1ujxk","operationId":"9o2wj4p02q1ujxk","timestamp":1737094028169,"id":"r31p9w96h85lbu9"}
