{"type":"operationStart","subtype":"profile","data":{"_id":"SGF6sESChTu8L4CG","timestamp":"2025-01-12T17:33:45.479Z","state":"queued","mode":"standard","creationDate":"2025-01-12T17:33:45.483Z","modificationDate":"2025-01-12T17:33:45.483Z","shortid":"WsBWUlv","$entitySet":"profiles"},"doDiffs":false,"timestamp":1736703225481,"id":"ewbbzom0c5kw7wv","previousOperationId":null,"operationId":"m94cdvfqgppp7wz"}
{"type":"log","level":"info","message":"Render request 1 queued for execution and waiting for available worker","previousOperationId":"m94cdvfqgppp7wz","timestamp":1736703225481,"id":"gx569slhcajyv0a"}
{"type":"operationStart","subtype":"render","name":"reporte15","previousOperationId":"m94cdvfqgppp7wz","timestamp":1736703225507,"id":"xeeu1rlo06s84oe","previousEventId":"ewbbzom0c5kw7wv","operationId":"qv5cy94wb3q1j2z"}
{"type":"log","timestamp":1736703225507,"level":"info","message":"Starting rendering request 1","meta":{"rootId":"uqwdsmgt0uorhpl","id":"uqwdsmgt0uorhpl"},"id":"yitbh2og4luv8h6","previousOperationId":"qv5cy94wb3q1j2z"}
{"type":"log","timestamp":1736703225510,"level":"info","message":"Rendering template { name: reporte15, recipe: chrome-pdf, engine: handlebars, preview: false }","meta":{"rootId":"uqwdsmgt0uorhpl","id":"uqwdsmgt0uorhpl"},"id":"iw7ks5ws9h84tze","previousOperationId":"qv5cy94wb3q1j2z"}
{"type":"log","timestamp":1736703225510,"level":"debug","message":"Inline data specified.","meta":{"rootId":"uqwdsmgt0uorhpl","id":"uqwdsmgt0uorhpl"},"id":"grw4oakv8voy1t4","previousOperationId":"qv5cy94wb3q1j2z"}
{"type":"log","timestamp":1736703225512,"level":"debug","message":"Base url not specified, skipping its injection.","meta":{"rootId":"uqwdsmgt0uorhpl","id":"uqwdsmgt0uorhpl"},"id":"wcfa29mfkmybuec","previousOperationId":"qv5cy94wb3q1j2z"}
{"type":"operationStart","subtype":"engine","name":"handlebars","timestamp":1736703225514,"id":"aiohj9rp51atzn7","previousEventId":"xeeu1rlo06s84oe","operationId":"iz46cpvlfi8666e","previousOperationId":"qv5cy94wb3q1j2z"}
{"type":"log","timestamp":1736703225514,"level":"debug","message":"Rendering engine handlebars","meta":{"rootId":"uqwdsmgt0uorhpl","id":"uqwdsmgt0uorhpl"},"id":"af5ka9fqremj0c7","previousOperationId":"iz46cpvlfi8666e"}
{"type":"operationEnd","operationId":"iz46cpvlfi8666e","timestamp":1736703226224,"id":"j4jesq61dgcntn3","previousEventId":"aiohj9rp51atzn7","previousOperationId":"iz46cpvlfi8666e"}
{"type":"operationStart","subtype":"recipe","name":"chrome-pdf","timestamp":1736703226233,"id":"0sf1v4l2dpsgm3a","previousEventId":"j4jesq61dgcntn3","operationId":"0lyvxbt5xbx1rh6","previousOperationId":"iz46cpvlfi8666e"}
{"type":"log","timestamp":1736703226233,"level":"debug","message":"Executing recipe chrome-pdf","meta":{"rootId":"uqwdsmgt0uorhpl","id":"uqwdsmgt0uorhpl"},"id":"5a43g9nu4a3onra","previousOperationId":"0lyvxbt5xbx1rh6"}
{"type":"log","timestamp":1736703228846,"level":"debug","message":"Converting with chrome Chrome/131.0.6778.204 using dedicated-process strategy","meta":{"rootId":"uqwdsmgt0uorhpl","id":"uqwdsmgt0uorhpl"},"id":"4naryn807k8m3bg","previousOperationId":"0lyvxbt5xbx1rh6"}
{"type":"log","timestamp":1736703228988,"level":"debug","message":"Page request: GET (document) file:///tmp/jsreport/autocleanup/124027af-2d57-431d-88fd-75a21bd8d1c9-chrome-pdf.html","meta":{"rootId":"uqwdsmgt0uorhpl","id":"uqwdsmgt0uorhpl"},"id":"y9wtfow2l4kf7fn","previousOperationId":"0lyvxbt5xbx1rh6"}
{"type":"log","timestamp":1736703229018,"level":"debug","message":"Page request finished: GET (document) 200 file:///tmp/jsreport/autocleanup/124027af-2d57-431d-88fd-75a21bd8d1c9-chrome-pdf.html","meta":{"rootId":"uqwdsmgt0uorhpl","id":"uqwdsmgt0uorhpl"},"id":"ztzoltx7zd3gngd","previousOperationId":"0lyvxbt5xbx1rh6"}
{"type":"log","timestamp":1736703229022,"level":"debug","message":"Page request: GET (image) https://i.pinimg.com/736x/ac/66/fd/ac66fdbcf17e7c77173cf01c4dbb1cfc.jpg","meta":{"rootId":"uqwdsmgt0uorhpl","id":"uqwdsmgt0uorhpl"},"id":"y09st2gdtgo4cd1","previousOperationId":"0lyvxbt5xbx1rh6"}
{"type":"log","timestamp":1736703229099,"level":"debug","message":"Page request finished: GET (image) 200 https://i.pinimg.com/736x/ac/66/fd/ac66fdbcf17e7c77173cf01c4dbb1cfc.jpg","meta":{"rootId":"uqwdsmgt0uorhpl","id":"uqwdsmgt0uorhpl"},"id":"kdkhddlmsx2nwr0","previousOperationId":"0lyvxbt5xbx1rh6"}
{"type":"log","timestamp":1736703229107,"level":"debug","message":"Running chrome with params {\"printBackground\":true,\"timeout\":59239,\"margin\":{}}","meta":{"rootId":"uqwdsmgt0uorhpl","id":"uqwdsmgt0uorhpl"},"id":"co8akn1vk0b2qy3","previousOperationId":"0lyvxbt5xbx1rh6"}
{"type":"operationEnd","operationId":"0lyvxbt5xbx1rh6","timestamp":1736703229373,"id":"gk08e8t4qbfqvih","previousEventId":"0sf1v4l2dpsgm3a","previousOperationId":"0lyvxbt5xbx1rh6"}
{"type":"log","timestamp":1736703229373,"level":"debug","message":"Skipping storing report.","meta":{"rootId":"uqwdsmgt0uorhpl","id":"uqwdsmgt0uorhpl"},"id":"zjv69woun635t8n","previousOperationId":"0lyvxbt5xbx1rh6"}
{"type":"log","timestamp":1736703229373,"level":"info","message":"Rendering request 1 finished in 3895 ms","meta":{"rootId":"uqwdsmgt0uorhpl","id":"uqwdsmgt0uorhpl"},"id":"bu5olnfkx97rnqc","previousOperationId":"0lyvxbt5xbx1rh6"}
{"type":"operationEnd","subtype":"render","operationId":"qv5cy94wb3q1j2z","timestamp":1736703229373,"id":"xgnc3v8pjo2i8y0","previousEventId":"gk08e8t4qbfqvih","previousOperationId":"0lyvxbt5xbx1rh6"}
{"type":"operationEnd","doDiffs":false,"previousEventId":"ewbbzom0c5kw7wv","previousOperationId":"m94cdvfqgppp7wz","operationId":"m94cdvfqgppp7wz","timestamp":1736703229376,"id":"3jdsysb2atdzabr"}
