{"type":"operationStart","subtype":"profile","data":{"_id":"aPWVoakZKzLWdBFr","timestamp":"2025-01-15T03:51:42.385Z","state":"queued","mode":"standard","creationDate":"2025-01-15T03:51:42.386Z","modificationDate":"2025-01-15T03:51:42.386Z","shortid":"HMPIpNE","$entitySet":"profiles"},"doDiffs":false,"timestamp":1736913102386,"id":"qes5xh4gimj4ks1","previousOperationId":null,"operationId":"w0xar1j9xt9ut08"}
{"type":"log","level":"info","message":"Render request 7 queued for execution and waiting for available worker","previousOperationId":"w0xar1j9xt9ut08","timestamp":1736913102386,"id":"7eeyj80akesunzn"}
{"type":"operationStart","subtype":"render","name":"reporte15","previousOperationId":"w0xar1j9xt9ut08","timestamp":1736913102388,"id":"42qrdcssqvunlp7","previousEventId":"qes5xh4gimj4ks1","operationId":"w2u2ucc8q1462iw"}
{"type":"log","timestamp":1736913102388,"level":"info","message":"Starting rendering request 7","meta":{"rootId":"vl8ebsvm7cqyq0g","id":"vl8ebsvm7cqyq0g"},"id":"6489zr28h0m5y35","previousOperationId":"w2u2ucc8q1462iw"}
{"type":"log","timestamp":1736913102389,"level":"info","message":"Rendering template { name: reporte15, recipe: chrome-pdf, engine: handlebars, preview: false }","meta":{"rootId":"vl8ebsvm7cqyq0g","id":"vl8ebsvm7cqyq0g"},"id":"nd9rzztzn4abra3","previousOperationId":"w2u2ucc8q1462iw"}
{"type":"log","timestamp":1736913102389,"level":"debug","message":"Inline data specified.","meta":{"rootId":"vl8ebsvm7cqyq0g","id":"vl8ebsvm7cqyq0g"},"id":"fjzsnisjnqjexv8","previousOperationId":"w2u2ucc8q1462iw"}
{"type":"log","timestamp":1736913102390,"level":"debug","message":"Base url not specified, skipping its injection.","meta":{"rootId":"vl8ebsvm7cqyq0g","id":"vl8ebsvm7cqyq0g"},"id":"7f0b3avgiee867o","previousOperationId":"w2u2ucc8q1462iw"}
{"type":"operationStart","subtype":"engine","name":"handlebars","timestamp":1736913102390,"id":"nr4kzbyyhr7isl2","previousEventId":"42qrdcssqvunlp7","operationId":"zynb6d03j8utrh7","previousOperationId":"w2u2ucc8q1462iw"}
{"type":"log","timestamp":1736913102390,"level":"debug","message":"Rendering engine handlebars","meta":{"rootId":"vl8ebsvm7cqyq0g","id":"vl8ebsvm7cqyq0g"},"id":"syo6biwv13h9nre","previousOperationId":"zynb6d03j8utrh7"}
{"type":"operationEnd","operationId":"zynb6d03j8utrh7","timestamp":1736913102395,"id":"awp77adq36f9e65","previousEventId":"nr4kzbyyhr7isl2","previousOperationId":"zynb6d03j8utrh7"}
{"type":"operationStart","subtype":"recipe","name":"chrome-pdf","timestamp":1736913102396,"id":"y2vg6djk8ub6hyr","previousEventId":"awp77adq36f9e65","operationId":"xxnmr7pdhc710mb","previousOperationId":"zynb6d03j8utrh7"}
{"type":"log","timestamp":1736913102396,"level":"debug","message":"Executing recipe chrome-pdf","meta":{"rootId":"vl8ebsvm7cqyq0g","id":"vl8ebsvm7cqyq0g"},"id":"3lgy7hmbp9yw3xj","previousOperationId":"xxnmr7pdhc710mb"}
{"type":"log","timestamp":1736913102735,"level":"debug","message":"Converting with chrome Chrome/131.0.6778.204 using dedicated-process strategy","meta":{"rootId":"vl8ebsvm7cqyq0g","id":"vl8ebsvm7cqyq0g"},"id":"znc78y0qxj60l18","previousOperationId":"xxnmr7pdhc710mb"}
{"type":"log","timestamp":1736913102806,"level":"debug","message":"Page request: GET (document) file:///tmp/jsreport/autocleanup/77896a0d-0884-4baf-9b7b-6cf3b87668c5-chrome-pdf.html","meta":{"rootId":"vl8ebsvm7cqyq0g","id":"vl8ebsvm7cqyq0g"},"id":"pa84ner7inf9f3f","previousOperationId":"xxnmr7pdhc710mb"}
{"type":"log","timestamp":1736913102828,"level":"debug","message":"Page request finished: GET (document) 200 file:///tmp/jsreport/autocleanup/77896a0d-0884-4baf-9b7b-6cf3b87668c5-chrome-pdf.html","meta":{"rootId":"vl8ebsvm7cqyq0g","id":"vl8ebsvm7cqyq0g"},"id":"ha2ru3csv9ir5ht","previousOperationId":"xxnmr7pdhc710mb"}
{"type":"log","timestamp":1736913102831,"level":"debug","message":"Page request: GET (image) https://i.pinimg.com/736x/ac/66/fd/ac66fdbcf17e7c77173cf01c4dbb1cfc.jpg","meta":{"rootId":"vl8ebsvm7cqyq0g","id":"vl8ebsvm7cqyq0g"},"id":"o45wfcitlq1inr9","previousOperationId":"xxnmr7pdhc710mb"}
{"type":"log","timestamp":1736913102869,"level":"debug","message":"Page request finished: GET (image) 200 https://i.pinimg.com/736x/ac/66/fd/ac66fdbcf17e7c77173cf01c4dbb1cfc.jpg","meta":{"rootId":"vl8ebsvm7cqyq0g","id":"vl8ebsvm7cqyq0g"},"id":"2kq4hazhpzca4uu","previousOperationId":"xxnmr7pdhc710mb"}
{"type":"log","timestamp":1736913102871,"level":"debug","message":"Running chrome with params {\"printBackground\":true,\"timeout\":59989,\"margin\":{}}","meta":{"rootId":"vl8ebsvm7cqyq0g","id":"vl8ebsvm7cqyq0g"},"id":"cxbhrh0p8chr1dn","previousOperationId":"xxnmr7pdhc710mb"}
{"type":"operationEnd","operationId":"xxnmr7pdhc710mb","timestamp":1736913103082,"id":"gw3dkt3z7i2k1gh","previousEventId":"y2vg6djk8ub6hyr","previousOperationId":"xxnmr7pdhc710mb"}
{"type":"log","timestamp":1736913103082,"level":"debug","message":"Skipping storing report.","meta":{"rootId":"vl8ebsvm7cqyq0g","id":"vl8ebsvm7cqyq0g"},"id":"g4gpap8b9jpby89","previousOperationId":"xxnmr7pdhc710mb"}
{"type":"log","timestamp":1736913103082,"level":"info","message":"Rendering request 7 finished in 697 ms","meta":{"rootId":"vl8ebsvm7cqyq0g","id":"vl8ebsvm7cqyq0g"},"id":"q8tf3rsyw3ljt24","previousOperationId":"xxnmr7pdhc710mb"}
{"type":"operationEnd","subtype":"render","operationId":"w2u2ucc8q1462iw","timestamp":1736913103082,"id":"gs4x1ya0cnpzp25","previousEventId":"gw3dkt3z7i2k1gh","previousOperationId":"xxnmr7pdhc710mb"}
{"type":"operationEnd","doDiffs":false,"previousEventId":"qes5xh4gimj4ks1","previousOperationId":"w0xar1j9xt9ut08","operationId":"w0xar1j9xt9ut08","timestamp":1736913103083,"id":"6sqev2jy5zktrn5"}
