{"type":"operationStart","subtype":"profile","data":{"_id":"mHqw9j0zUaMdoMAr","timestamp":"2025-01-16T01:04:54.473Z","state":"queued","mode":"standard","creationDate":"2025-01-16T01:04:54.474Z","modificationDate":"2025-01-16T01:04:54.474Z","shortid":"SLIShZO","$entitySet":"profiles"},"doDiffs":false,"timestamp":1736989494474,"id":"1i4rltugc4gvcap","previousOperationId":null,"operationId":"jxz39huzeqbx03x"}
{"type":"log","level":"info","message":"Render request 2 queued for execution and waiting for available worker","previousOperationId":"jxz39huzeqbx03x","timestamp":1736989494474,"id":"wketsu593gq01sn"}
{"type":"operationStart","subtype":"render","name":"reporte15","previousOperationId":"jxz39huzeqbx03x","timestamp":1736989494480,"id":"kpzohq21hhqpdz7","previousEventId":"1i4rltugc4gvcap","operationId":"u49gjyczywvzw47"}
{"type":"log","timestamp":1736989494481,"level":"info","message":"Starting rendering request 2","meta":{"rootId":"y7g8mmc0c1pc89z","id":"y7g8mmc0c1pc89z"},"id":"cjkaw3rar0xoyev","previousOperationId":"u49gjyczywvzw47"}
{"type":"log","timestamp":1736989494484,"level":"info","message":"Rendering template { name: reporte15, recipe: chrome-pdf, engine: handlebars, preview: false }","meta":{"rootId":"y7g8mmc0c1pc89z","id":"y7g8mmc0c1pc89z"},"id":"gtyk8ge3cxav912","previousOperationId":"u49gjyczywvzw47"}
{"type":"log","timestamp":1736989494484,"level":"debug","message":"Inline data specified.","meta":{"rootId":"y7g8mmc0c1pc89z","id":"y7g8mmc0c1pc89z"},"id":"dbv2gbam91nlsn4","previousOperationId":"u49gjyczywvzw47"}
{"type":"log","timestamp":1736989494496,"level":"debug","message":"Base url not specified, skipping its injection.","meta":{"rootId":"y7g8mmc0c1pc89z","id":"y7g8mmc0c1pc89z"},"id":"pxpjyg7edqpm6un","previousOperationId":"u49gjyczywvzw47"}
{"type":"operationStart","subtype":"engine","name":"handlebars","timestamp":1736989494497,"id":"wtmvld66kgqsvol","previousEventId":"kpzohq21hhqpdz7","operationId":"io3g0jbbtmnyffv","previousOperationId":"u49gjyczywvzw47"}
{"type":"log","timestamp":1736989494497,"level":"debug","message":"Rendering engine handlebars","meta":{"rootId":"y7g8mmc0c1pc89z","id":"y7g8mmc0c1pc89z"},"id":"sb2f86s1ikg7s17","previousOperationId":"io3g0jbbtmnyffv"}
{"type":"operationEnd","operationId":"io3g0jbbtmnyffv","timestamp":1736989495104,"id":"ha5k1mik3yqp15k","previousEventId":"wtmvld66kgqsvol","previousOperationId":"io3g0jbbtmnyffv"}
{"type":"operationStart","subtype":"recipe","name":"chrome-pdf","timestamp":1736989495105,"id":"y1h3x37v5uuc1y9","previousEventId":"ha5k1mik3yqp15k","operationId":"iuwq3q128pj41w7","previousOperationId":"io3g0jbbtmnyffv"}
{"type":"log","timestamp":1736989495105,"level":"debug","message":"Executing recipe chrome-pdf","meta":{"rootId":"y7g8mmc0c1pc89z","id":"y7g8mmc0c1pc89z"},"id":"9cm0rglfive6jeo","previousOperationId":"iuwq3q128pj41w7"}
{"type":"log","timestamp":1736989495574,"level":"debug","message":"Converting with chrome Chrome/131.0.6778.204 using dedicated-process strategy","meta":{"rootId":"y7g8mmc0c1pc89z","id":"y7g8mmc0c1pc89z"},"id":"s2tr4ufm96i8fpm","previousOperationId":"iuwq3q128pj41w7"}
{"type":"log","timestamp":1736989495686,"level":"debug","message":"Page request: GET (document) file:///tmp/jsreport/autocleanup/379287b1-2051-4b82-81b8-e5c509037329-chrome-pdf.html","meta":{"rootId":"y7g8mmc0c1pc89z","id":"y7g8mmc0c1pc89z"},"id":"tscr95c577vwyes","previousOperationId":"iuwq3q128pj41w7"}
{"type":"log","timestamp":1736989495709,"level":"debug","message":"Page request finished: GET (document) 200 file:///tmp/jsreport/autocleanup/379287b1-2051-4b82-81b8-e5c509037329-chrome-pdf.html","meta":{"rootId":"y7g8mmc0c1pc89z","id":"y7g8mmc0c1pc89z"},"id":"io46yx7wfx3raju","previousOperationId":"iuwq3q128pj41w7"}
{"type":"log","timestamp":1736989495719,"level":"debug","message":"Page request: GET (image) https://i.pinimg.com/736x/ac/66/fd/ac66fdbcf17e7c77173cf01c4dbb1cfc.jpg","meta":{"rootId":"y7g8mmc0c1pc89z","id":"y7g8mmc0c1pc89z"},"id":"u9ce6swg0la2eut","previousOperationId":"iuwq3q128pj41w7"}
{"type":"log","timestamp":1736989495763,"level":"debug","message":"Page request finished: GET (image) 200 https://i.pinimg.com/736x/ac/66/fd/ac66fdbcf17e7c77173cf01c4dbb1cfc.jpg","meta":{"rootId":"y7g8mmc0c1pc89z","id":"y7g8mmc0c1pc89z"},"id":"7pcwkhagwumx3y5","previousOperationId":"iuwq3q128pj41w7"}
{"type":"log","timestamp":1736989495769,"level":"debug","message":"Running chrome with params {\"printBackground\":true,\"timeout\":59352,\"margin\":{}}","meta":{"rootId":"y7g8mmc0c1pc89z","id":"y7g8mmc0c1pc89z"},"id":"sh3rnivcin7u1tp","previousOperationId":"iuwq3q128pj41w7"}
{"type":"operationEnd","operationId":"iuwq3q128pj41w7","timestamp":1736989495995,"id":"tkokw3c9feyiysi","previousEventId":"y1h3x37v5uuc1y9","previousOperationId":"iuwq3q128pj41w7"}
{"type":"log","timestamp":1736989495996,"level":"debug","message":"Skipping storing report.","meta":{"rootId":"y7g8mmc0c1pc89z","id":"y7g8mmc0c1pc89z"},"id":"t6m6l9w0hp1riun","previousOperationId":"iuwq3q128pj41w7"}
{"type":"log","timestamp":1736989495996,"level":"info","message":"Rendering request 2 finished in 1524 ms","meta":{"rootId":"y7g8mmc0c1pc89z","id":"y7g8mmc0c1pc89z"},"id":"2ntrm8dowgysmku","previousOperationId":"iuwq3q128pj41w7"}
{"type":"operationEnd","subtype":"render","operationId":"u49gjyczywvzw47","timestamp":1736989495996,"id":"pds1tlwhabj52o0","previousEventId":"tkokw3c9feyiysi","previousOperationId":"iuwq3q128pj41w7"}
{"type":"operationEnd","doDiffs":false,"previousEventId":"1i4rltugc4gvcap","previousOperationId":"jxz39huzeqbx03x","operationId":"jxz39huzeqbx03x","timestamp":1736989495997,"id":"qh5kyw3l08o0pwi"}
