{"type":"operationStart","subtype":"profile","data":{"_id":"FR0dXWP7PDLfGOwG","timestamp":"2025-01-17T05:13:21.575Z","state":"queued","mode":"standard","creationDate":"2025-01-17T05:13:21.576Z","modificationDate":"2025-01-17T05:13:21.576Z","shortid":"eZH16l6","$entitySet":"profiles"},"doDiffs":false,"timestamp":1737090801576,"id":"86jcuucehb7rgot","previousOperationId":null,"operationId":"l2cwdepj46doz2y"}
{"type":"log","level":"info","message":"Render request 18 queued for execution and waiting for available worker","previousOperationId":"l2cwdepj46doz2y","timestamp":1737090801576,"id":"gpj2hhlf9b2nafj"}
{"type":"operationStart","subtype":"render","name":"avionesMasRentables","previousOperationId":"l2cwdepj46doz2y","timestamp":1737090801578,"id":"7566orqfprprcg4","previousEventId":"86jcuucehb7rgot","operationId":"fltwnqg1iq5dy02"}
{"type":"log","timestamp":1737090801578,"level":"info","message":"Starting rendering request 18","meta":{"rootId":"0lwda51ea9uy1m6","id":"0lwda51ea9uy1m6"},"id":"vties9f9gzwpatm","previousOperationId":"fltwnqg1iq5dy02"}
{"type":"log","timestamp":1737090801579,"level":"info","message":"Rendering template { name: avionesMasRentables, recipe: chrome-pdf, engine: handlebars, preview: false }","meta":{"rootId":"0lwda51ea9uy1m6","id":"0lwda51ea9uy1m6"},"id":"6oe4w1ecvn74wav","previousOperationId":"fltwnqg1iq5dy02"}
{"type":"log","timestamp":1737090801579,"level":"debug","message":"Inline data specified.","meta":{"rootId":"0lwda51ea9uy1m6","id":"0lwda51ea9uy1m6"},"id":"r980nv1da3lsdbl","previousOperationId":"fltwnqg1iq5dy02"}
{"type":"log","timestamp":1737090801580,"level":"debug","message":"Base url not specified, skipping its injection.","meta":{"rootId":"0lwda51ea9uy1m6","id":"0lwda51ea9uy1m6"},"id":"pvh1xctwmj9axu5","previousOperationId":"fltwnqg1iq5dy02"}
{"type":"operationStart","subtype":"engine","name":"handlebars","timestamp":1737090801580,"id":"j524z9t84sxbs2i","previousEventId":"7566orqfprprcg4","operationId":"rm27ws06mv3ypnp","previousOperationId":"fltwnqg1iq5dy02"}
{"type":"log","timestamp":1737090801580,"level":"debug","message":"Rendering engine handlebars","meta":{"rootId":"0lwda51ea9uy1m6","id":"0lwda51ea9uy1m6"},"id":"nwntl5kqcngmc57","previousOperationId":"rm27ws06mv3ypnp"}
{"type":"operationEnd","operationId":"rm27ws06mv3ypnp","timestamp":1737090801587,"id":"xqgwmc9walk9db5","previousEventId":"j524z9t84sxbs2i","previousOperationId":"rm27ws06mv3ypnp"}
{"type":"operationStart","subtype":"recipe","name":"chrome-pdf","timestamp":1737090801588,"id":"bayuiar6v8wvb0w","previousEventId":"xqgwmc9walk9db5","operationId":"o4yijk70y8sx26v","previousOperationId":"rm27ws06mv3ypnp"}
{"type":"log","timestamp":1737090801588,"level":"debug","message":"Executing recipe chrome-pdf","meta":{"rootId":"0lwda51ea9uy1m6","id":"0lwda51ea9uy1m6"},"id":"oap1blfoyyv5xyr","previousOperationId":"o4yijk70y8sx26v"}
{"type":"log","timestamp":1737090801915,"level":"debug","message":"Converting with chrome Chrome/131.0.6778.204 using dedicated-process strategy","meta":{"rootId":"0lwda51ea9uy1m6","id":"0lwda51ea9uy1m6"},"id":"3biuxsgjgktd695","previousOperationId":"o4yijk70y8sx26v"}
{"type":"log","timestamp":1737090801995,"level":"debug","message":"Page request: GET (document) file:///tmp/jsreport/autocleanup/a513b806-cd11-481d-8109-7810762d5393-chrome-pdf.html","meta":{"rootId":"0lwda51ea9uy1m6","id":"0lwda51ea9uy1m6"},"id":"lfvps4hnytzk4rd","previousOperationId":"o4yijk70y8sx26v"}
{"type":"log","timestamp":1737090802015,"level":"debug","message":"Page request finished: GET (document) 200 file:///tmp/jsreport/autocleanup/a513b806-cd11-481d-8109-7810762d5393-chrome-pdf.html","meta":{"rootId":"0lwda51ea9uy1m6","id":"0lwda51ea9uy1m6"},"id":"1huoqxbnt39zgzn","previousOperationId":"o4yijk70y8sx26v"}
{"type":"log","timestamp":1737090802016,"level":"debug","message":"Page request: GET (image) https://i.pinimg.com/736x/ac/66/fd/ac66fdbcf17e7c77173cf01c4dbb1cfc.jpg","meta":{"rootId":"0lwda51ea9uy1m6","id":"0lwda51ea9uy1m6"},"id":"9705o607vcoo7wk","previousOperationId":"o4yijk70y8sx26v"}
{"type":"log","timestamp":1737090802068,"level":"debug","message":"Page request finished: GET (image) 200 https://i.pinimg.com/736x/ac/66/fd/ac66fdbcf17e7c77173cf01c4dbb1cfc.jpg","meta":{"rootId":"0lwda51ea9uy1m6","id":"0lwda51ea9uy1m6"},"id":"arpknppesqk3r0j","previousOperationId":"o4yijk70y8sx26v"}
{"type":"log","timestamp":1737090802073,"level":"debug","message":"Running chrome with params {\"printBackground\":true,\"timeout\":59986,\"margin\":{}}","meta":{"rootId":"0lwda51ea9uy1m6","id":"0lwda51ea9uy1m6"},"id":"9ckj5k3a7n19034","previousOperationId":"o4yijk70y8sx26v"}
{"type":"operationEnd","operationId":"o4yijk70y8sx26v","timestamp":1737090802250,"id":"3g5xrmwg1bzois6","previousEventId":"bayuiar6v8wvb0w","previousOperationId":"o4yijk70y8sx26v"}
{"type":"log","timestamp":1737090802250,"level":"debug","message":"Skipping storing report.","meta":{"rootId":"0lwda51ea9uy1m6","id":"0lwda51ea9uy1m6"},"id":"i3tguazw2koyjrl","previousOperationId":"o4yijk70y8sx26v"}
{"type":"log","timestamp":1737090802250,"level":"info","message":"Rendering request 18 finished in 675 ms","meta":{"rootId":"0lwda51ea9uy1m6","id":"0lwda51ea9uy1m6"},"id":"n04w7lc1ie37z09","previousOperationId":"o4yijk70y8sx26v"}
{"type":"operationEnd","subtype":"render","operationId":"fltwnqg1iq5dy02","timestamp":1737090802250,"id":"kj08ao82jk96op0","previousEventId":"3g5xrmwg1bzois6","previousOperationId":"o4yijk70y8sx26v"}
{"type":"operationEnd","doDiffs":false,"previousEventId":"86jcuucehb7rgot","previousOperationId":"l2cwdepj46doz2y","operationId":"l2cwdepj46doz2y","timestamp":1737090802251,"id":"5lz7vxhnvj3tsvw"}
