{"type":"operationStart","subtype":"profile","data":{"_id":"pAT0PHnP0n2Q0nLz","timestamp":"2025-01-17T05:13:29.501Z","state":"queued","mode":"standard","creationDate":"2025-01-17T05:13:29.502Z","modificationDate":"2025-01-17T05:13:29.502Z","shortid":"-EWuSQ2","$entitySet":"profiles"},"doDiffs":false,"timestamp":1737090809501,"id":"vqckjcjd36v0l6h","previousOperationId":null,"operationId":"da4e391i5z03ym7"}
{"type":"log","level":"info","message":"Render request 19 queued for execution and waiting for available worker","previousOperationId":"da4e391i5z03ym7","timestamp":1737090809501,"id":"75jvz4xvhyykztd"}
{"type":"operationStart","subtype":"render","name":"avionesMasRentables","previousOperationId":"da4e391i5z03ym7","timestamp":1737090809504,"id":"38vcfolua6tswdv","previousEventId":"vqckjcjd36v0l6h","operationId":"u0768k6s2961dtk"}
{"type":"log","timestamp":1737090809504,"level":"info","message":"Starting rendering request 19","meta":{"rootId":"bpjn92p6v6p89y4","id":"bpjn92p6v6p89y4"},"id":"i94vxmbxref3h6q","previousOperationId":"u0768k6s2961dtk"}
{"type":"log","timestamp":1737090809504,"level":"info","message":"Rendering template { name: avionesMasRentables, recipe: chrome-pdf, engine: handlebars, preview: false }","meta":{"rootId":"bpjn92p6v6p89y4","id":"bpjn92p6v6p89y4"},"id":"olpi4fiyy8vle0i","previousOperationId":"u0768k6s2961dtk"}
{"type":"log","timestamp":1737090809504,"level":"debug","message":"Inline data specified.","meta":{"rootId":"bpjn92p6v6p89y4","id":"bpjn92p6v6p89y4"},"id":"t2vp712ho825hll","previousOperationId":"u0768k6s2961dtk"}
{"type":"log","timestamp":1737090809505,"level":"debug","message":"Base url not specified, skipping its injection.","meta":{"rootId":"bpjn92p6v6p89y4","id":"bpjn92p6v6p89y4"},"id":"ejfoo63trr1tdqe","previousOperationId":"u0768k6s2961dtk"}
{"type":"operationStart","subtype":"engine","name":"handlebars","timestamp":1737090809505,"id":"gzsvk2zlg36sm0m","previousEventId":"38vcfolua6tswdv","operationId":"og2o6d1foatqm1a","previousOperationId":"u0768k6s2961dtk"}
{"type":"log","timestamp":1737090809505,"level":"debug","message":"Rendering engine handlebars","meta":{"rootId":"bpjn92p6v6p89y4","id":"bpjn92p6v6p89y4"},"id":"hrm25a17gpmyerv","previousOperationId":"og2o6d1foatqm1a"}
{"type":"operationEnd","operationId":"og2o6d1foatqm1a","timestamp":1737090809515,"id":"81u13xm0453s30l","previousEventId":"gzsvk2zlg36sm0m","previousOperationId":"og2o6d1foatqm1a"}
{"type":"operationStart","subtype":"recipe","name":"chrome-pdf","timestamp":1737090809516,"id":"wcnxytue4t1hmo8","previousEventId":"81u13xm0453s30l","operationId":"l6evv9ykaj1y6yp","previousOperationId":"og2o6d1foatqm1a"}
{"type":"log","timestamp":1737090809516,"level":"debug","message":"Executing recipe chrome-pdf","meta":{"rootId":"bpjn92p6v6p89y4","id":"bpjn92p6v6p89y4"},"id":"x7ex8p1dhvmiupz","previousOperationId":"l6evv9ykaj1y6yp"}
{"type":"log","timestamp":1737090809932,"level":"debug","message":"Converting with chrome Chrome/131.0.6778.204 using dedicated-process strategy","meta":{"rootId":"bpjn92p6v6p89y4","id":"bpjn92p6v6p89y4"},"id":"v6m49zsqvtklygv","previousOperationId":"l6evv9ykaj1y6yp"}
{"type":"log","timestamp":1737090809989,"level":"debug","message":"Page request: GET (document) file:///tmp/jsreport/autocleanup/421f1acf-4606-40a9-b913-9c1195ba56ba-chrome-pdf.html","meta":{"rootId":"bpjn92p6v6p89y4","id":"bpjn92p6v6p89y4"},"id":"gy62qzdmgs320k6","previousOperationId":"l6evv9ykaj1y6yp"}
{"type":"log","timestamp":1737090810007,"level":"debug","message":"Page request finished: GET (document) 200 file:///tmp/jsreport/autocleanup/421f1acf-4606-40a9-b913-9c1195ba56ba-chrome-pdf.html","meta":{"rootId":"bpjn92p6v6p89y4","id":"bpjn92p6v6p89y4"},"id":"s0tsl9lqtb1wk4b","previousOperationId":"l6evv9ykaj1y6yp"}
{"type":"log","timestamp":1737090810008,"level":"debug","message":"Page request: GET (image) https://i.pinimg.com/736x/ac/66/fd/ac66fdbcf17e7c77173cf01c4dbb1cfc.jpg","meta":{"rootId":"bpjn92p6v6p89y4","id":"bpjn92p6v6p89y4"},"id":"w299ocz5lzjeo6u","previousOperationId":"l6evv9ykaj1y6yp"}
{"type":"log","timestamp":1737090810079,"level":"debug","message":"Page request finished: GET (image) 200 https://i.pinimg.com/736x/ac/66/fd/ac66fdbcf17e7c77173cf01c4dbb1cfc.jpg","meta":{"rootId":"bpjn92p6v6p89y4","id":"bpjn92p6v6p89y4"},"id":"lo6tn616xi5ivi9","previousOperationId":"l6evv9ykaj1y6yp"}
{"type":"log","timestamp":1737090810088,"level":"debug","message":"Running chrome with params {\"printBackground\":true,\"timeout\":59985,\"margin\":{}}","meta":{"rootId":"bpjn92p6v6p89y4","id":"bpjn92p6v6p89y4"},"id":"fz9ms7exd9rll5k","previousOperationId":"l6evv9ykaj1y6yp"}
{"type":"operationEnd","operationId":"l6evv9ykaj1y6yp","timestamp":1737090810293,"id":"3ycq9i00vsyzath","previousEventId":"wcnxytue4t1hmo8","previousOperationId":"l6evv9ykaj1y6yp"}
{"type":"log","timestamp":1737090810293,"level":"debug","message":"Skipping storing report.","meta":{"rootId":"bpjn92p6v6p89y4","id":"bpjn92p6v6p89y4"},"id":"b1q33ib77zw6oob","previousOperationId":"l6evv9ykaj1y6yp"}
{"type":"log","timestamp":1737090810293,"level":"info","message":"Rendering request 19 finished in 792 ms","meta":{"rootId":"bpjn92p6v6p89y4","id":"bpjn92p6v6p89y4"},"id":"d1kwzge9yribo7g","previousOperationId":"l6evv9ykaj1y6yp"}
{"type":"operationEnd","subtype":"render","operationId":"u0768k6s2961dtk","timestamp":1737090810293,"id":"6o1hnucrb4leyj5","previousEventId":"3ycq9i00vsyzath","previousOperationId":"l6evv9ykaj1y6yp"}
{"type":"operationEnd","doDiffs":false,"previousEventId":"vqckjcjd36v0l6h","previousOperationId":"da4e391i5z03ym7","operationId":"da4e391i5z03ym7","timestamp":1737090810296,"id":"qakgnagxkoavc9d"}
