{"type":"operationStart","subtype":"profile","data":{"_id":"iBIVMH8wOqV02E9V","timestamp":"2025-01-17T00:34:31.239Z","state":"queued","mode":"standard","creationDate":"2025-01-17T00:34:31.241Z","modificationDate":"2025-01-17T00:34:31.241Z","shortid":"qCK2wC3","$entitySet":"profiles"},"doDiffs":false,"timestamp":1737074071240,"id":"9c68aj4d3452rd4","previousOperationId":null,"operationId":"02ssvcorak8i6ca"}
{"type":"log","level":"info","message":"Render request 1 queued for execution and waiting for available worker","previousOperationId":"02ssvcorak8i6ca","timestamp":1737074071240,"id":"07vypxz54ur7ay5"}
{"type":"operationStart","subtype":"render","name":"avionesMasRentables","previousOperationId":"02ssvcorak8i6ca","timestamp":1737074071255,"id":"5xvmxb3gtp93cb3","previousEventId":"9c68aj4d3452rd4","operationId":"iaptdu9funyxine"}
{"type":"log","timestamp":1737074071255,"level":"info","message":"Starting rendering request 1","meta":{"rootId":"i08qsrdk5u2va0r","id":"i08qsrdk5u2va0r"},"id":"v4fjudwe4xeadhj","previousOperationId":"iaptdu9funyxine"}
{"type":"log","timestamp":1737074071257,"level":"info","message":"Rendering template { name: avionesMasRentables, recipe: chrome-pdf, engine: handlebars, preview: false }","meta":{"rootId":"i08qsrdk5u2va0r","id":"i08qsrdk5u2va0r"},"id":"jwim4tza27do3wd","previousOperationId":"iaptdu9funyxine"}
{"type":"log","timestamp":1737074071257,"level":"debug","message":"Inline data specified.","meta":{"rootId":"i08qsrdk5u2va0r","id":"i08qsrdk5u2va0r"},"id":"5eyo2zwcnioq7pd","previousOperationId":"iaptdu9funyxine"}
{"type":"log","timestamp":1737074071260,"level":"debug","message":"Base url not specified, skipping its injection.","meta":{"rootId":"i08qsrdk5u2va0r","id":"i08qsrdk5u2va0r"},"id":"fjl0ikmpacc18rk","previousOperationId":"iaptdu9funyxine"}
{"type":"operationStart","subtype":"engine","name":"handlebars","timestamp":1737074071261,"id":"sknawxcafjdg8wk","previousEventId":"5xvmxb3gtp93cb3","operationId":"pl1kk86p5cts1fo","previousOperationId":"iaptdu9funyxine"}
{"type":"log","timestamp":1737074071261,"level":"debug","message":"Rendering engine handlebars","meta":{"rootId":"i08qsrdk5u2va0r","id":"i08qsrdk5u2va0r"},"id":"1dfq8pmyqu4ks9c","previousOperationId":"pl1kk86p5cts1fo"}
{"type":"operationEnd","operationId":"pl1kk86p5cts1fo","timestamp":1737074071802,"id":"061jvsitp9eswjw","previousEventId":"sknawxcafjdg8wk","previousOperationId":"pl1kk86p5cts1fo"}
{"type":"operationStart","subtype":"recipe","name":"chrome-pdf","timestamp":1737074071803,"id":"pq5slh0d3zx935a","previousEventId":"061jvsitp9eswjw","operationId":"7g4dpe6zm2wk888","previousOperationId":"pl1kk86p5cts1fo"}
{"type":"log","timestamp":1737074071803,"level":"debug","message":"Executing recipe chrome-pdf","meta":{"rootId":"i08qsrdk5u2va0r","id":"i08qsrdk5u2va0r"},"id":"u1umiwizuw5iurs","previousOperationId":"7g4dpe6zm2wk888"}
{"type":"log","timestamp":1737074072223,"level":"debug","message":"Converting with chrome Chrome/131.0.6778.204 using dedicated-process strategy","meta":{"rootId":"i08qsrdk5u2va0r","id":"i08qsrdk5u2va0r"},"id":"he3dwz3u1ilxwtw","previousOperationId":"7g4dpe6zm2wk888"}
{"type":"log","timestamp":1737074072325,"level":"debug","message":"Page request: GET (document) file:///tmp/jsreport/autocleanup/fd6da81f-caac-4ef0-945a-528ea57494a7-chrome-pdf.html","meta":{"rootId":"i08qsrdk5u2va0r","id":"i08qsrdk5u2va0r"},"id":"e1kqfe5mqu9zt0b","previousOperationId":"7g4dpe6zm2wk888"}
{"type":"log","timestamp":1737074072340,"level":"debug","message":"Page request finished: GET (document) 200 file:///tmp/jsreport/autocleanup/fd6da81f-caac-4ef0-945a-528ea57494a7-chrome-pdf.html","meta":{"rootId":"i08qsrdk5u2va0r","id":"i08qsrdk5u2va0r"},"id":"4vqoon5mglo7u7g","previousOperationId":"7g4dpe6zm2wk888"}
{"type":"log","timestamp":1737074072347,"level":"debug","message":"Page request: GET (image) https://i.pinimg.com/736x/ac/66/fd/ac66fdbcf17e7c77173cf01c4dbb1cfc.jpg","meta":{"rootId":"i08qsrdk5u2va0r","id":"i08qsrdk5u2va0r"},"id":"0g9vh58884oowah","previousOperationId":"7g4dpe6zm2wk888"}
{"type":"log","timestamp":1737074072396,"level":"debug","message":"Page request finished: GET (image) 200 https://i.pinimg.com/736x/ac/66/fd/ac66fdbcf17e7c77173cf01c4dbb1cfc.jpg","meta":{"rootId":"i08qsrdk5u2va0r","id":"i08qsrdk5u2va0r"},"id":"m2hr91tiwer9w1t","previousOperationId":"7g4dpe6zm2wk888"}
{"type":"log","timestamp":1737074072399,"level":"debug","message":"Running chrome with params {\"printBackground\":true,\"timeout\":59424,\"margin\":{}}","meta":{"rootId":"i08qsrdk5u2va0r","id":"i08qsrdk5u2va0r"},"id":"2til6p3j38wwhlc","previousOperationId":"7g4dpe6zm2wk888"}
{"type":"operationEnd","operationId":"7g4dpe6zm2wk888","timestamp":1737074072608,"id":"fa7780pdl505de2","previousEventId":"pq5slh0d3zx935a","previousOperationId":"7g4dpe6zm2wk888"}
{"type":"log","timestamp":1737074072608,"level":"debug","message":"Skipping storing report.","meta":{"rootId":"i08qsrdk5u2va0r","id":"i08qsrdk5u2va0r"},"id":"tmivk26u9orx1p6","previousOperationId":"7g4dpe6zm2wk888"}
{"type":"log","timestamp":1737074072608,"level":"info","message":"Rendering request 1 finished in 1370 ms","meta":{"rootId":"i08qsrdk5u2va0r","id":"i08qsrdk5u2va0r"},"id":"hsjbjbp8g7ro2to","previousOperationId":"7g4dpe6zm2wk888"}
{"type":"operationEnd","subtype":"render","operationId":"iaptdu9funyxine","timestamp":1737074072608,"id":"a4mmyvcvi94eja0","previousEventId":"fa7780pdl505de2","previousOperationId":"7g4dpe6zm2wk888"}
{"type":"operationEnd","doDiffs":false,"previousEventId":"9c68aj4d3452rd4","previousOperationId":"02ssvcorak8i6ca","operationId":"02ssvcorak8i6ca","timestamp":1737074072611,"id":"ps23qkhx1c397c2"}
