{"type":"operationStart","subtype":"profile","data":{"_id":"uQBVtVe22axQWdCi","timestamp":"2025-01-17T05:57:24.655Z","state":"queued","mode":"standard","creationDate":"2025-01-17T05:57:24.656Z","modificationDate":"2025-01-17T05:57:24.656Z","shortid":"sn8xDqk","$entitySet":"profiles"},"doDiffs":false,"timestamp":1737093444656,"id":"m0034xtbz7rqrek","previousOperationId":null,"operationId":"8404t6425ht7nmh"}
{"type":"log","level":"info","message":"Render request 2 queued for execution and waiting for available worker","previousOperationId":"8404t6425ht7nmh","timestamp":1737093444656,"id":"guuu19mp0v2gyj3"}
{"type":"operationStart","subtype":"render","name":"avionesMasRentables","previousOperationId":"8404t6425ht7nmh","timestamp":1737093444661,"id":"4jsf6subhftdqok","previousEventId":"m0034xtbz7rqrek","operationId":"vs0ccvcfp9ie8sd"}
{"type":"log","timestamp":1737093444662,"level":"info","message":"Starting rendering request 2","meta":{"rootId":"kwfe6id8zblg2oq","id":"kwfe6id8zblg2oq"},"id":"g8jt9a9agad2f80","previousOperationId":"vs0ccvcfp9ie8sd"}
{"type":"log","timestamp":1737093444663,"level":"info","message":"Rendering template { name: avionesMasRentables, recipe: chrome-pdf, engine: handlebars, preview: false }","meta":{"rootId":"kwfe6id8zblg2oq","id":"kwfe6id8zblg2oq"},"id":"wc6wa31te2rd055","previousOperationId":"vs0ccvcfp9ie8sd"}
{"type":"log","timestamp":1737093444664,"level":"debug","message":"Inline data specified.","meta":{"rootId":"kwfe6id8zblg2oq","id":"kwfe6id8zblg2oq"},"id":"aclyc2rb2zj7ant","previousOperationId":"vs0ccvcfp9ie8sd"}
{"type":"log","timestamp":1737093444665,"level":"debug","message":"Base url not specified, skipping its injection.","meta":{"rootId":"kwfe6id8zblg2oq","id":"kwfe6id8zblg2oq"},"id":"t6h61ssvvnemerb","previousOperationId":"vs0ccvcfp9ie8sd"}
{"type":"operationStart","subtype":"engine","name":"handlebars","timestamp":1737093444666,"id":"8qw7k333s91ahtr","previousEventId":"4jsf6subhftdqok","operationId":"j3j9b91dff5fpm1","previousOperationId":"vs0ccvcfp9ie8sd"}
{"type":"log","timestamp":1737093444666,"level":"debug","message":"Rendering engine handlebars","meta":{"rootId":"kwfe6id8zblg2oq","id":"kwfe6id8zblg2oq"},"id":"8vukpxdnm3om7xg","previousOperationId":"j3j9b91dff5fpm1"}
{"type":"operationEnd","operationId":"j3j9b91dff5fpm1","timestamp":1737093445232,"id":"01au9w2pk535ars","previousEventId":"8qw7k333s91ahtr","previousOperationId":"j3j9b91dff5fpm1"}
{"type":"operationStart","subtype":"recipe","name":"chrome-pdf","timestamp":1737093445233,"id":"ui1752v85gyb64d","previousEventId":"01au9w2pk535ars","operationId":"mun26t22egj5nlh","previousOperationId":"j3j9b91dff5fpm1"}
{"type":"log","timestamp":1737093445233,"level":"debug","message":"Executing recipe chrome-pdf","meta":{"rootId":"kwfe6id8zblg2oq","id":"kwfe6id8zblg2oq"},"id":"2czxilu484uf65q","previousOperationId":"mun26t22egj5nlh"}
{"type":"log","timestamp":1737093445592,"level":"debug","message":"Converting with chrome Chrome/131.0.6778.204 using dedicated-process strategy","meta":{"rootId":"kwfe6id8zblg2oq","id":"kwfe6id8zblg2oq"},"id":"g74qrb28t9nuiz5","previousOperationId":"mun26t22egj5nlh"}
{"type":"log","timestamp":1737093445667,"level":"debug","message":"Page request: GET (document) file:///tmp/jsreport/autocleanup/e29e9819-0532-47fe-9af3-6bb71d979268-chrome-pdf.html","meta":{"rootId":"kwfe6id8zblg2oq","id":"kwfe6id8zblg2oq"},"id":"kfne2b0c0pya89z","previousOperationId":"mun26t22egj5nlh"}
{"type":"log","timestamp":1737093445692,"level":"debug","message":"Page request finished: GET (document) 200 file:///tmp/jsreport/autocleanup/e29e9819-0532-47fe-9af3-6bb71d979268-chrome-pdf.html","meta":{"rootId":"kwfe6id8zblg2oq","id":"kwfe6id8zblg2oq"},"id":"bokkx32tqol85ny","previousOperationId":"mun26t22egj5nlh"}
{"type":"log","timestamp":1737093445694,"level":"debug","message":"Page request: GET (image) https://i.pinimg.com/736x/ac/66/fd/ac66fdbcf17e7c77173cf01c4dbb1cfc.jpg","meta":{"rootId":"kwfe6id8zblg2oq","id":"kwfe6id8zblg2oq"},"id":"7ctd3whbmmj7hfv","previousOperationId":"mun26t22egj5nlh"}
{"type":"log","timestamp":1737093445748,"level":"debug","message":"Page request finished: GET (image) 200 https://i.pinimg.com/736x/ac/66/fd/ac66fdbcf17e7c77173cf01c4dbb1cfc.jpg","meta":{"rootId":"kwfe6id8zblg2oq","id":"kwfe6id8zblg2oq"},"id":"ly5x2hg8zpfn8t6","previousOperationId":"mun26t22egj5nlh"}
{"type":"log","timestamp":1737093445751,"level":"debug","message":"Running chrome with params {\"printBackground\":true,\"timeout\":59411,\"margin\":{}}","meta":{"rootId":"kwfe6id8zblg2oq","id":"kwfe6id8zblg2oq"},"id":"y1fe4p2fu8itzkv","previousOperationId":"mun26t22egj5nlh"}
{"type":"operationEnd","operationId":"mun26t22egj5nlh","timestamp":1737093445905,"id":"1yndro6gao44kj0","previousEventId":"ui1752v85gyb64d","previousOperationId":"mun26t22egj5nlh"}
{"type":"log","timestamp":1737093445906,"level":"debug","message":"Skipping storing report.","meta":{"rootId":"kwfe6id8zblg2oq","id":"kwfe6id8zblg2oq"},"id":"7xr2vuzntd0856q","previousOperationId":"mun26t22egj5nlh"}
{"type":"log","timestamp":1737093445906,"level":"info","message":"Rendering request 2 finished in 1251 ms","meta":{"rootId":"kwfe6id8zblg2oq","id":"kwfe6id8zblg2oq"},"id":"sesv5tynxys145a","previousOperationId":"mun26t22egj5nlh"}
{"type":"operationEnd","subtype":"render","operationId":"vs0ccvcfp9ie8sd","timestamp":1737093445906,"id":"6l9fqwsdrqfydwy","previousEventId":"1yndro6gao44kj0","previousOperationId":"mun26t22egj5nlh"}
{"type":"operationEnd","doDiffs":false,"previousEventId":"m0034xtbz7rqrek","previousOperationId":"8404t6425ht7nmh","operationId":"8404t6425ht7nmh","timestamp":1737093445908,"id":"2w5igrun1hfdwsd"}
