{"type":"operationStart","subtype":"profile","data":{"_id":"9NJKf4t2sfIrqBzV","timestamp":"2025-01-17T04:29:13.763Z","state":"queued","mode":"standard","creationDate":"2025-01-17T04:29:13.764Z","modificationDate":"2025-01-17T04:29:13.764Z","shortid":"UUWMjIM","$entitySet":"profiles"},"doDiffs":false,"timestamp":1737088153763,"id":"bvo8flair71axro","previousOperationId":null,"operationId":"m5qpzp5zr4rcufg"}
{"type":"log","level":"info","message":"Render request 8 queued for execution and waiting for available worker","previousOperationId":"m5qpzp5zr4rcufg","timestamp":1737088153763,"id":"4rd9x6n5ici8g8o"}
{"type":"operationStart","subtype":"render","name":"avionesMasRentables","previousOperationId":"m5qpzp5zr4rcufg","timestamp":1737088153766,"id":"r3dr0rbazhviq7l","previousEventId":"bvo8flair71axro","operationId":"9n1hpi0z8xe0zxd"}
{"type":"log","timestamp":1737088153766,"level":"info","message":"Starting rendering request 8","meta":{"rootId":"q57qurhznfq3yxe","id":"q57qurhznfq3yxe"},"id":"pigicnut3dcvfbt","previousOperationId":"9n1hpi0z8xe0zxd"}
{"type":"log","timestamp":1737088153766,"level":"info","message":"Rendering template { name: avionesMasRentables, recipe: chrome-pdf, engine: handlebars, preview: false }","meta":{"rootId":"q57qurhznfq3yxe","id":"q57qurhznfq3yxe"},"id":"15oxwmtzo4zivh4","previousOperationId":"9n1hpi0z8xe0zxd"}
{"type":"log","timestamp":1737088153766,"level":"debug","message":"Inline data specified.","meta":{"rootId":"q57qurhznfq3yxe","id":"q57qurhznfq3yxe"},"id":"dzyj6uasayfof4a","previousOperationId":"9n1hpi0z8xe0zxd"}
{"type":"log","timestamp":1737088153767,"level":"debug","message":"Base url not specified, skipping its injection.","meta":{"rootId":"q57qurhznfq3yxe","id":"q57qurhznfq3yxe"},"id":"tzeowd6g3nth8xa","previousOperationId":"9n1hpi0z8xe0zxd"}
{"type":"operationStart","subtype":"engine","name":"handlebars","timestamp":1737088153768,"id":"esm98klp2c5r5rf","previousEventId":"r3dr0rbazhviq7l","operationId":"lwmx5otxggv876s","previousOperationId":"9n1hpi0z8xe0zxd"}
{"type":"log","timestamp":1737088153768,"level":"debug","message":"Rendering engine handlebars","meta":{"rootId":"q57qurhznfq3yxe","id":"q57qurhznfq3yxe"},"id":"9qhis7w3d2ntiqc","previousOperationId":"lwmx5otxggv876s"}
{"type":"operationEnd","operationId":"lwmx5otxggv876s","timestamp":1737088153778,"id":"0ae9i2a3nmxxhvn","previousEventId":"esm98klp2c5r5rf","previousOperationId":"lwmx5otxggv876s"}
{"type":"operationStart","subtype":"recipe","name":"chrome-pdf","timestamp":1737088153778,"id":"ca62rz9tqejisqv","previousEventId":"0ae9i2a3nmxxhvn","operationId":"4p0m4gssr0aqt2h","previousOperationId":"lwmx5otxggv876s"}
{"type":"log","timestamp":1737088153778,"level":"debug","message":"Executing recipe chrome-pdf","meta":{"rootId":"q57qurhznfq3yxe","id":"q57qurhznfq3yxe"},"id":"mijbo9j4b3grysl","previousOperationId":"4p0m4gssr0aqt2h"}
{"type":"log","timestamp":1737088154119,"level":"debug","message":"Converting with chrome Chrome/131.0.6778.204 using dedicated-process strategy","meta":{"rootId":"q57qurhznfq3yxe","id":"q57qurhznfq3yxe"},"id":"f5mrcryhqw2xdxj","previousOperationId":"4p0m4gssr0aqt2h"}
{"type":"log","timestamp":1737088154205,"level":"debug","message":"Page request: GET (document) file:///tmp/jsreport/autocleanup/295a2fe6-2042-41c8-8bdc-2475dbd2f173-chrome-pdf.html","meta":{"rootId":"q57qurhznfq3yxe","id":"q57qurhznfq3yxe"},"id":"u04ac6bihlkkt83","previousOperationId":"4p0m4gssr0aqt2h"}
{"type":"log","timestamp":1737088154221,"level":"debug","message":"Page request finished: GET (document) 200 file:///tmp/jsreport/autocleanup/295a2fe6-2042-41c8-8bdc-2475dbd2f173-chrome-pdf.html","meta":{"rootId":"q57qurhznfq3yxe","id":"q57qurhznfq3yxe"},"id":"rwrfsyxd2qnzgbm","previousOperationId":"4p0m4gssr0aqt2h"}
{"type":"log","timestamp":1737088154222,"level":"debug","message":"Page request: GET (image) https://i.pinimg.com/736x/ac/66/fd/ac66fdbcf17e7c77173cf01c4dbb1cfc.jpg","meta":{"rootId":"q57qurhznfq3yxe","id":"q57qurhznfq3yxe"},"id":"hznqdbkwrqngnr7","previousOperationId":"4p0m4gssr0aqt2h"}
{"type":"log","timestamp":1737088154258,"level":"debug","message":"Page request finished: GET (image) 200 https://i.pinimg.com/736x/ac/66/fd/ac66fdbcf17e7c77173cf01c4dbb1cfc.jpg","meta":{"rootId":"q57qurhznfq3yxe","id":"q57qurhznfq3yxe"},"id":"4jskzsc2107o8m4","previousOperationId":"4p0m4gssr0aqt2h"}
{"type":"log","timestamp":1737088154265,"level":"debug","message":"Running chrome with params {\"printBackground\":true,\"timeout\":59983,\"margin\":{}}","meta":{"rootId":"q57qurhznfq3yxe","id":"q57qurhznfq3yxe"},"id":"sopkiiq177b9ece","previousOperationId":"4p0m4gssr0aqt2h"}
{"type":"operationEnd","operationId":"4p0m4gssr0aqt2h","timestamp":1737088154555,"id":"0l2o9oxhpv5wkfa","previousEventId":"ca62rz9tqejisqv","previousOperationId":"4p0m4gssr0aqt2h"}
{"type":"log","timestamp":1737088154556,"level":"debug","message":"Skipping storing report.","meta":{"rootId":"q57qurhznfq3yxe","id":"q57qurhznfq3yxe"},"id":"6ho7y99o846j7l7","previousOperationId":"4p0m4gssr0aqt2h"}
{"type":"log","timestamp":1737088154556,"level":"info","message":"Rendering request 8 finished in 794 ms","meta":{"rootId":"q57qurhznfq3yxe","id":"q57qurhznfq3yxe"},"id":"89nyikpj442wu1l","previousOperationId":"4p0m4gssr0aqt2h"}
{"type":"operationEnd","subtype":"render","operationId":"9n1hpi0z8xe0zxd","timestamp":1737088154556,"id":"19cf7o4wiz39h0r","previousEventId":"0l2o9oxhpv5wkfa","previousOperationId":"4p0m4gssr0aqt2h"}
{"type":"operationEnd","doDiffs":false,"previousEventId":"bvo8flair71axro","previousOperationId":"m5qpzp5zr4rcufg","operationId":"m5qpzp5zr4rcufg","timestamp":1737088154557,"id":"gil56olve2wzree"}
