{"type":"operationStart","subtype":"profile","data":{"_id":"eYGqA8Idbd854okf","timestamp":"2025-01-12T23:46:28.781Z","state":"queued","mode":"standard","creationDate":"2025-01-12T23:46:28.783Z","modificationDate":"2025-01-12T23:46:28.783Z","shortid":"KMEnB0g","$entitySet":"profiles"},"doDiffs":false,"timestamp":1736725588782,"id":"g8hcr3vtgzqphi2","previousOperationId":null,"operationId":"memii52eic5zpjf"}
{"type":"log","level":"info","message":"Render request 1 queued for execution and waiting for available worker","previousOperationId":"memii52eic5zpjf","timestamp":1736725588782,"id":"nrqxoj86matxz77"}
{"type":"operationStart","subtype":"render","name":"reporte17","previousOperationId":"memii52eic5zpjf","timestamp":1736725588797,"id":"f3lnjbk8svm28sy","previousEventId":"g8hcr3vtgzqphi2","operationId":"9jww2remgs2n9zc"}
{"type":"log","timestamp":1736725588798,"level":"info","message":"Starting rendering request 1","meta":{"rootId":"07vyt2o0nr3jfve","id":"07vyt2o0nr3jfve"},"id":"mi9i06arcgveril","previousOperationId":"9jww2remgs2n9zc"}
{"type":"log","timestamp":1736725588799,"level":"info","message":"Rendering template { name: reporte17, recipe: chrome-pdf, engine: handlebars, preview: false }","meta":{"rootId":"07vyt2o0nr3jfve","id":"07vyt2o0nr3jfve"},"id":"0m40917icz3b9ia","previousOperationId":"9jww2remgs2n9zc"}
{"type":"log","timestamp":1736725588800,"level":"debug","message":"Inline data specified.","meta":{"rootId":"07vyt2o0nr3jfve","id":"07vyt2o0nr3jfve"},"id":"b3wiw0zpkfd3xjh","previousOperationId":"9jww2remgs2n9zc"}
{"type":"log","timestamp":1736725588803,"level":"debug","message":"Base url not specified, skipping its injection.","meta":{"rootId":"07vyt2o0nr3jfve","id":"07vyt2o0nr3jfve"},"id":"hdbvkxf4392r3fa","previousOperationId":"9jww2remgs2n9zc"}
{"type":"operationStart","subtype":"engine","name":"handlebars","timestamp":1736725588805,"id":"vrlop2fqvgluo0y","previousEventId":"f3lnjbk8svm28sy","operationId":"amyqz8eyj3qrjzt","previousOperationId":"9jww2remgs2n9zc"}
{"type":"log","timestamp":1736725588805,"level":"debug","message":"Rendering engine handlebars","meta":{"rootId":"07vyt2o0nr3jfve","id":"07vyt2o0nr3jfve"},"id":"ss19t4gn1dffv96","previousOperationId":"amyqz8eyj3qrjzt"}
{"type":"operationEnd","operationId":"amyqz8eyj3qrjzt","timestamp":1736725589417,"id":"eo2yh4yl4e7om6i","previousEventId":"vrlop2fqvgluo0y","previousOperationId":"amyqz8eyj3qrjzt"}
{"type":"operationStart","subtype":"recipe","name":"chrome-pdf","timestamp":1736725589418,"id":"6wkqdrcjn8vgj7q","previousEventId":"eo2yh4yl4e7om6i","operationId":"rxvzuwpg65e15l4","previousOperationId":"amyqz8eyj3qrjzt"}
{"type":"log","timestamp":1736725589418,"level":"debug","message":"Executing recipe chrome-pdf","meta":{"rootId":"07vyt2o0nr3jfve","id":"07vyt2o0nr3jfve"},"id":"r4zyzn6u53y6euj","previousOperationId":"rxvzuwpg65e15l4"}
{"type":"log","timestamp":1736725589899,"level":"debug","message":"Converting with chrome Chrome/131.0.6778.204 using dedicated-process strategy","meta":{"rootId":"07vyt2o0nr3jfve","id":"07vyt2o0nr3jfve"},"id":"unal9cf7adtwkgj","previousOperationId":"rxvzuwpg65e15l4"}
{"type":"log","timestamp":1736725589992,"level":"debug","message":"Page request: GET (document) file:///tmp/jsreport/autocleanup/8fc1d516-ef10-4413-894f-c2df0427bbd8-chrome-pdf.html","meta":{"rootId":"07vyt2o0nr3jfve","id":"07vyt2o0nr3jfve"},"id":"env90x9serangsf","previousOperationId":"rxvzuwpg65e15l4"}
{"type":"log","timestamp":1736725590011,"level":"debug","message":"Page request finished: GET (document) 200 file:///tmp/jsreport/autocleanup/8fc1d516-ef10-4413-894f-c2df0427bbd8-chrome-pdf.html","meta":{"rootId":"07vyt2o0nr3jfve","id":"07vyt2o0nr3jfve"},"id":"tz3bmjvl1r1813v","previousOperationId":"rxvzuwpg65e15l4"}
{"type":"log","timestamp":1736725590013,"level":"debug","message":"Page request: GET (image) https://i.pinimg.com/736x/ac/66/fd/ac66fdbcf17e7c77173cf01c4dbb1cfc.jpg","meta":{"rootId":"07vyt2o0nr3jfve","id":"07vyt2o0nr3jfve"},"id":"3klpckomqa4a4s0","previousOperationId":"rxvzuwpg65e15l4"}
{"type":"log","timestamp":1736725590081,"level":"debug","message":"Page request finished: GET (image) 200 https://i.pinimg.com/736x/ac/66/fd/ac66fdbcf17e7c77173cf01c4dbb1cfc.jpg","meta":{"rootId":"07vyt2o0nr3jfve","id":"07vyt2o0nr3jfve"},"id":"72922b0h5qd5j7b","previousOperationId":"rxvzuwpg65e15l4"}
{"type":"log","timestamp":1736725590087,"level":"debug","message":"Running chrome with params {\"printBackground\":true,\"timeout\":59347,\"margin\":{}}","meta":{"rootId":"07vyt2o0nr3jfve","id":"07vyt2o0nr3jfve"},"id":"4n77tpznci4t4xa","previousOperationId":"rxvzuwpg65e15l4"}
{"type":"operationEnd","operationId":"rxvzuwpg65e15l4","timestamp":1736725590309,"id":"wawu25qhiams2hf","previousEventId":"6wkqdrcjn8vgj7q","previousOperationId":"rxvzuwpg65e15l4"}
{"type":"log","timestamp":1736725590310,"level":"debug","message":"Skipping storing report.","meta":{"rootId":"07vyt2o0nr3jfve","id":"07vyt2o0nr3jfve"},"id":"2dwy8k664zhf1m2","previousOperationId":"rxvzuwpg65e15l4"}
{"type":"log","timestamp":1736725590310,"level":"info","message":"Rendering request 1 finished in 1530 ms","meta":{"rootId":"07vyt2o0nr3jfve","id":"07vyt2o0nr3jfve"},"id":"2fz50vdq1tuzx4s","previousOperationId":"rxvzuwpg65e15l4"}
{"type":"operationEnd","subtype":"render","operationId":"9jww2remgs2n9zc","timestamp":1736725590310,"id":"iwx1lpftm2lkrc5","previousEventId":"wawu25qhiams2hf","previousOperationId":"rxvzuwpg65e15l4"}
{"type":"operationEnd","doDiffs":false,"previousEventId":"g8hcr3vtgzqphi2","previousOperationId":"memii52eic5zpjf","operationId":"memii52eic5zpjf","timestamp":1736725590312,"id":"k248gd64yarg9li"}
