{"type":"operationStart","subtype":"profile","data":{"_id":"h0Rsix0IDyE1JjA6","timestamp":"2025-01-17T06:08:36.757Z","state":"queued","mode":"standard","creationDate":"2025-01-17T06:08:36.757Z","modificationDate":"2025-01-17T06:08:36.757Z","shortid":"GqEW9zv","$entitySet":"profiles"},"doDiffs":false,"timestamp":1737094116757,"id":"x8qgmwpfr88smms","previousOperationId":null,"operationId":"687btvkkbog7ml6"}
{"type":"log","level":"info","message":"Render request 12 queued for execution and waiting for available worker","previousOperationId":"687btvkkbog7ml6","timestamp":1737094116757,"id":"bhvawmd7lc24cvo"}
{"type":"operationStart","subtype":"render","name":"reporte17","previousOperationId":"687btvkkbog7ml6","timestamp":1737094116760,"id":"s306pql6w941feh","previousEventId":"x8qgmwpfr88smms","operationId":"ew17xuxb3s28bn9"}
{"type":"log","timestamp":1737094116760,"level":"info","message":"Starting rendering request 12","meta":{"rootId":"2zuhuqbsj1wucy6","id":"2zuhuqbsj1wucy6"},"id":"3qm4g5xdv4krgvp","previousOperationId":"ew17xuxb3s28bn9"}
{"type":"log","timestamp":1737094116760,"level":"info","message":"Rendering template { name: reporte17, recipe: chrome-pdf, engine: handlebars, preview: false }","meta":{"rootId":"2zuhuqbsj1wucy6","id":"2zuhuqbsj1wucy6"},"id":"3okkxsyb341d3gi","previousOperationId":"ew17xuxb3s28bn9"}
{"type":"log","timestamp":1737094116760,"level":"debug","message":"Inline data specified.","meta":{"rootId":"2zuhuqbsj1wucy6","id":"2zuhuqbsj1wucy6"},"id":"ik0ijd744iz4xh4","previousOperationId":"ew17xuxb3s28bn9"}
{"type":"log","timestamp":1737094116762,"level":"debug","message":"Base url not specified, skipping its injection.","meta":{"rootId":"2zuhuqbsj1wucy6","id":"2zuhuqbsj1wucy6"},"id":"o8yl2l7v0x5wdmk","previousOperationId":"ew17xuxb3s28bn9"}
{"type":"operationStart","subtype":"engine","name":"handlebars","timestamp":1737094116763,"id":"etr16erbuczvgmw","previousEventId":"s306pql6w941feh","operationId":"rd3ozqjye38flzj","previousOperationId":"ew17xuxb3s28bn9"}
{"type":"log","timestamp":1737094116763,"level":"debug","message":"Rendering engine handlebars","meta":{"rootId":"2zuhuqbsj1wucy6","id":"2zuhuqbsj1wucy6"},"id":"whywrnbpdb6gvuj","previousOperationId":"rd3ozqjye38flzj"}
{"type":"operationEnd","operationId":"rd3ozqjye38flzj","timestamp":1737094116772,"id":"k61qjgqz6ryau5u","previousEventId":"etr16erbuczvgmw","previousOperationId":"rd3ozqjye38flzj"}
{"type":"operationStart","subtype":"recipe","name":"chrome-pdf","timestamp":1737094116773,"id":"yecdgmklmwiiw18","previousEventId":"k61qjgqz6ryau5u","operationId":"42g3wv80x6w3c69","previousOperationId":"rd3ozqjye38flzj"}
{"type":"log","timestamp":1737094116773,"level":"debug","message":"Executing recipe chrome-pdf","meta":{"rootId":"2zuhuqbsj1wucy6","id":"2zuhuqbsj1wucy6"},"id":"zaydtep714ipvgg","previousOperationId":"42g3wv80x6w3c69"}
{"type":"log","timestamp":1737094117126,"level":"debug","message":"Converting with chrome Chrome/131.0.6778.204 using dedicated-process strategy","meta":{"rootId":"2zuhuqbsj1wucy6","id":"2zuhuqbsj1wucy6"},"id":"h7xhxu40f11uzcg","previousOperationId":"42g3wv80x6w3c69"}
{"type":"log","timestamp":1737094117210,"level":"debug","message":"Page request: GET (document) file:///tmp/jsreport/autocleanup/cbe68156-df76-4d66-bcdb-d4557d57dbe9-chrome-pdf.html","meta":{"rootId":"2zuhuqbsj1wucy6","id":"2zuhuqbsj1wucy6"},"id":"0m86ggqgmqmozuk","previousOperationId":"42g3wv80x6w3c69"}
{"type":"log","timestamp":1737094117226,"level":"debug","message":"Page request finished: GET (document) 200 file:///tmp/jsreport/autocleanup/cbe68156-df76-4d66-bcdb-d4557d57dbe9-chrome-pdf.html","meta":{"rootId":"2zuhuqbsj1wucy6","id":"2zuhuqbsj1wucy6"},"id":"ectdcr1qthfan7u","previousOperationId":"42g3wv80x6w3c69"}
{"type":"log","timestamp":1737094117230,"level":"debug","message":"Page request: GET (image) https://i.pinimg.com/736x/ac/66/fd/ac66fdbcf17e7c77173cf01c4dbb1cfc.jpg","meta":{"rootId":"2zuhuqbsj1wucy6","id":"2zuhuqbsj1wucy6"},"id":"kq8q4ojjnmhd13i","previousOperationId":"42g3wv80x6w3c69"}
{"type":"log","timestamp":1737094117286,"level":"debug","message":"Page request finished: GET (image) 200 https://i.pinimg.com/736x/ac/66/fd/ac66fdbcf17e7c77173cf01c4dbb1cfc.jpg","meta":{"rootId":"2zuhuqbsj1wucy6","id":"2zuhuqbsj1wucy6"},"id":"ezhpeztoibdxrqe","previousOperationId":"42g3wv80x6w3c69"}
{"type":"log","timestamp":1737094117289,"level":"debug","message":"Running chrome with params {\"printBackground\":true,\"timeout\":59983,\"margin\":{}}","meta":{"rootId":"2zuhuqbsj1wucy6","id":"2zuhuqbsj1wucy6"},"id":"4k17ymeuy3afega","previousOperationId":"42g3wv80x6w3c69"}
{"type":"operationEnd","operationId":"42g3wv80x6w3c69","timestamp":1737094117479,"id":"g1av707n6tqqmi2","previousEventId":"yecdgmklmwiiw18","previousOperationId":"42g3wv80x6w3c69"}
{"type":"log","timestamp":1737094117479,"level":"debug","message":"Skipping storing report.","meta":{"rootId":"2zuhuqbsj1wucy6","id":"2zuhuqbsj1wucy6"},"id":"vmtbbl8av2jxnfo","previousOperationId":"42g3wv80x6w3c69"}
{"type":"log","timestamp":1737094117480,"level":"info","message":"Rendering request 12 finished in 724 ms","meta":{"rootId":"2zuhuqbsj1wucy6","id":"2zuhuqbsj1wucy6"},"id":"ypiozpaec76ccgn","previousOperationId":"42g3wv80x6w3c69"}
{"type":"operationEnd","subtype":"render","operationId":"ew17xuxb3s28bn9","timestamp":1737094117480,"id":"fle5vxb6lernlwe","previousEventId":"g1av707n6tqqmi2","previousOperationId":"42g3wv80x6w3c69"}
{"type":"operationEnd","doDiffs":false,"previousEventId":"x8qgmwpfr88smms","previousOperationId":"687btvkkbog7ml6","operationId":"687btvkkbog7ml6","timestamp":1737094117484,"id":"6e77z1zvadid9ex"}
