{"type":"operationStart","subtype":"profile","data":{"_id":"uupQyHDc4a7uQ7g2","timestamp":"2025-01-12T23:47:57.765Z","state":"queued","mode":"standard","creationDate":"2025-01-12T23:47:57.766Z","modificationDate":"2025-01-12T23:47:57.766Z","shortid":"mZMJWhf","$entitySet":"profiles"},"doDiffs":false,"timestamp":1736725677765,"id":"bwnqfh1qsxs03e2","previousOperationId":null,"operationId":"dygcughx9z6oujv"}
{"type":"log","level":"info","message":"Render request 2 queued for execution and waiting for available worker","previousOperationId":"dygcughx9z6oujv","timestamp":1736725677765,"id":"aixsmugvy3xiiyi"}
{"type":"operationStart","subtype":"render","name":"reporte17","previousOperationId":"dygcughx9z6oujv","timestamp":1736725677770,"id":"j4lz60cr342szyv","previousEventId":"bwnqfh1qsxs03e2","operationId":"c4psjo4kyjghkly"}
{"type":"log","timestamp":1736725677772,"level":"info","message":"Starting rendering request 2","meta":{"rootId":"6l7o7kms5nkosqu","id":"6l7o7kms5nkosqu"},"id":"m5ceul21ejngbm7","previousOperationId":"c4psjo4kyjghkly"}
{"type":"log","timestamp":1736725677773,"level":"info","message":"Rendering template { name: reporte17, recipe: chrome-pdf, engine: handlebars, preview: false }","meta":{"rootId":"6l7o7kms5nkosqu","id":"6l7o7kms5nkosqu"},"id":"cm760hvzs3ma1w1","previousOperationId":"c4psjo4kyjghkly"}
{"type":"log","timestamp":1736725677774,"level":"debug","message":"Inline data specified.","meta":{"rootId":"6l7o7kms5nkosqu","id":"6l7o7kms5nkosqu"},"id":"0k1kf2fki55a281","previousOperationId":"c4psjo4kyjghkly"}
{"type":"log","timestamp":1736725677775,"level":"debug","message":"Base url not specified, skipping its injection.","meta":{"rootId":"6l7o7kms5nkosqu","id":"6l7o7kms5nkosqu"},"id":"di3d5gjf9ggftqx","previousOperationId":"c4psjo4kyjghkly"}
{"type":"operationStart","subtype":"engine","name":"handlebars","timestamp":1736725677776,"id":"iegh0a5ae67e642","previousEventId":"j4lz60cr342szyv","operationId":"nl932cu9xtj7lh6","previousOperationId":"c4psjo4kyjghkly"}
{"type":"log","timestamp":1736725677776,"level":"debug","message":"Rendering engine handlebars","meta":{"rootId":"6l7o7kms5nkosqu","id":"6l7o7kms5nkosqu"},"id":"inojs50vm3p7h6r","previousOperationId":"nl932cu9xtj7lh6"}
{"type":"operationEnd","operationId":"nl932cu9xtj7lh6","timestamp":1736725678352,"id":"x2q0k80ttknjxso","previousEventId":"iegh0a5ae67e642","previousOperationId":"nl932cu9xtj7lh6"}
{"type":"operationStart","subtype":"recipe","name":"chrome-pdf","timestamp":1736725678353,"id":"m5gqy61kcj90ibg","previousEventId":"x2q0k80ttknjxso","operationId":"ipreecl44aty8k1","previousOperationId":"nl932cu9xtj7lh6"}
{"type":"log","timestamp":1736725678353,"level":"debug","message":"Executing recipe chrome-pdf","meta":{"rootId":"6l7o7kms5nkosqu","id":"6l7o7kms5nkosqu"},"id":"1h2rjnw27erciqo","previousOperationId":"ipreecl44aty8k1"}
{"type":"log","timestamp":1736725678877,"level":"debug","message":"Converting with chrome Chrome/131.0.6778.204 using dedicated-process strategy","meta":{"rootId":"6l7o7kms5nkosqu","id":"6l7o7kms5nkosqu"},"id":"mbb1aj1ws5ilkeh","previousOperationId":"ipreecl44aty8k1"}
{"type":"log","timestamp":1736725678987,"level":"debug","message":"Page request: GET (document) file:///tmp/jsreport/autocleanup/f024f220-e30c-4629-8149-04f6cd9530e4-chrome-pdf.html","meta":{"rootId":"6l7o7kms5nkosqu","id":"6l7o7kms5nkosqu"},"id":"yqqbnoa161g20ow","previousOperationId":"ipreecl44aty8k1"}
{"type":"log","timestamp":1736725679021,"level":"debug","message":"Page request finished: GET (document) 200 file:///tmp/jsreport/autocleanup/f024f220-e30c-4629-8149-04f6cd9530e4-chrome-pdf.html","meta":{"rootId":"6l7o7kms5nkosqu","id":"6l7o7kms5nkosqu"},"id":"sdhy18zhkf2ixgy","previousOperationId":"ipreecl44aty8k1"}
{"type":"log","timestamp":1736725679029,"level":"debug","message":"Page request: GET (image) https://i.pinimg.com/736x/ac/66/fd/ac66fdbcf17e7c77173cf01c4dbb1cfc.jpg","meta":{"rootId":"6l7o7kms5nkosqu","id":"6l7o7kms5nkosqu"},"id":"ecs7afek0061jcb","previousOperationId":"ipreecl44aty8k1"}
{"type":"log","timestamp":1736725679069,"level":"debug","message":"Page request finished: GET (image) 200 https://i.pinimg.com/736x/ac/66/fd/ac66fdbcf17e7c77173cf01c4dbb1cfc.jpg","meta":{"rootId":"6l7o7kms5nkosqu","id":"6l7o7kms5nkosqu"},"id":"nef0tl4xc5y6fqt","previousOperationId":"ipreecl44aty8k1"}
{"type":"log","timestamp":1736725679073,"level":"debug","message":"Running chrome with params {\"printBackground\":true,\"timeout\":59396,\"margin\":{}}","meta":{"rootId":"6l7o7kms5nkosqu","id":"6l7o7kms5nkosqu"},"id":"k8ymvwzpap9r23d","previousOperationId":"ipreecl44aty8k1"}
{"type":"operationEnd","operationId":"ipreecl44aty8k1","timestamp":1736725679265,"id":"ggcz2wt1tm5z9cf","previousEventId":"m5gqy61kcj90ibg","previousOperationId":"ipreecl44aty8k1"}
{"type":"log","timestamp":1736725679266,"level":"debug","message":"Skipping storing report.","meta":{"rootId":"6l7o7kms5nkosqu","id":"6l7o7kms5nkosqu"},"id":"8aybax6xn1k9n66","previousOperationId":"ipreecl44aty8k1"}
{"type":"log","timestamp":1736725679266,"level":"info","message":"Rendering request 2 finished in 1501 ms","meta":{"rootId":"6l7o7kms5nkosqu","id":"6l7o7kms5nkosqu"},"id":"3e7ekimcgwauznh","previousOperationId":"ipreecl44aty8k1"}
{"type":"operationEnd","subtype":"render","operationId":"c4psjo4kyjghkly","timestamp":1736725679266,"id":"mj9z5o09wf1jlmf","previousEventId":"ggcz2wt1tm5z9cf","previousOperationId":"ipreecl44aty8k1"}
{"type":"operationEnd","doDiffs":false,"previousEventId":"bwnqfh1qsxs03e2","previousOperationId":"dygcughx9z6oujv","operationId":"dygcughx9z6oujv","timestamp":1736725679268,"id":"ru5jmak8ky54nns"}
