{"type":"operationStart","subtype":"profile","data":{"_id":"JazCc33sE1CR2GHA","timestamp":"2025-01-15T03:58:43.871Z","state":"queued","mode":"standard","creationDate":"2025-01-15T03:58:43.872Z","modificationDate":"2025-01-15T03:58:43.872Z","shortid":"IhFM0Nk","$entitySet":"profiles"},"doDiffs":false,"timestamp":1736913523872,"id":"76plxy4anudpgim","previousOperationId":null,"operationId":"3nz8xgjh7csmry0"}
{"type":"log","level":"info","message":"Render request 10 queued for execution and waiting for available worker","previousOperationId":"3nz8xgjh7csmry0","timestamp":1736913523872,"id":"clohfs6yicn8h4b"}
{"type":"operationStart","subtype":"render","name":"reporte17","previousOperationId":"3nz8xgjh7csmry0","timestamp":1736913523876,"id":"n6uz8cx72hjacm2","previousEventId":"76plxy4anudpgim","operationId":"y50ipunesf3q274"}
{"type":"log","timestamp":1736913523876,"level":"info","message":"Starting rendering request 10","meta":{"rootId":"cxafpetwtn1wfre","id":"cxafpetwtn1wfre"},"id":"z0yktd1fq6b5apg","previousOperationId":"y50ipunesf3q274"}
{"type":"log","timestamp":1736913523876,"level":"info","message":"Rendering template { name: reporte17, recipe: chrome-pdf, engine: handlebars, preview: false }","meta":{"rootId":"cxafpetwtn1wfre","id":"cxafpetwtn1wfre"},"id":"wpc0ykm075edwir","previousOperationId":"y50ipunesf3q274"}
{"type":"log","timestamp":1736913523876,"level":"debug","message":"Inline data specified.","meta":{"rootId":"cxafpetwtn1wfre","id":"cxafpetwtn1wfre"},"id":"32yb96mx3btg79j","previousOperationId":"y50ipunesf3q274"}
{"type":"log","timestamp":1736913523877,"level":"debug","message":"Base url not specified, skipping its injection.","meta":{"rootId":"cxafpetwtn1wfre","id":"cxafpetwtn1wfre"},"id":"bgmrn0nxr3qiqi6","previousOperationId":"y50ipunesf3q274"}
{"type":"operationStart","subtype":"engine","name":"handlebars","timestamp":1736913523878,"id":"69ci7ajd3uu7tzo","previousEventId":"n6uz8cx72hjacm2","operationId":"6c68iljo90jntsg","previousOperationId":"y50ipunesf3q274"}
{"type":"log","timestamp":1736913523878,"level":"debug","message":"Rendering engine handlebars","meta":{"rootId":"cxafpetwtn1wfre","id":"cxafpetwtn1wfre"},"id":"qg1h8f6aoliy3km","previousOperationId":"6c68iljo90jntsg"}
{"type":"operationEnd","operationId":"6c68iljo90jntsg","timestamp":1736913523888,"id":"x8y7xp2jn1w1k5w","previousEventId":"69ci7ajd3uu7tzo","previousOperationId":"6c68iljo90jntsg"}
{"type":"operationStart","subtype":"recipe","name":"chrome-pdf","timestamp":1736913523889,"id":"bbax18tgfbzfg62","previousEventId":"x8y7xp2jn1w1k5w","operationId":"h1nju7ipwwom9qy","previousOperationId":"6c68iljo90jntsg"}
{"type":"log","timestamp":1736913523889,"level":"debug","message":"Executing recipe chrome-pdf","meta":{"rootId":"cxafpetwtn1wfre","id":"cxafpetwtn1wfre"},"id":"85ehw297ved5z03","previousOperationId":"h1nju7ipwwom9qy"}
{"type":"log","timestamp":1736913524229,"level":"debug","message":"Converting with chrome Chrome/131.0.6778.204 using dedicated-process strategy","meta":{"rootId":"cxafpetwtn1wfre","id":"cxafpetwtn1wfre"},"id":"u8opihg5474h8ax","previousOperationId":"h1nju7ipwwom9qy"}
{"type":"log","timestamp":1736913524324,"level":"debug","message":"Page request: GET (document) file:///tmp/jsreport/autocleanup/823e9640-3d68-4eea-806f-49d4f22ca818-chrome-pdf.html","meta":{"rootId":"cxafpetwtn1wfre","id":"cxafpetwtn1wfre"},"id":"87m91wri74cncjc","previousOperationId":"h1nju7ipwwom9qy"}
{"type":"log","timestamp":1736913524342,"level":"debug","message":"Page request finished: GET (document) 200 file:///tmp/jsreport/autocleanup/823e9640-3d68-4eea-806f-49d4f22ca818-chrome-pdf.html","meta":{"rootId":"cxafpetwtn1wfre","id":"cxafpetwtn1wfre"},"id":"rh615fe4uux0393","previousOperationId":"h1nju7ipwwom9qy"}
{"type":"log","timestamp":1736913524346,"level":"debug","message":"Page request: GET (image) https://i.pinimg.com/736x/ac/66/fd/ac66fdbcf17e7c77173cf01c4dbb1cfc.jpg","meta":{"rootId":"cxafpetwtn1wfre","id":"cxafpetwtn1wfre"},"id":"ul48mrni9yvtr9c","previousOperationId":"h1nju7ipwwom9qy"}
{"type":"log","timestamp":1736913524405,"level":"debug","message":"Page request finished: GET (image) 200 https://i.pinimg.com/736x/ac/66/fd/ac66fdbcf17e7c77173cf01c4dbb1cfc.jpg","meta":{"rootId":"cxafpetwtn1wfre","id":"cxafpetwtn1wfre"},"id":"juxjq7xznzojtfv","previousOperationId":"h1nju7ipwwom9qy"}
{"type":"log","timestamp":1736913524413,"level":"debug","message":"Running chrome with params {\"printBackground\":true,\"timeout\":59982,\"margin\":{}}","meta":{"rootId":"cxafpetwtn1wfre","id":"cxafpetwtn1wfre"},"id":"sgxaw4dz2rc2rmj","previousOperationId":"h1nju7ipwwom9qy"}
{"type":"operationEnd","operationId":"h1nju7ipwwom9qy","timestamp":1736913524626,"id":"228w2looe7pcbmq","previousEventId":"bbax18tgfbzfg62","previousOperationId":"h1nju7ipwwom9qy"}
{"type":"log","timestamp":1736913524626,"level":"debug","message":"Skipping storing report.","meta":{"rootId":"cxafpetwtn1wfre","id":"cxafpetwtn1wfre"},"id":"uo0m12s5i0czt3i","previousOperationId":"h1nju7ipwwom9qy"}
{"type":"log","timestamp":1736913524626,"level":"info","message":"Rendering request 10 finished in 755 ms","meta":{"rootId":"cxafpetwtn1wfre","id":"cxafpetwtn1wfre"},"id":"t7yx6txjya6u06s","previousOperationId":"h1nju7ipwwom9qy"}
{"type":"operationEnd","subtype":"render","operationId":"y50ipunesf3q274","timestamp":1736913524626,"id":"tufdnzssvy89kbp","previousEventId":"228w2looe7pcbmq","previousOperationId":"h1nju7ipwwom9qy"}
{"type":"operationEnd","doDiffs":false,"previousEventId":"76plxy4anudpgim","previousOperationId":"3nz8xgjh7csmry0","operationId":"3nz8xgjh7csmry0","timestamp":1736913524627,"id":"qmo5l7tpx5gaohc"}
