{"type":"operationStart","subtype":"profile","data":{"_id":"sRSQ3IbuE0bUvVwX","timestamp":"2025-01-17T06:07:28.556Z","state":"queued","mode":"standard","creationDate":"2025-01-17T06:07:28.557Z","modificationDate":"2025-01-17T06:07:28.557Z","shortid":"9SDQ3Tn","$entitySet":"profiles"},"doDiffs":false,"timestamp":1737094048556,"id":"axlnzqyt4rzp46s","previousOperationId":null,"operationId":"y9esz0wrlopahe4"}
{"type":"log","level":"info","message":"Render request 9 queued for execution and waiting for available worker","previousOperationId":"y9esz0wrlopahe4","timestamp":1737094048556,"id":"bsj2yyrfdp0ye6r"}
{"type":"operationStart","subtype":"render","name":"reporte6","previousOperationId":"y9esz0wrlopahe4","timestamp":1737094048559,"id":"qt7qyyigkm20s1l","previousEventId":"axlnzqyt4rzp46s","operationId":"jyszwx0qtrcyhq4"}
{"type":"log","timestamp":1737094048559,"level":"info","message":"Starting rendering request 9","meta":{"rootId":"cxsd7qrbyb55hmj","id":"cxsd7qrbyb55hmj"},"id":"gp4eqxk1xmb5w4d","previousOperationId":"jyszwx0qtrcyhq4"}
{"type":"log","timestamp":1737094048559,"level":"info","message":"Rendering template { name: reporte6, recipe: chrome-pdf, engine: handlebars, preview: false }","meta":{"rootId":"cxsd7qrbyb55hmj","id":"cxsd7qrbyb55hmj"},"id":"4gv5vpuhi3lecp0","previousOperationId":"jyszwx0qtrcyhq4"}
{"type":"log","timestamp":1737094048559,"level":"debug","message":"Inline data specified.","meta":{"rootId":"cxsd7qrbyb55hmj","id":"cxsd7qrbyb55hmj"},"id":"67mx4eoqjcalkcv","previousOperationId":"jyszwx0qtrcyhq4"}
{"type":"log","timestamp":1737094048560,"level":"debug","message":"Base url not specified, skipping its injection.","meta":{"rootId":"cxsd7qrbyb55hmj","id":"cxsd7qrbyb55hmj"},"id":"k1f5om5670oab75","previousOperationId":"jyszwx0qtrcyhq4"}
{"type":"operationStart","subtype":"engine","name":"handlebars","timestamp":1737094048561,"id":"owpjq3s67jqysmd","previousEventId":"qt7qyyigkm20s1l","operationId":"7cnkwmesj0iyqft","previousOperationId":"jyszwx0qtrcyhq4"}
{"type":"log","timestamp":1737094048561,"level":"debug","message":"Rendering engine handlebars","meta":{"rootId":"cxsd7qrbyb55hmj","id":"cxsd7qrbyb55hmj"},"id":"v26clhn7qs0jwky","previousOperationId":"7cnkwmesj0iyqft"}
{"type":"operationEnd","operationId":"7cnkwmesj0iyqft","timestamp":1737094048571,"id":"ybxvi6f5igpb0bb","previousEventId":"owpjq3s67jqysmd","previousOperationId":"7cnkwmesj0iyqft"}
{"type":"operationStart","subtype":"recipe","name":"chrome-pdf","timestamp":1737094048571,"id":"qvo3l6nrrwkj12d","previousEventId":"ybxvi6f5igpb0bb","operationId":"63f7dgn781qt2dq","previousOperationId":"7cnkwmesj0iyqft"}
{"type":"log","timestamp":1737094048571,"level":"debug","message":"Executing recipe chrome-pdf","meta":{"rootId":"cxsd7qrbyb55hmj","id":"cxsd7qrbyb55hmj"},"id":"ry94mkic6deo5g7","previousOperationId":"63f7dgn781qt2dq"}
{"type":"log","timestamp":1737094048917,"level":"debug","message":"Converting with chrome Chrome/131.0.6778.204 using dedicated-process strategy","meta":{"rootId":"cxsd7qrbyb55hmj","id":"cxsd7qrbyb55hmj"},"id":"hcdyq5mkpvq2zqm","previousOperationId":"63f7dgn781qt2dq"}
{"type":"log","timestamp":1737094048992,"level":"debug","message":"Page request: GET (document) file:///tmp/jsreport/autocleanup/9f8440f1-def1-4ad4-8655-effac7953c39-chrome-pdf.html","meta":{"rootId":"cxsd7qrbyb55hmj","id":"cxsd7qrbyb55hmj"},"id":"hjc0wei08bkmzz9","previousOperationId":"63f7dgn781qt2dq"}
{"type":"log","timestamp":1737094049009,"level":"debug","message":"Page request finished: GET (document) 200 file:///tmp/jsreport/autocleanup/9f8440f1-def1-4ad4-8655-effac7953c39-chrome-pdf.html","meta":{"rootId":"cxsd7qrbyb55hmj","id":"cxsd7qrbyb55hmj"},"id":"aui52yq82f8jwts","previousOperationId":"63f7dgn781qt2dq"}
{"type":"log","timestamp":1737094049010,"level":"debug","message":"Page request: GET (image) https://i.pinimg.com/736x/ac/66/fd/ac66fdbcf17e7c77173cf01c4dbb1cfc.jpg","meta":{"rootId":"cxsd7qrbyb55hmj","id":"cxsd7qrbyb55hmj"},"id":"e5m8yxwgollxk3k","previousOperationId":"63f7dgn781qt2dq"}
{"type":"log","timestamp":1737094049074,"level":"debug","message":"Page request finished: GET (image) 200 https://i.pinimg.com/736x/ac/66/fd/ac66fdbcf17e7c77173cf01c4dbb1cfc.jpg","meta":{"rootId":"cxsd7qrbyb55hmj","id":"cxsd7qrbyb55hmj"},"id":"lo1vs1do4qnogp7","previousOperationId":"63f7dgn781qt2dq"}
{"type":"log","timestamp":1737094049078,"level":"debug","message":"Running chrome with params {\"printBackground\":true,\"timeout\":59982,\"margin\":{}}","meta":{"rootId":"cxsd7qrbyb55hmj","id":"cxsd7qrbyb55hmj"},"id":"yd73kr2y5brdd81","previousOperationId":"63f7dgn781qt2dq"}
{"type":"operationEnd","operationId":"63f7dgn781qt2dq","timestamp":1737094049232,"id":"1kkld7s9n7a435m","previousEventId":"qvo3l6nrrwkj12d","previousOperationId":"63f7dgn781qt2dq"}
{"type":"log","timestamp":1737094049233,"level":"debug","message":"Skipping storing report.","meta":{"rootId":"cxsd7qrbyb55hmj","id":"cxsd7qrbyb55hmj"},"id":"rsnazkbtnbsw23l","previousOperationId":"63f7dgn781qt2dq"}
{"type":"log","timestamp":1737094049233,"level":"info","message":"Rendering request 9 finished in 678 ms","meta":{"rootId":"cxsd7qrbyb55hmj","id":"cxsd7qrbyb55hmj"},"id":"veknlval009rb4u","previousOperationId":"63f7dgn781qt2dq"}
{"type":"operationEnd","subtype":"render","operationId":"jyszwx0qtrcyhq4","timestamp":1737094049233,"id":"fuedj6kvzbmgjal","previousEventId":"1kkld7s9n7a435m","previousOperationId":"63f7dgn781qt2dq"}
{"type":"operationEnd","doDiffs":false,"previousEventId":"axlnzqyt4rzp46s","previousOperationId":"y9esz0wrlopahe4","operationId":"y9esz0wrlopahe4","timestamp":1737094049234,"id":"n7c50qbgk1lor08"}
