{"type":"operationStart","subtype":"profile","data":{"_id":"K5aIBsreaZyor1qH","timestamp":"2025-01-17T04:27:38.839Z","state":"queued","mode":"standard","creationDate":"2025-01-17T04:27:38.840Z","modificationDate":"2025-01-17T04:27:38.840Z","shortid":"FRrZyv1","$entitySet":"profiles"},"doDiffs":false,"timestamp":1737088058839,"id":"gbdmdxsrfv6nnyv","previousOperationId":null,"operationId":"nrzx753a3o1o254"}
{"type":"log","level":"info","message":"Render request 3 queued for execution and waiting for available worker","previousOperationId":"nrzx753a3o1o254","timestamp":1737088058839,"id":"4belo2hv4l1c2d5"}
{"type":"operationStart","subtype":"render","name":"reporte6","previousOperationId":"nrzx753a3o1o254","timestamp":1737088058842,"id":"prbdctduouk10ob","previousEventId":"gbdmdxsrfv6nnyv","operationId":"ppu575f1t8davzk"}
{"type":"log","timestamp":1737088058842,"level":"info","message":"Starting rendering request 3","meta":{"rootId":"d8qaydfnixuvlmv","id":"d8qaydfnixuvlmv"},"id":"87h1cr1mylni197","previousOperationId":"ppu575f1t8davzk"}
{"type":"log","timestamp":1737088058842,"level":"info","message":"Rendering template { name: reporte6, recipe: chrome-pdf, engine: handlebars, preview: false }","meta":{"rootId":"d8qaydfnixuvlmv","id":"d8qaydfnixuvlmv"},"id":"91o3v8ujp4mummp","previousOperationId":"ppu575f1t8davzk"}
{"type":"log","timestamp":1737088058843,"level":"debug","message":"Inline data specified.","meta":{"rootId":"d8qaydfnixuvlmv","id":"d8qaydfnixuvlmv"},"id":"8z3l8qqqsve5bsm","previousOperationId":"ppu575f1t8davzk"}
{"type":"log","timestamp":1737088058844,"level":"debug","message":"Base url not specified, skipping its injection.","meta":{"rootId":"d8qaydfnixuvlmv","id":"d8qaydfnixuvlmv"},"id":"drd5agc5oi3cio3","previousOperationId":"ppu575f1t8davzk"}
{"type":"operationStart","subtype":"engine","name":"handlebars","timestamp":1737088058846,"id":"z0yf4rnn94fsf9t","previousEventId":"prbdctduouk10ob","operationId":"zd5l13ppl91fmd1","previousOperationId":"ppu575f1t8davzk"}
{"type":"log","timestamp":1737088058846,"level":"debug","message":"Rendering engine handlebars","meta":{"rootId":"d8qaydfnixuvlmv","id":"d8qaydfnixuvlmv"},"id":"3btrakzkec23u1k","previousOperationId":"zd5l13ppl91fmd1"}
{"type":"operationEnd","operationId":"zd5l13ppl91fmd1","timestamp":1737088059403,"id":"o4nwnfdcgaiyose","previousEventId":"z0yf4rnn94fsf9t","previousOperationId":"zd5l13ppl91fmd1"}
{"type":"operationStart","subtype":"recipe","name":"chrome-pdf","timestamp":1737088059404,"id":"0t7034h7u3uljta","previousEventId":"o4nwnfdcgaiyose","operationId":"7dos5nkp6atagtd","previousOperationId":"zd5l13ppl91fmd1"}
{"type":"log","timestamp":1737088059404,"level":"debug","message":"Executing recipe chrome-pdf","meta":{"rootId":"d8qaydfnixuvlmv","id":"d8qaydfnixuvlmv"},"id":"56awxv6gdxcrvfm","previousOperationId":"7dos5nkp6atagtd"}
{"type":"log","timestamp":1737088059795,"level":"debug","message":"Converting with chrome Chrome/131.0.6778.204 using dedicated-process strategy","meta":{"rootId":"d8qaydfnixuvlmv","id":"d8qaydfnixuvlmv"},"id":"lkmo19aauy0r7m3","previousOperationId":"7dos5nkp6atagtd"}
{"type":"log","timestamp":1737088059884,"level":"debug","message":"Page request: GET (document) file:///tmp/jsreport/autocleanup/dced1132-64df-4933-9dc0-ac468412a144-chrome-pdf.html","meta":{"rootId":"d8qaydfnixuvlmv","id":"d8qaydfnixuvlmv"},"id":"0d51lbzk7mnpmrt","previousOperationId":"7dos5nkp6atagtd"}
{"type":"log","timestamp":1737088059898,"level":"debug","message":"Page request finished: GET (document) 200 file:///tmp/jsreport/autocleanup/dced1132-64df-4933-9dc0-ac468412a144-chrome-pdf.html","meta":{"rootId":"d8qaydfnixuvlmv","id":"d8qaydfnixuvlmv"},"id":"znzwiengrc2y6it","previousOperationId":"7dos5nkp6atagtd"}
{"type":"log","timestamp":1737088059899,"level":"debug","message":"Page request: GET (image) https://i.pinimg.com/736x/ac/66/fd/ac66fdbcf17e7c77173cf01c4dbb1cfc.jpg","meta":{"rootId":"d8qaydfnixuvlmv","id":"d8qaydfnixuvlmv"},"id":"yxxi2kxnz195nxt","previousOperationId":"7dos5nkp6atagtd"}
{"type":"log","timestamp":1737088059944,"level":"debug","message":"Page request finished: GET (image) 200 https://i.pinimg.com/736x/ac/66/fd/ac66fdbcf17e7c77173cf01c4dbb1cfc.jpg","meta":{"rootId":"d8qaydfnixuvlmv","id":"d8qaydfnixuvlmv"},"id":"cvuqx68qyfi6ybp","previousOperationId":"7dos5nkp6atagtd"}
{"type":"log","timestamp":1737088059953,"level":"debug","message":"Running chrome with params {\"printBackground\":true,\"timeout\":59423,\"margin\":{}}","meta":{"rootId":"d8qaydfnixuvlmv","id":"d8qaydfnixuvlmv"},"id":"b3aojdf94m9uzne","previousOperationId":"7dos5nkp6atagtd"}
{"type":"operationEnd","operationId":"7dos5nkp6atagtd","timestamp":1737088060101,"id":"unhp7krukrofgjb","previousEventId":"0t7034h7u3uljta","previousOperationId":"7dos5nkp6atagtd"}
{"type":"log","timestamp":1737088060102,"level":"debug","message":"Skipping storing report.","meta":{"rootId":"d8qaydfnixuvlmv","id":"d8qaydfnixuvlmv"},"id":"1n7p952igp7t2zc","previousOperationId":"7dos5nkp6atagtd"}
{"type":"log","timestamp":1737088060102,"level":"info","message":"Rendering request 3 finished in 1263 ms","meta":{"rootId":"d8qaydfnixuvlmv","id":"d8qaydfnixuvlmv"},"id":"uqre8nrn6imuxv2","previousOperationId":"7dos5nkp6atagtd"}
{"type":"operationEnd","subtype":"render","operationId":"ppu575f1t8davzk","timestamp":1737088060102,"id":"xsg6v6tmtm2z15r","previousEventId":"unhp7krukrofgjb","previousOperationId":"7dos5nkp6atagtd"}
{"type":"operationEnd","doDiffs":false,"previousEventId":"gbdmdxsrfv6nnyv","previousOperationId":"nrzx753a3o1o254","operationId":"nrzx753a3o1o254","timestamp":1737088060104,"id":"skh5s07plpvswx9"}
