{"type":"operationStart","subtype":"profile","data":{"_id":"gyQ7kjDrY8KrUulz","timestamp":"2025-01-17T04:51:59.236Z","state":"queued","mode":"standard","creationDate":"2025-01-17T04:51:59.237Z","modificationDate":"2025-01-17T04:51:59.237Z","shortid":"IZgsrsk","$entitySet":"profiles"},"doDiffs":false,"timestamp":1737089519236,"id":"9yte7xue63g4dmd","previousOperationId":null,"operationId":"8rxgrfkrae2e8ay"}
{"type":"log","level":"info","message":"Render request 13 queued for execution and waiting for available worker","previousOperationId":"8rxgrfkrae2e8ay","timestamp":1737089519236,"id":"71uja3qwb2ha9oa"}
{"type":"operationStart","subtype":"render","name":"reporte6","previousOperationId":"8rxgrfkrae2e8ay","timestamp":1737089519239,"id":"uq6vcnw2pe7mc0s","previousEventId":"9yte7xue63g4dmd","operationId":"3k3393p6j6x4cnk"}
{"type":"log","timestamp":1737089519239,"level":"info","message":"Starting rendering request 13","meta":{"rootId":"dmtkabc3lco7zb2","id":"dmtkabc3lco7zb2"},"id":"krl9s034yhkccoj","previousOperationId":"3k3393p6j6x4cnk"}
{"type":"log","timestamp":1737089519240,"level":"info","message":"Rendering template { name: reporte6, recipe: chrome-pdf, engine: handlebars, preview: false }","meta":{"rootId":"dmtkabc3lco7zb2","id":"dmtkabc3lco7zb2"},"id":"wjzqe9qqe1c8ibr","previousOperationId":"3k3393p6j6x4cnk"}
{"type":"log","timestamp":1737089519240,"level":"debug","message":"Inline data specified.","meta":{"rootId":"dmtkabc3lco7zb2","id":"dmtkabc3lco7zb2"},"id":"ymb4zcl8weuyzjs","previousOperationId":"3k3393p6j6x4cnk"}
{"type":"log","timestamp":1737089519240,"level":"debug","message":"Base url not specified, skipping its injection.","meta":{"rootId":"dmtkabc3lco7zb2","id":"dmtkabc3lco7zb2"},"id":"k2npzb012ouj4od","previousOperationId":"3k3393p6j6x4cnk"}
{"type":"operationStart","subtype":"engine","name":"handlebars","timestamp":1737089519241,"id":"nwmzapzzujiqerm","previousEventId":"uq6vcnw2pe7mc0s","operationId":"fl5uatpu4evns0l","previousOperationId":"3k3393p6j6x4cnk"}
{"type":"log","timestamp":1737089519241,"level":"debug","message":"Rendering engine handlebars","meta":{"rootId":"dmtkabc3lco7zb2","id":"dmtkabc3lco7zb2"},"id":"kztsxo415vjxsdt","previousOperationId":"fl5uatpu4evns0l"}
{"type":"operationEnd","operationId":"fl5uatpu4evns0l","timestamp":1737089519247,"id":"q253e773h38k2w9","previousEventId":"nwmzapzzujiqerm","previousOperationId":"fl5uatpu4evns0l"}
{"type":"operationStart","subtype":"recipe","name":"chrome-pdf","timestamp":1737089519247,"id":"jadx13wjbd2n2vs","previousEventId":"q253e773h38k2w9","operationId":"os8udpe83iopnd2","previousOperationId":"fl5uatpu4evns0l"}
{"type":"log","timestamp":1737089519247,"level":"debug","message":"Executing recipe chrome-pdf","meta":{"rootId":"dmtkabc3lco7zb2","id":"dmtkabc3lco7zb2"},"id":"nc8d2rg2n9nfdzx","previousOperationId":"os8udpe83iopnd2"}
{"type":"log","timestamp":1737089519572,"level":"debug","message":"Converting with chrome Chrome/131.0.6778.204 using dedicated-process strategy","meta":{"rootId":"dmtkabc3lco7zb2","id":"dmtkabc3lco7zb2"},"id":"wphci4es9uy5vhq","previousOperationId":"os8udpe83iopnd2"}
{"type":"log","timestamp":1737089519660,"level":"debug","message":"Page request: GET (document) file:///tmp/jsreport/autocleanup/66d36381-e714-4b36-907a-a1cf8bb8a801-chrome-pdf.html","meta":{"rootId":"dmtkabc3lco7zb2","id":"dmtkabc3lco7zb2"},"id":"8uud4tlo3gx1yf5","previousOperationId":"os8udpe83iopnd2"}
{"type":"log","timestamp":1737089519675,"level":"debug","message":"Page request finished: GET (document) 200 file:///tmp/jsreport/autocleanup/66d36381-e714-4b36-907a-a1cf8bb8a801-chrome-pdf.html","meta":{"rootId":"dmtkabc3lco7zb2","id":"dmtkabc3lco7zb2"},"id":"mpmaxeepsecopr7","previousOperationId":"os8udpe83iopnd2"}
{"type":"log","timestamp":1737089519676,"level":"debug","message":"Page request: GET (image) https://i.pinimg.com/736x/ac/66/fd/ac66fdbcf17e7c77173cf01c4dbb1cfc.jpg","meta":{"rootId":"dmtkabc3lco7zb2","id":"dmtkabc3lco7zb2"},"id":"2p7w7g4s8x23b3l","previousOperationId":"os8udpe83iopnd2"}
{"type":"log","timestamp":1737089519733,"level":"debug","message":"Page request finished: GET (image) 200 https://i.pinimg.com/736x/ac/66/fd/ac66fdbcf17e7c77173cf01c4dbb1cfc.jpg","meta":{"rootId":"dmtkabc3lco7zb2","id":"dmtkabc3lco7zb2"},"id":"vxq1oazghov6wy4","previousOperationId":"os8udpe83iopnd2"}
{"type":"log","timestamp":1737089519735,"level":"debug","message":"Running chrome with params {\"printBackground\":true,\"timeout\":59987,\"margin\":{}}","meta":{"rootId":"dmtkabc3lco7zb2","id":"dmtkabc3lco7zb2"},"id":"jen8wa1xp41gdv1","previousOperationId":"os8udpe83iopnd2"}
{"type":"operationEnd","operationId":"os8udpe83iopnd2","timestamp":1737089519902,"id":"rhcjz9ouhrwf6it","previousEventId":"jadx13wjbd2n2vs","previousOperationId":"os8udpe83iopnd2"}
{"type":"log","timestamp":1737089519902,"level":"debug","message":"Skipping storing report.","meta":{"rootId":"dmtkabc3lco7zb2","id":"dmtkabc3lco7zb2"},"id":"at7r4ghxgygv9uq","previousOperationId":"os8udpe83iopnd2"}
{"type":"log","timestamp":1737089519902,"level":"info","message":"Rendering request 13 finished in 667 ms","meta":{"rootId":"dmtkabc3lco7zb2","id":"dmtkabc3lco7zb2"},"id":"8tu8g70vjtx4jdd","previousOperationId":"os8udpe83iopnd2"}
{"type":"operationEnd","subtype":"render","operationId":"3k3393p6j6x4cnk","timestamp":1737089519902,"id":"grxhnitlc1kvs3h","previousEventId":"rhcjz9ouhrwf6it","previousOperationId":"os8udpe83iopnd2"}
{"type":"operationEnd","doDiffs":false,"previousEventId":"9yte7xue63g4dmd","previousOperationId":"8rxgrfkrae2e8ay","operationId":"8rxgrfkrae2e8ay","timestamp":1737089519907,"id":"q9ap32o5povdb3f"}
