{"type":"operationStart","subtype":"profile","data":{"_id":"eaRYX7NSjAzYeWmO","timestamp":"2025-01-17T04:27:36.523Z","state":"queued","mode":"standard","creationDate":"2025-01-17T04:27:36.524Z","modificationDate":"2025-01-17T04:27:36.524Z","shortid":"2OoE1SR","$entitySet":"profiles"},"doDiffs":false,"timestamp":1737088056524,"id":"k7qb61ssytju27p","previousOperationId":null,"operationId":"w94gomre43jhoaj"}
{"type":"log","level":"info","message":"Render request 2 queued for execution and waiting for available worker","previousOperationId":"w94gomre43jhoaj","timestamp":1737088056524,"id":"3z1458ozsh8u430"}
{"type":"operationStart","subtype":"render","name":"reporte6","previousOperationId":"w94gomre43jhoaj","timestamp":1737088056528,"id":"1e9j9hakbawhqeg","previousEventId":"k7qb61ssytju27p","operationId":"7kk0eeysygci71f"}
{"type":"log","timestamp":1737088056529,"level":"info","message":"Starting rendering request 2","meta":{"rootId":"rb78oamijmeivw8","id":"rb78oamijmeivw8"},"id":"io7fq1m0p3b3ua4","previousOperationId":"7kk0eeysygci71f"}
{"type":"log","timestamp":1737088056530,"level":"info","message":"Rendering template { name: reporte6, recipe: chrome-pdf, engine: handlebars, preview: false }","meta":{"rootId":"rb78oamijmeivw8","id":"rb78oamijmeivw8"},"id":"vowfdbhv98an8zj","previousOperationId":"7kk0eeysygci71f"}
{"type":"log","timestamp":1737088056532,"level":"debug","message":"Inline data specified.","meta":{"rootId":"rb78oamijmeivw8","id":"rb78oamijmeivw8"},"id":"50kij8dsywywrxu","previousOperationId":"7kk0eeysygci71f"}
{"type":"log","timestamp":1737088056533,"level":"debug","message":"Base url not specified, skipping its injection.","meta":{"rootId":"rb78oamijmeivw8","id":"rb78oamijmeivw8"},"id":"4weggbrimpql0hr","previousOperationId":"7kk0eeysygci71f"}
{"type":"operationStart","subtype":"engine","name":"handlebars","timestamp":1737088056534,"id":"a80cw8lszf2c9cx","previousEventId":"1e9j9hakbawhqeg","operationId":"bltvygcrm4wk9ay","previousOperationId":"7kk0eeysygci71f"}
{"type":"log","timestamp":1737088056534,"level":"debug","message":"Rendering engine handlebars","meta":{"rootId":"rb78oamijmeivw8","id":"rb78oamijmeivw8"},"id":"ng65vur24jwhbuc","previousOperationId":"bltvygcrm4wk9ay"}
{"type":"operationEnd","operationId":"bltvygcrm4wk9ay","timestamp":1737088057208,"id":"ixcy3dq7l7fafh5","previousEventId":"a80cw8lszf2c9cx","previousOperationId":"bltvygcrm4wk9ay"}
{"type":"operationStart","subtype":"recipe","name":"chrome-pdf","timestamp":1737088057208,"id":"mo4s4742hwm9pdb","previousEventId":"ixcy3dq7l7fafh5","operationId":"1cen8vhfx99jydi","previousOperationId":"bltvygcrm4wk9ay"}
{"type":"log","timestamp":1737088057208,"level":"debug","message":"Executing recipe chrome-pdf","meta":{"rootId":"rb78oamijmeivw8","id":"rb78oamijmeivw8"},"id":"n6uog40ky83gyui","previousOperationId":"1cen8vhfx99jydi"}
{"type":"log","timestamp":1737088057659,"level":"debug","message":"Converting with chrome Chrome/131.0.6778.204 using dedicated-process strategy","meta":{"rootId":"rb78oamijmeivw8","id":"rb78oamijmeivw8"},"id":"djrnr3rybq1f7o5","previousOperationId":"1cen8vhfx99jydi"}
{"type":"log","timestamp":1737088057735,"level":"debug","message":"Page request: GET (document) file:///tmp/jsreport/autocleanup/6ae66f42-9c88-4112-ab06-d60d2b47a7a8-chrome-pdf.html","meta":{"rootId":"rb78oamijmeivw8","id":"rb78oamijmeivw8"},"id":"dyfqn1zb0my6gbn","previousOperationId":"1cen8vhfx99jydi"}
{"type":"log","timestamp":1737088057752,"level":"debug","message":"Page request: GET (image) https://i.pinimg.com/736x/ac/66/fd/ac66fdbcf17e7c77173cf01c4dbb1cfc.jpg","meta":{"rootId":"rb78oamijmeivw8","id":"rb78oamijmeivw8"},"id":"vrapyo5llouvf9b","previousOperationId":"1cen8vhfx99jydi"}
{"type":"log","timestamp":1737088057753,"level":"debug","message":"Page request finished: GET (document) 200 file:///tmp/jsreport/autocleanup/6ae66f42-9c88-4112-ab06-d60d2b47a7a8-chrome-pdf.html","meta":{"rootId":"rb78oamijmeivw8","id":"rb78oamijmeivw8"},"id":"i7znlsndf5p20zj","previousOperationId":"1cen8vhfx99jydi"}
{"type":"log","timestamp":1737088057823,"level":"debug","message":"Page request finished: GET (image) 200 https://i.pinimg.com/736x/ac/66/fd/ac66fdbcf17e7c77173cf01c4dbb1cfc.jpg","meta":{"rootId":"rb78oamijmeivw8","id":"rb78oamijmeivw8"},"id":"z6wyfkq2t402p8a","previousOperationId":"1cen8vhfx99jydi"}
{"type":"log","timestamp":1737088057828,"level":"debug","message":"Running chrome with params {\"printBackground\":true,\"timeout\":59301,\"margin\":{}}","meta":{"rootId":"rb78oamijmeivw8","id":"rb78oamijmeivw8"},"id":"rg7kwuquaqu4xzs","previousOperationId":"1cen8vhfx99jydi"}
{"type":"operationEnd","operationId":"1cen8vhfx99jydi","timestamp":1737088058164,"id":"f1ywkgendrtr5ih","previousEventId":"mo4s4742hwm9pdb","previousOperationId":"1cen8vhfx99jydi"}
{"type":"log","timestamp":1737088058165,"level":"debug","message":"Skipping storing report.","meta":{"rootId":"rb78oamijmeivw8","id":"rb78oamijmeivw8"},"id":"snkr0l4bnewfl6n","previousOperationId":"1cen8vhfx99jydi"}
{"type":"log","timestamp":1737088058165,"level":"info","message":"Rendering request 2 finished in 1642 ms","meta":{"rootId":"rb78oamijmeivw8","id":"rb78oamijmeivw8"},"id":"fnhnfxom3mpxl33","previousOperationId":"1cen8vhfx99jydi"}
{"type":"operationEnd","subtype":"render","operationId":"7kk0eeysygci71f","timestamp":1737088058165,"id":"nj7xdgz4mq9f3sq","previousEventId":"f1ywkgendrtr5ih","previousOperationId":"1cen8vhfx99jydi"}
{"type":"operationEnd","doDiffs":false,"previousEventId":"k7qb61ssytju27p","previousOperationId":"w94gomre43jhoaj","operationId":"w94gomre43jhoaj","timestamp":1737088058168,"id":"evnzk8k38rn8hnm"}
