{"type":"operationStart","subtype":"profile","data":{"_id":"Jh5MIyuVcWa72bRa","timestamp":"2025-01-15T03:41:15.604Z","state":"queued","mode":"standard","creationDate":"2025-01-15T03:41:15.606Z","modificationDate":"2025-01-15T03:41:15.606Z","shortid":"28ce9-j","$entitySet":"profiles"},"doDiffs":false,"timestamp":1736912475605,"id":"wlu4v4h282jkb0i","previousOperationId":null,"operationId":"nlu5nkj2uvcpnvw"}
{"type":"log","level":"info","message":"Render request 1 queued for execution and waiting for available worker","previousOperationId":"nlu5nkj2uvcpnvw","timestamp":1736912475605,"id":"w345lsl7cyahd9r"}
{"type":"operationStart","subtype":"render","name":"reporte6","previousOperationId":"nlu5nkj2uvcpnvw","timestamp":1736912475616,"id":"guvkkut4yz6180w","previousEventId":"wlu4v4h282jkb0i","operationId":"0wosr5zperqpfjm"}
{"type":"log","timestamp":1736912475617,"level":"info","message":"Starting rendering request 1","meta":{"rootId":"x303b1kanllu7dt","id":"x303b1kanllu7dt"},"id":"vh3rl1vd1jmr9z9","previousOperationId":"0wosr5zperqpfjm"}
{"type":"log","timestamp":1736912475618,"level":"info","message":"Rendering template { name: reporte6, recipe: chrome-pdf, engine: handlebars, preview: false }","meta":{"rootId":"x303b1kanllu7dt","id":"x303b1kanllu7dt"},"id":"kknsjb8sqjee6kq","previousOperationId":"0wosr5zperqpfjm"}
{"type":"log","timestamp":1736912475619,"level":"debug","message":"Inline data specified.","meta":{"rootId":"x303b1kanllu7dt","id":"x303b1kanllu7dt"},"id":"hfly6cfm7zk71em","previousOperationId":"0wosr5zperqpfjm"}
{"type":"log","timestamp":1736912475621,"level":"debug","message":"Base url not specified, skipping its injection.","meta":{"rootId":"x303b1kanllu7dt","id":"x303b1kanllu7dt"},"id":"czq7c41h9h1kssr","previousOperationId":"0wosr5zperqpfjm"}
{"type":"operationStart","subtype":"engine","name":"handlebars","timestamp":1736912475623,"id":"rgffq1hcwbbqwn3","previousEventId":"guvkkut4yz6180w","operationId":"69gmtkwe34ezx99","previousOperationId":"0wosr5zperqpfjm"}
{"type":"log","timestamp":1736912475623,"level":"debug","message":"Rendering engine handlebars","meta":{"rootId":"x303b1kanllu7dt","id":"x303b1kanllu7dt"},"id":"mv9qba8uikiwtmk","previousOperationId":"69gmtkwe34ezx99"}
{"type":"operationEnd","operationId":"69gmtkwe34ezx99","timestamp":1736912476292,"id":"773qac75s5fe7gx","previousEventId":"rgffq1hcwbbqwn3","previousOperationId":"69gmtkwe34ezx99"}
{"type":"operationStart","subtype":"recipe","name":"chrome-pdf","timestamp":1736912476293,"id":"smufct3a8mv5688","previousEventId":"773qac75s5fe7gx","operationId":"mebbiqkfsaddtjs","previousOperationId":"69gmtkwe34ezx99"}
{"type":"log","timestamp":1736912476293,"level":"debug","message":"Executing recipe chrome-pdf","meta":{"rootId":"x303b1kanllu7dt","id":"x303b1kanllu7dt"},"id":"v0wp8vwd7997vqa","previousOperationId":"mebbiqkfsaddtjs"}
{"type":"log","timestamp":1736912478715,"level":"debug","message":"Converting with chrome Chrome/131.0.6778.204 using dedicated-process strategy","meta":{"rootId":"x303b1kanllu7dt","id":"x303b1kanllu7dt"},"id":"9gblrb1f7kp8z21","previousOperationId":"mebbiqkfsaddtjs"}
{"type":"log","timestamp":1736912478877,"level":"debug","message":"Page request: GET (document) file:///tmp/jsreport/autocleanup/dcc4bf8a-8f84-412a-9ee3-7db60d06241d-chrome-pdf.html","meta":{"rootId":"x303b1kanllu7dt","id":"x303b1kanllu7dt"},"id":"yekh5tt1vf6nom0","previousOperationId":"mebbiqkfsaddtjs"}
{"type":"log","timestamp":1736912478908,"level":"debug","message":"Page request: GET (image) https://i.pinimg.com/736x/ac/66/fd/ac66fdbcf17e7c77173cf01c4dbb1cfc.jpg","meta":{"rootId":"x303b1kanllu7dt","id":"x303b1kanllu7dt"},"id":"4pbbx9f83w63eu8","previousOperationId":"mebbiqkfsaddtjs"}
{"type":"log","timestamp":1736912478909,"level":"debug","message":"Page request finished: GET (document) 200 file:///tmp/jsreport/autocleanup/dcc4bf8a-8f84-412a-9ee3-7db60d06241d-chrome-pdf.html","meta":{"rootId":"x303b1kanllu7dt","id":"x303b1kanllu7dt"},"id":"3it1fj7seka63et","previousOperationId":"mebbiqkfsaddtjs"}
{"type":"log","timestamp":1736912478984,"level":"debug","message":"Page request finished: GET (image) 200 https://i.pinimg.com/736x/ac/66/fd/ac66fdbcf17e7c77173cf01c4dbb1cfc.jpg","meta":{"rootId":"x303b1kanllu7dt","id":"x303b1kanllu7dt"},"id":"dnv169c74si1h5n","previousOperationId":"mebbiqkfsaddtjs"}
{"type":"log","timestamp":1736912478992,"level":"debug","message":"Running chrome with params {\"printBackground\":true,\"timeout\":59305,\"margin\":{}}","meta":{"rootId":"x303b1kanllu7dt","id":"x303b1kanllu7dt"},"id":"9bfuxid2hvoiwpo","previousOperationId":"mebbiqkfsaddtjs"}
{"type":"operationEnd","operationId":"mebbiqkfsaddtjs","timestamp":1736912479171,"id":"e3hglchvvphefny","previousEventId":"smufct3a8mv5688","previousOperationId":"mebbiqkfsaddtjs"}
{"type":"log","timestamp":1736912479172,"level":"debug","message":"Skipping storing report.","meta":{"rootId":"x303b1kanllu7dt","id":"x303b1kanllu7dt"},"id":"kt0rrgwpp88k7n9","previousOperationId":"mebbiqkfsaddtjs"}
{"type":"log","timestamp":1736912479172,"level":"info","message":"Rendering request 1 finished in 3569 ms","meta":{"rootId":"x303b1kanllu7dt","id":"x303b1kanllu7dt"},"id":"j9paz1y5xtybymv","previousOperationId":"mebbiqkfsaddtjs"}
{"type":"operationEnd","subtype":"render","operationId":"0wosr5zperqpfjm","timestamp":1736912479172,"id":"d3ryhu4dejz6lcu","previousEventId":"e3hglchvvphefny","previousOperationId":"mebbiqkfsaddtjs"}
{"type":"operationEnd","doDiffs":false,"previousEventId":"wlu4v4h282jkb0i","previousOperationId":"nlu5nkj2uvcpnvw","operationId":"nlu5nkj2uvcpnvw","timestamp":1736912479174,"id":"i8vkmdg4uj2xfgd"}
