{"type":"operationStart","subtype":"profile","data":{"_id":"gpTAb32jiN4t7FYB","timestamp":"2025-01-16T01:29:27.984Z","state":"queued","mode":"standard","creationDate":"2025-01-16T01:29:27.985Z","modificationDate":"2025-01-16T01:29:27.985Z","shortid":"pDFhkbb","$entitySet":"profiles"},"doDiffs":false,"timestamp":1736990967985,"id":"ohik0fhw6ifittc","previousOperationId":null,"operationId":"4dg2kcx0x757hv6"}
{"type":"log","level":"info","message":"Render request 1 queued for execution and waiting for available worker","previousOperationId":"4dg2kcx0x757hv6","timestamp":1736990967985,"id":"y04nhtm0x1h25e2"}
{"type":"operationStart","subtype":"render","name":"caracteristicasModelos","previousOperationId":"4dg2kcx0x757hv6","timestamp":1736990967998,"id":"3r35tpjoczdvfb7","previousEventId":"ohik0fhw6ifittc","operationId":"joppyon9o0899as"}
{"type":"log","timestamp":1736990967998,"level":"info","message":"Starting rendering request 1","meta":{"rootId":"9pysmfj7usjm9fd","id":"9pysmfj7usjm9fd"},"id":"r5uku2qdjvu7v8n","previousOperationId":"joppyon9o0899as"}
{"type":"log","timestamp":1736990968000,"level":"info","message":"Rendering template { name: caracteristicasModelos, recipe: chrome-pdf, engine: handlebars, preview: false }","meta":{"rootId":"9pysmfj7usjm9fd","id":"9pysmfj7usjm9fd"},"id":"n5jfnkk7ko4fyam","previousOperationId":"joppyon9o0899as"}
{"type":"log","timestamp":1736990968000,"level":"debug","message":"Inline data specified.","meta":{"rootId":"9pysmfj7usjm9fd","id":"9pysmfj7usjm9fd"},"id":"mwz8qmgq80ra85m","previousOperationId":"joppyon9o0899as"}
{"type":"log","timestamp":1736990968003,"level":"debug","message":"Base url not specified, skipping its injection.","meta":{"rootId":"9pysmfj7usjm9fd","id":"9pysmfj7usjm9fd"},"id":"jonnnp8u2s8zsih","previousOperationId":"joppyon9o0899as"}
{"type":"operationStart","subtype":"engine","name":"handlebars","timestamp":1736990968005,"id":"e4w0hqss4ijzgga","previousEventId":"3r35tpjoczdvfb7","operationId":"qu49lp2c3fayjxp","previousOperationId":"joppyon9o0899as"}
{"type":"log","timestamp":1736990968005,"level":"debug","message":"Rendering engine handlebars","meta":{"rootId":"9pysmfj7usjm9fd","id":"9pysmfj7usjm9fd"},"id":"zxewqw66182orgu","previousOperationId":"qu49lp2c3fayjxp"}
{"type":"operationEnd","operationId":"qu49lp2c3fayjxp","timestamp":1736990968548,"id":"sy6ql7a6feslgrw","previousEventId":"e4w0hqss4ijzgga","previousOperationId":"qu49lp2c3fayjxp"}
{"type":"operationStart","subtype":"recipe","name":"chrome-pdf","timestamp":1736990968549,"id":"5j27i47pljsqmsi","previousEventId":"sy6ql7a6feslgrw","operationId":"ns2bb0bcqrsek44","previousOperationId":"qu49lp2c3fayjxp"}
{"type":"log","timestamp":1736990968549,"level":"debug","message":"Executing recipe chrome-pdf","meta":{"rootId":"9pysmfj7usjm9fd","id":"9pysmfj7usjm9fd"},"id":"8f3popaki4hmj9k","previousOperationId":"ns2bb0bcqrsek44"}
{"type":"log","timestamp":1736990968919,"level":"debug","message":"Converting with chrome Chrome/131.0.6778.204 using dedicated-process strategy","meta":{"rootId":"9pysmfj7usjm9fd","id":"9pysmfj7usjm9fd"},"id":"4bphfhphz9y9wwk","previousOperationId":"ns2bb0bcqrsek44"}
{"type":"log","timestamp":1736990968999,"level":"debug","message":"Page request: GET (document) file:///tmp/jsreport/autocleanup/5150850e-c21c-424c-8775-fbe6330021eb-chrome-pdf.html","meta":{"rootId":"9pysmfj7usjm9fd","id":"9pysmfj7usjm9fd"},"id":"y9ew0n1oicxpwvx","previousOperationId":"ns2bb0bcqrsek44"}
{"type":"log","timestamp":1736990969022,"level":"debug","message":"Page request finished: GET (document) 200 file:///tmp/jsreport/autocleanup/5150850e-c21c-424c-8775-fbe6330021eb-chrome-pdf.html","meta":{"rootId":"9pysmfj7usjm9fd","id":"9pysmfj7usjm9fd"},"id":"f5do6junfhb6g3n","previousOperationId":"ns2bb0bcqrsek44"}
{"type":"log","timestamp":1736990969026,"level":"debug","message":"Page request: GET (image) https://i.pinimg.com/736x/ac/66/fd/ac66fdbcf17e7c77173cf01c4dbb1cfc.jpg","meta":{"rootId":"9pysmfj7usjm9fd","id":"9pysmfj7usjm9fd"},"id":"ouvwo3lw32legsh","previousOperationId":"ns2bb0bcqrsek44"}
{"type":"log","timestamp":1736990969113,"level":"debug","message":"Page request finished: GET (image) 200 https://i.pinimg.com/736x/ac/66/fd/ac66fdbcf17e7c77173cf01c4dbb1cfc.jpg","meta":{"rootId":"9pysmfj7usjm9fd","id":"9pysmfj7usjm9fd"},"id":"q6ddxv6m1nj0z9b","previousOperationId":"ns2bb0bcqrsek44"}
{"type":"log","timestamp":1736990969118,"level":"debug","message":"Running chrome with params {\"printBackground\":true,\"landscape\":true,\"format\":\"A1\",\"width\":\"\",\"height\":\"\",\"timeout\":59431,\"margin\":{}}","meta":{"rootId":"9pysmfj7usjm9fd","id":"9pysmfj7usjm9fd"},"id":"gqugoykspoj0bz5","previousOperationId":"ns2bb0bcqrsek44"}
{"type":"operationEnd","operationId":"ns2bb0bcqrsek44","timestamp":1736990969270,"id":"x2mxvsq5s1hrde3","previousEventId":"5j27i47pljsqmsi","previousOperationId":"ns2bb0bcqrsek44"}
{"type":"log","timestamp":1736990969271,"level":"debug","message":"Skipping storing report.","meta":{"rootId":"9pysmfj7usjm9fd","id":"9pysmfj7usjm9fd"},"id":"bq3zte91897lp4r","previousOperationId":"ns2bb0bcqrsek44"}
{"type":"log","timestamp":1736990969271,"level":"info","message":"Rendering request 1 finished in 1288 ms","meta":{"rootId":"9pysmfj7usjm9fd","id":"9pysmfj7usjm9fd"},"id":"724wydwasdlobh7","previousOperationId":"ns2bb0bcqrsek44"}
{"type":"operationEnd","subtype":"render","operationId":"joppyon9o0899as","timestamp":1736990969271,"id":"z2cz6hhmdjsewsg","previousEventId":"x2mxvsq5s1hrde3","previousOperationId":"ns2bb0bcqrsek44"}
{"type":"operationEnd","doDiffs":false,"previousEventId":"ohik0fhw6ifittc","previousOperationId":"4dg2kcx0x757hv6","operationId":"4dg2kcx0x757hv6","timestamp":1736990969273,"id":"g5qsn9xyjjs2w7u"}
