{"type":"operationStart","subtype":"profile","data":{"_id":"qj6KocWxLJA89fAr","timestamp":"2025-01-17T06:08:00.434Z","state":"queued","mode":"standard","creationDate":"2025-01-17T06:08:00.436Z","modificationDate":"2025-01-17T06:08:00.436Z","shortid":"vdG0YZX","$entitySet":"profiles"},"doDiffs":false,"timestamp":1737094080435,"id":"j19msoy6rsjmwtt","previousOperationId":null,"operationId":"q2owvzqsz9hlrqi"}
{"type":"log","level":"info","message":"Render request 10 queued for execution and waiting for available worker","previousOperationId":"q2owvzqsz9hlrqi","timestamp":1737094080435,"id":"xrws4bifns9knyq"}
{"type":"operationStart","subtype":"render","name":"caracteristicasModelos","previousOperationId":"q2owvzqsz9hlrqi","timestamp":1737094080442,"id":"h1qoej2s5bhy1d1","previousEventId":"j19msoy6rsjmwtt","operationId":"ghk9zp5ch45v54n"}
{"type":"log","timestamp":1737094080442,"level":"info","message":"Starting rendering request 10","meta":{"rootId":"co83k89tismsshc","id":"co83k89tismsshc"},"id":"3h27r0dp295oku7","previousOperationId":"ghk9zp5ch45v54n"}
{"type":"log","timestamp":1737094080442,"level":"info","message":"Rendering template { name: caracteristicasModelos, recipe: chrome-pdf, engine: handlebars, preview: false }","meta":{"rootId":"co83k89tismsshc","id":"co83k89tismsshc"},"id":"r8369d4fevioxb3","previousOperationId":"ghk9zp5ch45v54n"}
{"type":"log","timestamp":1737094080442,"level":"debug","message":"Inline data specified.","meta":{"rootId":"co83k89tismsshc","id":"co83k89tismsshc"},"id":"095yiap2mfq5d8f","previousOperationId":"ghk9zp5ch45v54n"}
{"type":"log","timestamp":1737094080443,"level":"debug","message":"Base url not specified, skipping its injection.","meta":{"rootId":"co83k89tismsshc","id":"co83k89tismsshc"},"id":"7mb6bp22q3jj7zo","previousOperationId":"ghk9zp5ch45v54n"}
{"type":"operationStart","subtype":"engine","name":"handlebars","timestamp":1737094080444,"id":"qv5odjm1dzryq3f","previousEventId":"h1qoej2s5bhy1d1","operationId":"bzfp9m66o3tssoq","previousOperationId":"ghk9zp5ch45v54n"}
{"type":"log","timestamp":1737094080444,"level":"debug","message":"Rendering engine handlebars","meta":{"rootId":"co83k89tismsshc","id":"co83k89tismsshc"},"id":"eyzldhvec9v589i","previousOperationId":"bzfp9m66o3tssoq"}
{"type":"operationEnd","operationId":"bzfp9m66o3tssoq","timestamp":1737094080456,"id":"pm1vellvxkned6v","previousEventId":"qv5odjm1dzryq3f","previousOperationId":"bzfp9m66o3tssoq"}
{"type":"operationStart","subtype":"recipe","name":"chrome-pdf","timestamp":1737094080457,"id":"uiytk452hmg6eek","previousEventId":"pm1vellvxkned6v","operationId":"cgltat2c53hwcwq","previousOperationId":"bzfp9m66o3tssoq"}
{"type":"log","timestamp":1737094080457,"level":"debug","message":"Executing recipe chrome-pdf","meta":{"rootId":"co83k89tismsshc","id":"co83k89tismsshc"},"id":"6qywh5j93vmsay3","previousOperationId":"cgltat2c53hwcwq"}
{"type":"log","timestamp":1737094080776,"level":"debug","message":"Converting with chrome Chrome/131.0.6778.204 using dedicated-process strategy","meta":{"rootId":"co83k89tismsshc","id":"co83k89tismsshc"},"id":"4rwdj9p5xgn5s60","previousOperationId":"cgltat2c53hwcwq"}
{"type":"log","timestamp":1737094080881,"level":"debug","message":"Page request: GET (document) file:///tmp/jsreport/autocleanup/c24ce535-ed4a-4e7d-b38a-1be9596f3141-chrome-pdf.html","meta":{"rootId":"co83k89tismsshc","id":"co83k89tismsshc"},"id":"wzheragi28p03t0","previousOperationId":"cgltat2c53hwcwq"}
{"type":"log","timestamp":1737094080893,"level":"debug","message":"Page request finished: GET (document) 200 file:///tmp/jsreport/autocleanup/c24ce535-ed4a-4e7d-b38a-1be9596f3141-chrome-pdf.html","meta":{"rootId":"co83k89tismsshc","id":"co83k89tismsshc"},"id":"pga7d92pfou7n0g","previousOperationId":"cgltat2c53hwcwq"}
{"type":"log","timestamp":1737094080895,"level":"debug","message":"Page request: GET (image) https://i.pinimg.com/736x/ac/66/fd/ac66fdbcf17e7c77173cf01c4dbb1cfc.jpg","meta":{"rootId":"co83k89tismsshc","id":"co83k89tismsshc"},"id":"48rumtlplsjrou2","previousOperationId":"cgltat2c53hwcwq"}
{"type":"log","timestamp":1737094080952,"level":"debug","message":"Page request finished: GET (image) 200 https://i.pinimg.com/736x/ac/66/fd/ac66fdbcf17e7c77173cf01c4dbb1cfc.jpg","meta":{"rootId":"co83k89tismsshc","id":"co83k89tismsshc"},"id":"xo6dru9cb7ozzg5","previousOperationId":"cgltat2c53hwcwq"}
{"type":"log","timestamp":1737094080962,"level":"debug","message":"Running chrome with params {\"printBackground\":true,\"landscape\":true,\"format\":\"A1\",\"width\":\"\",\"height\":\"\",\"timeout\":59976,\"margin\":{}}","meta":{"rootId":"co83k89tismsshc","id":"co83k89tismsshc"},"id":"1408ireibdanpj8","previousOperationId":"cgltat2c53hwcwq"}
{"type":"operationEnd","operationId":"cgltat2c53hwcwq","timestamp":1737094081170,"id":"n6xcpy7mngi0elm","previousEventId":"uiytk452hmg6eek","previousOperationId":"cgltat2c53hwcwq"}
{"type":"log","timestamp":1737094081170,"level":"debug","message":"Skipping storing report.","meta":{"rootId":"co83k89tismsshc","id":"co83k89tismsshc"},"id":"0sdo3vink9j2k9g","previousOperationId":"cgltat2c53hwcwq"}
{"type":"log","timestamp":1737094081170,"level":"info","message":"Rendering request 10 finished in 736 ms","meta":{"rootId":"co83k89tismsshc","id":"co83k89tismsshc"},"id":"5y00bvyw7gi0bx3","previousOperationId":"cgltat2c53hwcwq"}
{"type":"operationEnd","subtype":"render","operationId":"ghk9zp5ch45v54n","timestamp":1737094081170,"id":"ep8rqyw1q9t3ttc","previousEventId":"n6xcpy7mngi0elm","previousOperationId":"cgltat2c53hwcwq"}
{"type":"operationEnd","doDiffs":false,"previousEventId":"j19msoy6rsjmwtt","previousOperationId":"q2owvzqsz9hlrqi","operationId":"q2owvzqsz9hlrqi","timestamp":1737094081171,"id":"tmak7btpe36aq5i"}
