{"type":"operationStart","subtype":"profile","data":{"_id":"D50tf1NGNTMSvLzY","timestamp":"2025-01-16T23:59:54.602Z","state":"queued","mode":"standard","creationDate":"2025-01-16T23:59:54.604Z","modificationDate":"2025-01-16T23:59:54.604Z","shortid":"fh6VIVt","$entitySet":"profiles"},"doDiffs":false,"timestamp":1737071994603,"id":"fmwfr5sqpxe3oh2","previousOperationId":null,"operationId":"vgmy9o1yhcnqg88"}
{"type":"log","level":"info","message":"Render request 1 queued for execution and waiting for available worker","previousOperationId":"vgmy9o1yhcnqg88","timestamp":1737071994603,"id":"6tn9im4smmyp7mq"}
{"type":"operationStart","subtype":"render","name":"caracteristicasModelos","previousOperationId":"vgmy9o1yhcnqg88","timestamp":1737071994615,"id":"7libi4ftd701lzz","previousEventId":"fmwfr5sqpxe3oh2","operationId":"2k6tlx890nptq4w"}
{"type":"log","timestamp":1737071994615,"level":"info","message":"Starting rendering request 1","meta":{"rootId":"doz39uf3jqqzwrz","id":"doz39uf3jqqzwrz"},"id":"4ffrozgpo0r4cw2","previousOperationId":"2k6tlx890nptq4w"}
{"type":"log","timestamp":1737071994617,"level":"info","message":"Rendering template { name: caracteristicasModelos, recipe: chrome-pdf, engine: handlebars, preview: false }","meta":{"rootId":"doz39uf3jqqzwrz","id":"doz39uf3jqqzwrz"},"id":"9pamfdu97a9hdan","previousOperationId":"2k6tlx890nptq4w"}
{"type":"log","timestamp":1737071994617,"level":"debug","message":"Inline data specified.","meta":{"rootId":"doz39uf3jqqzwrz","id":"doz39uf3jqqzwrz"},"id":"kz28zpdlhrq60ig","previousOperationId":"2k6tlx890nptq4w"}
{"type":"log","timestamp":1737071994619,"level":"debug","message":"Base url not specified, skipping its injection.","meta":{"rootId":"doz39uf3jqqzwrz","id":"doz39uf3jqqzwrz"},"id":"exwia4v9r0rqlju","previousOperationId":"2k6tlx890nptq4w"}
{"type":"operationStart","subtype":"engine","name":"handlebars","timestamp":1737071994620,"id":"d5uop8sqjarcbrx","previousEventId":"7libi4ftd701lzz","operationId":"tr1a4xb4sd7fwk7","previousOperationId":"2k6tlx890nptq4w"}
{"type":"log","timestamp":1737071994620,"level":"debug","message":"Rendering engine handlebars","meta":{"rootId":"doz39uf3jqqzwrz","id":"doz39uf3jqqzwrz"},"id":"ucrmykcem3p1d3w","previousOperationId":"tr1a4xb4sd7fwk7"}
{"type":"operationEnd","operationId":"tr1a4xb4sd7fwk7","timestamp":1737071995264,"id":"dd47zoir8jabimc","previousEventId":"d5uop8sqjarcbrx","previousOperationId":"tr1a4xb4sd7fwk7"}
{"type":"operationStart","subtype":"recipe","name":"chrome-pdf","timestamp":1737071995265,"id":"ri3vw7edzg8o0n5","previousEventId":"dd47zoir8jabimc","operationId":"dvczwudeznmqpzh","previousOperationId":"tr1a4xb4sd7fwk7"}
{"type":"log","timestamp":1737071995265,"level":"debug","message":"Executing recipe chrome-pdf","meta":{"rootId":"doz39uf3jqqzwrz","id":"doz39uf3jqqzwrz"},"id":"c97dqtox2c32ksx","previousOperationId":"dvczwudeznmqpzh"}
{"type":"log","timestamp":1737071998485,"level":"debug","message":"Converting with chrome Chrome/131.0.6778.204 using dedicated-process strategy","meta":{"rootId":"doz39uf3jqqzwrz","id":"doz39uf3jqqzwrz"},"id":"5wrxk0atdl5xt4z","previousOperationId":"dvczwudeznmqpzh"}
{"type":"log","timestamp":1737071998637,"level":"debug","message":"Page request: GET (document) file:///tmp/jsreport/autocleanup/b39022a6-b88a-43b4-921c-2b3a45e3cb58-chrome-pdf.html","meta":{"rootId":"doz39uf3jqqzwrz","id":"doz39uf3jqqzwrz"},"id":"h2i22eon9bv97fz","previousOperationId":"dvczwudeznmqpzh"}
{"type":"log","timestamp":1737071998663,"level":"debug","message":"Page request finished: GET (document) 200 file:///tmp/jsreport/autocleanup/b39022a6-b88a-43b4-921c-2b3a45e3cb58-chrome-pdf.html","meta":{"rootId":"doz39uf3jqqzwrz","id":"doz39uf3jqqzwrz"},"id":"w2adbhu6b5u9e2d","previousOperationId":"dvczwudeznmqpzh"}
{"type":"log","timestamp":1737071998664,"level":"debug","message":"Page request: GET (image) https://i.pinimg.com/736x/ac/66/fd/ac66fdbcf17e7c77173cf01c4dbb1cfc.jpg","meta":{"rootId":"doz39uf3jqqzwrz","id":"doz39uf3jqqzwrz"},"id":"14fmz41zv6e2728","previousOperationId":"dvczwudeznmqpzh"}
{"type":"log","timestamp":1737071998720,"level":"debug","message":"Page request finished: GET (image) 200 https://i.pinimg.com/736x/ac/66/fd/ac66fdbcf17e7c77173cf01c4dbb1cfc.jpg","meta":{"rootId":"doz39uf3jqqzwrz","id":"doz39uf3jqqzwrz"},"id":"i02iw26b4frhfak","previousOperationId":"dvczwudeznmqpzh"}
{"type":"log","timestamp":1737071998726,"level":"debug","message":"Running chrome with params {\"printBackground\":true,\"landscape\":true,\"format\":\"A1\",\"width\":\"\",\"height\":\"\",\"timeout\":59325,\"margin\":{}}","meta":{"rootId":"doz39uf3jqqzwrz","id":"doz39uf3jqqzwrz"},"id":"43xehwyp8one8a9","previousOperationId":"dvczwudeznmqpzh"}
{"type":"operationEnd","operationId":"dvczwudeznmqpzh","timestamp":1737071999045,"id":"0xygoybe4pkzgge","previousEventId":"ri3vw7edzg8o0n5","previousOperationId":"dvczwudeznmqpzh"}
{"type":"log","timestamp":1737071999046,"level":"debug","message":"Skipping storing report.","meta":{"rootId":"doz39uf3jqqzwrz","id":"doz39uf3jqqzwrz"},"id":"k4xfe13jszz2mxx","previousOperationId":"dvczwudeznmqpzh"}
{"type":"log","timestamp":1737071999046,"level":"info","message":"Rendering request 1 finished in 4445 ms","meta":{"rootId":"doz39uf3jqqzwrz","id":"doz39uf3jqqzwrz"},"id":"lmsgf59xcjh9o1u","previousOperationId":"dvczwudeznmqpzh"}
{"type":"operationEnd","subtype":"render","operationId":"2k6tlx890nptq4w","timestamp":1737071999046,"id":"7ymrg0lfsh44a1c","previousEventId":"0xygoybe4pkzgge","previousOperationId":"dvczwudeznmqpzh"}
{"type":"operationEnd","doDiffs":false,"previousEventId":"fmwfr5sqpxe3oh2","previousOperationId":"vgmy9o1yhcnqg88","operationId":"vgmy9o1yhcnqg88","timestamp":1737071999049,"id":"rblnu80gtm169wl"}
