{"type":"operationStart","subtype":"profile","data":{"_id":"9aAf88XqQVrifA13","timestamp":"2025-01-16T01:32:07.172Z","state":"queued","mode":"standard","creationDate":"2025-01-16T01:32:07.174Z","modificationDate":"2025-01-16T01:32:07.174Z","shortid":"P7169Sl","$entitySet":"profiles"},"doDiffs":false,"timestamp":1736991127173,"id":"f9aos1ncqzu4fmj","previousOperationId":null,"operationId":"nmjkjufjbpdlost"}
{"type":"log","level":"info","message":"Render request 1 queued for execution and waiting for available worker","previousOperationId":"nmjkjufjbpdlost","timestamp":1736991127173,"id":"l25othk77ty6pt5"}
{"type":"operationStart","subtype":"render","name":"caracteristicasModelos","previousOperationId":"nmjkjufjbpdlost","timestamp":1736991127184,"id":"ldxwgm7oay4jel3","previousEventId":"f9aos1ncqzu4fmj","operationId":"6sjdh0m9sfbj285"}
{"type":"log","timestamp":1736991127185,"level":"info","message":"Starting rendering request 1","meta":{"rootId":"jhqn2zcroedswji","id":"jhqn2zcroedswji"},"id":"36jf8lreqtcfr12","previousOperationId":"6sjdh0m9sfbj285"}
{"type":"log","timestamp":1736991127186,"level":"info","message":"Rendering template { name: caracteristicasModelos, recipe: chrome-pdf, engine: handlebars, preview: false }","meta":{"rootId":"jhqn2zcroedswji","id":"jhqn2zcroedswji"},"id":"celh7passu91gww","previousOperationId":"6sjdh0m9sfbj285"}
{"type":"log","timestamp":1736991127187,"level":"debug","message":"Inline data specified.","meta":{"rootId":"jhqn2zcroedswji","id":"jhqn2zcroedswji"},"id":"99oddxwwbnt0wyd","previousOperationId":"6sjdh0m9sfbj285"}
{"type":"log","timestamp":1736991127189,"level":"debug","message":"Base url not specified, skipping its injection.","meta":{"rootId":"jhqn2zcroedswji","id":"jhqn2zcroedswji"},"id":"5df4v77ck9oiia8","previousOperationId":"6sjdh0m9sfbj285"}
{"type":"operationStart","subtype":"engine","name":"handlebars","timestamp":1736991127190,"id":"dp6sk4nma60ry3d","previousEventId":"ldxwgm7oay4jel3","operationId":"hp2931eblvef886","previousOperationId":"6sjdh0m9sfbj285"}
{"type":"log","timestamp":1736991127190,"level":"debug","message":"Rendering engine handlebars","meta":{"rootId":"jhqn2zcroedswji","id":"jhqn2zcroedswji"},"id":"smr4d5spiwdt534","previousOperationId":"hp2931eblvef886"}
{"type":"operationEnd","operationId":"hp2931eblvef886","timestamp":1736991127741,"id":"k3qxl19a3pbj3xd","previousEventId":"dp6sk4nma60ry3d","previousOperationId":"hp2931eblvef886"}
{"type":"operationStart","subtype":"recipe","name":"chrome-pdf","timestamp":1736991127742,"id":"lm2rd38zkbeu9u2","previousEventId":"k3qxl19a3pbj3xd","operationId":"m0trs5zjlsgbgqz","previousOperationId":"hp2931eblvef886"}
{"type":"log","timestamp":1736991127742,"level":"debug","message":"Executing recipe chrome-pdf","meta":{"rootId":"jhqn2zcroedswji","id":"jhqn2zcroedswji"},"id":"oab3hplokqdnl0y","previousOperationId":"m0trs5zjlsgbgqz"}
{"type":"log","timestamp":1736991128120,"level":"debug","message":"Converting with chrome Chrome/131.0.6778.204 using dedicated-process strategy","meta":{"rootId":"jhqn2zcroedswji","id":"jhqn2zcroedswji"},"id":"qk0pw193m6xxbl6","previousOperationId":"m0trs5zjlsgbgqz"}
{"type":"log","timestamp":1736991128202,"level":"debug","message":"Page request: GET (document) file:///tmp/jsreport/autocleanup/08b6a18e-65d7-4aed-b4af-34051d21b1a3-chrome-pdf.html","meta":{"rootId":"jhqn2zcroedswji","id":"jhqn2zcroedswji"},"id":"5chefexp8jx2wrj","previousOperationId":"m0trs5zjlsgbgqz"}
{"type":"log","timestamp":1736991128221,"level":"debug","message":"Page request finished: GET (document) 200 file:///tmp/jsreport/autocleanup/08b6a18e-65d7-4aed-b4af-34051d21b1a3-chrome-pdf.html","meta":{"rootId":"jhqn2zcroedswji","id":"jhqn2zcroedswji"},"id":"7kn9wnyci0zy01z","previousOperationId":"m0trs5zjlsgbgqz"}
{"type":"log","timestamp":1736991128223,"level":"debug","message":"Page request: GET (image) https://i.pinimg.com/736x/ac/66/fd/ac66fdbcf17e7c77173cf01c4dbb1cfc.jpg","meta":{"rootId":"jhqn2zcroedswji","id":"jhqn2zcroedswji"},"id":"cn8emq84gsh7jn5","previousOperationId":"m0trs5zjlsgbgqz"}
{"type":"log","timestamp":1736991128265,"level":"debug","message":"Page request finished: GET (image) 200 https://i.pinimg.com/736x/ac/66/fd/ac66fdbcf17e7c77173cf01c4dbb1cfc.jpg","meta":{"rootId":"jhqn2zcroedswji","id":"jhqn2zcroedswji"},"id":"e9gmtttrm5qtqz0","previousOperationId":"m0trs5zjlsgbgqz"}
{"type":"log","timestamp":1736991128269,"level":"debug","message":"Running chrome with params {\"printBackground\":true,\"landscape\":true,\"format\":\"A1\",\"width\":\"\",\"height\":\"\",\"timeout\":59418,\"margin\":{}}","meta":{"rootId":"jhqn2zcroedswji","id":"jhqn2zcroedswji"},"id":"qwlx8p5ihv3qpp0","previousOperationId":"m0trs5zjlsgbgqz"}
{"type":"operationEnd","operationId":"m0trs5zjlsgbgqz","timestamp":1736991128422,"id":"u5wlb9qv4jft8uq","previousEventId":"lm2rd38zkbeu9u2","previousOperationId":"m0trs5zjlsgbgqz"}
{"type":"log","timestamp":1736991128423,"level":"debug","message":"Skipping storing report.","meta":{"rootId":"jhqn2zcroedswji","id":"jhqn2zcroedswji"},"id":"y9111noyooeni2q","previousOperationId":"m0trs5zjlsgbgqz"}
{"type":"log","timestamp":1736991128423,"level":"info","message":"Rendering request 1 finished in 1252 ms","meta":{"rootId":"jhqn2zcroedswji","id":"jhqn2zcroedswji"},"id":"g88o7sq6v4h3y9p","previousOperationId":"m0trs5zjlsgbgqz"}
{"type":"operationEnd","subtype":"render","operationId":"6sjdh0m9sfbj285","timestamp":1736991128423,"id":"53zwhnaydu876qk","previousEventId":"u5wlb9qv4jft8uq","previousOperationId":"m0trs5zjlsgbgqz"}
{"type":"operationEnd","doDiffs":false,"previousEventId":"f9aos1ncqzu4fmj","previousOperationId":"nmjkjufjbpdlost","operationId":"nmjkjufjbpdlost","timestamp":1736991128425,"id":"9c4u784ww7ihs0q"}
