{"type":"operationStart","subtype":"profile","data":{"_id":"0NsSBHWKFXCEcudR","timestamp":"2025-01-16T01:26:38.741Z","state":"queued","mode":"standard","creationDate":"2025-01-16T01:26:38.743Z","modificationDate":"2025-01-16T01:26:38.743Z","shortid":"hAupp7T","$entitySet":"profiles"},"doDiffs":false,"timestamp":1736990798742,"id":"a8nrjhij6hjvo8d","previousOperationId":null,"operationId":"79lizdl8s8j6f66"}
{"type":"log","level":"info","message":"Render request 1 queued for execution and waiting for available worker","previousOperationId":"79lizdl8s8j6f66","timestamp":1736990798742,"id":"osoqb1jhxf2b0li"}
{"type":"operationStart","subtype":"render","name":"caracteristicasModelos","previousOperationId":"79lizdl8s8j6f66","timestamp":1736990798753,"id":"wihx5jkwvpjinjh","previousEventId":"a8nrjhij6hjvo8d","operationId":"5nopsv7rzvdh28p"}
{"type":"log","timestamp":1736990798754,"level":"info","message":"Starting rendering request 1","meta":{"rootId":"p6otq83oz167rz6","id":"p6otq83oz167rz6"},"id":"lx34rjl09liwyho","previousOperationId":"5nopsv7rzvdh28p"}
{"type":"log","timestamp":1736990798756,"level":"info","message":"Rendering template { name: caracteristicasModelos, recipe: chrome-pdf, engine: handlebars, preview: false }","meta":{"rootId":"p6otq83oz167rz6","id":"p6otq83oz167rz6"},"id":"dc1jbtug0clnjlp","previousOperationId":"5nopsv7rzvdh28p"}
{"type":"log","timestamp":1736990798756,"level":"debug","message":"Inline data specified.","meta":{"rootId":"p6otq83oz167rz6","id":"p6otq83oz167rz6"},"id":"rjjhgu4vc8vt91i","previousOperationId":"5nopsv7rzvdh28p"}
{"type":"log","timestamp":1736990798759,"level":"debug","message":"Base url not specified, skipping its injection.","meta":{"rootId":"p6otq83oz167rz6","id":"p6otq83oz167rz6"},"id":"f8lh1hrtxlj0x55","previousOperationId":"5nopsv7rzvdh28p"}
{"type":"operationStart","subtype":"engine","name":"handlebars","timestamp":1736990798760,"id":"3i6ptvehbxe3rvo","previousEventId":"wihx5jkwvpjinjh","operationId":"yppx809zpb9durf","previousOperationId":"5nopsv7rzvdh28p"}
{"type":"log","timestamp":1736990798760,"level":"debug","message":"Rendering engine handlebars","meta":{"rootId":"p6otq83oz167rz6","id":"p6otq83oz167rz6"},"id":"pkoqvegxnyczvb9","previousOperationId":"yppx809zpb9durf"}
{"type":"operationEnd","operationId":"yppx809zpb9durf","timestamp":1736990799517,"id":"5wnunfmv829kvyt","previousEventId":"3i6ptvehbxe3rvo","previousOperationId":"yppx809zpb9durf"}
{"type":"operationStart","subtype":"recipe","name":"chrome-pdf","timestamp":1736990799518,"id":"mykqdvdp975otc4","previousEventId":"5wnunfmv829kvyt","operationId":"uu07qx6stbt8et1","previousOperationId":"yppx809zpb9durf"}
{"type":"log","timestamp":1736990799518,"level":"debug","message":"Executing recipe chrome-pdf","meta":{"rootId":"p6otq83oz167rz6","id":"p6otq83oz167rz6"},"id":"c9z2blu3br06bej","previousOperationId":"uu07qx6stbt8et1"}
{"type":"log","timestamp":1736990799940,"level":"debug","message":"Converting with chrome Chrome/131.0.6778.204 using dedicated-process strategy","meta":{"rootId":"p6otq83oz167rz6","id":"p6otq83oz167rz6"},"id":"y8lq53s6qeh3b6o","previousOperationId":"uu07qx6stbt8et1"}
{"type":"log","timestamp":1736990800016,"level":"debug","message":"Page request: GET (document) file:///tmp/jsreport/autocleanup/e39000d7-9df6-4063-bbf7-db9a94a2d813-chrome-pdf.html","meta":{"rootId":"p6otq83oz167rz6","id":"p6otq83oz167rz6"},"id":"wzphg4eceob38cf","previousOperationId":"uu07qx6stbt8et1"}
{"type":"log","timestamp":1736990800035,"level":"debug","message":"Page request finished: GET (document) 200 file:///tmp/jsreport/autocleanup/e39000d7-9df6-4063-bbf7-db9a94a2d813-chrome-pdf.html","meta":{"rootId":"p6otq83oz167rz6","id":"p6otq83oz167rz6"},"id":"503lejy10equlgo","previousOperationId":"uu07qx6stbt8et1"}
{"type":"log","timestamp":1736990800041,"level":"debug","message":"Page request: GET (image) https://i.pinimg.com/736x/ac/66/fd/ac66fdbcf17e7c77173cf01c4dbb1cfc.jpg","meta":{"rootId":"p6otq83oz167rz6","id":"p6otq83oz167rz6"},"id":"qxathaxab5t30d7","previousOperationId":"uu07qx6stbt8et1"}
{"type":"log","timestamp":1736990800115,"level":"debug","message":"Page request finished: GET (image) 200 https://i.pinimg.com/736x/ac/66/fd/ac66fdbcf17e7c77173cf01c4dbb1cfc.jpg","meta":{"rootId":"p6otq83oz167rz6","id":"p6otq83oz167rz6"},"id":"uv4ygduahvz8ge0","previousOperationId":"uu07qx6stbt8et1"}
{"type":"log","timestamp":1736990800121,"level":"debug","message":"Running chrome with params {\"printBackground\":true,\"landscape\":true,\"format\":\"A1\",\"width\":\"\",\"height\":\"\",\"timeout\":59219,\"margin\":{}}","meta":{"rootId":"p6otq83oz167rz6","id":"p6otq83oz167rz6"},"id":"chjm5rpp0yr82a0","previousOperationId":"uu07qx6stbt8et1"}
{"type":"operationEnd","operationId":"uu07qx6stbt8et1","timestamp":1736990800285,"id":"cfretsfrdknggjn","previousEventId":"mykqdvdp975otc4","previousOperationId":"uu07qx6stbt8et1"}
{"type":"log","timestamp":1736990800286,"level":"debug","message":"Skipping storing report.","meta":{"rootId":"p6otq83oz167rz6","id":"p6otq83oz167rz6"},"id":"akonvatbfhqnilm","previousOperationId":"uu07qx6stbt8et1"}
{"type":"log","timestamp":1736990800286,"level":"info","message":"Rendering request 1 finished in 1546 ms","meta":{"rootId":"p6otq83oz167rz6","id":"p6otq83oz167rz6"},"id":"huuwftby28va68b","previousOperationId":"uu07qx6stbt8et1"}
{"type":"operationEnd","subtype":"render","operationId":"5nopsv7rzvdh28p","timestamp":1736990800286,"id":"1102axy0lbvtgbz","previousEventId":"cfretsfrdknggjn","previousOperationId":"uu07qx6stbt8et1"}
{"type":"operationEnd","doDiffs":false,"previousEventId":"a8nrjhij6hjvo8d","previousOperationId":"79lizdl8s8j6f66","operationId":"79lizdl8s8j6f66","timestamp":1736990800288,"id":"87bckg1dpb61j6l"}
