{"type":"operationStart","subtype":"profile","data":{"_id":"LDjhX0C4xziYFiJh","timestamp":"2025-01-17T04:28:22.688Z","state":"queued","mode":"standard","creationDate":"2025-01-17T04:28:22.688Z","modificationDate":"2025-01-17T04:28:22.688Z","shortid":"wxYtvqN","$entitySet":"profiles"},"doDiffs":false,"timestamp":1737088102688,"id":"oy2jltiljlmk8e9","previousOperationId":null,"operationId":"qx0gjh89vayojd1"}
{"type":"log","level":"info","message":"Render request 5 queued for execution and waiting for available worker","previousOperationId":"qx0gjh89vayojd1","timestamp":1737088102688,"id":"1tsze0ac00bjbmr"}
{"type":"operationStart","subtype":"render","name":"caracteristicasModelos","previousOperationId":"qx0gjh89vayojd1","timestamp":1737088102698,"id":"t3jd7jbzen353xo","previousEventId":"oy2jltiljlmk8e9","operationId":"8ypueq1jjbpmm67"}
{"type":"log","timestamp":1737088102699,"level":"info","message":"Starting rendering request 5","meta":{"rootId":"pkq7kr1vd76vhxp","id":"pkq7kr1vd76vhxp"},"id":"ar0gn0ujde4zdj8","previousOperationId":"8ypueq1jjbpmm67"}
{"type":"log","timestamp":1737088102699,"level":"info","message":"Rendering template { name: caracteristicasModelos, recipe: chrome-pdf, engine: handlebars, preview: false }","meta":{"rootId":"pkq7kr1vd76vhxp","id":"pkq7kr1vd76vhxp"},"id":"x83m00zkqcrfuv7","previousOperationId":"8ypueq1jjbpmm67"}
{"type":"log","timestamp":1737088102699,"level":"debug","message":"Inline data specified.","meta":{"rootId":"pkq7kr1vd76vhxp","id":"pkq7kr1vd76vhxp"},"id":"v8jo5g8o9c931hz","previousOperationId":"8ypueq1jjbpmm67"}
{"type":"log","timestamp":1737088102700,"level":"debug","message":"Base url not specified, skipping its injection.","meta":{"rootId":"pkq7kr1vd76vhxp","id":"pkq7kr1vd76vhxp"},"id":"tur40uk6j555pps","previousOperationId":"8ypueq1jjbpmm67"}
{"type":"operationStart","subtype":"engine","name":"handlebars","timestamp":1737088102701,"id":"nkpey14bu78w91o","previousEventId":"t3jd7jbzen353xo","operationId":"9dmmqe2vlgobest","previousOperationId":"8ypueq1jjbpmm67"}
{"type":"log","timestamp":1737088102701,"level":"debug","message":"Rendering engine handlebars","meta":{"rootId":"pkq7kr1vd76vhxp","id":"pkq7kr1vd76vhxp"},"id":"cjdfknta4v11m8e","previousOperationId":"9dmmqe2vlgobest"}
{"type":"operationEnd","operationId":"9dmmqe2vlgobest","timestamp":1737088102721,"id":"ka2fd1qt5qtr2wy","previousEventId":"nkpey14bu78w91o","previousOperationId":"9dmmqe2vlgobest"}
{"type":"operationStart","subtype":"recipe","name":"chrome-pdf","timestamp":1737088102721,"id":"zkhgtw5290863re","previousEventId":"ka2fd1qt5qtr2wy","operationId":"z4tw8wqlana9gim","previousOperationId":"9dmmqe2vlgobest"}
{"type":"log","timestamp":1737088102721,"level":"debug","message":"Executing recipe chrome-pdf","meta":{"rootId":"pkq7kr1vd76vhxp","id":"pkq7kr1vd76vhxp"},"id":"zy19tco0zmmqtsr","previousOperationId":"z4tw8wqlana9gim"}
{"type":"log","timestamp":1737088103079,"level":"debug","message":"Converting with chrome Chrome/131.0.6778.204 using dedicated-process strategy","meta":{"rootId":"pkq7kr1vd76vhxp","id":"pkq7kr1vd76vhxp"},"id":"8esk73hqad7cp2f","previousOperationId":"z4tw8wqlana9gim"}
{"type":"log","timestamp":1737088103162,"level":"debug","message":"Page request: GET (document) file:///tmp/jsreport/autocleanup/529cfa5c-9dbc-4eab-ac70-16cb5aed7bab-chrome-pdf.html","meta":{"rootId":"pkq7kr1vd76vhxp","id":"pkq7kr1vd76vhxp"},"id":"08zckoxk29jj90d","previousOperationId":"z4tw8wqlana9gim"}
{"type":"log","timestamp":1737088103179,"level":"debug","message":"Page request finished: GET (document) 200 file:///tmp/jsreport/autocleanup/529cfa5c-9dbc-4eab-ac70-16cb5aed7bab-chrome-pdf.html","meta":{"rootId":"pkq7kr1vd76vhxp","id":"pkq7kr1vd76vhxp"},"id":"ct412z54e03biw5","previousOperationId":"z4tw8wqlana9gim"}
{"type":"log","timestamp":1737088103180,"level":"debug","message":"Page request: GET (image) https://i.pinimg.com/736x/ac/66/fd/ac66fdbcf17e7c77173cf01c4dbb1cfc.jpg","meta":{"rootId":"pkq7kr1vd76vhxp","id":"pkq7kr1vd76vhxp"},"id":"70ru0zvjshvscii","previousOperationId":"z4tw8wqlana9gim"}
{"type":"log","timestamp":1737088103220,"level":"debug","message":"Page request finished: GET (image) 200 https://i.pinimg.com/736x/ac/66/fd/ac66fdbcf17e7c77173cf01c4dbb1cfc.jpg","meta":{"rootId":"pkq7kr1vd76vhxp","id":"pkq7kr1vd76vhxp"},"id":"5deh4uhvql1ed7f","previousOperationId":"z4tw8wqlana9gim"}
{"type":"log","timestamp":1737088103230,"level":"debug","message":"Running chrome with params {\"printBackground\":true,\"landscape\":true,\"format\":\"A1\",\"width\":\"\",\"height\":\"\",\"timeout\":59965,\"margin\":{}}","meta":{"rootId":"pkq7kr1vd76vhxp","id":"pkq7kr1vd76vhxp"},"id":"9fjicqjp67i42l5","previousOperationId":"z4tw8wqlana9gim"}
{"type":"operationEnd","operationId":"z4tw8wqlana9gim","timestamp":1737088103419,"id":"sqf6u4cdofbxvxb","previousEventId":"zkhgtw5290863re","previousOperationId":"z4tw8wqlana9gim"}
{"type":"log","timestamp":1737088103419,"level":"debug","message":"Skipping storing report.","meta":{"rootId":"pkq7kr1vd76vhxp","id":"pkq7kr1vd76vhxp"},"id":"wc6yu162gc7b0i0","previousOperationId":"z4tw8wqlana9gim"}
{"type":"log","timestamp":1737088103419,"level":"info","message":"Rendering request 5 finished in 732 ms","meta":{"rootId":"pkq7kr1vd76vhxp","id":"pkq7kr1vd76vhxp"},"id":"dgu4o7zkfu0950y","previousOperationId":"z4tw8wqlana9gim"}
{"type":"operationEnd","subtype":"render","operationId":"8ypueq1jjbpmm67","timestamp":1737088103419,"id":"sm54cl8rti0agd2","previousEventId":"sqf6u4cdofbxvxb","previousOperationId":"z4tw8wqlana9gim"}
{"type":"operationEnd","doDiffs":false,"previousEventId":"oy2jltiljlmk8e9","previousOperationId":"qx0gjh89vayojd1","operationId":"qx0gjh89vayojd1","timestamp":1737088103421,"id":"18oqrupa0r5dtls"}
