{"type":"operationStart","subtype":"profile","data":{"_id":"A3G4Xm6hofMUAQoF","timestamp":"2025-01-16T01:33:50.509Z","state":"queued","mode":"standard","creationDate":"2025-01-16T01:33:50.541Z","modificationDate":"2025-01-16T01:33:50.541Z","shortid":"OWzP5z7","$entitySet":"profiles"},"doDiffs":false,"timestamp":1736991230540,"id":"etsuhigblhj1a4q","previousOperationId":null,"operationId":"leo3tqmt3wkl5q5"}
{"type":"log","level":"info","message":"Render request 1 queued for execution and waiting for available worker","previousOperationId":"leo3tqmt3wkl5q5","timestamp":1736991230540,"id":"qrmh53havljrmo4"}
{"type":"operationStart","subtype":"render","name":"caracteristicasModelos","previousOperationId":"leo3tqmt3wkl5q5","timestamp":1736991230554,"id":"h1r9it1ggoi71r8","previousEventId":"etsuhigblhj1a4q","operationId":"tij72crhgn6g3qq"}
{"type":"log","timestamp":1736991230555,"level":"info","message":"Starting rendering request 1","meta":{"rootId":"s7hi6iv9kxhon7m","id":"s7hi6iv9kxhon7m"},"id":"9tadp0n67pfxttp","previousOperationId":"tij72crhgn6g3qq"}
{"type":"log","timestamp":1736991230556,"level":"info","message":"Rendering template { name: caracteristicasModelos, recipe: chrome-pdf, engine: handlebars, preview: false }","meta":{"rootId":"s7hi6iv9kxhon7m","id":"s7hi6iv9kxhon7m"},"id":"v3c69dfybj477at","previousOperationId":"tij72crhgn6g3qq"}
{"type":"log","timestamp":1736991230557,"level":"debug","message":"Inline data specified.","meta":{"rootId":"s7hi6iv9kxhon7m","id":"s7hi6iv9kxhon7m"},"id":"cynia3bk1sfdy4h","previousOperationId":"tij72crhgn6g3qq"}
{"type":"log","timestamp":1736991230560,"level":"debug","message":"Base url not specified, skipping its injection.","meta":{"rootId":"s7hi6iv9kxhon7m","id":"s7hi6iv9kxhon7m"},"id":"c4c8abz7m1msd3d","previousOperationId":"tij72crhgn6g3qq"}
{"type":"operationStart","subtype":"engine","name":"handlebars","timestamp":1736991230561,"id":"blrgkfpgsvinp2t","previousEventId":"h1r9it1ggoi71r8","operationId":"jb8nzvcs1k00sb8","previousOperationId":"tij72crhgn6g3qq"}
{"type":"log","timestamp":1736991230561,"level":"debug","message":"Rendering engine handlebars","meta":{"rootId":"s7hi6iv9kxhon7m","id":"s7hi6iv9kxhon7m"},"id":"1odcrmq851tluad","previousOperationId":"jb8nzvcs1k00sb8"}
{"type":"operationEnd","operationId":"jb8nzvcs1k00sb8","timestamp":1736991231200,"id":"8fqu7rsjj8nzbwv","previousEventId":"blrgkfpgsvinp2t","previousOperationId":"jb8nzvcs1k00sb8"}
{"type":"operationStart","subtype":"recipe","name":"chrome-pdf","timestamp":1736991231202,"id":"853ebdk5ahslpmy","previousEventId":"8fqu7rsjj8nzbwv","operationId":"elqqquzbqd8j1zy","previousOperationId":"jb8nzvcs1k00sb8"}
{"type":"log","timestamp":1736991231202,"level":"debug","message":"Executing recipe chrome-pdf","meta":{"rootId":"s7hi6iv9kxhon7m","id":"s7hi6iv9kxhon7m"},"id":"u0sqsevb0jyaxmm","previousOperationId":"elqqquzbqd8j1zy"}
{"type":"log","timestamp":1736991231597,"level":"debug","message":"Converting with chrome Chrome/131.0.6778.204 using dedicated-process strategy","meta":{"rootId":"s7hi6iv9kxhon7m","id":"s7hi6iv9kxhon7m"},"id":"7kmo42joj92eeom","previousOperationId":"elqqquzbqd8j1zy"}
{"type":"log","timestamp":1736991231680,"level":"debug","message":"Page request: GET (document) file:///tmp/jsreport/autocleanup/cf5bf122-776e-42cb-8126-e426ceb65ac2-chrome-pdf.html","meta":{"rootId":"s7hi6iv9kxhon7m","id":"s7hi6iv9kxhon7m"},"id":"z9x4nq2605yswrr","previousOperationId":"elqqquzbqd8j1zy"}
{"type":"log","timestamp":1736991231694,"level":"debug","message":"Page request finished: GET (document) 200 file:///tmp/jsreport/autocleanup/cf5bf122-776e-42cb-8126-e426ceb65ac2-chrome-pdf.html","meta":{"rootId":"s7hi6iv9kxhon7m","id":"s7hi6iv9kxhon7m"},"id":"htihi8vk2d65l9s","previousOperationId":"elqqquzbqd8j1zy"}
{"type":"log","timestamp":1736991231699,"level":"debug","message":"Page request: GET (image) https://i.pinimg.com/736x/ac/66/fd/ac66fdbcf17e7c77173cf01c4dbb1cfc.jpg","meta":{"rootId":"s7hi6iv9kxhon7m","id":"s7hi6iv9kxhon7m"},"id":"uv8cgry3em0hl4t","previousOperationId":"elqqquzbqd8j1zy"}
{"type":"log","timestamp":1736991231768,"level":"debug","message":"Page request finished: GET (image) 200 https://i.pinimg.com/736x/ac/66/fd/ac66fdbcf17e7c77173cf01c4dbb1cfc.jpg","meta":{"rootId":"s7hi6iv9kxhon7m","id":"s7hi6iv9kxhon7m"},"id":"rlkduov172huays","previousOperationId":"elqqquzbqd8j1zy"}
{"type":"log","timestamp":1736991231774,"level":"debug","message":"Running chrome with params {\"printBackground\":true,\"landscape\":true,\"format\":\"A1\",\"width\":\"\",\"height\":\"\",\"timeout\":59302,\"margin\":{}}","meta":{"rootId":"s7hi6iv9kxhon7m","id":"s7hi6iv9kxhon7m"},"id":"xoaut6be1n2gjac","previousOperationId":"elqqquzbqd8j1zy"}
{"type":"operationEnd","operationId":"elqqquzbqd8j1zy","timestamp":1736991231926,"id":"rtqphjvijwvjdk4","previousEventId":"853ebdk5ahslpmy","previousOperationId":"elqqquzbqd8j1zy"}
{"type":"log","timestamp":1736991231927,"level":"debug","message":"Skipping storing report.","meta":{"rootId":"s7hi6iv9kxhon7m","id":"s7hi6iv9kxhon7m"},"id":"vk5mvpakonp016f","previousOperationId":"elqqquzbqd8j1zy"}
{"type":"log","timestamp":1736991231927,"level":"info","message":"Rendering request 1 finished in 1419 ms","meta":{"rootId":"s7hi6iv9kxhon7m","id":"s7hi6iv9kxhon7m"},"id":"u31gyqt7gvk0jmz","previousOperationId":"elqqquzbqd8j1zy"}
{"type":"operationEnd","subtype":"render","operationId":"tij72crhgn6g3qq","timestamp":1736991231927,"id":"kok47npxxk72hty","previousEventId":"rtqphjvijwvjdk4","previousOperationId":"elqqquzbqd8j1zy"}
{"type":"operationEnd","doDiffs":false,"previousEventId":"etsuhigblhj1a4q","previousOperationId":"leo3tqmt3wkl5q5","operationId":"leo3tqmt3wkl5q5","timestamp":1736991231929,"id":"iphegyulc7zo170"}
