{"type":"operationStart","subtype":"profile","data":{"_id":"2Ygk9PJQdtGzaj0i","timestamp":"2025-01-16T01:28:47.752Z","state":"queued","mode":"standard","creationDate":"2025-01-16T01:28:47.753Z","modificationDate":"2025-01-16T01:28:47.753Z","shortid":"JJLWm7k","$entitySet":"profiles"},"doDiffs":false,"timestamp":1736990927752,"id":"q5awulw3y32yj03","previousOperationId":null,"operationId":"19tokwqa1m0o3gx"}
{"type":"log","level":"info","message":"Render request 1 queued for execution and waiting for available worker","previousOperationId":"19tokwqa1m0o3gx","timestamp":1736990927753,"id":"h5gd8sx4nkdpi0j"}
{"type":"operationStart","subtype":"render","name":"caracteristicasModelos","previousOperationId":"19tokwqa1m0o3gx","timestamp":1736990927765,"id":"m6dr5g9d6o95gyu","previousEventId":"q5awulw3y32yj03","operationId":"cbhqla3dyclycpx"}
{"type":"log","timestamp":1736990927766,"level":"info","message":"Starting rendering request 1","meta":{"rootId":"upbjlsetnk82ixv","id":"upbjlsetnk82ixv"},"id":"ni1lqhpb94a9ux1","previousOperationId":"cbhqla3dyclycpx"}
{"type":"log","timestamp":1736990927768,"level":"info","message":"Rendering template { name: caracteristicasModelos, recipe: chrome-pdf, engine: handlebars, preview: false }","meta":{"rootId":"upbjlsetnk82ixv","id":"upbjlsetnk82ixv"},"id":"zxeuopapq8mif90","previousOperationId":"cbhqla3dyclycpx"}
{"type":"log","timestamp":1736990927768,"level":"debug","message":"Inline data specified.","meta":{"rootId":"upbjlsetnk82ixv","id":"upbjlsetnk82ixv"},"id":"fylh5unrc94ptbq","previousOperationId":"cbhqla3dyclycpx"}
{"type":"log","timestamp":1736990927770,"level":"debug","message":"Base url not specified, skipping its injection.","meta":{"rootId":"upbjlsetnk82ixv","id":"upbjlsetnk82ixv"},"id":"1fkjz1x73dflag7","previousOperationId":"cbhqla3dyclycpx"}
{"type":"operationStart","subtype":"engine","name":"handlebars","timestamp":1736990927771,"id":"f5wq7mh4g8dnftc","previousEventId":"m6dr5g9d6o95gyu","operationId":"9ibyqd7kkfp0jpt","previousOperationId":"cbhqla3dyclycpx"}
{"type":"log","timestamp":1736990927771,"level":"debug","message":"Rendering engine handlebars","meta":{"rootId":"upbjlsetnk82ixv","id":"upbjlsetnk82ixv"},"id":"hiuixtg19w6khw3","previousOperationId":"9ibyqd7kkfp0jpt"}
{"type":"operationEnd","operationId":"9ibyqd7kkfp0jpt","timestamp":1736990928543,"id":"0i98z5vsyg9fl25","previousEventId":"f5wq7mh4g8dnftc","previousOperationId":"9ibyqd7kkfp0jpt"}
{"type":"operationStart","subtype":"recipe","name":"chrome-pdf","timestamp":1736990928544,"id":"nncrhwauwnpndg6","previousEventId":"0i98z5vsyg9fl25","operationId":"4d7hmfhqbiufraj","previousOperationId":"9ibyqd7kkfp0jpt"}
{"type":"log","timestamp":1736990928544,"level":"debug","message":"Executing recipe chrome-pdf","meta":{"rootId":"upbjlsetnk82ixv","id":"upbjlsetnk82ixv"},"id":"q1zsndmcvf72tix","previousOperationId":"4d7hmfhqbiufraj"}
{"type":"log","timestamp":1736990928951,"level":"debug","message":"Converting with chrome Chrome/131.0.6778.204 using dedicated-process strategy","meta":{"rootId":"upbjlsetnk82ixv","id":"upbjlsetnk82ixv"},"id":"32wjwm3jpms31ly","previousOperationId":"4d7hmfhqbiufraj"}
{"type":"log","timestamp":1736990929037,"level":"debug","message":"Page request: GET (document) file:///tmp/jsreport/autocleanup/075f2490-e64d-41fb-8daf-d3c004e6d1f0-chrome-pdf.html","meta":{"rootId":"upbjlsetnk82ixv","id":"upbjlsetnk82ixv"},"id":"6ojninh32ou9za2","previousOperationId":"4d7hmfhqbiufraj"}
{"type":"log","timestamp":1736990929052,"level":"debug","message":"Page request finished: GET (document) 200 file:///tmp/jsreport/autocleanup/075f2490-e64d-41fb-8daf-d3c004e6d1f0-chrome-pdf.html","meta":{"rootId":"upbjlsetnk82ixv","id":"upbjlsetnk82ixv"},"id":"7qnx1l0qqz103ef","previousOperationId":"4d7hmfhqbiufraj"}
{"type":"log","timestamp":1736990929054,"level":"debug","message":"Page request: GET (image) https://i.pinimg.com/736x/ac/66/fd/ac66fdbcf17e7c77173cf01c4dbb1cfc.jpg","meta":{"rootId":"upbjlsetnk82ixv","id":"upbjlsetnk82ixv"},"id":"j8t6spo59bo4l72","previousOperationId":"4d7hmfhqbiufraj"}
{"type":"log","timestamp":1736990929097,"level":"debug","message":"Page request finished: GET (image) 200 https://i.pinimg.com/736x/ac/66/fd/ac66fdbcf17e7c77173cf01c4dbb1cfc.jpg","meta":{"rootId":"upbjlsetnk82ixv","id":"upbjlsetnk82ixv"},"id":"0emod0vfhoe3eqt","previousOperationId":"4d7hmfhqbiufraj"}
{"type":"log","timestamp":1736990929109,"level":"debug","message":"Running chrome with params {\"printBackground\":true,\"landscape\":true,\"format\":\"A1\",\"width\":\"\",\"height\":\"\",\"timeout\":59204,\"margin\":{}}","meta":{"rootId":"upbjlsetnk82ixv","id":"upbjlsetnk82ixv"},"id":"7i41gugfuzhgskr","previousOperationId":"4d7hmfhqbiufraj"}
{"type":"operationEnd","operationId":"4d7hmfhqbiufraj","timestamp":1736990929253,"id":"za385lrwnrnlv3y","previousEventId":"nncrhwauwnpndg6","previousOperationId":"4d7hmfhqbiufraj"}
{"type":"log","timestamp":1736990929254,"level":"debug","message":"Skipping storing report.","meta":{"rootId":"upbjlsetnk82ixv","id":"upbjlsetnk82ixv"},"id":"ozkiysdsm3titkb","previousOperationId":"4d7hmfhqbiufraj"}
{"type":"log","timestamp":1736990929254,"level":"info","message":"Rendering request 1 finished in 1503 ms","meta":{"rootId":"upbjlsetnk82ixv","id":"upbjlsetnk82ixv"},"id":"ntkt9nz6ikpxkj3","previousOperationId":"4d7hmfhqbiufraj"}
{"type":"operationEnd","subtype":"render","operationId":"cbhqla3dyclycpx","timestamp":1736990929254,"id":"vmamzmrb8gx5ci8","previousEventId":"za385lrwnrnlv3y","previousOperationId":"4d7hmfhqbiufraj"}
{"type":"operationEnd","doDiffs":false,"previousEventId":"q5awulw3y32yj03","previousOperationId":"19tokwqa1m0o3gx","operationId":"19tokwqa1m0o3gx","timestamp":1736990929256,"id":"xrwtnzhaml4fdwf"}
