{"type":"operationStart","subtype":"profile","data":{"_id":"s8V434FuPoOdTLmm","timestamp":"2025-01-17T06:36:41.559Z","state":"queued","mode":"standard","creationDate":"2025-01-17T06:36:41.561Z","modificationDate":"2025-01-17T06:36:41.561Z","shortid":"pwrNEp8","$entitySet":"profiles"},"doDiffs":false,"timestamp":1737095801561,"id":"gi7cllc37ipzpy2","previousOperationId":null,"operationId":"rb0wjge7p0zmkjd"}
{"type":"log","level":"info","message":"Render request 17 queued for execution and waiting for available worker","previousOperationId":"rb0wjge7p0zmkjd","timestamp":1737095801561,"id":"g2p2vmhdls8lt0j"}
{"type":"operationStart","subtype":"render","name":"ubicacionEstatusPiezas","previousOperationId":"rb0wjge7p0zmkjd","timestamp":1737095801566,"id":"62uy0z983v5olvx","previousEventId":"gi7cllc37ipzpy2","operationId":"kbh79tj4ajkqeay"}
{"type":"log","timestamp":1737095801567,"level":"info","message":"Starting rendering request 17","meta":{"rootId":"3qbva5jmzrhgfuj","id":"3qbva5jmzrhgfuj"},"id":"9ro7zvgv52i6v6m","previousOperationId":"kbh79tj4ajkqeay"}
{"type":"log","timestamp":1737095801567,"level":"info","message":"Rendering template { name: ubicacionEstatusPiezas, recipe: chrome-pdf, engine: handlebars, preview: false }","meta":{"rootId":"3qbva5jmzrhgfuj","id":"3qbva5jmzrhgfuj"},"id":"c4j9ni47yjof1nj","previousOperationId":"kbh79tj4ajkqeay"}
{"type":"log","timestamp":1737095801567,"level":"debug","message":"Inline data specified.","meta":{"rootId":"3qbva5jmzrhgfuj","id":"3qbva5jmzrhgfuj"},"id":"4l2swhbuiglj7jk","previousOperationId":"kbh79tj4ajkqeay"}
{"type":"log","timestamp":1737095801568,"level":"debug","message":"Base url not specified, skipping its injection.","meta":{"rootId":"3qbva5jmzrhgfuj","id":"3qbva5jmzrhgfuj"},"id":"ixe5w9qkob8uzy9","previousOperationId":"kbh79tj4ajkqeay"}
{"type":"operationStart","subtype":"engine","name":"handlebars","timestamp":1737095801568,"id":"j20exx0kmadng73","previousEventId":"62uy0z983v5olvx","operationId":"7fppp3t7oqtfk63","previousOperationId":"kbh79tj4ajkqeay"}
{"type":"log","timestamp":1737095801568,"level":"debug","message":"Rendering engine handlebars","meta":{"rootId":"3qbva5jmzrhgfuj","id":"3qbva5jmzrhgfuj"},"id":"7cv4uimbtqt1cyd","previousOperationId":"7fppp3t7oqtfk63"}
{"type":"operationEnd","operationId":"7fppp3t7oqtfk63","timestamp":1737095801580,"id":"33sejoyf7197av8","previousEventId":"j20exx0kmadng73","previousOperationId":"7fppp3t7oqtfk63"}
{"type":"operationStart","subtype":"recipe","name":"chrome-pdf","timestamp":1737095801580,"id":"wnzlg16tb6d0ohy","previousEventId":"33sejoyf7197av8","operationId":"c1bpydcrniohnsa","previousOperationId":"7fppp3t7oqtfk63"}
{"type":"log","timestamp":1737095801580,"level":"debug","message":"Executing recipe chrome-pdf","meta":{"rootId":"3qbva5jmzrhgfuj","id":"3qbva5jmzrhgfuj"},"id":"4alnszcn31gt6nk","previousOperationId":"c1bpydcrniohnsa"}
{"type":"log","timestamp":1737095801979,"level":"debug","message":"Converting with chrome Chrome/131.0.6778.204 using dedicated-process strategy","meta":{"rootId":"3qbva5jmzrhgfuj","id":"3qbva5jmzrhgfuj"},"id":"bvj3eto6x33l7db","previousOperationId":"c1bpydcrniohnsa"}
{"type":"log","timestamp":1737095802039,"level":"debug","message":"Page request: GET (document) file:///tmp/jsreport/autocleanup/34751c4e-57cc-4d44-add3-646b5311deb4-chrome-pdf.html","meta":{"rootId":"3qbva5jmzrhgfuj","id":"3qbva5jmzrhgfuj"},"id":"zi14p7ocqqhf6my","previousOperationId":"c1bpydcrniohnsa"}
{"type":"log","timestamp":1737095802062,"level":"debug","message":"Page request finished: GET (document) 200 file:///tmp/jsreport/autocleanup/34751c4e-57cc-4d44-add3-646b5311deb4-chrome-pdf.html","meta":{"rootId":"3qbva5jmzrhgfuj","id":"3qbva5jmzrhgfuj"},"id":"rvaqe6owmg0r3eh","previousOperationId":"c1bpydcrniohnsa"}
{"type":"log","timestamp":1737095802062,"level":"debug","message":"Page request: GET (image) https://i.pinimg.com/736x/ac/66/fd/ac66fdbcf17e7c77173cf01c4dbb1cfc.jpg","meta":{"rootId":"3qbva5jmzrhgfuj","id":"3qbva5jmzrhgfuj"},"id":"uec6fg65djpv4yj","previousOperationId":"c1bpydcrniohnsa"}
{"type":"log","timestamp":1737095802138,"level":"debug","message":"Page request finished: GET (image) 200 https://i.pinimg.com/736x/ac/66/fd/ac66fdbcf17e7c77173cf01c4dbb1cfc.jpg","meta":{"rootId":"3qbva5jmzrhgfuj","id":"3qbva5jmzrhgfuj"},"id":"ahgj3sbx4wbl7hc","previousOperationId":"c1bpydcrniohnsa"}
{"type":"log","timestamp":1737095802161,"level":"debug","message":"Running chrome with params {\"printBackground\":true,\"timeout\":59978,\"margin\":{}}","meta":{"rootId":"3qbva5jmzrhgfuj","id":"3qbva5jmzrhgfuj"},"id":"8mbzfz0v1t8ku8p","previousOperationId":"c1bpydcrniohnsa"}
{"type":"operationEnd","operationId":"c1bpydcrniohnsa","timestamp":1737095802355,"id":"ctksuisx09at4ec","previousEventId":"wnzlg16tb6d0ohy","previousOperationId":"c1bpydcrniohnsa"}
{"type":"log","timestamp":1737095802355,"level":"debug","message":"Skipping storing report.","meta":{"rootId":"3qbva5jmzrhgfuj","id":"3qbva5jmzrhgfuj"},"id":"nif0v6w2w3igtsb","previousOperationId":"c1bpydcrniohnsa"}
{"type":"log","timestamp":1737095802355,"level":"info","message":"Rendering request 17 finished in 796 ms","meta":{"rootId":"3qbva5jmzrhgfuj","id":"3qbva5jmzrhgfuj"},"id":"d8d629qcp4r3ar8","previousOperationId":"c1bpydcrniohnsa"}
{"type":"operationEnd","subtype":"render","operationId":"kbh79tj4ajkqeay","timestamp":1737095802355,"id":"gg5sljhqn0q8ppl","previousEventId":"ctksuisx09at4ec","previousOperationId":"c1bpydcrniohnsa"}
{"type":"operationEnd","doDiffs":false,"previousEventId":"gi7cllc37ipzpy2","previousOperationId":"rb0wjge7p0zmkjd","operationId":"rb0wjge7p0zmkjd","timestamp":1737095802356,"id":"xi0nl289pje5xjn"}
