{"type":"operationStart","subtype":"profile","data":{"_id":"OKn9tzocicUPhksk","timestamp":"2025-01-17T04:30:37.550Z","state":"queued","mode":"standard","creationDate":"2025-01-17T04:30:37.551Z","modificationDate":"2025-01-17T04:30:37.551Z","shortid":"CiFcUAJ","$entitySet":"profiles"},"doDiffs":false,"timestamp":1737088237550,"id":"1vw7ohte5mhqyqs","previousOperationId":null,"operationId":"v3n8hcb2f6il7qp"}
{"type":"log","level":"info","message":"Render request 10 queued for execution and waiting for available worker","previousOperationId":"v3n8hcb2f6il7qp","timestamp":1737088237550,"id":"sf983fwlp0f2ia1"}
{"type":"operationStart","subtype":"render","name":"ubicacionEstatusPiezas","previousOperationId":"v3n8hcb2f6il7qp","timestamp":1737088237553,"id":"wjd1xj5uw32lxn4","previousEventId":"1vw7ohte5mhqyqs","operationId":"mjgrq4yi7vgnc72"}
{"type":"log","timestamp":1737088237553,"level":"info","message":"Starting rendering request 10","meta":{"rootId":"62ckpyonm1uh4fc","id":"62ckpyonm1uh4fc"},"id":"61ur9dofn7yy2kn","previousOperationId":"mjgrq4yi7vgnc72"}
{"type":"log","timestamp":1737088237553,"level":"info","message":"Rendering template { name: ubicacionEstatusPiezas, recipe: chrome-pdf, engine: handlebars, preview: false }","meta":{"rootId":"62ckpyonm1uh4fc","id":"62ckpyonm1uh4fc"},"id":"togvhbs23j823od","previousOperationId":"mjgrq4yi7vgnc72"}
{"type":"log","timestamp":1737088237553,"level":"debug","message":"Inline data specified.","meta":{"rootId":"62ckpyonm1uh4fc","id":"62ckpyonm1uh4fc"},"id":"7o6e7cetlciioac","previousOperationId":"mjgrq4yi7vgnc72"}
{"type":"log","timestamp":1737088237554,"level":"debug","message":"Base url not specified, skipping its injection.","meta":{"rootId":"62ckpyonm1uh4fc","id":"62ckpyonm1uh4fc"},"id":"k8glekhkod9pj8y","previousOperationId":"mjgrq4yi7vgnc72"}
{"type":"operationStart","subtype":"engine","name":"handlebars","timestamp":1737088237555,"id":"sqmz5gbgfg184e6","previousEventId":"wjd1xj5uw32lxn4","operationId":"hu53x5fdjl1n295","previousOperationId":"mjgrq4yi7vgnc72"}
{"type":"log","timestamp":1737088237555,"level":"debug","message":"Rendering engine handlebars","meta":{"rootId":"62ckpyonm1uh4fc","id":"62ckpyonm1uh4fc"},"id":"wshahj8do82j280","previousOperationId":"hu53x5fdjl1n295"}
{"type":"operationEnd","operationId":"hu53x5fdjl1n295","timestamp":1737088237564,"id":"jsik6fts8phlab0","previousEventId":"sqmz5gbgfg184e6","previousOperationId":"hu53x5fdjl1n295"}
{"type":"operationStart","subtype":"recipe","name":"chrome-pdf","timestamp":1737088237565,"id":"3ljx8u3eyh8xjo3","previousEventId":"jsik6fts8phlab0","operationId":"s9o7eg8nem4azid","previousOperationId":"hu53x5fdjl1n295"}
{"type":"log","timestamp":1737088237565,"level":"debug","message":"Executing recipe chrome-pdf","meta":{"rootId":"62ckpyonm1uh4fc","id":"62ckpyonm1uh4fc"},"id":"cc28fotz9t5lmcu","previousOperationId":"s9o7eg8nem4azid"}
{"type":"log","timestamp":1737088237915,"level":"debug","message":"Converting with chrome Chrome/131.0.6778.204 using dedicated-process strategy","meta":{"rootId":"62ckpyonm1uh4fc","id":"62ckpyonm1uh4fc"},"id":"w0fcb5p9nu3666u","previousOperationId":"s9o7eg8nem4azid"}
{"type":"log","timestamp":1737088237971,"level":"debug","message":"Page request: GET (document) file:///tmp/jsreport/autocleanup/2f11ce61-1c60-4e5d-8474-0128c22684d3-chrome-pdf.html","meta":{"rootId":"62ckpyonm1uh4fc","id":"62ckpyonm1uh4fc"},"id":"4bd03v7k2lws1hn","previousOperationId":"s9o7eg8nem4azid"}
{"type":"log","timestamp":1737088238001,"level":"debug","message":"Page request finished: GET (document) 200 file:///tmp/jsreport/autocleanup/2f11ce61-1c60-4e5d-8474-0128c22684d3-chrome-pdf.html","meta":{"rootId":"62ckpyonm1uh4fc","id":"62ckpyonm1uh4fc"},"id":"jwv6q0ylrzd2fht","previousOperationId":"s9o7eg8nem4azid"}
{"type":"log","timestamp":1737088238004,"level":"debug","message":"Page request: GET (image) https://i.pinimg.com/736x/ac/66/fd/ac66fdbcf17e7c77173cf01c4dbb1cfc.jpg","meta":{"rootId":"62ckpyonm1uh4fc","id":"62ckpyonm1uh4fc"},"id":"7tbfjcmga84d1l4","previousOperationId":"s9o7eg8nem4azid"}
{"type":"log","timestamp":1737088238043,"level":"debug","message":"Page request finished: GET (image) 200 https://i.pinimg.com/736x/ac/66/fd/ac66fdbcf17e7c77173cf01c4dbb1cfc.jpg","meta":{"rootId":"62ckpyonm1uh4fc","id":"62ckpyonm1uh4fc"},"id":"7ffw79jkifyleu1","previousOperationId":"s9o7eg8nem4azid"}
{"type":"log","timestamp":1737088238045,"level":"debug","message":"Running chrome with params {\"printBackground\":true,\"timeout\":59985,\"margin\":{}}","meta":{"rootId":"62ckpyonm1uh4fc","id":"62ckpyonm1uh4fc"},"id":"22cb4oj3bfofmw9","previousOperationId":"s9o7eg8nem4azid"}
{"type":"operationEnd","operationId":"s9o7eg8nem4azid","timestamp":1737088238207,"id":"1nfv2zs6g05kzro","previousEventId":"3ljx8u3eyh8xjo3","previousOperationId":"s9o7eg8nem4azid"}
{"type":"log","timestamp":1737088238207,"level":"debug","message":"Skipping storing report.","meta":{"rootId":"62ckpyonm1uh4fc","id":"62ckpyonm1uh4fc"},"id":"zskj44u140ke7rd","previousOperationId":"s9o7eg8nem4azid"}
{"type":"log","timestamp":1737088238207,"level":"info","message":"Rendering request 10 finished in 657 ms","meta":{"rootId":"62ckpyonm1uh4fc","id":"62ckpyonm1uh4fc"},"id":"urenrfmxpoeh6h0","previousOperationId":"s9o7eg8nem4azid"}
{"type":"operationEnd","subtype":"render","operationId":"mjgrq4yi7vgnc72","timestamp":1737088238207,"id":"awmy0x8p6r24114","previousEventId":"1nfv2zs6g05kzro","previousOperationId":"s9o7eg8nem4azid"}
{"type":"operationEnd","doDiffs":false,"previousEventId":"1vw7ohte5mhqyqs","previousOperationId":"v3n8hcb2f6il7qp","operationId":"v3n8hcb2f6il7qp","timestamp":1737088238212,"id":"d4snef57w4m5sr3"}
