{"type":"operationStart","subtype":"profile","data":{"_id":"iFw2UBb6VA0xqrz6","timestamp":"2025-01-17T06:10:47.071Z","state":"queued","mode":"standard","creationDate":"2025-01-17T06:10:47.072Z","modificationDate":"2025-01-17T06:10:47.072Z","shortid":"c2Qm4Ip","$entitySet":"profiles"},"doDiffs":false,"timestamp":1737094247072,"id":"jwitpbncwpeglyt","previousOperationId":null,"operationId":"j16koq6q3js75tv"}
{"type":"log","level":"info","message":"Render request 15 queued for execution and waiting for available worker","previousOperationId":"j16koq6q3js75tv","timestamp":1737094247072,"id":"gcyhfpv9b430lav"}
{"type":"operationStart","subtype":"render","name":"ubicacionEstatusPiezas","previousOperationId":"j16koq6q3js75tv","timestamp":1737094247075,"id":"hj0wypfrda5vexc","previousEventId":"jwitpbncwpeglyt","operationId":"32nfad5nmwnp9ll"}
{"type":"log","timestamp":1737094247075,"level":"info","message":"Starting rendering request 15","meta":{"rootId":"7j5rtsfmcj65yed","id":"7j5rtsfmcj65yed"},"id":"pfl99x3w89th9au","previousOperationId":"32nfad5nmwnp9ll"}
{"type":"log","timestamp":1737094247075,"level":"info","message":"Rendering template { name: ubicacionEstatusPiezas, recipe: chrome-pdf, engine: handlebars, preview: false }","meta":{"rootId":"7j5rtsfmcj65yed","id":"7j5rtsfmcj65yed"},"id":"rgm6ym7k6hvy61l","previousOperationId":"32nfad5nmwnp9ll"}
{"type":"log","timestamp":1737094247075,"level":"debug","message":"Inline data specified.","meta":{"rootId":"7j5rtsfmcj65yed","id":"7j5rtsfmcj65yed"},"id":"7at6q8t5k3ygt52","previousOperationId":"32nfad5nmwnp9ll"}
{"type":"log","timestamp":1737094247076,"level":"debug","message":"Base url not specified, skipping its injection.","meta":{"rootId":"7j5rtsfmcj65yed","id":"7j5rtsfmcj65yed"},"id":"9sr1jxknk2ld3u2","previousOperationId":"32nfad5nmwnp9ll"}
{"type":"operationStart","subtype":"engine","name":"handlebars","timestamp":1737094247076,"id":"ypa9ovz2x35hy60","previousEventId":"hj0wypfrda5vexc","operationId":"bidti4cv784ep5j","previousOperationId":"32nfad5nmwnp9ll"}
{"type":"log","timestamp":1737094247076,"level":"debug","message":"Rendering engine handlebars","meta":{"rootId":"7j5rtsfmcj65yed","id":"7j5rtsfmcj65yed"},"id":"xqdmn0lala5sal2","previousOperationId":"bidti4cv784ep5j"}
{"type":"operationEnd","operationId":"bidti4cv784ep5j","timestamp":1737094247087,"id":"mdo0no2iqtz0ck9","previousEventId":"ypa9ovz2x35hy60","previousOperationId":"bidti4cv784ep5j"}
{"type":"operationStart","subtype":"recipe","name":"chrome-pdf","timestamp":1737094247088,"id":"q7nyzojho09p952","previousEventId":"mdo0no2iqtz0ck9","operationId":"1p9zko4uanib6dg","previousOperationId":"bidti4cv784ep5j"}
{"type":"log","timestamp":1737094247088,"level":"debug","message":"Executing recipe chrome-pdf","meta":{"rootId":"7j5rtsfmcj65yed","id":"7j5rtsfmcj65yed"},"id":"njdgn3l8hi4txzf","previousOperationId":"1p9zko4uanib6dg"}
{"type":"log","timestamp":1737094247492,"level":"debug","message":"Converting with chrome Chrome/131.0.6778.204 using dedicated-process strategy","meta":{"rootId":"7j5rtsfmcj65yed","id":"7j5rtsfmcj65yed"},"id":"16khjxmwhz2smjb","previousOperationId":"1p9zko4uanib6dg"}
{"type":"log","timestamp":1737094247592,"level":"debug","message":"Page request: GET (document) file:///tmp/jsreport/autocleanup/7ae3cbc3-62fd-42d7-8bed-8d838d145648-chrome-pdf.html","meta":{"rootId":"7j5rtsfmcj65yed","id":"7j5rtsfmcj65yed"},"id":"duy1ylur8qf09sr","previousOperationId":"1p9zko4uanib6dg"}
{"type":"log","timestamp":1737094247605,"level":"debug","message":"Page request finished: GET (document) 200 file:///tmp/jsreport/autocleanup/7ae3cbc3-62fd-42d7-8bed-8d838d145648-chrome-pdf.html","meta":{"rootId":"7j5rtsfmcj65yed","id":"7j5rtsfmcj65yed"},"id":"vjl0p4a2f6tl95m","previousOperationId":"1p9zko4uanib6dg"}
{"type":"log","timestamp":1737094247607,"level":"debug","message":"Page request: GET (image) https://i.pinimg.com/736x/ac/66/fd/ac66fdbcf17e7c77173cf01c4dbb1cfc.jpg","meta":{"rootId":"7j5rtsfmcj65yed","id":"7j5rtsfmcj65yed"},"id":"r00s4mv4mrrde5m","previousOperationId":"1p9zko4uanib6dg"}
{"type":"log","timestamp":1737094247665,"level":"debug","message":"Page request finished: GET (image) 200 https://i.pinimg.com/736x/ac/66/fd/ac66fdbcf17e7c77173cf01c4dbb1cfc.jpg","meta":{"rootId":"7j5rtsfmcj65yed","id":"7j5rtsfmcj65yed"},"id":"eid1p5mov7i3idr","previousOperationId":"1p9zko4uanib6dg"}
{"type":"log","timestamp":1737094247668,"level":"debug","message":"Running chrome with params {\"printBackground\":true,\"timeout\":59981,\"margin\":{}}","meta":{"rootId":"7j5rtsfmcj65yed","id":"7j5rtsfmcj65yed"},"id":"502bpbzqk23s5r1","previousOperationId":"1p9zko4uanib6dg"}
{"type":"operationEnd","operationId":"1p9zko4uanib6dg","timestamp":1737094247826,"id":"geuxq5w13ohhh9o","previousEventId":"q7nyzojho09p952","previousOperationId":"1p9zko4uanib6dg"}
{"type":"log","timestamp":1737094247826,"level":"debug","message":"Skipping storing report.","meta":{"rootId":"7j5rtsfmcj65yed","id":"7j5rtsfmcj65yed"},"id":"l0n9g931sy8gvrb","previousOperationId":"1p9zko4uanib6dg"}
{"type":"log","timestamp":1737094247826,"level":"info","message":"Rendering request 15 finished in 755 ms","meta":{"rootId":"7j5rtsfmcj65yed","id":"7j5rtsfmcj65yed"},"id":"szcidublz3p5oxd","previousOperationId":"1p9zko4uanib6dg"}
{"type":"operationEnd","subtype":"render","operationId":"32nfad5nmwnp9ll","timestamp":1737094247826,"id":"3mvcspfixql80cq","previousEventId":"geuxq5w13ohhh9o","previousOperationId":"1p9zko4uanib6dg"}
{"type":"operationEnd","doDiffs":false,"previousEventId":"jwitpbncwpeglyt","previousOperationId":"j16koq6q3js75tv","operationId":"j16koq6q3js75tv","timestamp":1737094247828,"id":"wuiq74nfk3xr46w"}
