{"type":"operationStart","subtype":"profile","data":{"_id":"wvcSuBuUCuRB4sDd","timestamp":"2025-01-17T00:49:42.690Z","state":"queued","mode":"standard","creationDate":"2025-01-17T00:49:42.692Z","modificationDate":"2025-01-17T00:49:42.692Z","shortid":"suFkiOn","$entitySet":"profiles"},"doDiffs":false,"timestamp":1737074982691,"id":"h8fykpgv6l60t44","previousOperationId":null,"operationId":"l31yk6obhnbg9x9"}
{"type":"log","level":"info","message":"Render request 1 queued for execution and waiting for available worker","previousOperationId":"l31yk6obhnbg9x9","timestamp":1737074982691,"id":"pip02z90d01h54o"}
{"type":"operationStart","subtype":"render","name":"ubicacionEstatusPiezas","previousOperationId":"l31yk6obhnbg9x9","timestamp":1737074982702,"id":"mnjixd8k6ngejig","previousEventId":"h8fykpgv6l60t44","operationId":"peii6jwzhz0xsa9"}
{"type":"log","timestamp":1737074982703,"level":"info","message":"Starting rendering request 1","meta":{"rootId":"qvgu3naivfffy7s","id":"qvgu3naivfffy7s"},"id":"0md39ypjlznbodw","previousOperationId":"peii6jwzhz0xsa9"}
{"type":"log","timestamp":1737074982704,"level":"info","message":"Rendering template { name: ubicacionEstatusPiezas, recipe: chrome-pdf, engine: handlebars, preview: false }","meta":{"rootId":"qvgu3naivfffy7s","id":"qvgu3naivfffy7s"},"id":"cnkaaksmyf1bl0z","previousOperationId":"peii6jwzhz0xsa9"}
{"type":"log","timestamp":1737074982705,"level":"debug","message":"Inline data specified.","meta":{"rootId":"qvgu3naivfffy7s","id":"qvgu3naivfffy7s"},"id":"u4rffruk0hip1j8","previousOperationId":"peii6jwzhz0xsa9"}
{"type":"log","timestamp":1737074982707,"level":"debug","message":"Base url not specified, skipping its injection.","meta":{"rootId":"qvgu3naivfffy7s","id":"qvgu3naivfffy7s"},"id":"yu5y2yf1pyc3yly","previousOperationId":"peii6jwzhz0xsa9"}
{"type":"operationStart","subtype":"engine","name":"handlebars","timestamp":1737074982708,"id":"08gl9qpj843fgs1","previousEventId":"mnjixd8k6ngejig","operationId":"sul0701mwn4k8px","previousOperationId":"peii6jwzhz0xsa9"}
{"type":"log","timestamp":1737074982708,"level":"debug","message":"Rendering engine handlebars","meta":{"rootId":"qvgu3naivfffy7s","id":"qvgu3naivfffy7s"},"id":"4cs576f0omen20n","previousOperationId":"sul0701mwn4k8px"}
{"type":"operationEnd","operationId":"sul0701mwn4k8px","timestamp":1737074983224,"id":"2s87iepa935q04m","previousEventId":"08gl9qpj843fgs1","previousOperationId":"sul0701mwn4k8px"}
{"type":"operationStart","subtype":"recipe","name":"chrome-pdf","timestamp":1737074983225,"id":"9ygvl3gyvm56mgt","previousEventId":"2s87iepa935q04m","operationId":"wwxvn02dibn4s6q","previousOperationId":"sul0701mwn4k8px"}
{"type":"log","timestamp":1737074983225,"level":"debug","message":"Executing recipe chrome-pdf","meta":{"rootId":"qvgu3naivfffy7s","id":"qvgu3naivfffy7s"},"id":"g3hgv85w1okehdc","previousOperationId":"wwxvn02dibn4s6q"}
{"type":"log","timestamp":1737074983578,"level":"debug","message":"Converting with chrome Chrome/131.0.6778.204 using dedicated-process strategy","meta":{"rootId":"qvgu3naivfffy7s","id":"qvgu3naivfffy7s"},"id":"n2qigyt4alkdcxk","previousOperationId":"wwxvn02dibn4s6q"}
{"type":"log","timestamp":1737074983652,"level":"debug","message":"Page request: GET (document) file:///tmp/jsreport/autocleanup/daf09534-d0a5-45a5-9050-7f16562f8a41-chrome-pdf.html","meta":{"rootId":"qvgu3naivfffy7s","id":"qvgu3naivfffy7s"},"id":"yt1bwwxqmx9ykic","previousOperationId":"wwxvn02dibn4s6q"}
{"type":"log","timestamp":1737074983666,"level":"debug","message":"Page request finished: GET (document) 200 file:///tmp/jsreport/autocleanup/daf09534-d0a5-45a5-9050-7f16562f8a41-chrome-pdf.html","meta":{"rootId":"qvgu3naivfffy7s","id":"qvgu3naivfffy7s"},"id":"ziepivb1lb44l21","previousOperationId":"wwxvn02dibn4s6q"}
{"type":"log","timestamp":1737074983670,"level":"debug","message":"Page request: GET (image) https://i.pinimg.com/736x/ac/66/fd/ac66fdbcf17e7c77173cf01c4dbb1cfc.jpg","meta":{"rootId":"qvgu3naivfffy7s","id":"qvgu3naivfffy7s"},"id":"pcuvjlh2gy3wd4u","previousOperationId":"wwxvn02dibn4s6q"}
{"type":"log","timestamp":1737074983749,"level":"debug","message":"Page request finished: GET (image) 200 https://i.pinimg.com/736x/ac/66/fd/ac66fdbcf17e7c77173cf01c4dbb1cfc.jpg","meta":{"rootId":"qvgu3naivfffy7s","id":"qvgu3naivfffy7s"},"id":"dkivwvmyd9s351l","previousOperationId":"wwxvn02dibn4s6q"}
{"type":"log","timestamp":1737074983753,"level":"debug","message":"Running chrome with params {\"printBackground\":true,\"timeout\":59461,\"margin\":{}}","meta":{"rootId":"qvgu3naivfffy7s","id":"qvgu3naivfffy7s"},"id":"6qj3sgb76x1jl2a","previousOperationId":"wwxvn02dibn4s6q"}
{"type":"operationEnd","operationId":"wwxvn02dibn4s6q","timestamp":1737074983904,"id":"ibnxw5e79a6cj2h","previousEventId":"9ygvl3gyvm56mgt","previousOperationId":"wwxvn02dibn4s6q"}
{"type":"log","timestamp":1737074983904,"level":"debug","message":"Skipping storing report.","meta":{"rootId":"qvgu3naivfffy7s","id":"qvgu3naivfffy7s"},"id":"el47v95j5tna7rw","previousOperationId":"wwxvn02dibn4s6q"}
{"type":"log","timestamp":1737074983904,"level":"info","message":"Rendering request 1 finished in 1215 ms","meta":{"rootId":"qvgu3naivfffy7s","id":"qvgu3naivfffy7s"},"id":"cpqw43zn6kw4a16","previousOperationId":"wwxvn02dibn4s6q"}
{"type":"operationEnd","subtype":"render","operationId":"peii6jwzhz0xsa9","timestamp":1737074983905,"id":"xjvcul9tcle49kb","previousEventId":"ibnxw5e79a6cj2h","previousOperationId":"wwxvn02dibn4s6q"}
{"type":"operationEnd","doDiffs":false,"previousEventId":"h8fykpgv6l60t44","previousOperationId":"l31yk6obhnbg9x9","operationId":"l31yk6obhnbg9x9","timestamp":1737074983907,"id":"9c5ws4q7wnvg6ol"}
