{"type":"operationStart","subtype":"profile","data":{"_id":"UNxY5wDWHS6YW1k6","timestamp":"2025-01-17T06:35:52.719Z","state":"queued","mode":"standard","creationDate":"2025-01-17T06:35:52.720Z","modificationDate":"2025-01-17T06:35:52.720Z","shortid":"x7lIrui","$entitySet":"profiles"},"doDiffs":false,"timestamp":1737095752719,"id":"m5gmekwihknlkv6","previousOperationId":null,"operationId":"50oe5gahc5cpgqh"}
{"type":"log","level":"info","message":"Render request 16 queued for execution and waiting for available worker","previousOperationId":"50oe5gahc5cpgqh","timestamp":1737095752719,"id":"khcg4keyr2pdxv9"}
{"type":"operationStart","subtype":"render","name":"ubicacionEstatusPiezas","previousOperationId":"50oe5gahc5cpgqh","timestamp":1737095752722,"id":"2yv5l1may8lhxhm","previousEventId":"m5gmekwihknlkv6","operationId":"6pdw2ph0hcmiz7n"}
{"type":"log","timestamp":1737095752722,"level":"info","message":"Starting rendering request 16","meta":{"rootId":"qy9awzgg6xa1amf","id":"qy9awzgg6xa1amf"},"id":"ju4gpwtyczsjfcg","previousOperationId":"6pdw2ph0hcmiz7n"}
{"type":"log","timestamp":1737095752722,"level":"info","message":"Rendering template { name: ubicacionEstatusPiezas, recipe: chrome-pdf, engine: handlebars, preview: false }","meta":{"rootId":"qy9awzgg6xa1amf","id":"qy9awzgg6xa1amf"},"id":"492rvha66qic2ty","previousOperationId":"6pdw2ph0hcmiz7n"}
{"type":"log","timestamp":1737095752722,"level":"debug","message":"Inline data specified.","meta":{"rootId":"qy9awzgg6xa1amf","id":"qy9awzgg6xa1amf"},"id":"z5j513ln9njoj57","previousOperationId":"6pdw2ph0hcmiz7n"}
{"type":"log","timestamp":1737095752723,"level":"debug","message":"Base url not specified, skipping its injection.","meta":{"rootId":"qy9awzgg6xa1amf","id":"qy9awzgg6xa1amf"},"id":"khtiu1jxeng1t6j","previousOperationId":"6pdw2ph0hcmiz7n"}
{"type":"operationStart","subtype":"engine","name":"handlebars","timestamp":1737095752723,"id":"m4xoz27tdfoxoy8","previousEventId":"2yv5l1may8lhxhm","operationId":"jhwy1i00iczsrxv","previousOperationId":"6pdw2ph0hcmiz7n"}
{"type":"log","timestamp":1737095752723,"level":"debug","message":"Rendering engine handlebars","meta":{"rootId":"qy9awzgg6xa1amf","id":"qy9awzgg6xa1amf"},"id":"v9deamy07htvbmh","previousOperationId":"jhwy1i00iczsrxv"}
{"type":"operationEnd","operationId":"jhwy1i00iczsrxv","timestamp":1737095752733,"id":"9k92xovgi2xnlnx","previousEventId":"m4xoz27tdfoxoy8","previousOperationId":"jhwy1i00iczsrxv"}
{"type":"operationStart","subtype":"recipe","name":"chrome-pdf","timestamp":1737095752733,"id":"ahuqzy68roce39d","previousEventId":"9k92xovgi2xnlnx","operationId":"klw1r6tht4nbvu3","previousOperationId":"jhwy1i00iczsrxv"}
{"type":"log","timestamp":1737095752733,"level":"debug","message":"Executing recipe chrome-pdf","meta":{"rootId":"qy9awzgg6xa1amf","id":"qy9awzgg6xa1amf"},"id":"cxylw3uzuhpofqe","previousOperationId":"klw1r6tht4nbvu3"}
{"type":"log","timestamp":1737095753098,"level":"debug","message":"Converting with chrome Chrome/131.0.6778.204 using dedicated-process strategy","meta":{"rootId":"qy9awzgg6xa1amf","id":"qy9awzgg6xa1amf"},"id":"uq77toqngx6bf61","previousOperationId":"klw1r6tht4nbvu3"}
{"type":"log","timestamp":1737095753168,"level":"debug","message":"Page request: GET (document) file:///tmp/jsreport/autocleanup/925f2419-465b-4fcd-9497-04900e09958d-chrome-pdf.html","meta":{"rootId":"qy9awzgg6xa1amf","id":"qy9awzgg6xa1amf"},"id":"u3ijdwneh259uf8","previousOperationId":"klw1r6tht4nbvu3"}
{"type":"log","timestamp":1737095753188,"level":"debug","message":"Page request finished: GET (document) 200 file:///tmp/jsreport/autocleanup/925f2419-465b-4fcd-9497-04900e09958d-chrome-pdf.html","meta":{"rootId":"qy9awzgg6xa1amf","id":"qy9awzgg6xa1amf"},"id":"srf7djg4bhvj0cq","previousOperationId":"klw1r6tht4nbvu3"}
{"type":"log","timestamp":1737095753189,"level":"debug","message":"Page request: GET (image) https://i.pinimg.com/736x/ac/66/fd/ac66fdbcf17e7c77173cf01c4dbb1cfc.jpg","meta":{"rootId":"qy9awzgg6xa1amf","id":"qy9awzgg6xa1amf"},"id":"lbf47eup5bjvd2h","previousOperationId":"klw1r6tht4nbvu3"}
{"type":"log","timestamp":1737095753232,"level":"debug","message":"Page request finished: GET (image) 200 https://i.pinimg.com/736x/ac/66/fd/ac66fdbcf17e7c77173cf01c4dbb1cfc.jpg","meta":{"rootId":"qy9awzgg6xa1amf","id":"qy9awzgg6xa1amf"},"id":"3srzwimpb5gff4q","previousOperationId":"klw1r6tht4nbvu3"}
{"type":"log","timestamp":1737095753235,"level":"debug","message":"Running chrome with params {\"printBackground\":true,\"timeout\":59984,\"margin\":{}}","meta":{"rootId":"qy9awzgg6xa1amf","id":"qy9awzgg6xa1amf"},"id":"jwpy60wvxphshph","previousOperationId":"klw1r6tht4nbvu3"}
{"type":"operationEnd","operationId":"klw1r6tht4nbvu3","timestamp":1737095753416,"id":"inkanypdj2vuzcd","previousEventId":"ahuqzy68roce39d","previousOperationId":"klw1r6tht4nbvu3"}
{"type":"log","timestamp":1737095753416,"level":"debug","message":"Skipping storing report.","meta":{"rootId":"qy9awzgg6xa1amf","id":"qy9awzgg6xa1amf"},"id":"dbh7isz0te436uc","previousOperationId":"klw1r6tht4nbvu3"}
{"type":"log","timestamp":1737095753416,"level":"info","message":"Rendering request 16 finished in 698 ms","meta":{"rootId":"qy9awzgg6xa1amf","id":"qy9awzgg6xa1amf"},"id":"mkdmcfwzie5un4x","previousOperationId":"klw1r6tht4nbvu3"}
{"type":"operationEnd","subtype":"render","operationId":"6pdw2ph0hcmiz7n","timestamp":1737095753416,"id":"ynjdzmsveef13fe","previousEventId":"inkanypdj2vuzcd","previousOperationId":"klw1r6tht4nbvu3"}
{"type":"operationEnd","doDiffs":false,"previousEventId":"m5gmekwihknlkv6","previousOperationId":"50oe5gahc5cpgqh","operationId":"50oe5gahc5cpgqh","timestamp":1737095753418,"id":"jje0afx4zuv4rol"}
