{"type":"operationStart","subtype":"profile","data":{"_id":"DpcOp1QXhzcLAZGw","timestamp":"2025-01-17T04:33:47.757Z","state":"queued","mode":"standard","creationDate":"2025-01-17T04:33:47.758Z","modificationDate":"2025-01-17T04:33:47.758Z","shortid":"DM7fb1F","$entitySet":"profiles"},"doDiffs":false,"timestamp":1737088427758,"id":"tkku9xcobii62ay","previousOperationId":null,"operationId":"09nspgieltgmhuy"}
{"type":"log","level":"info","message":"Render request 11 queued for execution and waiting for available worker","previousOperationId":"09nspgieltgmhuy","timestamp":1737088427758,"id":"4dadjuebmqu3gcq"}
{"type":"operationStart","subtype":"render","name":"ubicacionEstatusPiezas","previousOperationId":"09nspgieltgmhuy","timestamp":1737088427760,"id":"b9fk53c8sazwmyq","previousEventId":"tkku9xcobii62ay","operationId":"vpwonblvqey5mqv"}
{"type":"log","timestamp":1737088427761,"level":"info","message":"Starting rendering request 11","meta":{"rootId":"u1k2d50qvsetamu","id":"u1k2d50qvsetamu"},"id":"kncyqfn21p7avmj","previousOperationId":"vpwonblvqey5mqv"}
{"type":"log","timestamp":1737088427761,"level":"info","message":"Rendering template { name: ubicacionEstatusPiezas, recipe: chrome-pdf, engine: handlebars, preview: false }","meta":{"rootId":"u1k2d50qvsetamu","id":"u1k2d50qvsetamu"},"id":"amouh6uhm9n85xh","previousOperationId":"vpwonblvqey5mqv"}
{"type":"log","timestamp":1737088427761,"level":"debug","message":"Inline data specified.","meta":{"rootId":"u1k2d50qvsetamu","id":"u1k2d50qvsetamu"},"id":"50o2qtg21kexpfj","previousOperationId":"vpwonblvqey5mqv"}
{"type":"log","timestamp":1737088427762,"level":"debug","message":"Base url not specified, skipping its injection.","meta":{"rootId":"u1k2d50qvsetamu","id":"u1k2d50qvsetamu"},"id":"y3moh20c6017uz1","previousOperationId":"vpwonblvqey5mqv"}
{"type":"operationStart","subtype":"engine","name":"handlebars","timestamp":1737088427762,"id":"zzm6x16radxmfrz","previousEventId":"b9fk53c8sazwmyq","operationId":"dofkuc4wf5egvtc","previousOperationId":"vpwonblvqey5mqv"}
{"type":"log","timestamp":1737088427762,"level":"debug","message":"Rendering engine handlebars","meta":{"rootId":"u1k2d50qvsetamu","id":"u1k2d50qvsetamu"},"id":"8tejatpqvlyzb4k","previousOperationId":"dofkuc4wf5egvtc"}
{"type":"operationEnd","operationId":"dofkuc4wf5egvtc","timestamp":1737088427773,"id":"fy7vm4shvapt8lv","previousEventId":"zzm6x16radxmfrz","previousOperationId":"dofkuc4wf5egvtc"}
{"type":"operationStart","subtype":"recipe","name":"chrome-pdf","timestamp":1737088427773,"id":"qw5w2vwase06ndf","previousEventId":"fy7vm4shvapt8lv","operationId":"x5vn2pum9fqoxgg","previousOperationId":"dofkuc4wf5egvtc"}
{"type":"log","timestamp":1737088427774,"level":"debug","message":"Executing recipe chrome-pdf","meta":{"rootId":"u1k2d50qvsetamu","id":"u1k2d50qvsetamu"},"id":"6jpyadx5s77yk8r","previousOperationId":"x5vn2pum9fqoxgg"}
{"type":"log","timestamp":1737088428051,"level":"debug","message":"Converting with chrome Chrome/131.0.6778.204 using dedicated-process strategy","meta":{"rootId":"u1k2d50qvsetamu","id":"u1k2d50qvsetamu"},"id":"7fglmmyet8gfma7","previousOperationId":"x5vn2pum9fqoxgg"}
{"type":"log","timestamp":1737088428325,"level":"debug","message":"Page request: GET (document) file:///tmp/jsreport/autocleanup/23ba5b21-4650-4b63-a097-99a099bedd30-chrome-pdf.html","meta":{"rootId":"u1k2d50qvsetamu","id":"u1k2d50qvsetamu"},"id":"fmeh5wmnjkvkbo4","previousOperationId":"x5vn2pum9fqoxgg"}
{"type":"log","timestamp":1737088428408,"level":"debug","message":"Page request finished: GET (document) 200 file:///tmp/jsreport/autocleanup/23ba5b21-4650-4b63-a097-99a099bedd30-chrome-pdf.html","meta":{"rootId":"u1k2d50qvsetamu","id":"u1k2d50qvsetamu"},"id":"ivrsspd7kcple37","previousOperationId":"x5vn2pum9fqoxgg"}
{"type":"log","timestamp":1737088428415,"level":"debug","message":"Page request: GET (image) https://i.pinimg.com/736x/ac/66/fd/ac66fdbcf17e7c77173cf01c4dbb1cfc.jpg","meta":{"rootId":"u1k2d50qvsetamu","id":"u1k2d50qvsetamu"},"id":"7d17e9gvdhz0wtc","previousOperationId":"x5vn2pum9fqoxgg"}
{"type":"log","timestamp":1737088428496,"level":"debug","message":"Page request finished: GET (image) 200 https://i.pinimg.com/736x/ac/66/fd/ac66fdbcf17e7c77173cf01c4dbb1cfc.jpg","meta":{"rootId":"u1k2d50qvsetamu","id":"u1k2d50qvsetamu"},"id":"8i8e4hcvht0mkpv","previousOperationId":"x5vn2pum9fqoxgg"}
{"type":"log","timestamp":1737088428507,"level":"debug","message":"Running chrome with params {\"printBackground\":true,\"timeout\":59983,\"margin\":{}}","meta":{"rootId":"u1k2d50qvsetamu","id":"u1k2d50qvsetamu"},"id":"t45ovay7mppcp2k","previousOperationId":"x5vn2pum9fqoxgg"}
{"type":"operationEnd","operationId":"x5vn2pum9fqoxgg","timestamp":1737088428771,"id":"o7i5kygmrnk51pn","previousEventId":"qw5w2vwase06ndf","previousOperationId":"x5vn2pum9fqoxgg"}
{"type":"log","timestamp":1737088428771,"level":"debug","message":"Skipping storing report.","meta":{"rootId":"u1k2d50qvsetamu","id":"u1k2d50qvsetamu"},"id":"i7y5qp8d5cv0nr8","previousOperationId":"x5vn2pum9fqoxgg"}
{"type":"log","timestamp":1737088428771,"level":"info","message":"Rendering request 11 finished in 1014 ms","meta":{"rootId":"u1k2d50qvsetamu","id":"u1k2d50qvsetamu"},"id":"z32n99483zt0ume","previousOperationId":"x5vn2pum9fqoxgg"}
{"type":"operationEnd","subtype":"render","operationId":"vpwonblvqey5mqv","timestamp":1737088428771,"id":"3arbicrpatcu9c4","previousEventId":"o7i5kygmrnk51pn","previousOperationId":"x5vn2pum9fqoxgg"}
{"type":"operationEnd","doDiffs":false,"previousEventId":"tkku9xcobii62ay","previousOperationId":"09nspgieltgmhuy","operationId":"09nspgieltgmhuy","timestamp":1737088428779,"id":"51zcqit1dl50hws"}
