{"type":"operationStart","subtype":"profile","data":{"_id":"yKrCXjBPsZeWIKRl","timestamp":"2025-01-17T04:33:49.425Z","state":"queued","mode":"standard","creationDate":"2025-01-17T04:33:49.427Z","modificationDate":"2025-01-17T04:33:49.427Z","shortid":"DdtoxPB","$entitySet":"profiles"},"doDiffs":false,"timestamp":1737088429425,"id":"x9fe3ztbnh1err7","previousOperationId":null,"operationId":"qtr6hiel40531ob"}
{"type":"log","level":"info","message":"Render request 12 queued for execution and waiting for available worker","previousOperationId":"qtr6hiel40531ob","timestamp":1737088429425,"id":"ax3u5op7ywrqs43"}
{"type":"operationStart","subtype":"render","name":"ubicacionEstatusPiezas","previousOperationId":"qtr6hiel40531ob","timestamp":1737088429429,"id":"udqaask6i2ovqd2","previousEventId":"x9fe3ztbnh1err7","operationId":"8gb9uqdmq90tqvl"}
{"type":"log","timestamp":1737088429429,"level":"info","message":"Starting rendering request 12","meta":{"rootId":"zt3bcpzbbexn615","id":"zt3bcpzbbexn615"},"id":"gejl0xl87p2ujtk","previousOperationId":"8gb9uqdmq90tqvl"}
{"type":"log","timestamp":1737088429429,"level":"info","message":"Rendering template { name: ubicacionEstatusPiezas, recipe: chrome-pdf, engine: handlebars, preview: false }","meta":{"rootId":"zt3bcpzbbexn615","id":"zt3bcpzbbexn615"},"id":"3e0kroa2kuo8897","previousOperationId":"8gb9uqdmq90tqvl"}
{"type":"log","timestamp":1737088429429,"level":"debug","message":"Inline data specified.","meta":{"rootId":"zt3bcpzbbexn615","id":"zt3bcpzbbexn615"},"id":"nb8nqxc1brjmlop","previousOperationId":"8gb9uqdmq90tqvl"}
{"type":"log","timestamp":1737088429431,"level":"debug","message":"Base url not specified, skipping its injection.","meta":{"rootId":"zt3bcpzbbexn615","id":"zt3bcpzbbexn615"},"id":"gahtps3ybnsnnev","previousOperationId":"8gb9uqdmq90tqvl"}
{"type":"operationStart","subtype":"engine","name":"handlebars","timestamp":1737088429431,"id":"c2vxtpmeuwqcqmx","previousEventId":"udqaask6i2ovqd2","operationId":"wyui5soulqtwo8o","previousOperationId":"8gb9uqdmq90tqvl"}
{"type":"log","timestamp":1737088429431,"level":"debug","message":"Rendering engine handlebars","meta":{"rootId":"zt3bcpzbbexn615","id":"zt3bcpzbbexn615"},"id":"f176o1xttk92uw9","previousOperationId":"wyui5soulqtwo8o"}
{"type":"operationEnd","operationId":"wyui5soulqtwo8o","timestamp":1737088429437,"id":"w75il2ul9z10xwi","previousEventId":"c2vxtpmeuwqcqmx","previousOperationId":"wyui5soulqtwo8o"}
{"type":"operationStart","subtype":"recipe","name":"chrome-pdf","timestamp":1737088429437,"id":"vmc0npeccartpte","previousEventId":"w75il2ul9z10xwi","operationId":"ix9xz9hfbpcylye","previousOperationId":"wyui5soulqtwo8o"}
{"type":"log","timestamp":1737088429437,"level":"debug","message":"Executing recipe chrome-pdf","meta":{"rootId":"zt3bcpzbbexn615","id":"zt3bcpzbbexn615"},"id":"lysskkkwhzxkpdo","previousOperationId":"ix9xz9hfbpcylye"}
{"type":"log","timestamp":1737088429845,"level":"debug","message":"Converting with chrome Chrome/131.0.6778.204 using dedicated-process strategy","meta":{"rootId":"zt3bcpzbbexn615","id":"zt3bcpzbbexn615"},"id":"2gicfczjqvjsp8m","previousOperationId":"ix9xz9hfbpcylye"}
{"type":"log","timestamp":1737088429901,"level":"debug","message":"Page request: GET (document) file:///tmp/jsreport/autocleanup/efddfd12-1e8b-4cbc-a352-8c9f800eedc1-chrome-pdf.html","meta":{"rootId":"zt3bcpzbbexn615","id":"zt3bcpzbbexn615"},"id":"jjg2ghfxjbnrae3","previousOperationId":"ix9xz9hfbpcylye"}
{"type":"log","timestamp":1737088429927,"level":"debug","message":"Page request finished: GET (document) 200 file:///tmp/jsreport/autocleanup/efddfd12-1e8b-4cbc-a352-8c9f800eedc1-chrome-pdf.html","meta":{"rootId":"zt3bcpzbbexn615","id":"zt3bcpzbbexn615"},"id":"2uqay72necjksjv","previousOperationId":"ix9xz9hfbpcylye"}
{"type":"log","timestamp":1737088429928,"level":"debug","message":"Page request: GET (image) https://i.pinimg.com/736x/ac/66/fd/ac66fdbcf17e7c77173cf01c4dbb1cfc.jpg","meta":{"rootId":"zt3bcpzbbexn615","id":"zt3bcpzbbexn615"},"id":"2zox8fbkae49bc8","previousOperationId":"ix9xz9hfbpcylye"}
{"type":"log","timestamp":1737088429972,"level":"debug","message":"Page request finished: GET (image) 200 https://i.pinimg.com/736x/ac/66/fd/ac66fdbcf17e7c77173cf01c4dbb1cfc.jpg","meta":{"rootId":"zt3bcpzbbexn615","id":"zt3bcpzbbexn615"},"id":"8cypatl6etpme9b","previousOperationId":"ix9xz9hfbpcylye"}
{"type":"log","timestamp":1737088429975,"level":"debug","message":"Running chrome with params {\"printBackground\":true,\"timeout\":59986,\"margin\":{}}","meta":{"rootId":"zt3bcpzbbexn615","id":"zt3bcpzbbexn615"},"id":"mie3mhelm8rkcw5","previousOperationId":"ix9xz9hfbpcylye"}
{"type":"operationEnd","operationId":"ix9xz9hfbpcylye","timestamp":1737088430117,"id":"o75ruot1z0vt8xp","previousEventId":"vmc0npeccartpte","previousOperationId":"ix9xz9hfbpcylye"}
{"type":"log","timestamp":1737088430117,"level":"debug","message":"Skipping storing report.","meta":{"rootId":"zt3bcpzbbexn615","id":"zt3bcpzbbexn615"},"id":"g5bmjvjp0z8hnl9","previousOperationId":"ix9xz9hfbpcylye"}
{"type":"log","timestamp":1737088430117,"level":"info","message":"Rendering request 12 finished in 693 ms","meta":{"rootId":"zt3bcpzbbexn615","id":"zt3bcpzbbexn615"},"id":"sy9ukc1abh9fnq4","previousOperationId":"ix9xz9hfbpcylye"}
{"type":"operationEnd","subtype":"render","operationId":"8gb9uqdmq90tqvl","timestamp":1737088430117,"id":"j63tinbjmue6mgw","previousEventId":"o75ruot1z0vt8xp","previousOperationId":"ix9xz9hfbpcylye"}
{"type":"operationEnd","doDiffs":false,"previousEventId":"x9fe3ztbnh1err7","previousOperationId":"qtr6hiel40531ob","operationId":"qtr6hiel40531ob","timestamp":1737088430118,"id":"zq79xu08zp3zrfz"}
